=== TRANSFORM TEST DATA ===

> Generation Data
    numPackets: 30
    Total Messages Written: 28
    Total Messages Processed: 30
    Total Redis Updates: 27
    Total Value Written: 555.48834
    Total Added: 262.5

> Redis cache data:
    Redis Size: 22
    Redis Delta: 5

> Message data
    Tombstone Value Written: 0.0
    Normal Count: 28
    Tombstone Count: 2
    Tombstone Indices: [29, 19]
    Unwritten Count: 2
    Unwritten Indices: []
    Unstored Count: 3
    Unstored Indices: [11, 17, 23]
    Removed Count: 1
    Removed Message Indices: [1]

Differing Data: (Called Run, Manual Run, Generated Data)
    !DIFFERENT Total Value Written: 555.48834, 555.48834, 555.48834
    !DIFFERENT Total Added: 262.5, 262.5, 262.5
--------------------------------
    !DIFFERENT messagesSize/totalMessagesWritten (Called Run): 30, 28
    !DIFFERENT messagesSize/totalMessagesWritten (Manual Run): 30, 28
--------------------------------

=== CALLED RUN DATA ===
Request: {"readQueue":"TransformTestRead-95129-uGoLw","writeQueue":"TransformTestWrite-92209-7kt20","messageCount":30}

> Stats
    Total Messages Written: 28
    Total Messages Processed: 30
    Total Redis Updates: 27
    Total Value Written: 555.48834
    Total Added: 262.5

> Written Messages:30
    [0]: {"key":"MnNUv","version":2,"value":17.007}
    [1]: {"key":"HXw9F","version":0,"value":28.51388}
    [2]: {"key":"9AdK0","version":1,"value":22.082886}
    [3]: {"key":"ZiP0t","version":0,"value":16.6674}
    [4]: {"key":"ySCaF","version":2,"value":12.424051}
    [5]: {"key":"HXw9F","version":2,"value":10.815658}
    [6]: {"key":"gpq3o","version":0,"value":29.050537}
    [7]: {"key":"e2TP9","version":0,"value":22.206482}
    [8]: {"key":"rxCON","version":2,"value":17.27583}
    [9]: {"key":"VhlRJ","version":2,"value":20.762978}
    [10]: {"key":"CZlTB","version":0,"value":15.458521}
    [11]: {"key":"ZiP0t","version":0,"value":7.8661895}
    [12]: {"key":"oNoQq","version":2,"value":28.234987}
    [13]: {"key":"jQ3Kw","version":2,"value":13.880327}
    [14]: {"key":"bxrgd","version":2,"value":25.807438}
    [15]: {"key":"qCk7U","version":2,"value":23.397697}
    [16]: {"key":"g7HEy","version":1,"value":20.225876}
    [17]: {"key":"ySCaF","version":0,"value":18.836056}
    [18]: {"key":"u2gZN","version":1,"value":28.556614}
    [19]: {"totalMessagesWritten":19,"totalMessagesProcessed":20,"totalRedisUpdates":18,"totalValueWritten":379.0704,"totalAdded":178.5}
    [20]: {"key":"MY1yc","version":1,"value":10.741443}
    [21]: {"key":"QCUVU","version":1,"value":20.099133}
    [22]: {"key":"Wc3dS","version":1,"value":26.463127}
    [23]: {"key":"ZiP0t","version":0,"value":16.66072}
    [24]: {"key":"2wGJS","version":1,"value":28.736042}
    [25]: {"key":"5VjKQ","version":2,"value":14.942009}
    [26]: {"key":"3sX5T","version":1,"value":15.111906}
    [27]: {"key":"hJvEf","version":2,"value":15.718643}
    [28]: {"key":"d2KYG","version":0,"value":27.944866}
    [29]: {"totalMessagesWritten":28,"totalMessagesProcessed":30,"totalRedisUpdates":27,"totalValueWritten":555.48834,"totalAdded":262.5}

> Cache Entries:22
    [0]: {"key":"MnNUv","version":2,"value":6.507001}
    [1]: {"key":"9AdK0","version":1,"value":11.582886}
    [2]: {"key":"ZiP0t","version":0,"value":6.1674013}
    [3]: {"key":"ySCaF","version":2,"value":1.924051}
    [4]: {"key":"gpq3o","version":0,"value":18.550537}
    [5]: {"key":"e2TP9","version":0,"value":11.706482}
    [6]: {"key":"rxCON","version":2,"value":6.7758284}
    [7]: {"key":"VhlRJ","version":2,"value":10.262977}
    [8]: {"key":"CZlTB","version":0,"value":4.958521}
    [9]: {"key":"oNoQq","version":2,"value":17.734987}
    [10]: {"key":"jQ3Kw","version":2,"value":3.3803272}
    [11]: {"key":"bxrgd","version":2,"value":15.307437}
    [12]: {"key":"qCk7U","version":2,"value":12.897697}
    [13]: {"key":"g7HEy","version":1,"value":9.725877}
    [14]: {"key":"u2gZN","version":1,"value":18.056614}
    [15]: {"key":"MY1yc","version":1,"value":0.24144292}
    [16]: {"key":"QCUVU","version":1,"value":9.5991335}
    [17]: {"key":"Wc3dS","version":1,"value":15.963126}
    [18]: {"key":"2wGJS","version":1,"value":18.236042}
    [19]: {"key":"3sX5T","version":1,"value":4.611906}
    [20]: {"key":"hJvEf","version":2,"value":5.218643}
    [21]: {"key":"d2KYG","version":0,"value":17.444866}

=== MANUAL RUN DATA ===
Request: {"readQueue":"TransformTestRead-84286-UoGaO","writeQueue":"TransformTestWrite-58691-n6mBR","messageCount":30}

> Stats
    Total Messages Written: 28
    Total Messages Processed: 30
    Total Redis Updates: 27
    Total Value Written: 555.48834
    !DIFFERENT Total Value Written: 555.48834, 555.48834
    Total Added: 262.5
    !DIFFERENT Total Added: 262.5, 262.5

> Written Messages:30
    [0]: {"key":"MnNUv","version":2,"value":17.007}
    [1]: {"key":"HXw9F","version":0,"value":28.51388}
    [2]: {"key":"9AdK0","version":1,"value":22.082886}
    [3]: {"key":"ZiP0t","version":0,"value":16.6674}
    [4]: {"key":"ySCaF","version":2,"value":12.424051}
    [5]: {"key":"HXw9F","version":2,"value":10.815658}
    [6]: {"key":"gpq3o","version":0,"value":29.050537}
    [7]: {"key":"e2TP9","version":0,"value":22.206482}
    [8]: {"key":"rxCON","version":2,"value":17.27583}
    [9]: {"key":"VhlRJ","version":2,"value":20.762978}
    [10]: {"key":"CZlTB","version":0,"value":15.458521}
    [11]: {"key":"ZiP0t","version":0,"value":7.8661895}
    [12]: {"key":"oNoQq","version":2,"value":28.234987}
    [13]: {"key":"jQ3Kw","version":2,"value":13.880327}
    [14]: {"key":"bxrgd","version":2,"value":25.807438}
    [15]: {"key":"qCk7U","version":2,"value":23.397697}
    [16]: {"key":"g7HEy","version":1,"value":20.225876}
    [17]: {"key":"ySCaF","version":0,"value":18.836056}
    [18]: {"key":"u2gZN","version":1,"value":28.556614}
    [19]: {"totalMessagesWritten":19,"totalMessagesProcessed":20,"totalRedisUpdates":18,"totalValueWritten":379.0704,"totalAdded":178.5}
    [20]: {"key":"MY1yc","version":1,"value":10.741443}
    [21]: {"key":"QCUVU","version":1,"value":20.099133}
    [22]: {"key":"Wc3dS","version":1,"value":26.463127}
    [23]: {"key":"ZiP0t","version":0,"value":16.66072}
    [24]: {"key":"2wGJS","version":1,"value":28.736042}
    [25]: {"key":"5VjKQ","version":2,"value":14.942009}
    [26]: {"key":"3sX5T","version":1,"value":15.111906}
    [27]: {"key":"hJvEf","version":2,"value":15.718643}
    [28]: {"key":"d2KYG","version":0,"value":27.944866}
    [29]: {"totalMessagesWritten":28,"totalMessagesProcessed":30,"totalRedisUpdates":27,"totalValueWritten":555.48834,"totalAdded":262.5}

> Cache Entries:22
    [0]: {"key":"MnNUv","version":2,"value":6.507001}
    [1]: {"key":"9AdK0","version":1,"value":11.582886}
    [2]: {"key":"ZiP0t","version":0,"value":6.1674013}
    [3]: {"key":"ySCaF","version":2,"value":1.924051}
    [4]: {"key":"gpq3o","version":0,"value":18.550537}
    [5]: {"key":"e2TP9","version":0,"value":11.706482}
    [6]: {"key":"rxCON","version":2,"value":6.7758284}
    [7]: {"key":"VhlRJ","version":2,"value":10.262977}
    [8]: {"key":"CZlTB","version":0,"value":4.958521}
    [9]: {"key":"oNoQq","version":2,"value":17.734987}
    [10]: {"key":"jQ3Kw","version":2,"value":3.3803272}
    [11]: {"key":"bxrgd","version":2,"value":15.307437}
    [12]: {"key":"qCk7U","version":2,"value":12.897697}
    [13]: {"key":"g7HEy","version":1,"value":9.725877}
    [14]: {"key":"u2gZN","version":1,"value":18.056614}
    [15]: {"key":"MY1yc","version":1,"value":0.24144292}
    [16]: {"key":"QCUVU","version":1,"value":9.5991335}
    [17]: {"key":"Wc3dS","version":1,"value":15.963126}
    [18]: {"key":"2wGJS","version":1,"value":18.236042}
    [19]: {"key":"3sX5T","version":1,"value":4.611906}
    [20]: {"key":"hJvEf","version":2,"value":5.218643}
    [21]: {"key":"d2KYG","version":0,"value":17.444866}

> Read Messages (with updated values):30
    [0]: {"key":"MnNUv","version":2,"value":17.007}
    [1]: {"key":"HXw9F","version":0,"value":28.51388}
    [2]: {"key":"9AdK0","version":1,"value":22.082886}
    [3]: {"key":"ZiP0t","version":0,"value":16.6674}
    [4]: {"key":"ySCaF","version":2,"value":12.424051}
    [5]: {"key":"HXw9F","version":2,"value":10.815658}
    [6]: {"key":"gpq3o","version":0,"value":29.050537}
    [7]: {"key":"e2TP9","version":0,"value":22.206482}
    [8]: {"key":"rxCON","version":2,"value":17.27583}
    [9]: {"key":"VhlRJ","version":2,"value":20.762978}
    [10]: {"key":"CZlTB","version":0,"value":15.458521}
    [11]: {"key":"ZiP0t","version":0,"value":7.8661895}
    [12]: {"key":"oNoQq","version":2,"value":28.234987}
    [13]: {"key":"jQ3Kw","version":2,"value":13.880327}
    [14]: {"key":"bxrgd","version":2,"value":25.807438}
    [15]: {"key":"qCk7U","version":2,"value":23.397697}
    [16]: {"key":"g7HEy","version":1,"value":20.225876}
    [17]: {"key":"ySCaF","version":0,"value":18.836056}
    [18]: {"key":"u2gZN","version":1,"value":28.556614}
    [19]: {"key":"HXw9F","TOTAL":0.0}
    [20]: {"key":"MY1yc","version":1,"value":10.741443}
    [21]: {"key":"QCUVU","version":1,"value":20.099133}
    [22]: {"key":"Wc3dS","version":1,"value":26.463127}
    [23]: {"key":"ZiP0t","version":0,"value":16.66072}
    [24]: {"key":"2wGJS","version":1,"value":28.736042}
    [25]: {"key":"5VjKQ","version":2,"value":14.942009}
    [26]: {"key":"3sX5T","version":1,"value":15.111906}
    [27]: {"key":"hJvEf","version":2,"value":15.718643}
    [28]: {"key":"d2KYG","version":0,"value":27.944866}
    [29]: {"key":"5VjKQ","TOTAL":0.0}

=== GENERATED DATA ===

> Stats
    Total Messages Written: 28
    Total Messages Processed: 30
    Total Redis Updates: 27
    Total Value Written: 555.48834
    Total Added: 262.5

> Generation Data:
    Tombstone Value Written: 0.0
    Tombstone Count: 2
    Normal Count: 28
    Unstored Count: 3
    Removed Count: 1
    Removed Message Indices: [1]

> Removed Messages:1
    [1]: {"key":"HXw9F","version":0,"value":18.01388}

> Unstored Messages:3
    [11]: {"key":"ZiP0t","version":0,"value":7.8661895}
    [17]: {"key":"ySCaF","version":0,"value":18.836056}
    [23]: {"key":"ZiP0t","version":0,"value":16.66072}

> Generated Messages
    [0]: {"key":"MnNUv","version":2,"value":6.507001}
    [1]: {"key":"HXw9F","version":0,"value":18.01388}
    [2]: {"key":"9AdK0","version":1,"value":11.582886}
    [3]: {"key":"ZiP0t","version":0,"value":6.1674013}
    [4]: {"key":"ySCaF","version":2,"value":1.924051}
    [5]: {"key":"HXw9F","version":2,"value":0.31565785}
    [6]: {"key":"gpq3o","version":0,"value":18.550537}
    [7]: {"key":"e2TP9","version":0,"value":11.706482}
    [8]: {"key":"rxCON","version":2,"value":6.7758284}
    [9]: {"key":"VhlRJ","version":2,"value":10.262977}
    [10]: {"key":"CZlTB","version":0,"value":4.958521}
    [11]: {"key":"ZiP0t","version":0,"value":7.8661895}
    [12]: {"key":"oNoQq","version":2,"value":17.734987}
    [13]: {"key":"jQ3Kw","version":2,"value":3.3803272}
    [14]: {"key":"bxrgd","version":2,"value":15.307437}
    [15]: {"key":"qCk7U","version":2,"value":12.897697}
    [16]: {"key":"g7HEy","version":1,"value":9.725877}
    [17]: {"key":"ySCaF","version":0,"value":18.836056}
    [18]: {"key":"u2gZN","version":1,"value":18.056614}
    [19]: {"key":"HXw9F","TOTAL":0.0}
    [20]: {"key":"MY1yc","version":1,"value":0.24144292}
    [21]: {"key":"QCUVU","version":1,"value":9.5991335}
    [22]: {"key":"Wc3dS","version":1,"value":15.963126}
    [23]: {"key":"ZiP0t","version":0,"value":16.66072}
    [24]: {"key":"2wGJS","version":1,"value":18.236042}
    [25]: {"key":"5VjKQ","version":2,"value":4.442009}
    [26]: {"key":"3sX5T","version":1,"value":4.611906}
    [27]: {"key":"hJvEf","version":2,"value":5.218643}
    [28]: {"key":"d2KYG","version":0,"value":17.444866}
    [29]: {"key":"5VjKQ","TOTAL":0.0}

> Generated Packets
    [0]: {"key":"MnNUv","version":2,"value":6.507001}
    [1]: {"key":"HXw9F","version":0,"value":18.01388}
    [2]: {"key":"9AdK0","version":1,"value":11.582886}
    [3]: {"key":"ZiP0t","version":0,"value":6.1674013}
    [4]: {"key":"ySCaF","version":2,"value":1.924051}
    [5]: {"key":"HXw9F","version":2,"value":0.31565785}
    [6]: {"key":"gpq3o","version":0,"value":18.550537}
    [7]: {"key":"e2TP9","version":0,"value":11.706482}
    [8]: {"key":"rxCON","version":2,"value":6.7758284}
    [9]: {"key":"VhlRJ","version":2,"value":10.262977}
    [10]: {"key":"CZlTB","version":0,"value":4.958521}
    [11]: {"key":"ZiP0t","version":0,"value":7.8661895}
    [12]: {"key":"oNoQq","version":2,"value":17.734987}
    [13]: {"key":"jQ3Kw","version":2,"value":3.3803272}
    [14]: {"key":"bxrgd","version":2,"value":15.307437}
    [15]: {"key":"qCk7U","version":2,"value":12.897697}
    [16]: {"key":"g7HEy","version":1,"value":9.725877}
    [17]: {"key":"ySCaF","version":0,"value":18.836056}
    [18]: {"key":"u2gZN","version":1,"value":18.056614}
    [19]: {"key":"HXw9F","TOTAL":0.0}
    [20]: {"key":"MY1yc","version":1,"value":0.24144292}
    [21]: {"key":"QCUVU","version":1,"value":9.5991335}
    [22]: {"key":"Wc3dS","version":1,"value":15.963126}
    [23]: {"key":"ZiP0t","version":0,"value":16.66072}
    [24]: {"key":"2wGJS","version":1,"value":18.236042}
    [25]: {"key":"5VjKQ","version":2,"value":4.442009}
    [26]: {"key":"3sX5T","version":1,"value":4.611906}
    [27]: {"key":"hJvEf","version":2,"value":5.218643}
    [28]: {"key":"d2KYG","version":0,"value":17.444866}
    [29]: {"key":"5VjKQ","TOTAL":0.0}
