=== TRANSFORM TEST DATA ===

> Generation Data
    numPackets: 30
    Total Messages Written: 28
    Total Messages Processed: 30
    Total Redis Updates: 26
    Total Value Written: 570.1393
    Total Added: 252.0

> Redis cache data:
    Redis Size: 22
    Redis Delta: 4

> Message data
    Tombstone Value Written: 0.0
    Normal Count: 28
    Tombstone Count: 2
    Tombstone Indices: [29, 19]
    Unwritten Count: 2
    Unwritten Indices: []
    Unstored Count: 4
    Unstored Indices: [5, 7, 12, 15]
    Removed Count: 1
    Removed Message Indices: [4]

Differing Data: (Called Run, Manual Run, Generated Data)
    !DIFFERENT Total Value Written: 570.1393, 570.1393, 570.1393
    !DIFFERENT Total Added: 252.0, 252.0, 252.0
--------------------------------
    !DIFFERENT messagesSize/totalMessagesWritten (Called Run): 30, 28
    !DIFFERENT messagesSize/totalMessagesWritten (Manual Run): 30, 28
--------------------------------

=== CALLED RUN DATA ===
Request: {"readQueue":"TransformTestRead-88189-MDsmx","writeQueue":"TransformTestWrite-84976-2NE0J","messageCount":30}

> Stats
    Total Messages Written: 28
    Total Messages Processed: 30
    Total Redis Updates: 26
    Total Value Written: 570.1393
    Total Added: 252.0

> Written Messages:30
    [0]: {"key":"iAoMx","version":2,"value":23.341167}
    [1]: {"key":"big01","version":2,"value":19.017038}
    [2]: {"key":"GHM8A","version":0,"value":14.237667}
    [3]: {"key":"x6nDm","version":1,"value":12.385315}
    [4]: {"key":"4lnXP","version":0,"value":15.044073}
    [5]: {"key":"big01","version":0,"value":9.451736}
    [6]: {"key":"L1aZ7","version":1,"value":13.5734005}
    [7]: {"key":"GHM8A","version":0,"value":3.0437338}
    [8]: {"key":"vvlB6","version":2,"value":16.654823}
    [9]: {"key":"0SMTb","version":1,"value":29.516743}
    [10]: {"key":"gKmlK","version":0,"value":28.922924}
    [11]: {"key":"LVkYC","version":1,"value":27.899195}
    [12]: {"key":"vvlB6","version":2,"value":12.052678}
    [13]: {"key":"0eoZE","version":2,"value":26.06785}
    [14]: {"key":"JJamr","version":2,"value":20.581179}
    [15]: {"key":"big01","version":2,"value":10.27718}
    [16]: {"key":"5RJ4K","version":0,"value":13.8479395}
    [17]: {"key":"pmJ55","version":0,"value":20.34185}
    [18]: {"key":"hqFPJ","version":2,"value":29.920506}
    [19]: {"totalMessagesWritten":19,"totalMessagesProcessed":20,"totalRedisUpdates":16,"totalValueWritten":346.17703,"totalAdded":157.5}
    [20]: {"key":"7OSlV","version":0,"value":30.275284}
    [21]: {"key":"Vw6NX","version":1,"value":21.707823}
    [22]: {"key":"m24m5","version":0,"value":27.774889}
    [23]: {"key":"qdt4X","version":1,"value":12.408434}
    [24]: {"key":"EuPtj","version":0,"value":29.331436}
    [25]: {"key":"f02Ln","version":0,"value":25.868237}
    [26]: {"key":"eWqhC","version":0,"value":25.167545}
    [27]: {"key":"yya9Q","version":1,"value":27.428484}
    [28]: {"key":"wPhX4","version":2,"value":24.000126}
    [29]: {"totalMessagesWritten":28,"totalMessagesProcessed":30,"totalRedisUpdates":26,"totalValueWritten":570.1393,"totalAdded":252.0}

> Cache Entries:22
    [0]: {"key":"iAoMx","version":2,"value":12.841168}
    [1]: {"key":"big01","version":2,"value":8.517038}
    [2]: {"key":"GHM8A","version":0,"value":3.7376666}
    [3]: {"key":"x6nDm","version":1,"value":1.8853152}
    [4]: {"key":"L1aZ7","version":1,"value":3.0734003}
    [5]: {"key":"vvlB6","version":2,"value":6.1548233}
    [6]: {"key":"0SMTb","version":1,"value":19.016743}
    [7]: {"key":"gKmlK","version":0,"value":18.422924}
    [8]: {"key":"LVkYC","version":1,"value":17.399195}
    [9]: {"key":"0eoZE","version":2,"value":15.56785}
    [10]: {"key":"JJamr","version":2,"value":10.081179}
    [11]: {"key":"pmJ55","version":0,"value":9.841851}
    [12]: {"key":"hqFPJ","version":2,"value":19.420506}
    [13]: {"key":"7OSlV","version":0,"value":19.775284}
    [14]: {"key":"Vw6NX","version":1,"value":11.207823}
    [15]: {"key":"m24m5","version":0,"value":17.274889}
    [16]: {"key":"qdt4X","version":1,"value":1.9084334}
    [17]: {"key":"EuPtj","version":0,"value":18.831436}
    [18]: {"key":"f02Ln","version":0,"value":15.368237}
    [19]: {"key":"eWqhC","version":0,"value":14.667545}
    [20]: {"key":"yya9Q","version":1,"value":16.928484}
    [21]: {"key":"wPhX4","version":2,"value":13.500127}

=== MANUAL RUN DATA ===
Request: {"readQueue":"TransformTestRead-30704-QcCyp","writeQueue":"TransformTestWrite-46714-mrL1U","messageCount":30}

> Stats
    Total Messages Written: 28
    Total Messages Processed: 30
    Total Redis Updates: 26
    Total Value Written: 570.1393
    !DIFFERENT Total Value Written: 570.1393, 570.1393
    Total Added: 252.0
    !DIFFERENT Total Added: 252.0, 252.0

> Written Messages:30
    [0]: {"key":"iAoMx","version":2,"value":23.341167}
    [1]: {"key":"big01","version":2,"value":19.017038}
    [2]: {"key":"GHM8A","version":0,"value":14.237667}
    [3]: {"key":"x6nDm","version":1,"value":12.385315}
    [4]: {"key":"4lnXP","version":0,"value":15.044073}
    [5]: {"key":"big01","version":0,"value":9.451736}
    [6]: {"key":"L1aZ7","version":1,"value":13.5734005}
    [7]: {"key":"GHM8A","version":0,"value":3.0437338}
    [8]: {"key":"vvlB6","version":2,"value":16.654823}
    [9]: {"key":"0SMTb","version":1,"value":29.516743}
    [10]: {"key":"gKmlK","version":0,"value":28.922924}
    [11]: {"key":"LVkYC","version":1,"value":27.899195}
    [12]: {"key":"vvlB6","version":2,"value":12.052678}
    [13]: {"key":"0eoZE","version":2,"value":26.06785}
    [14]: {"key":"JJamr","version":2,"value":20.581179}
    [15]: {"key":"big01","version":2,"value":10.27718}
    [16]: {"key":"5RJ4K","version":0,"value":13.8479395}
    [17]: {"key":"pmJ55","version":0,"value":20.34185}
    [18]: {"key":"hqFPJ","version":2,"value":29.920506}
    [19]: {"totalMessagesWritten":19,"totalMessagesProcessed":20,"totalRedisUpdates":16,"totalValueWritten":346.17703,"totalAdded":157.5}
    [20]: {"key":"7OSlV","version":0,"value":30.275284}
    [21]: {"key":"Vw6NX","version":1,"value":21.707823}
    [22]: {"key":"m24m5","version":0,"value":27.774889}
    [23]: {"key":"qdt4X","version":1,"value":12.408434}
    [24]: {"key":"EuPtj","version":0,"value":29.331436}
    [25]: {"key":"f02Ln","version":0,"value":25.868237}
    [26]: {"key":"eWqhC","version":0,"value":25.167545}
    [27]: {"key":"yya9Q","version":1,"value":27.428484}
    [28]: {"key":"wPhX4","version":2,"value":24.000126}
    [29]: {"totalMessagesWritten":28,"totalMessagesProcessed":30,"totalRedisUpdates":26,"totalValueWritten":570.1393,"totalAdded":252.0}

> Cache Entries:22
    [0]: {"key":"iAoMx","version":2,"value":12.841168}
    [1]: {"key":"big01","version":2,"value":8.517038}
    [2]: {"key":"GHM8A","version":0,"value":3.7376666}
    [3]: {"key":"x6nDm","version":1,"value":1.8853152}
    [4]: {"key":"L1aZ7","version":1,"value":3.0734003}
    [5]: {"key":"vvlB6","version":2,"value":6.1548233}
    [6]: {"key":"0SMTb","version":1,"value":19.016743}
    [7]: {"key":"gKmlK","version":0,"value":18.422924}
    [8]: {"key":"LVkYC","version":1,"value":17.399195}
    [9]: {"key":"0eoZE","version":2,"value":15.56785}
    [10]: {"key":"JJamr","version":2,"value":10.081179}
    [11]: {"key":"pmJ55","version":0,"value":9.841851}
    [12]: {"key":"hqFPJ","version":2,"value":19.420506}
    [13]: {"key":"7OSlV","version":0,"value":19.775284}
    [14]: {"key":"Vw6NX","version":1,"value":11.207823}
    [15]: {"key":"m24m5","version":0,"value":17.274889}
    [16]: {"key":"qdt4X","version":1,"value":1.9084334}
    [17]: {"key":"EuPtj","version":0,"value":18.831436}
    [18]: {"key":"f02Ln","version":0,"value":15.368237}
    [19]: {"key":"eWqhC","version":0,"value":14.667545}
    [20]: {"key":"yya9Q","version":1,"value":16.928484}
    [21]: {"key":"wPhX4","version":2,"value":13.500127}

> Read Messages (with updated values):30
    [0]: {"key":"iAoMx","version":2,"value":23.341167}
    [1]: {"key":"big01","version":2,"value":19.017038}
    [2]: {"key":"GHM8A","version":0,"value":14.237667}
    [3]: {"key":"x6nDm","version":1,"value":12.385315}
    [4]: {"key":"4lnXP","version":0,"value":15.044073}
    [5]: {"key":"big01","version":0,"value":9.451736}
    [6]: {"key":"L1aZ7","version":1,"value":13.5734005}
    [7]: {"key":"GHM8A","version":0,"value":3.0437338}
    [8]: {"key":"vvlB6","version":2,"value":16.654823}
    [9]: {"key":"0SMTb","version":1,"value":29.516743}
    [10]: {"key":"gKmlK","version":0,"value":28.922924}
    [11]: {"key":"LVkYC","version":1,"value":27.899195}
    [12]: {"key":"vvlB6","version":2,"value":12.052678}
    [13]: {"key":"0eoZE","version":2,"value":26.06785}
    [14]: {"key":"JJamr","version":2,"value":20.581179}
    [15]: {"key":"big01","version":2,"value":10.27718}
    [16]: {"key":"5RJ4K","version":0,"value":13.8479395}
    [17]: {"key":"pmJ55","version":0,"value":20.34185}
    [18]: {"key":"hqFPJ","version":2,"value":29.920506}
    [19]: {"key":"4lnXP","TOTAL":0.0}
    [20]: {"key":"7OSlV","version":0,"value":30.275284}
    [21]: {"key":"Vw6NX","version":1,"value":21.707823}
    [22]: {"key":"m24m5","version":0,"value":27.774889}
    [23]: {"key":"qdt4X","version":1,"value":12.408434}
    [24]: {"key":"EuPtj","version":0,"value":29.331436}
    [25]: {"key":"f02Ln","version":0,"value":25.868237}
    [26]: {"key":"eWqhC","version":0,"value":25.167545}
    [27]: {"key":"yya9Q","version":1,"value":27.428484}
    [28]: {"key":"wPhX4","version":2,"value":24.000126}
    [29]: {"key":"5RJ4K","TOTAL":0.0}

=== GENERATED DATA ===

> Stats
    Total Messages Written: 28
    Total Messages Processed: 30
    Total Redis Updates: 26
    Total Value Written: 570.1393
    Total Added: 252.0

> Generation Data:
    Tombstone Value Written: 0.0
    Tombstone Count: 2
    Normal Count: 28
    Unstored Count: 4
    Removed Count: 1
    Removed Message Indices: [4]

> Removed Messages:1
    [4]: {"key":"4lnXP","version":0,"value":4.544073}

> Unstored Messages:4
    [5]: {"key":"big01","version":0,"value":9.451736}
    [7]: {"key":"GHM8A","version":0,"value":3.0437338}
    [12]: {"key":"vvlB6","version":2,"value":12.052678}
    [15]: {"key":"big01","version":2,"value":10.27718}

> Generated Messages
    [0]: {"key":"iAoMx","version":2,"value":12.841168}
    [1]: {"key":"big01","version":2,"value":8.517038}
    [2]: {"key":"GHM8A","version":0,"value":3.7376666}
    [3]: {"key":"x6nDm","version":1,"value":1.8853152}
    [4]: {"key":"4lnXP","version":0,"value":4.544073}
    [5]: {"key":"big01","version":0,"value":9.451736}
    [6]: {"key":"L1aZ7","version":1,"value":3.0734003}
    [7]: {"key":"GHM8A","version":0,"value":3.0437338}
    [8]: {"key":"vvlB6","version":2,"value":6.1548233}
    [9]: {"key":"0SMTb","version":1,"value":19.016743}
    [10]: {"key":"gKmlK","version":0,"value":18.422924}
    [11]: {"key":"LVkYC","version":1,"value":17.399195}
    [12]: {"key":"vvlB6","version":2,"value":12.052678}
    [13]: {"key":"0eoZE","version":2,"value":15.56785}
    [14]: {"key":"JJamr","version":2,"value":10.081179}
    [15]: {"key":"big01","version":2,"value":10.27718}
    [16]: {"key":"5RJ4K","version":0,"value":3.3479393}
    [17]: {"key":"pmJ55","version":0,"value":9.841851}
    [18]: {"key":"hqFPJ","version":2,"value":19.420506}
    [19]: {"key":"4lnXP","TOTAL":0.0}
    [20]: {"key":"7OSlV","version":0,"value":19.775284}
    [21]: {"key":"Vw6NX","version":1,"value":11.207823}
    [22]: {"key":"m24m5","version":0,"value":17.274889}
    [23]: {"key":"qdt4X","version":1,"value":1.9084334}
    [24]: {"key":"EuPtj","version":0,"value":18.831436}
    [25]: {"key":"f02Ln","version":0,"value":15.368237}
    [26]: {"key":"eWqhC","version":0,"value":14.667545}
    [27]: {"key":"yya9Q","version":1,"value":16.928484}
    [28]: {"key":"wPhX4","version":2,"value":13.500127}
    [29]: {"key":"5RJ4K","TOTAL":0.0}

> Generated Packets
    [0]: {"key":"iAoMx","version":2,"value":12.841168}
    [1]: {"key":"big01","version":2,"value":8.517038}
    [2]: {"key":"GHM8A","version":0,"value":3.7376666}
    [3]: {"key":"x6nDm","version":1,"value":1.8853152}
    [4]: {"key":"4lnXP","version":0,"value":4.544073}
    [5]: {"key":"big01","version":0,"value":9.451736}
    [6]: {"key":"L1aZ7","version":1,"value":3.0734003}
    [7]: {"key":"GHM8A","version":0,"value":3.0437338}
    [8]: {"key":"vvlB6","version":2,"value":6.1548233}
    [9]: {"key":"0SMTb","version":1,"value":19.016743}
    [10]: {"key":"gKmlK","version":0,"value":18.422924}
    [11]: {"key":"LVkYC","version":1,"value":17.399195}
    [12]: {"key":"vvlB6","version":2,"value":12.052678}
    [13]: {"key":"0eoZE","version":2,"value":15.56785}
    [14]: {"key":"JJamr","version":2,"value":10.081179}
    [15]: {"key":"big01","version":2,"value":10.27718}
    [16]: {"key":"5RJ4K","version":0,"value":3.3479393}
    [17]: {"key":"pmJ55","version":0,"value":9.841851}
    [18]: {"key":"hqFPJ","version":2,"value":19.420506}
    [19]: {"key":"4lnXP","TOTAL":0.0}
    [20]: {"key":"7OSlV","version":0,"value":19.775284}
    [21]: {"key":"Vw6NX","version":1,"value":11.207823}
    [22]: {"key":"m24m5","version":0,"value":17.274889}
    [23]: {"key":"qdt4X","version":1,"value":1.9084334}
    [24]: {"key":"EuPtj","version":0,"value":18.831436}
    [25]: {"key":"f02Ln","version":0,"value":15.368237}
    [26]: {"key":"eWqhC","version":0,"value":14.667545}
    [27]: {"key":"yya9Q","version":1,"value":16.928484}
    [28]: {"key":"wPhX4","version":2,"value":13.500127}
    [29]: {"key":"5RJ4K","TOTAL":0.0}
