=== TRANSFORM TEST DATA ===

> Generation Data
    numPackets: 32
    Total Messages Written: 30
    Total Messages Processed: 32
    Total Redis Updates: 30
    Total Value Written: 615.32776
    Total Added: 294.0

> Redis cache data:
    Redis Size: 26
    Redis Delta: 4

> Message data
    Tombstone Value Written: 0.0
    Normal Count: 30
    Tombstone Count: 2
    Tombstone Indices: [31, 3]
    Unwritten Count: 2
    Unwritten Indices: [0]
    Unstored Count: 2
    Unstored Indices: [19, 20]
    Removed Count: 0
    Removed Message Indices: []

Differing Data: (Called Run, Manual Run, Generated Data)
    !DIFFERENT Total Value Written: 615.32776, 615.32776, 615.32776
    !DIFFERENT Total Added: 294.0, 294.0, 294.0
--------------------------------
    !DIFFERENT messagesSize/totalMessagesWritten (Called Run): 32, 30
    !DIFFERENT messagesSize/totalMessagesWritten (Manual Run): 32, 30
--------------------------------

=== CALLED RUN DATA ===
Request: {"readQueue":"TransformTestRead-51790-Wn3BB","writeQueue":"TransformTestWrite-47641-UPu3C","messageCount":32}

> Stats
    Total Messages Written: 30
    Total Messages Processed: 32
    Total Redis Updates: 30
    Total Value Written: 615.32776
    Total Added: 294.0

> Written Messages:32
    [0]: {"key":"plmg8","version":0,"value":18.232985}
    [1]: {"key":"70GW0","version":2,"value":13.150256}
    [2]: {"key":"uXRhw","version":0,"value":19.089779}
    [3]: {"totalMessagesWritten":3,"totalMessagesProcessed":4,"totalRedisUpdates":4,"totalValueWritten":50.47302,"totalAdded":31.5}
    [4]: {"key":"kQEIt","version":0,"value":22.918417}
    [5]: {"key":"7UHKw","version":0,"value":20.292433}
    [6]: {"key":"SgEZm","version":2,"value":29.95227}
    [7]: {"key":"KNXIF","version":1,"value":19.142216}
    [8]: {"key":"MPBfv","version":2,"value":18.07988}
    [9]: {"key":"bwnPG","version":0,"value":29.742939}
    [10]: {"key":"oxSY4","version":2,"value":18.297478}
    [11]: {"key":"3OCRS","version":1,"value":27.336735}
    [12]: {"key":"q0vkC","version":1,"value":27.904331}
    [13]: {"key":"aU5ED","version":0,"value":15.249766}
    [14]: {"key":"CGKTi","version":1,"value":12.2991495}
    [15]: {"key":"Aaic3","version":0,"value":26.391876}
    [16]: {"key":"qJu18","version":1,"value":30.48693}
    [17]: {"key":"i6b6i","version":0,"value":16.8517}
    [18]: {"key":"NY06y","version":0,"value":18.823893}
    [19]: {"key":"MPBfv","version":0,"value":19.802393}
    [20]: {"key":"oxSY4","version":2,"value":5.3996944}
    [21]: {"key":"py595","version":2,"value":22.100418}
    [22]: {"key":"S04s4","version":0,"value":25.455626}
    [23]: {"key":"73WLK","version":0,"value":14.394782}
    [24]: {"key":"iL6K0","version":0,"value":25.719658}
    [25]: {"key":"pKqZk","version":2,"value":21.956121}
    [26]: {"key":"hSnsY","version":2,"value":26.600431}
    [27]: {"key":"pPA1T","version":1,"value":15.1341915}
    [28]: {"key":"Z0SeA","version":1,"value":17.466185}
    [29]: {"key":"lw3Fx","version":2,"value":18.449234}
    [30]: {"key":"cVLg0","version":2,"value":18.606007}
    [31]: {"totalMessagesWritten":30,"totalMessagesProcessed":32,"totalRedisUpdates":30,"totalValueWritten":615.32776,"totalAdded":294.0}

> Cache Entries:26
    [0]: {"key":"70GW0","version":2,"value":2.6502562}
    [1]: {"key":"uXRhw","version":0,"value":8.589778}
    [2]: {"key":"kQEIt","version":0,"value":12.418417}
    [3]: {"key":"7UHKw","version":0,"value":9.792433}
    [4]: {"key":"SgEZm","version":2,"value":19.45227}
    [5]: {"key":"KNXIF","version":1,"value":8.642216}
    [6]: {"key":"MPBfv","version":2,"value":7.5798798}
    [7]: {"key":"bwnPG","version":0,"value":19.242939}
    [8]: {"key":"oxSY4","version":2,"value":7.7974772}
    [9]: {"key":"3OCRS","version":1,"value":16.836735}
    [10]: {"key":"q0vkC","version":1,"value":17.404331}
    [11]: {"key":"aU5ED","version":0,"value":4.7497663}
    [12]: {"key":"CGKTi","version":1,"value":1.7991495}
    [13]: {"key":"Aaic3","version":0,"value":15.891876}
    [14]: {"key":"i6b6i","version":0,"value":6.3517}
    [15]: {"key":"NY06y","version":0,"value":8.323893}
    [16]: {"key":"py595","version":2,"value":11.600417}
    [17]: {"key":"S04s4","version":0,"value":14.955626}
    [18]: {"key":"73WLK","version":0,"value":3.894782}
    [19]: {"key":"iL6K0","version":0,"value":15.219659}
    [20]: {"key":"pKqZk","version":2,"value":11.456121}
    [21]: {"key":"hSnsY","version":2,"value":16.100431}
    [22]: {"key":"pPA1T","version":1,"value":4.634192}
    [23]: {"key":"Z0SeA","version":1,"value":6.9661846}
    [24]: {"key":"lw3Fx","version":2,"value":7.949234}
    [25]: {"key":"cVLg0","version":2,"value":8.106007}

=== MANUAL RUN DATA ===
Request: {"readQueue":"TransformTestRead-30716-LCBj6","writeQueue":"TransformTestWrite-31344-2dLtN","messageCount":32}

> Stats
    Total Messages Written: 30
    Total Messages Processed: 32
    Total Redis Updates: 30
    Total Value Written: 615.32776
    !DIFFERENT Total Value Written: 615.32776, 615.32776
    Total Added: 294.0
    !DIFFERENT Total Added: 294.0, 294.0

> Written Messages:32
    [0]: {"key":"plmg8","version":0,"value":18.232985}
    [1]: {"key":"70GW0","version":2,"value":13.150256}
    [2]: {"key":"uXRhw","version":0,"value":19.089779}
    [3]: {"totalMessagesWritten":3,"totalMessagesProcessed":4,"totalRedisUpdates":4,"totalValueWritten":50.47302,"totalAdded":31.5}
    [4]: {"key":"kQEIt","version":0,"value":22.918417}
    [5]: {"key":"7UHKw","version":0,"value":20.292433}
    [6]: {"key":"SgEZm","version":2,"value":29.95227}
    [7]: {"key":"KNXIF","version":1,"value":19.142216}
    [8]: {"key":"MPBfv","version":2,"value":18.07988}
    [9]: {"key":"bwnPG","version":0,"value":29.742939}
    [10]: {"key":"oxSY4","version":2,"value":18.297478}
    [11]: {"key":"3OCRS","version":1,"value":27.336735}
    [12]: {"key":"q0vkC","version":1,"value":27.904331}
    [13]: {"key":"aU5ED","version":0,"value":15.249766}
    [14]: {"key":"CGKTi","version":1,"value":12.2991495}
    [15]: {"key":"Aaic3","version":0,"value":26.391876}
    [16]: {"key":"qJu18","version":1,"value":30.48693}
    [17]: {"key":"i6b6i","version":0,"value":16.8517}
    [18]: {"key":"NY06y","version":0,"value":18.823893}
    [19]: {"key":"MPBfv","version":0,"value":19.802393}
    [20]: {"key":"oxSY4","version":2,"value":5.3996944}
    [21]: {"key":"py595","version":2,"value":22.100418}
    [22]: {"key":"S04s4","version":0,"value":25.455626}
    [23]: {"key":"73WLK","version":0,"value":14.394782}
    [24]: {"key":"iL6K0","version":0,"value":25.719658}
    [25]: {"key":"pKqZk","version":2,"value":21.956121}
    [26]: {"key":"hSnsY","version":2,"value":26.600431}
    [27]: {"key":"pPA1T","version":1,"value":15.1341915}
    [28]: {"key":"Z0SeA","version":1,"value":17.466185}
    [29]: {"key":"lw3Fx","version":2,"value":18.449234}
    [30]: {"key":"cVLg0","version":2,"value":18.606007}
    [31]: {"totalMessagesWritten":30,"totalMessagesProcessed":32,"totalRedisUpdates":30,"totalValueWritten":615.32776,"totalAdded":294.0}

> Cache Entries:26
    [0]: {"key":"70GW0","version":2,"value":2.6502562}
    [1]: {"key":"uXRhw","version":0,"value":8.589778}
    [2]: {"key":"kQEIt","version":0,"value":12.418417}
    [3]: {"key":"7UHKw","version":0,"value":9.792433}
    [4]: {"key":"SgEZm","version":2,"value":19.45227}
    [5]: {"key":"KNXIF","version":1,"value":8.642216}
    [6]: {"key":"MPBfv","version":2,"value":7.5798798}
    [7]: {"key":"bwnPG","version":0,"value":19.242939}
    [8]: {"key":"oxSY4","version":2,"value":7.7974772}
    [9]: {"key":"3OCRS","version":1,"value":16.836735}
    [10]: {"key":"q0vkC","version":1,"value":17.404331}
    [11]: {"key":"aU5ED","version":0,"value":4.7497663}
    [12]: {"key":"CGKTi","version":1,"value":1.7991495}
    [13]: {"key":"Aaic3","version":0,"value":15.891876}
    [14]: {"key":"i6b6i","version":0,"value":6.3517}
    [15]: {"key":"NY06y","version":0,"value":8.323893}
    [16]: {"key":"py595","version":2,"value":11.600417}
    [17]: {"key":"S04s4","version":0,"value":14.955626}
    [18]: {"key":"73WLK","version":0,"value":3.894782}
    [19]: {"key":"iL6K0","version":0,"value":15.219659}
    [20]: {"key":"pKqZk","version":2,"value":11.456121}
    [21]: {"key":"hSnsY","version":2,"value":16.100431}
    [22]: {"key":"pPA1T","version":1,"value":4.634192}
    [23]: {"key":"Z0SeA","version":1,"value":6.9661846}
    [24]: {"key":"lw3Fx","version":2,"value":7.949234}
    [25]: {"key":"cVLg0","version":2,"value":8.106007}

> Read Messages (with updated values):32
    [0]: {"key":"plmg8","version":0,"value":18.232985}
    [1]: {"key":"70GW0","version":2,"value":13.150256}
    [2]: {"key":"uXRhw","version":0,"value":19.089779}
    [3]: {"key":"plmg8","TOTAL":0.0}
    [4]: {"key":"kQEIt","version":0,"value":22.918417}
    [5]: {"key":"7UHKw","version":0,"value":20.292433}
    [6]: {"key":"SgEZm","version":2,"value":29.95227}
    [7]: {"key":"KNXIF","version":1,"value":19.142216}
    [8]: {"key":"MPBfv","version":2,"value":18.07988}
    [9]: {"key":"bwnPG","version":0,"value":29.742939}
    [10]: {"key":"oxSY4","version":2,"value":18.297478}
    [11]: {"key":"3OCRS","version":1,"value":27.336735}
    [12]: {"key":"q0vkC","version":1,"value":27.904331}
    [13]: {"key":"aU5ED","version":0,"value":15.249766}
    [14]: {"key":"CGKTi","version":1,"value":12.2991495}
    [15]: {"key":"Aaic3","version":0,"value":26.391876}
    [16]: {"key":"qJu18","version":1,"value":30.48693}
    [17]: {"key":"i6b6i","version":0,"value":16.8517}
    [18]: {"key":"NY06y","version":0,"value":18.823893}
    [19]: {"key":"MPBfv","version":0,"value":19.802393}
    [20]: {"key":"oxSY4","version":2,"value":5.3996944}
    [21]: {"key":"py595","version":2,"value":22.100418}
    [22]: {"key":"S04s4","version":0,"value":25.455626}
    [23]: {"key":"73WLK","version":0,"value":14.394782}
    [24]: {"key":"iL6K0","version":0,"value":25.719658}
    [25]: {"key":"pKqZk","version":2,"value":21.956121}
    [26]: {"key":"hSnsY","version":2,"value":26.600431}
    [27]: {"key":"pPA1T","version":1,"value":15.1341915}
    [28]: {"key":"Z0SeA","version":1,"value":17.466185}
    [29]: {"key":"lw3Fx","version":2,"value":18.449234}
    [30]: {"key":"cVLg0","version":2,"value":18.606007}
    [31]: {"key":"qJu18","TOTAL":0.0}

=== GENERATED DATA ===

> Stats
    Total Messages Written: 30
    Total Messages Processed: 32
    Total Redis Updates: 30
    Total Value Written: 615.32776
    Total Added: 294.0

> Generation Data:
    Tombstone Value Written: 0.0
    Tombstone Count: 2
    Normal Count: 30
    Unstored Count: 2
    Removed Count: 0
    Removed Message Indices: []

> Removed Messages:0

> Unstored Messages:2
    [19]: {"key":"MPBfv","version":0,"value":19.802393}
    [20]: {"key":"oxSY4","version":2,"value":5.3996944}

> Generated Messages
    [0]: {"key":"plmg8","version":0,"value":7.732985}
    [1]: {"key":"70GW0","version":2,"value":2.6502562}
    [2]: {"key":"uXRhw","version":0,"value":8.589778}
    [3]: {"key":"plmg8","TOTAL":0.0}
    [4]: {"key":"kQEIt","version":0,"value":12.418417}
    [5]: {"key":"7UHKw","version":0,"value":9.792433}
    [6]: {"key":"SgEZm","version":2,"value":19.45227}
    [7]: {"key":"KNXIF","version":1,"value":8.642216}
    [8]: {"key":"MPBfv","version":2,"value":7.5798798}
    [9]: {"key":"bwnPG","version":0,"value":19.242939}
    [10]: {"key":"oxSY4","version":2,"value":7.7974772}
    [11]: {"key":"3OCRS","version":1,"value":16.836735}
    [12]: {"key":"q0vkC","version":1,"value":17.404331}
    [13]: {"key":"aU5ED","version":0,"value":4.7497663}
    [14]: {"key":"CGKTi","version":1,"value":1.7991495}
    [15]: {"key":"Aaic3","version":0,"value":15.891876}
    [16]: {"key":"qJu18","version":1,"value":19.98693}
    [17]: {"key":"i6b6i","version":0,"value":6.3517}
    [18]: {"key":"NY06y","version":0,"value":8.323893}
    [19]: {"key":"MPBfv","version":0,"value":19.802393}
    [20]: {"key":"oxSY4","version":2,"value":5.3996944}
    [21]: {"key":"py595","version":2,"value":11.600417}
    [22]: {"key":"S04s4","version":0,"value":14.955626}
    [23]: {"key":"73WLK","version":0,"value":3.894782}
    [24]: {"key":"iL6K0","version":0,"value":15.219659}
    [25]: {"key":"pKqZk","version":2,"value":11.456121}
    [26]: {"key":"hSnsY","version":2,"value":16.100431}
    [27]: {"key":"pPA1T","version":1,"value":4.634192}
    [28]: {"key":"Z0SeA","version":1,"value":6.9661846}
    [29]: {"key":"lw3Fx","version":2,"value":7.949234}
    [30]: {"key":"cVLg0","version":2,"value":8.106007}
    [31]: {"key":"qJu18","TOTAL":0.0}

> Generated Packets
    [0]: {"key":"plmg8","version":0,"value":7.732985}
    [1]: {"key":"70GW0","version":2,"value":2.6502562}
    [2]: {"key":"uXRhw","version":0,"value":8.589778}
    [3]: {"key":"plmg8","TOTAL":0.0}
    [4]: {"key":"kQEIt","version":0,"value":12.418417}
    [5]: {"key":"7UHKw","version":0,"value":9.792433}
    [6]: {"key":"SgEZm","version":2,"value":19.45227}
    [7]: {"key":"KNXIF","version":1,"value":8.642216}
    [8]: {"key":"MPBfv","version":2,"value":7.5798798}
    [9]: {"key":"bwnPG","version":0,"value":19.242939}
    [10]: {"key":"oxSY4","version":2,"value":7.7974772}
    [11]: {"key":"3OCRS","version":1,"value":16.836735}
    [12]: {"key":"q0vkC","version":1,"value":17.404331}
    [13]: {"key":"aU5ED","version":0,"value":4.7497663}
    [14]: {"key":"CGKTi","version":1,"value":1.7991495}
    [15]: {"key":"Aaic3","version":0,"value":15.891876}
    [16]: {"key":"qJu18","version":1,"value":19.98693}
    [17]: {"key":"i6b6i","version":0,"value":6.3517}
    [18]: {"key":"NY06y","version":0,"value":8.323893}
    [19]: {"key":"MPBfv","version":0,"value":19.802393}
    [20]: {"key":"oxSY4","version":2,"value":5.3996944}
    [21]: {"key":"py595","version":2,"value":11.600417}
    [22]: {"key":"S04s4","version":0,"value":14.955626}
    [23]: {"key":"73WLK","version":0,"value":3.894782}
    [24]: {"key":"iL6K0","version":0,"value":15.219659}
    [25]: {"key":"pKqZk","version":2,"value":11.456121}
    [26]: {"key":"hSnsY","version":2,"value":16.100431}
    [27]: {"key":"pPA1T","version":1,"value":4.634192}
    [28]: {"key":"Z0SeA","version":1,"value":6.9661846}
    [29]: {"key":"lw3Fx","version":2,"value":7.949234}
    [30]: {"key":"cVLg0","version":2,"value":8.106007}
    [31]: {"key":"qJu18","TOTAL":0.0}
