=== TRANSFORM TEST DATA ===

> Generation Data
    numPackets: 80
    Total Messages Written: 79
    Total Messages Processed: 80
    Total Redis Updates: 63
    Total Value Written: 1492.2052
    Total Added: 651.0

> Redis cache data:
    Redis Size: 52
    !DIFFERENT REDIS DELTA: 63, 60
    Redis Delta: 11

> Message data
    Tombstone Value Written: 37.020092
    Normal Count: 79
    Tombstone Count: 1
    Tombstone Indices: [79]
    Unwritten Count: 1
    Unwritten Indices: []
    Unstored Count: 17
    Unstored Indices: [14, 19, 26, 29, 31, 35, 39, 40, 46, 48, 51, 53, 54, 57, 65, 72, 74]
    Removed Count: 1
    Removed Message Indices: [23]

Differing Data: (Called Run, Manual Run, Generated Data)
    !DIFFERENT Total Value Written: 1460.7052, 1460.7052, 1492.2052
    !DIFFERENT Total Added: 619.5, 619.5, 651.0
--------------------------------
    !DIFFERENT messagesSize/totalMessagesWritten (Called Run): 80, 79
    !DIFFERENT messagesSize/totalMessagesWritten (Manual Run): 80, 79
--------------------------------

=== CALLED RUN DATA ===
Request: {"readQueue":"TransformTestRead-20725-6Mndb","writeQueue":"TransformTestWrite-27720-EUncU","messageCount":80}

> Stats
    Total Messages Written: 79
    Total Messages Processed: 80
    Total Redis Updates: 60
    Total Value Written: 1460.7052
    Total Added: 619.5

> Written Messages:80
    [0]: {"key":"pREiI","version":2,"value":20.945904}
    [1]: {"key":"D0PVf","version":0,"value":14.209236}
    [2]: {"key":"UHNW8","version":2,"value":14.466731}
    [3]: {"key":"1m9pt","version":0,"value":12.3285475}
    [4]: {"key":"9RA9Q","version":2,"value":19.452068}
    [5]: {"key":"NYtYs","version":1,"value":15.810267}
    [6]: {"key":"7LhXR","version":2,"value":21.219368}
    [7]: {"key":"FeKL5","version":1,"value":13.215577}
    [8]: {"key":"AUcvR","version":0,"value":29.907097}
    [9]: {"key":"pIgAB","version":0,"value":20.449715}
    [10]: {"key":"EN3il","version":0,"value":10.928326}
    [11]: {"key":"Pol9I","version":2,"value":27.467766}
    [12]: {"key":"pIgAB","version":2,"value":24.152042}
    [13]: {"key":"3W8Et","version":1,"value":15.014651}
    [14]: {"key":"7LhXR","version":2,"value":14.833318}
    [15]: {"key":"bC4cH","version":1,"value":16.994942}
    [16]: {"key":"3xUkY","version":1,"value":18.41659}
    [17]: {"key":"xv7aC","version":2,"value":26.62307}
    [18]: {"key":"7bfmx","version":2,"value":15.310649}
    [19]: {"key":"Pol9I","version":1,"value":6.64013}
    [20]: {"key":"WtRY8","version":1,"value":12.746614}
    [21]: {"key":"n1JUy","version":2,"value":13.681552}
    [22]: {"key":"h9i5D","version":2,"value":21.004442}
    [23]: {"key":"diAHQ","version":1,"value":25.419931}
    [24]: {"key":"ENXsL","version":0,"value":28.327671}
    [25]: {"key":"dV3fU","version":2,"value":14.043072}
    [26]: {"key":"Pol9I","version":2,"value":11.004522}
    [27]: {"key":"g2Eoa","version":0,"value":12.323253}
    [28]: {"key":"YCW4Q","version":2,"value":26.197407}
    [29]: {"key":"NYtYs","version":0,"value":4.6107683}
    [30]: {"key":"bC4cH","version":2,"value":29.180101}
    [31]: {"key":"Pol9I","version":2,"value":11.297476}
    [32]: {"key":"Xm9lw","version":2,"value":13.165646}
    [33]: {"key":"WtRY8","version":2,"value":15.408836}
    [34]: {"key":"0oV60","version":0,"value":22.016573}
    [35]: {"key":"FeKL5","version":1,"value":6.685835}
    [36]: {"key":"8Vug2","version":0,"value":14.895729}
    [37]: {"key":"FNncw","version":0,"value":23.247467}
    [38]: {"key":"tnfx5","version":2,"value":14.743528}
    [39]: {"key":"diAHQ","version":1,"value":0.58568835}
    [40]: {"key":"YCW4Q","version":1,"value":5.061365}
    [41]: {"key":"xkOK9","version":1,"value":13.6166115}
    [42]: {"key":"FNncw","version":1,"value":22.90525}
    [43]: {"key":"MAU4C","version":0,"value":27.730984}
    [44]: {"key":"UVaSX","version":1,"value":28.296915}
    [45]: {"key":"pIgAB","version":1,"value":19.004276}
    [46]: {"key":"xkOK9","version":1,"value":5.1519227}
    [47]: {"key":"bC4cH","version":2,"value":15.012547}
    [48]: {"key":"Xm9lw","version":2,"value":8.56434}
    [49]: {"key":"2wAZa","version":1,"value":25.76856}
    [50]: {"key":"kIPmf","version":2,"value":30.316292}
    [51]: {"key":"7LhXR","version":2,"value":12.021273}
    [52]: {"key":"vKhrj","version":0,"value":26.166817}
    [53]: {"key":"7LhXR","version":2,"value":2.2941017}
    [54]: {"key":"xkOK9","version":0,"value":10.30469}
    [55]: {"key":"EZDk6","version":1,"value":22.919445}
    [56]: {"key":"ENXsL","version":1,"value":13.632391}
    [57]: {"key":"Pol9I","version":0,"value":19.466564}
    [58]: {"key":"pGvPN","version":0,"value":26.44273}
    [59]: {"key":"AW5Ck","version":1,"value":23.368567}
    [60]: {"key":"fmwX1","version":1,"value":22.174517}
    [61]: {"key":"vKhrj","version":2,"value":26.869278}
    [62]: {"key":"bC4cH","version":2,"value":17.869282}
    [63]: {"key":"JXHaK","version":0,"value":20.949753}
    [64]: {"key":"iYR6i","version":1,"value":24.951897}
    [65]: {"key":"pREiI","version":1,"value":18.431622}
    [66]: {"key":"T2W5q","version":1,"value":18.523129}
    [67]: {"key":"FgXmD","version":0,"value":25.14108}
    [68]: {"key":"uZB3T","version":2,"value":22.377445}
    [69]: {"key":"dIb7b","version":0,"value":22.26791}
    [70]: {"key":"ye9EG","version":0,"value":26.032831}
    [71]: {"key":"04Axu","version":2,"value":20.801205}
    [72]: {"key":"xkOK9","version":0,"value":12.65107}
    [73]: {"key":"yIf5h","version":2,"value":23.75879}
    [74]: {"key":"Pol9I","version":1,"value":14.097763}
    [75]: {"key":"8oFxJ","version":2,"value":12.506966}
    [76]: {"key":"OEsYG","version":2,"value":18.404753}
    [77]: {"key":"9KFH5","version":1,"value":20.307104}
    [78]: {"key":"Y7xIm","version":2,"value":18.550774}
    [79]: {"totalMessagesWritten":79,"totalMessagesProcessed":80,"totalRedisUpdates":60,"totalValueWritten":1460.7052,"totalAdded":619.5}

> Cache Entries:52
    [0]: {"key":"pREiI","version":2,"value":10.445904}
    [1]: {"key":"D0PVf","version":0,"value":3.7092364}
    [2]: {"key":"UHNW8","version":2,"value":3.9667308}
    [3]: {"key":"1m9pt","version":0,"value":1.8285477}
    [4]: {"key":"9RA9Q","version":2,"value":8.952069}
    [5]: {"key":"NYtYs","version":1,"value":5.3102674}
    [6]: {"key":"7LhXR","version":2,"value":10.719368}
    [7]: {"key":"FeKL5","version":1,"value":2.715577}
    [8]: {"key":"AUcvR","version":0,"value":19.407097}
    [9]: {"key":"pIgAB","version":2,"value":13.652043}
    [10]: {"key":"EN3il","version":0,"value":0.42832613}
    [11]: {"key":"Pol9I","version":2,"value":16.967766}
    [12]: {"key":"3W8Et","version":1,"value":4.5146513}
    [13]: {"key":"bC4cH","version":2,"value":18.680101}
    [14]: {"key":"3xUkY","version":1,"value":7.9165897}
    [15]: {"key":"xv7aC","version":2,"value":16.12307}
    [16]: {"key":"7bfmx","version":2,"value":4.810649}
    [17]: {"key":"WtRY8","version":2,"value":4.908836}
    [18]: {"key":"n1JUy","version":2,"value":3.1815517}
    [19]: {"key":"h9i5D","version":2,"value":10.504442}
    [20]: {"key":"ENXsL","version":1,"value":3.132391}
    [21]: {"key":"dV3fU","version":2,"value":3.5430717}
    [22]: {"key":"g2Eoa","version":0,"value":1.8232524}
    [23]: {"key":"YCW4Q","version":2,"value":15.697408}
    [24]: {"key":"Xm9lw","version":2,"value":2.665646}
    [25]: {"key":"0oV60","version":0,"value":11.516573}
    [26]: {"key":"8Vug2","version":0,"value":4.395729}
    [27]: {"key":"FNncw","version":1,"value":12.405251}
    [28]: {"key":"tnfx5","version":2,"value":4.243529}
    [29]: {"key":"xkOK9","version":1,"value":3.1166112}
    [30]: {"key":"MAU4C","version":0,"value":17.230984}
    [31]: {"key":"UVaSX","version":1,"value":17.796915}
    [32]: {"key":"2wAZa","version":1,"value":15.26856}
    [33]: {"key":"kIPmf","version":2,"value":19.816292}
    [34]: {"key":"vKhrj","version":2,"value":16.369278}
    [35]: {"key":"EZDk6","version":1,"value":12.419445}
    [36]: {"key":"pGvPN","version":0,"value":15.94273}
    [37]: {"key":"AW5Ck","version":1,"value":12.8685665}
    [38]: {"key":"fmwX1","version":1,"value":11.674517}
    [39]: {"key":"JXHaK","version":0,"value":10.449754}
    [40]: {"key":"iYR6i","version":1,"value":14.451897}
    [41]: {"key":"T2W5q","version":1,"value":8.023128}
    [42]: {"key":"FgXmD","version":0,"value":14.641081}
    [43]: {"key":"uZB3T","version":2,"value":11.877446}
    [44]: {"key":"dIb7b","version":0,"value":11.76791}
    [45]: {"key":"ye9EG","version":0,"value":15.532831}
    [46]: {"key":"04Axu","version":2,"value":10.301205}
    [47]: {"key":"yIf5h","version":2,"value":13.258789}
    [48]: {"key":"8oFxJ","version":2,"value":2.0069659}
    [49]: {"key":"OEsYG","version":2,"value":7.9047527}
    [50]: {"key":"9KFH5","version":1,"value":9.807104}
    [51]: {"key":"Y7xIm","version":2,"value":8.050774}

=== MANUAL RUN DATA ===
Request: {"readQueue":"TransformTestRead-15332-ya0XB","writeQueue":"TransformTestWrite-42124-7WkhN","messageCount":80}

> Stats
    Total Messages Written: 79
    Total Messages Processed: 80
    Total Redis Updates: 60
    Total Value Written: 1460.7052
    !DIFFERENT Total Value Written: 1460.7052, 1460.7052
    Total Added: 619.5
    !DIFFERENT Total Added: 619.5, 619.5

> Written Messages:80
    [0]: {"key":"pREiI","version":2,"value":20.945904}
    [1]: {"key":"D0PVf","version":0,"value":14.209236}
    [2]: {"key":"UHNW8","version":2,"value":14.466731}
    [3]: {"key":"1m9pt","version":0,"value":12.3285475}
    [4]: {"key":"9RA9Q","version":2,"value":19.452068}
    [5]: {"key":"NYtYs","version":1,"value":15.810267}
    [6]: {"key":"7LhXR","version":2,"value":21.219368}
    [7]: {"key":"FeKL5","version":1,"value":13.215577}
    [8]: {"key":"AUcvR","version":0,"value":29.907097}
    [9]: {"key":"pIgAB","version":0,"value":20.449715}
    [10]: {"key":"EN3il","version":0,"value":10.928326}
    [11]: {"key":"Pol9I","version":2,"value":27.467766}
    [12]: {"key":"pIgAB","version":2,"value":24.152042}
    [13]: {"key":"3W8Et","version":1,"value":15.014651}
    [14]: {"key":"7LhXR","version":2,"value":14.833318}
    [15]: {"key":"bC4cH","version":1,"value":16.994942}
    [16]: {"key":"3xUkY","version":1,"value":18.41659}
    [17]: {"key":"xv7aC","version":2,"value":26.62307}
    [18]: {"key":"7bfmx","version":2,"value":15.310649}
    [19]: {"key":"Pol9I","version":1,"value":6.64013}
    [20]: {"key":"WtRY8","version":1,"value":12.746614}
    [21]: {"key":"n1JUy","version":2,"value":13.681552}
    [22]: {"key":"h9i5D","version":2,"value":21.004442}
    [23]: {"key":"diAHQ","version":1,"value":25.419931}
    [24]: {"key":"ENXsL","version":0,"value":28.327671}
    [25]: {"key":"dV3fU","version":2,"value":14.043072}
    [26]: {"key":"Pol9I","version":2,"value":11.004522}
    [27]: {"key":"g2Eoa","version":0,"value":12.323253}
    [28]: {"key":"YCW4Q","version":2,"value":26.197407}
    [29]: {"key":"NYtYs","version":0,"value":4.6107683}
    [30]: {"key":"bC4cH","version":2,"value":29.180101}
    [31]: {"key":"Pol9I","version":2,"value":11.297476}
    [32]: {"key":"Xm9lw","version":2,"value":13.165646}
    [33]: {"key":"WtRY8","version":2,"value":15.408836}
    [34]: {"key":"0oV60","version":0,"value":22.016573}
    [35]: {"key":"FeKL5","version":1,"value":6.685835}
    [36]: {"key":"8Vug2","version":0,"value":14.895729}
    [37]: {"key":"FNncw","version":0,"value":23.247467}
    [38]: {"key":"tnfx5","version":2,"value":14.743528}
    [39]: {"key":"diAHQ","version":1,"value":0.58568835}
    [40]: {"key":"YCW4Q","version":1,"value":5.061365}
    [41]: {"key":"xkOK9","version":1,"value":13.6166115}
    [42]: {"key":"FNncw","version":1,"value":22.90525}
    [43]: {"key":"MAU4C","version":0,"value":27.730984}
    [44]: {"key":"UVaSX","version":1,"value":28.296915}
    [45]: {"key":"pIgAB","version":1,"value":19.004276}
    [46]: {"key":"xkOK9","version":1,"value":5.1519227}
    [47]: {"key":"bC4cH","version":2,"value":15.012547}
    [48]: {"key":"Xm9lw","version":2,"value":8.56434}
    [49]: {"key":"2wAZa","version":1,"value":25.76856}
    [50]: {"key":"kIPmf","version":2,"value":30.316292}
    [51]: {"key":"7LhXR","version":2,"value":12.021273}
    [52]: {"key":"vKhrj","version":0,"value":26.166817}
    [53]: {"key":"7LhXR","version":2,"value":2.2941017}
    [54]: {"key":"xkOK9","version":0,"value":10.30469}
    [55]: {"key":"EZDk6","version":1,"value":22.919445}
    [56]: {"key":"ENXsL","version":1,"value":13.632391}
    [57]: {"key":"Pol9I","version":0,"value":19.466564}
    [58]: {"key":"pGvPN","version":0,"value":26.44273}
    [59]: {"key":"AW5Ck","version":1,"value":23.368567}
    [60]: {"key":"fmwX1","version":1,"value":22.174517}
    [61]: {"key":"vKhrj","version":2,"value":26.869278}
    [62]: {"key":"bC4cH","version":2,"value":17.869282}
    [63]: {"key":"JXHaK","version":0,"value":20.949753}
    [64]: {"key":"iYR6i","version":1,"value":24.951897}
    [65]: {"key":"pREiI","version":1,"value":18.431622}
    [66]: {"key":"T2W5q","version":1,"value":18.523129}
    [67]: {"key":"FgXmD","version":0,"value":25.14108}
    [68]: {"key":"uZB3T","version":2,"value":22.377445}
    [69]: {"key":"dIb7b","version":0,"value":22.26791}
    [70]: {"key":"ye9EG","version":0,"value":26.032831}
    [71]: {"key":"04Axu","version":2,"value":20.801205}
    [72]: {"key":"xkOK9","version":0,"value":12.65107}
    [73]: {"key":"yIf5h","version":2,"value":23.75879}
    [74]: {"key":"Pol9I","version":1,"value":14.097763}
    [75]: {"key":"8oFxJ","version":2,"value":12.506966}
    [76]: {"key":"OEsYG","version":2,"value":18.404753}
    [77]: {"key":"9KFH5","version":1,"value":20.307104}
    [78]: {"key":"Y7xIm","version":2,"value":18.550774}
    [79]: {"totalMessagesWritten":79,"totalMessagesProcessed":80,"totalRedisUpdates":60,"totalValueWritten":1460.7052,"totalAdded":619.5}

> Cache Entries:52
    [0]: {"key":"pREiI","version":2,"value":10.445904}
    [1]: {"key":"D0PVf","version":0,"value":3.7092364}
    [2]: {"key":"UHNW8","version":2,"value":3.9667308}
    [3]: {"key":"1m9pt","version":0,"value":1.8285477}
    [4]: {"key":"9RA9Q","version":2,"value":8.952069}
    [5]: {"key":"NYtYs","version":1,"value":5.3102674}
    [6]: {"key":"7LhXR","version":2,"value":10.719368}
    [7]: {"key":"FeKL5","version":1,"value":2.715577}
    [8]: {"key":"AUcvR","version":0,"value":19.407097}
    [9]: {"key":"pIgAB","version":2,"value":13.652043}
    [10]: {"key":"EN3il","version":0,"value":0.42832613}
    [11]: {"key":"Pol9I","version":2,"value":16.967766}
    [12]: {"key":"3W8Et","version":1,"value":4.5146513}
    [13]: {"key":"bC4cH","version":2,"value":18.680101}
    [14]: {"key":"3xUkY","version":1,"value":7.9165897}
    [15]: {"key":"xv7aC","version":2,"value":16.12307}
    [16]: {"key":"7bfmx","version":2,"value":4.810649}
    [17]: {"key":"WtRY8","version":2,"value":4.908836}
    [18]: {"key":"n1JUy","version":2,"value":3.1815517}
    [19]: {"key":"h9i5D","version":2,"value":10.504442}
    [20]: {"key":"ENXsL","version":1,"value":3.132391}
    [21]: {"key":"dV3fU","version":2,"value":3.5430717}
    [22]: {"key":"g2Eoa","version":0,"value":1.8232524}
    [23]: {"key":"YCW4Q","version":2,"value":15.697408}
    [24]: {"key":"Xm9lw","version":2,"value":2.665646}
    [25]: {"key":"0oV60","version":0,"value":11.516573}
    [26]: {"key":"8Vug2","version":0,"value":4.395729}
    [27]: {"key":"FNncw","version":1,"value":12.405251}
    [28]: {"key":"tnfx5","version":2,"value":4.243529}
    [29]: {"key":"xkOK9","version":1,"value":3.1166112}
    [30]: {"key":"MAU4C","version":0,"value":17.230984}
    [31]: {"key":"UVaSX","version":1,"value":17.796915}
    [32]: {"key":"2wAZa","version":1,"value":15.26856}
    [33]: {"key":"kIPmf","version":2,"value":19.816292}
    [34]: {"key":"vKhrj","version":2,"value":16.369278}
    [35]: {"key":"EZDk6","version":1,"value":12.419445}
    [36]: {"key":"pGvPN","version":0,"value":15.94273}
    [37]: {"key":"AW5Ck","version":1,"value":12.8685665}
    [38]: {"key":"fmwX1","version":1,"value":11.674517}
    [39]: {"key":"JXHaK","version":0,"value":10.449754}
    [40]: {"key":"iYR6i","version":1,"value":14.451897}
    [41]: {"key":"T2W5q","version":1,"value":8.023128}
    [42]: {"key":"FgXmD","version":0,"value":14.641081}
    [43]: {"key":"uZB3T","version":2,"value":11.877446}
    [44]: {"key":"dIb7b","version":0,"value":11.76791}
    [45]: {"key":"ye9EG","version":0,"value":15.532831}
    [46]: {"key":"04Axu","version":2,"value":10.301205}
    [47]: {"key":"yIf5h","version":2,"value":13.258789}
    [48]: {"key":"8oFxJ","version":2,"value":2.0069659}
    [49]: {"key":"OEsYG","version":2,"value":7.9047527}
    [50]: {"key":"9KFH5","version":1,"value":9.807104}
    [51]: {"key":"Y7xIm","version":2,"value":8.050774}

> Read Messages (with updated values):80
    [0]: {"key":"pREiI","version":2,"value":20.945904}
    [1]: {"key":"D0PVf","version":0,"value":14.209236}
    [2]: {"key":"UHNW8","version":2,"value":14.466731}
    [3]: {"key":"1m9pt","version":0,"value":12.3285475}
    [4]: {"key":"9RA9Q","version":2,"value":19.452068}
    [5]: {"key":"NYtYs","version":1,"value":15.810267}
    [6]: {"key":"7LhXR","version":2,"value":21.219368}
    [7]: {"key":"FeKL5","version":1,"value":13.215577}
    [8]: {"key":"AUcvR","version":0,"value":29.907097}
    [9]: {"key":"pIgAB","version":0,"value":20.449715}
    [10]: {"key":"EN3il","version":0,"value":10.928326}
    [11]: {"key":"Pol9I","version":2,"value":27.467766}
    [12]: {"key":"pIgAB","version":2,"value":24.152042}
    [13]: {"key":"3W8Et","version":1,"value":15.014651}
    [14]: {"key":"7LhXR","version":2,"value":14.833318}
    [15]: {"key":"bC4cH","version":1,"value":16.994942}
    [16]: {"key":"3xUkY","version":1,"value":18.41659}
    [17]: {"key":"xv7aC","version":2,"value":26.62307}
    [18]: {"key":"7bfmx","version":2,"value":15.310649}
    [19]: {"key":"Pol9I","version":1,"value":6.64013}
    [20]: {"key":"WtRY8","version":1,"value":12.746614}
    [21]: {"key":"n1JUy","version":2,"value":13.681552}
    [22]: {"key":"h9i5D","version":2,"value":21.004442}
    [23]: {"key":"diAHQ","version":1,"value":25.419931}
    [24]: {"key":"ENXsL","version":0,"value":28.327671}
    [25]: {"key":"dV3fU","version":2,"value":14.043072}
    [26]: {"key":"Pol9I","version":2,"value":11.004522}
    [27]: {"key":"g2Eoa","version":0,"value":12.323253}
    [28]: {"key":"YCW4Q","version":2,"value":26.197407}
    [29]: {"key":"NYtYs","version":0,"value":4.6107683}
    [30]: {"key":"bC4cH","version":2,"value":29.180101}
    [31]: {"key":"Pol9I","version":2,"value":11.297476}
    [32]: {"key":"Xm9lw","version":2,"value":13.165646}
    [33]: {"key":"WtRY8","version":2,"value":15.408836}
    [34]: {"key":"0oV60","version":0,"value":22.016573}
    [35]: {"key":"FeKL5","version":1,"value":6.685835}
    [36]: {"key":"8Vug2","version":0,"value":14.895729}
    [37]: {"key":"FNncw","version":0,"value":23.247467}
    [38]: {"key":"tnfx5","version":2,"value":14.743528}
    [39]: {"key":"diAHQ","version":1,"value":0.58568835}
    [40]: {"key":"YCW4Q","version":1,"value":5.061365}
    [41]: {"key":"xkOK9","version":1,"value":13.6166115}
    [42]: {"key":"FNncw","version":1,"value":22.90525}
    [43]: {"key":"MAU4C","version":0,"value":27.730984}
    [44]: {"key":"UVaSX","version":1,"value":28.296915}
    [45]: {"key":"pIgAB","version":1,"value":19.004276}
    [46]: {"key":"xkOK9","version":1,"value":5.1519227}
    [47]: {"key":"bC4cH","version":2,"value":15.012547}
    [48]: {"key":"Xm9lw","version":2,"value":8.56434}
    [49]: {"key":"2wAZa","version":1,"value":25.76856}
    [50]: {"key":"kIPmf","version":2,"value":30.316292}
    [51]: {"key":"7LhXR","version":2,"value":12.021273}
    [52]: {"key":"vKhrj","version":0,"value":26.166817}
    [53]: {"key":"7LhXR","version":2,"value":2.2941017}
    [54]: {"key":"xkOK9","version":0,"value":10.30469}
    [55]: {"key":"EZDk6","version":1,"value":22.919445}
    [56]: {"key":"ENXsL","version":1,"value":13.632391}
    [57]: {"key":"Pol9I","version":0,"value":19.466564}
    [58]: {"key":"pGvPN","version":0,"value":26.44273}
    [59]: {"key":"AW5Ck","version":1,"value":23.368567}
    [60]: {"key":"fmwX1","version":1,"value":22.174517}
    [61]: {"key":"vKhrj","version":2,"value":26.869278}
    [62]: {"key":"bC4cH","version":2,"value":17.869282}
    [63]: {"key":"JXHaK","version":0,"value":20.949753}
    [64]: {"key":"iYR6i","version":1,"value":24.951897}
    [65]: {"key":"pREiI","version":1,"value":18.431622}
    [66]: {"key":"T2W5q","version":1,"value":18.523129}
    [67]: {"key":"FgXmD","version":0,"value":25.14108}
    [68]: {"key":"uZB3T","version":2,"value":22.377445}
    [69]: {"key":"dIb7b","version":0,"value":22.26791}
    [70]: {"key":"ye9EG","version":0,"value":26.032831}
    [71]: {"key":"04Axu","version":2,"value":20.801205}
    [72]: {"key":"xkOK9","version":0,"value":12.65107}
    [73]: {"key":"yIf5h","version":2,"value":23.75879}
    [74]: {"key":"Pol9I","version":1,"value":14.097763}
    [75]: {"key":"8oFxJ","version":2,"value":12.506966}
    [76]: {"key":"OEsYG","version":2,"value":18.404753}
    [77]: {"key":"9KFH5","version":1,"value":20.307104}
    [78]: {"key":"Y7xIm","version":2,"value":18.550774}
    [79]: {"key":"diAHQ","TOTAL":37.020092}

=== GENERATED DATA ===

> Stats
    Total Messages Written: 79
    Total Messages Processed: 80
    Total Redis Updates: 63
    Total Value Written: 1492.2052
    Total Added: 651.0

> Generation Data:
    Tombstone Value Written: 37.020092
    Tombstone Count: 1
    Normal Count: 79
    Unstored Count: 17
    Removed Count: 1
    Removed Message Indices: [23]

> Removed Messages:1
    [23]: {"key":"diAHQ","version":1,"value":14.919931}

> Unstored Messages:17
    [14]: {"key":"7LhXR","version":2,"value":14.833318}
    [19]: {"key":"Pol9I","version":1,"value":6.64013}
    [26]: {"key":"Pol9I","version":2,"value":11.004522}
    [29]: {"key":"NYtYs","version":0,"value":4.6107683}
    [31]: {"key":"Pol9I","version":2,"value":11.297476}
    [35]: {"key":"FeKL5","version":1,"value":6.685835}
    [39]: {"key":"diAHQ","version":1,"value":0.58568835}
    [40]: {"key":"YCW4Q","version":1,"value":5.061365}
    [46]: {"key":"xkOK9","version":1,"value":5.1519227}
    [48]: {"key":"Xm9lw","version":2,"value":8.56434}
    [51]: {"key":"7LhXR","version":2,"value":12.021273}
    [53]: {"key":"7LhXR","version":2,"value":2.2941017}
    [54]: {"key":"xkOK9","version":0,"value":10.30469}
    [57]: {"key":"Pol9I","version":0,"value":19.466564}
    [65]: {"key":"pREiI","version":1,"value":18.431622}
    [72]: {"key":"xkOK9","version":0,"value":12.65107}
    [74]: {"key":"Pol9I","version":1,"value":14.097763}

> Generated Messages
    [0]: {"key":"pREiI","version":2,"value":10.445904}
    [1]: {"key":"D0PVf","version":0,"value":3.7092364}
    [2]: {"key":"UHNW8","version":2,"value":3.9667308}
    [3]: {"key":"1m9pt","version":0,"value":1.8285477}
    [4]: {"key":"9RA9Q","version":2,"value":8.952069}
    [5]: {"key":"NYtYs","version":1,"value":5.3102674}
    [6]: {"key":"7LhXR","version":2,"value":10.719368}
    [7]: {"key":"FeKL5","version":1,"value":2.715577}
    [8]: {"key":"AUcvR","version":0,"value":19.407097}
    [9]: {"key":"pIgAB","version":0,"value":9.949715}
    [10]: {"key":"EN3il","version":0,"value":0.42832613}
    [11]: {"key":"Pol9I","version":2,"value":16.967766}
    [12]: {"key":"pIgAB","version":2,"value":13.652043}
    [13]: {"key":"3W8Et","version":1,"value":4.5146513}
    [14]: {"key":"7LhXR","version":2,"value":14.833318}
    [15]: {"key":"bC4cH","version":1,"value":6.4949408}
    [16]: {"key":"3xUkY","version":1,"value":7.9165897}
    [17]: {"key":"xv7aC","version":2,"value":16.12307}
    [18]: {"key":"7bfmx","version":2,"value":4.810649}
    [19]: {"key":"Pol9I","version":1,"value":6.64013}
    [20]: {"key":"WtRY8","version":1,"value":2.2466147}
    [21]: {"key":"n1JUy","version":2,"value":3.1815517}
    [22]: {"key":"h9i5D","version":2,"value":10.504442}
    [23]: {"key":"diAHQ","version":1,"value":14.919931}
    [24]: {"key":"ENXsL","version":0,"value":17.827671}
    [25]: {"key":"dV3fU","version":2,"value":3.5430717}
    [26]: {"key":"Pol9I","version":2,"value":11.004522}
    [27]: {"key":"g2Eoa","version":0,"value":1.8232524}
    [28]: {"key":"YCW4Q","version":2,"value":15.697408}
    [29]: {"key":"NYtYs","version":0,"value":4.6107683}
    [30]: {"key":"bC4cH","version":2,"value":18.680101}
    [31]: {"key":"Pol9I","version":2,"value":11.297476}
    [32]: {"key":"Xm9lw","version":2,"value":2.665646}
    [33]: {"key":"WtRY8","version":2,"value":4.908836}
    [34]: {"key":"0oV60","version":0,"value":11.516573}
    [35]: {"key":"FeKL5","version":1,"value":6.685835}
    [36]: {"key":"8Vug2","version":0,"value":4.395729}
    [37]: {"key":"FNncw","version":0,"value":12.747467}
    [38]: {"key":"tnfx5","version":2,"value":4.243529}
    [39]: {"key":"diAHQ","version":1,"value":0.58568835}
    [40]: {"key":"YCW4Q","version":1,"value":5.061365}
    [41]: {"key":"xkOK9","version":1,"value":3.1166112}
    [42]: {"key":"FNncw","version":1,"value":12.405251}
    [43]: {"key":"MAU4C","version":0,"value":17.230984}
    [44]: {"key":"UVaSX","version":1,"value":17.796915}
    [45]: {"key":"pIgAB","version":1,"value":19.004276}
    [46]: {"key":"xkOK9","version":1,"value":5.1519227}
    [47]: {"key":"bC4cH","version":2,"value":15.012547}
    [48]: {"key":"Xm9lw","version":2,"value":8.56434}
    [49]: {"key":"2wAZa","version":1,"value":15.26856}
    [50]: {"key":"kIPmf","version":2,"value":19.816292}
    [51]: {"key":"7LhXR","version":2,"value":12.021273}
    [52]: {"key":"vKhrj","version":0,"value":15.666817}
    [53]: {"key":"7LhXR","version":2,"value":2.2941017}
    [54]: {"key":"xkOK9","version":0,"value":10.30469}
    [55]: {"key":"EZDk6","version":1,"value":12.419445}
    [56]: {"key":"ENXsL","version":1,"value":3.132391}
    [57]: {"key":"Pol9I","version":0,"value":19.466564}
    [58]: {"key":"pGvPN","version":0,"value":15.94273}
    [59]: {"key":"AW5Ck","version":1,"value":12.8685665}
    [60]: {"key":"fmwX1","version":1,"value":11.674517}
    [61]: {"key":"vKhrj","version":2,"value":16.369278}
    [62]: {"key":"bC4cH","version":2,"value":17.869282}
    [63]: {"key":"JXHaK","version":0,"value":10.449754}
    [64]: {"key":"iYR6i","version":1,"value":14.451897}
    [65]: {"key":"pREiI","version":1,"value":18.431622}
    [66]: {"key":"T2W5q","version":1,"value":8.023128}
    [67]: {"key":"FgXmD","version":0,"value":14.641081}
    [68]: {"key":"uZB3T","version":2,"value":11.877446}
    [69]: {"key":"dIb7b","version":0,"value":11.76791}
    [70]: {"key":"ye9EG","version":0,"value":15.532831}
    [71]: {"key":"04Axu","version":2,"value":10.301205}
    [72]: {"key":"xkOK9","version":0,"value":12.65107}
    [73]: {"key":"yIf5h","version":2,"value":13.258789}
    [74]: {"key":"Pol9I","version":1,"value":14.097763}
    [75]: {"key":"8oFxJ","version":2,"value":2.0069659}
    [76]: {"key":"OEsYG","version":2,"value":7.9047527}
    [77]: {"key":"9KFH5","version":1,"value":9.807104}
    [78]: {"key":"Y7xIm","version":2,"value":8.050774}
    [79]: {"key":"diAHQ","TOTAL":37.020092}

> Generated Packets
    [0]: {"key":"pREiI","version":2,"value":10.445904}
    [1]: {"key":"D0PVf","version":0,"value":3.7092364}
    [2]: {"key":"UHNW8","version":2,"value":3.9667308}
    [3]: {"key":"1m9pt","version":0,"value":1.8285477}
    [4]: {"key":"9RA9Q","version":2,"value":8.952069}
    [5]: {"key":"NYtYs","version":1,"value":5.3102674}
    [6]: {"key":"7LhXR","version":2,"value":10.719368}
    [7]: {"key":"FeKL5","version":1,"value":2.715577}
    [8]: {"key":"AUcvR","version":0,"value":19.407097}
    [9]: {"key":"pIgAB","version":0,"value":9.949715}
    [10]: {"key":"EN3il","version":0,"value":0.42832613}
    [11]: {"key":"Pol9I","version":2,"value":16.967766}
    [12]: {"key":"pIgAB","version":2,"value":13.652043}
    [13]: {"key":"3W8Et","version":1,"value":4.5146513}
    [14]: {"key":"7LhXR","version":2,"value":14.833318}
    [15]: {"key":"bC4cH","version":1,"value":6.4949408}
    [16]: {"key":"3xUkY","version":1,"value":7.9165897}
    [17]: {"key":"xv7aC","version":2,"value":16.12307}
    [18]: {"key":"7bfmx","version":2,"value":4.810649}
    [19]: {"key":"Pol9I","version":1,"value":6.64013}
    [20]: {"key":"WtRY8","version":1,"value":2.2466147}
    [21]: {"key":"n1JUy","version":2,"value":3.1815517}
    [22]: {"key":"h9i5D","version":2,"value":10.504442}
    [23]: {"key":"diAHQ","version":1,"value":14.919931}
    [24]: {"key":"ENXsL","version":0,"value":17.827671}
    [25]: {"key":"dV3fU","version":2,"value":3.5430717}
    [26]: {"key":"Pol9I","version":2,"value":11.004522}
    [27]: {"key":"g2Eoa","version":0,"value":1.8232524}
    [28]: {"key":"YCW4Q","version":2,"value":15.697408}
    [29]: {"key":"NYtYs","version":0,"value":4.6107683}
    [30]: {"key":"bC4cH","version":2,"value":18.680101}
    [31]: {"key":"Pol9I","version":2,"value":11.297476}
    [32]: {"key":"Xm9lw","version":2,"value":2.665646}
    [33]: {"key":"WtRY8","version":2,"value":4.908836}
    [34]: {"key":"0oV60","version":0,"value":11.516573}
    [35]: {"key":"FeKL5","version":1,"value":6.685835}
    [36]: {"key":"8Vug2","version":0,"value":4.395729}
    [37]: {"key":"FNncw","version":0,"value":12.747467}
    [38]: {"key":"tnfx5","version":2,"value":4.243529}
    [39]: {"key":"diAHQ","version":1,"value":0.58568835}
    [40]: {"key":"YCW4Q","version":1,"value":5.061365}
    [41]: {"key":"xkOK9","version":1,"value":3.1166112}
    [42]: {"key":"FNncw","version":1,"value":12.405251}
    [43]: {"key":"MAU4C","version":0,"value":17.230984}
    [44]: {"key":"UVaSX","version":1,"value":17.796915}
    [45]: {"key":"pIgAB","version":1,"value":19.004276}
    [46]: {"key":"xkOK9","version":1,"value":5.1519227}
    [47]: {"key":"bC4cH","version":2,"value":15.012547}
    [48]: {"key":"Xm9lw","version":2,"value":8.56434}
    [49]: {"key":"2wAZa","version":1,"value":15.26856}
    [50]: {"key":"kIPmf","version":2,"value":19.816292}
    [51]: {"key":"7LhXR","version":2,"value":12.021273}
    [52]: {"key":"vKhrj","version":0,"value":15.666817}
    [53]: {"key":"7LhXR","version":2,"value":2.2941017}
    [54]: {"key":"xkOK9","version":0,"value":10.30469}
    [55]: {"key":"EZDk6","version":1,"value":12.419445}
    [56]: {"key":"ENXsL","version":1,"value":3.132391}
    [57]: {"key":"Pol9I","version":0,"value":19.466564}
    [58]: {"key":"pGvPN","version":0,"value":15.94273}
    [59]: {"key":"AW5Ck","version":1,"value":12.8685665}
    [60]: {"key":"fmwX1","version":1,"value":11.674517}
    [61]: {"key":"vKhrj","version":2,"value":16.369278}
    [62]: {"key":"bC4cH","version":2,"value":17.869282}
    [63]: {"key":"JXHaK","version":0,"value":10.449754}
    [64]: {"key":"iYR6i","version":1,"value":14.451897}
    [65]: {"key":"pREiI","version":1,"value":18.431622}
    [66]: {"key":"T2W5q","version":1,"value":8.023128}
    [67]: {"key":"FgXmD","version":0,"value":14.641081}
    [68]: {"key":"uZB3T","version":2,"value":11.877446}
    [69]: {"key":"dIb7b","version":0,"value":11.76791}
    [70]: {"key":"ye9EG","version":0,"value":15.532831}
    [71]: {"key":"04Axu","version":2,"value":10.301205}
    [72]: {"key":"xkOK9","version":0,"value":12.65107}
    [73]: {"key":"yIf5h","version":2,"value":13.258789}
    [74]: {"key":"Pol9I","version":1,"value":14.097763}
    [75]: {"key":"8oFxJ","version":2,"value":2.0069659}
    [76]: {"key":"OEsYG","version":2,"value":7.9047527}
    [77]: {"key":"9KFH5","version":1,"value":9.807104}
    [78]: {"key":"Y7xIm","version":2,"value":8.050774}
    [79]: {"key":"diAHQ","TOTAL":37.020092}
