=== TRANSFORM TEST DATA ===

> Generation Data
    numPackets: 36
    Total Messages Written: 34
    Total Messages Processed: 36
    Total Redis Updates: 34
    Total Value Written: 644.54517
    Total Added: 336.0

> Redis cache data:
    Redis Size: 29
    Redis Delta: 5

> Message data
    Tombstone Value Written: 0.0
    Normal Count: 34
    Tombstone Count: 2
    Tombstone Indices: [35, 32]
    Unwritten Count: 2
    Unwritten Indices: []
    Unstored Count: 2
    Unstored Indices: [18, 29]
    Removed Count: 2
    Removed Message Indices: [17, 10]

Differing Data: (Called Run, Manual Run, Generated Data)
    !DIFFERENT Total Value Written: 644.54517, 644.54517, 644.54517
    !DIFFERENT Total Added: 336.0, 336.0, 336.0
--------------------------------
    !DIFFERENT messagesSize/totalMessagesWritten (Called Run): 36, 34
    !DIFFERENT messagesSize/totalMessagesWritten (Manual Run): 36, 34
--------------------------------

=== CALLED RUN DATA ===
Request: {"readQueue":"TransformTestRead-25737-rX7z9","writeQueue":"TransformTestWrite-31338-NJjfG","messageCount":36}

> Stats
    Total Messages Written: 34
    Total Messages Processed: 36
    Total Redis Updates: 34
    Total Value Written: 644.54517
    Total Added: 336.0

> Written Messages:36
    [0]: {"key":"aJXO5","version":1,"value":28.44968}
    [1]: {"key":"ZenID","version":0,"value":12.941122}
    [2]: {"key":"QPjk6","version":1,"value":15.461757}
    [3]: {"key":"Y5iqf","version":1,"value":16.423748}
    [4]: {"key":"wBeK7","version":1,"value":22.62498}
    [5]: {"key":"f1Luw","version":2,"value":16.525356}
    [6]: {"key":"HnVLr","version":2,"value":23.020493}
    [7]: {"key":"LBSuH","version":0,"value":14.487427}
    [8]: {"key":"BinHq","version":2,"value":18.203106}
    [9]: {"key":"3sYIt","version":2,"value":23.666218}
    [10]: {"key":"0VHIv","version":2,"value":11.88533}
    [11]: {"key":"6qKhZ","version":2,"value":22.173975}
    [12]: {"key":"pRZcx","version":2,"value":16.372889}
    [13]: {"key":"6ZueI","version":2,"value":30.23942}
    [14]: {"key":"IhBb5","version":0,"value":18.813702}
    [15]: {"key":"dZ198","version":1,"value":26.978582}
    [16]: {"key":"b2jY7","version":1,"value":17.014622}
    [17]: {"key":"gTAll","version":1,"value":19.036938}
    [18]: {"key":"pRZcx","version":0,"value":5.1714478}
    [19]: {"key":"YLsfO","version":0,"value":19.789051}
    [20]: {"key":"1XmwN","version":0,"value":16.82524}
    [21]: {"key":"xyGar","version":0,"value":25.9423}
    [22]: {"key":"VrEFE","version":1,"value":23.465511}
    [23]: {"key":"SDWfh","version":1,"value":18.831226}
    [24]: {"key":"V9KM5","version":0,"value":27.921818}
    [25]: {"key":"jIXSp","version":0,"value":24.761772}
    [26]: {"key":"0vSTE","version":2,"value":23.825462}
    [27]: {"key":"vpLYL","version":1,"value":16.118763}
    [28]: {"key":"AZMXH","version":2,"value":18.3479}
    [29]: {"key":"Y5iqf","version":1,"value":9.864557}
    [30]: {"key":"uyak0","version":2,"value":13.965591}
    [31]: {"key":"hQTSk","version":1,"value":12.186846}
    [32]: {"totalMessagesWritten":32,"totalMessagesProcessed":33,"totalRedisUpdates":31,"totalValueWritten":611.3368,"totalAdded":315.0}
    [33]: {"key":"1cdPy","version":0,"value":13.551156}
    [34]: {"key":"jIXSp","version":2,"value":19.657204}
    [35]: {"totalMessagesWritten":34,"totalMessagesProcessed":36,"totalRedisUpdates":34,"totalValueWritten":644.54517,"totalAdded":336.0}

> Cache Entries:29
    [0]: {"key":"aJXO5","version":1,"value":17.94968}
    [1]: {"key":"ZenID","version":0,"value":2.4411225}
    [2]: {"key":"QPjk6","version":1,"value":4.9617567}
    [3]: {"key":"Y5iqf","version":1,"value":5.923749}
    [4]: {"key":"wBeK7","version":1,"value":12.124982}
    [5]: {"key":"f1Luw","version":2,"value":6.0253572}
    [6]: {"key":"HnVLr","version":2,"value":12.520493}
    [7]: {"key":"LBSuH","version":0,"value":3.9874268}
    [8]: {"key":"BinHq","version":2,"value":7.7031064}
    [9]: {"key":"3sYIt","version":2,"value":13.166217}
    [10]: {"key":"6qKhZ","version":2,"value":11.673975}
    [11]: {"key":"pRZcx","version":2,"value":5.8728886}
    [12]: {"key":"6ZueI","version":2,"value":19.73942}
    [13]: {"key":"IhBb5","version":0,"value":8.313703}
    [14]: {"key":"dZ198","version":1,"value":16.478582}
    [15]: {"key":"b2jY7","version":1,"value":6.5146217}
    [16]: {"key":"YLsfO","version":0,"value":9.28905}
    [17]: {"key":"1XmwN","version":0,"value":6.325239}
    [18]: {"key":"xyGar","version":0,"value":15.442301}
    [19]: {"key":"VrEFE","version":1,"value":12.965512}
    [20]: {"key":"SDWfh","version":1,"value":8.331226}
    [21]: {"key":"V9KM5","version":0,"value":17.421818}
    [22]: {"key":"jIXSp","version":2,"value":9.157205}
    [23]: {"key":"0vSTE","version":2,"value":13.325461}
    [24]: {"key":"vpLYL","version":1,"value":5.618764}
    [25]: {"key":"AZMXH","version":2,"value":7.8479013}
    [26]: {"key":"uyak0","version":2,"value":3.4655917}
    [27]: {"key":"hQTSk","version":1,"value":1.686846}
    [28]: {"key":"1cdPy","version":0,"value":3.0511558}

=== MANUAL RUN DATA ===
Request: {"readQueue":"TransformTestRead-84736-QYK27","writeQueue":"TransformTestWrite-89549-TZsHM","messageCount":36}

> Stats
    Total Messages Written: 34
    Total Messages Processed: 36
    Total Redis Updates: 34
    Total Value Written: 644.54517
    !DIFFERENT Total Value Written: 644.54517, 644.54517
    Total Added: 336.0
    !DIFFERENT Total Added: 336.0, 336.0

> Written Messages:36
    [0]: {"key":"aJXO5","version":1,"value":28.44968}
    [1]: {"key":"ZenID","version":0,"value":12.941122}
    [2]: {"key":"QPjk6","version":1,"value":15.461757}
    [3]: {"key":"Y5iqf","version":1,"value":16.423748}
    [4]: {"key":"wBeK7","version":1,"value":22.62498}
    [5]: {"key":"f1Luw","version":2,"value":16.525356}
    [6]: {"key":"HnVLr","version":2,"value":23.020493}
    [7]: {"key":"LBSuH","version":0,"value":14.487427}
    [8]: {"key":"BinHq","version":2,"value":18.203106}
    [9]: {"key":"3sYIt","version":2,"value":23.666218}
    [10]: {"key":"0VHIv","version":2,"value":11.88533}
    [11]: {"key":"6qKhZ","version":2,"value":22.173975}
    [12]: {"key":"pRZcx","version":2,"value":16.372889}
    [13]: {"key":"6ZueI","version":2,"value":30.23942}
    [14]: {"key":"IhBb5","version":0,"value":18.813702}
    [15]: {"key":"dZ198","version":1,"value":26.978582}
    [16]: {"key":"b2jY7","version":1,"value":17.014622}
    [17]: {"key":"gTAll","version":1,"value":19.036938}
    [18]: {"key":"pRZcx","version":0,"value":5.1714478}
    [19]: {"key":"YLsfO","version":0,"value":19.789051}
    [20]: {"key":"1XmwN","version":0,"value":16.82524}
    [21]: {"key":"xyGar","version":0,"value":25.9423}
    [22]: {"key":"VrEFE","version":1,"value":23.465511}
    [23]: {"key":"SDWfh","version":1,"value":18.831226}
    [24]: {"key":"V9KM5","version":0,"value":27.921818}
    [25]: {"key":"jIXSp","version":0,"value":24.761772}
    [26]: {"key":"0vSTE","version":2,"value":23.825462}
    [27]: {"key":"vpLYL","version":1,"value":16.118763}
    [28]: {"key":"AZMXH","version":2,"value":18.3479}
    [29]: {"key":"Y5iqf","version":1,"value":9.864557}
    [30]: {"key":"uyak0","version":2,"value":13.965591}
    [31]: {"key":"hQTSk","version":1,"value":12.186846}
    [32]: {"totalMessagesWritten":32,"totalMessagesProcessed":33,"totalRedisUpdates":31,"totalValueWritten":611.3368,"totalAdded":315.0}
    [33]: {"key":"1cdPy","version":0,"value":13.551156}
    [34]: {"key":"jIXSp","version":2,"value":19.657204}
    [35]: {"totalMessagesWritten":34,"totalMessagesProcessed":36,"totalRedisUpdates":34,"totalValueWritten":644.54517,"totalAdded":336.0}

> Cache Entries:29
    [0]: {"key":"aJXO5","version":1,"value":17.94968}
    [1]: {"key":"ZenID","version":0,"value":2.4411225}
    [2]: {"key":"QPjk6","version":1,"value":4.9617567}
    [3]: {"key":"Y5iqf","version":1,"value":5.923749}
    [4]: {"key":"wBeK7","version":1,"value":12.124982}
    [5]: {"key":"f1Luw","version":2,"value":6.0253572}
    [6]: {"key":"HnVLr","version":2,"value":12.520493}
    [7]: {"key":"LBSuH","version":0,"value":3.9874268}
    [8]: {"key":"BinHq","version":2,"value":7.7031064}
    [9]: {"key":"3sYIt","version":2,"value":13.166217}
    [10]: {"key":"6qKhZ","version":2,"value":11.673975}
    [11]: {"key":"pRZcx","version":2,"value":5.8728886}
    [12]: {"key":"6ZueI","version":2,"value":19.73942}
    [13]: {"key":"IhBb5","version":0,"value":8.313703}
    [14]: {"key":"dZ198","version":1,"value":16.478582}
    [15]: {"key":"b2jY7","version":1,"value":6.5146217}
    [16]: {"key":"YLsfO","version":0,"value":9.28905}
    [17]: {"key":"1XmwN","version":0,"value":6.325239}
    [18]: {"key":"xyGar","version":0,"value":15.442301}
    [19]: {"key":"VrEFE","version":1,"value":12.965512}
    [20]: {"key":"SDWfh","version":1,"value":8.331226}
    [21]: {"key":"V9KM5","version":0,"value":17.421818}
    [22]: {"key":"jIXSp","version":2,"value":9.157205}
    [23]: {"key":"0vSTE","version":2,"value":13.325461}
    [24]: {"key":"vpLYL","version":1,"value":5.618764}
    [25]: {"key":"AZMXH","version":2,"value":7.8479013}
    [26]: {"key":"uyak0","version":2,"value":3.4655917}
    [27]: {"key":"hQTSk","version":1,"value":1.686846}
    [28]: {"key":"1cdPy","version":0,"value":3.0511558}

> Read Messages (with updated values):36
    [0]: {"key":"aJXO5","version":1,"value":28.44968}
    [1]: {"key":"ZenID","version":0,"value":12.941122}
    [2]: {"key":"QPjk6","version":1,"value":15.461757}
    [3]: {"key":"Y5iqf","version":1,"value":16.423748}
    [4]: {"key":"wBeK7","version":1,"value":22.62498}
    [5]: {"key":"f1Luw","version":2,"value":16.525356}
    [6]: {"key":"HnVLr","version":2,"value":23.020493}
    [7]: {"key":"LBSuH","version":0,"value":14.487427}
    [8]: {"key":"BinHq","version":2,"value":18.203106}
    [9]: {"key":"3sYIt","version":2,"value":23.666218}
    [10]: {"key":"0VHIv","version":2,"value":11.88533}
    [11]: {"key":"6qKhZ","version":2,"value":22.173975}
    [12]: {"key":"pRZcx","version":2,"value":16.372889}
    [13]: {"key":"6ZueI","version":2,"value":30.23942}
    [14]: {"key":"IhBb5","version":0,"value":18.813702}
    [15]: {"key":"dZ198","version":1,"value":26.978582}
    [16]: {"key":"b2jY7","version":1,"value":17.014622}
    [17]: {"key":"gTAll","version":1,"value":19.036938}
    [18]: {"key":"pRZcx","version":0,"value":5.1714478}
    [19]: {"key":"YLsfO","version":0,"value":19.789051}
    [20]: {"key":"1XmwN","version":0,"value":16.82524}
    [21]: {"key":"xyGar","version":0,"value":25.9423}
    [22]: {"key":"VrEFE","version":1,"value":23.465511}
    [23]: {"key":"SDWfh","version":1,"value":18.831226}
    [24]: {"key":"V9KM5","version":0,"value":27.921818}
    [25]: {"key":"jIXSp","version":0,"value":24.761772}
    [26]: {"key":"0vSTE","version":2,"value":23.825462}
    [27]: {"key":"vpLYL","version":1,"value":16.118763}
    [28]: {"key":"AZMXH","version":2,"value":18.3479}
    [29]: {"key":"Y5iqf","version":1,"value":9.864557}
    [30]: {"key":"uyak0","version":2,"value":13.965591}
    [31]: {"key":"hQTSk","version":1,"value":12.186846}
    [32]: {"key":"gTAll","TOTAL":0.0}
    [33]: {"key":"1cdPy","version":0,"value":13.551156}
    [34]: {"key":"jIXSp","version":2,"value":19.657204}
    [35]: {"key":"0VHIv","TOTAL":0.0}

=== GENERATED DATA ===

> Stats
    Total Messages Written: 34
    Total Messages Processed: 36
    Total Redis Updates: 34
    Total Value Written: 644.54517
    Total Added: 336.0

> Generation Data:
    Tombstone Value Written: 0.0
    Tombstone Count: 2
    Normal Count: 34
    Unstored Count: 2
    Removed Count: 2
    Removed Message Indices: [17, 10]

> Removed Messages:2
    [17]: {"key":"gTAll","version":1,"value":8.536938}
    [10]: {"key":"0VHIv","version":2,"value":1.38533}

> Unstored Messages:2
    [18]: {"key":"pRZcx","version":0,"value":5.1714478}
    [29]: {"key":"Y5iqf","version":1,"value":9.864557}

> Generated Messages
    [0]: {"key":"aJXO5","version":1,"value":17.94968}
    [1]: {"key":"ZenID","version":0,"value":2.4411225}
    [2]: {"key":"QPjk6","version":1,"value":4.9617567}
    [3]: {"key":"Y5iqf","version":1,"value":5.923749}
    [4]: {"key":"wBeK7","version":1,"value":12.124982}
    [5]: {"key":"f1Luw","version":2,"value":6.0253572}
    [6]: {"key":"HnVLr","version":2,"value":12.520493}
    [7]: {"key":"LBSuH","version":0,"value":3.9874268}
    [8]: {"key":"BinHq","version":2,"value":7.7031064}
    [9]: {"key":"3sYIt","version":2,"value":13.166217}
    [10]: {"key":"0VHIv","version":2,"value":1.38533}
    [11]: {"key":"6qKhZ","version":2,"value":11.673975}
    [12]: {"key":"pRZcx","version":2,"value":5.8728886}
    [13]: {"key":"6ZueI","version":2,"value":19.73942}
    [14]: {"key":"IhBb5","version":0,"value":8.313703}
    [15]: {"key":"dZ198","version":1,"value":16.478582}
    [16]: {"key":"b2jY7","version":1,"value":6.5146217}
    [17]: {"key":"gTAll","version":1,"value":8.536938}
    [18]: {"key":"pRZcx","version":0,"value":5.1714478}
    [19]: {"key":"YLsfO","version":0,"value":9.28905}
    [20]: {"key":"1XmwN","version":0,"value":6.325239}
    [21]: {"key":"xyGar","version":0,"value":15.442301}
    [22]: {"key":"VrEFE","version":1,"value":12.965512}
    [23]: {"key":"SDWfh","version":1,"value":8.331226}
    [24]: {"key":"V9KM5","version":0,"value":17.421818}
    [25]: {"key":"jIXSp","version":0,"value":14.261771}
    [26]: {"key":"0vSTE","version":2,"value":13.325461}
    [27]: {"key":"vpLYL","version":1,"value":5.618764}
    [28]: {"key":"AZMXH","version":2,"value":7.8479013}
    [29]: {"key":"Y5iqf","version":1,"value":9.864557}
    [30]: {"key":"uyak0","version":2,"value":3.4655917}
    [31]: {"key":"hQTSk","version":1,"value":1.686846}
    [32]: {"key":"gTAll","TOTAL":0.0}
    [33]: {"key":"1cdPy","version":0,"value":3.0511558}
    [34]: {"key":"jIXSp","version":2,"value":9.157205}
    [35]: {"key":"0VHIv","TOTAL":0.0}

> Generated Packets
    [0]: {"key":"aJXO5","version":1,"value":17.94968}
    [1]: {"key":"ZenID","version":0,"value":2.4411225}
    [2]: {"key":"QPjk6","version":1,"value":4.9617567}
    [3]: {"key":"Y5iqf","version":1,"value":5.923749}
    [4]: {"key":"wBeK7","version":1,"value":12.124982}
    [5]: {"key":"f1Luw","version":2,"value":6.0253572}
    [6]: {"key":"HnVLr","version":2,"value":12.520493}
    [7]: {"key":"LBSuH","version":0,"value":3.9874268}
    [8]: {"key":"BinHq","version":2,"value":7.7031064}
    [9]: {"key":"3sYIt","version":2,"value":13.166217}
    [10]: {"key":"0VHIv","version":2,"value":1.38533}
    [11]: {"key":"6qKhZ","version":2,"value":11.673975}
    [12]: {"key":"pRZcx","version":2,"value":5.8728886}
    [13]: {"key":"6ZueI","version":2,"value":19.73942}
    [14]: {"key":"IhBb5","version":0,"value":8.313703}
    [15]: {"key":"dZ198","version":1,"value":16.478582}
    [16]: {"key":"b2jY7","version":1,"value":6.5146217}
    [17]: {"key":"gTAll","version":1,"value":8.536938}
    [18]: {"key":"pRZcx","version":0,"value":5.1714478}
    [19]: {"key":"YLsfO","version":0,"value":9.28905}
    [20]: {"key":"1XmwN","version":0,"value":6.325239}
    [21]: {"key":"xyGar","version":0,"value":15.442301}
    [22]: {"key":"VrEFE","version":1,"value":12.965512}
    [23]: {"key":"SDWfh","version":1,"value":8.331226}
    [24]: {"key":"V9KM5","version":0,"value":17.421818}
    [25]: {"key":"jIXSp","version":0,"value":14.261771}
    [26]: {"key":"0vSTE","version":2,"value":13.325461}
    [27]: {"key":"vpLYL","version":1,"value":5.618764}
    [28]: {"key":"AZMXH","version":2,"value":7.8479013}
    [29]: {"key":"Y5iqf","version":1,"value":9.864557}
    [30]: {"key":"uyak0","version":2,"value":3.4655917}
    [31]: {"key":"hQTSk","version":1,"value":1.686846}
    [32]: {"key":"gTAll","TOTAL":0.0}
    [33]: {"key":"1cdPy","version":0,"value":3.0511558}
    [34]: {"key":"jIXSp","version":2,"value":9.157205}
    [35]: {"key":"0VHIv","TOTAL":0.0}
