=== TRANSFORM TEST DATA ===

> Generation Data
    numPackets: 30
    Total Messages Written: 29
    Total Messages Processed: 30
    Total Redis Updates: 30
    Total Value Written: 570.8971
    Total Added: 304.5

> Redis cache data:
    Redis Size: 28
    Redis Delta: 2

> Message data
    Tombstone Value Written: 0.0
    Normal Count: 29
    Tombstone Count: 1
    Tombstone Indices: [29]
    Unwritten Count: 1
    Unwritten Indices: []
    Unstored Count: 0
    Unstored Indices: []
    Removed Count: 1
    Removed Message Indices: [20]

Differing Data: (Called Run, Manual Run, Generated Data)
    !DIFFERENT Total Value Written: 570.89703, 570.89703, 570.8971
    !DIFFERENT Total Added: 304.5, 304.5, 304.5
--------------------------------
    !DIFFERENT messagesSize/totalMessagesWritten (Called Run): 30, 29
    !DIFFERENT messagesSize/totalMessagesWritten (Manual Run): 30, 29
--------------------------------

=== CALLED RUN DATA ===
Request: {"readQueue":"TransformTestRead-77057-YMbZH","writeQueue":"TransformTestWrite-76093-cvI7f","messageCount":30}

> Stats
    Total Messages Written: 29
    Total Messages Processed: 30
    Total Redis Updates: 30
    Total Value Written: 570.89703
    Total Added: 304.5

> Written Messages:30
    [0]: {"key":"ShLuJ","version":2,"value":14.491882}
    [1]: {"key":"N52ON","version":0,"value":23.31997}
    [2]: {"key":"jPli6","version":2,"value":18.285597}
    [3]: {"key":"Cwun6","version":1,"value":18.637486}
    [4]: {"key":"L7uqi","version":1,"value":14.686434}
    [5]: {"key":"Pc8R0","version":2,"value":21.785202}
    [6]: {"key":"sUgdk","version":0,"value":20.115746}
    [7]: {"key":"P3jYb","version":1,"value":21.074026}
    [8]: {"key":"t2FCu","version":0,"value":13.065745}
    [9]: {"key":"Uecap","version":0,"value":21.440037}
    [10]: {"key":"DUNWA","version":1,"value":16.238352}
    [11]: {"key":"DjBT6","version":0,"value":19.464527}
    [12]: {"key":"BfUZQ","version":2,"value":18.217813}
    [13]: {"key":"dUjYN","version":2,"value":21.210047}
    [14]: {"key":"uZRiH","version":2,"value":22.870087}
    [15]: {"key":"ivgGW","version":2,"value":26.650892}
    [16]: {"key":"MUkZe","version":1,"value":15.410556}
    [17]: {"key":"F0DXm","version":2,"value":22.691547}
    [18]: {"key":"ChyEY","version":0,"value":13.346394}
    [19]: {"key":"xpKM8","version":0,"value":27.576754}
    [20]: {"key":"B5W9j","version":0,"value":12.838801}
    [21]: {"key":"XKfyi","version":0,"value":13.933134}
    [22]: {"key":"GAb8H","version":0,"value":16.470078}
    [23]: {"key":"NJJ22","version":1,"value":27.516964}
    [24]: {"key":"EUdvO","version":1,"value":28.156929}
    [25]: {"key":"oRYHV","version":0,"value":11.8761635}
    [26]: {"key":"Juqnk","version":2,"value":13.373807}
    [27]: {"key":"xjokQ","version":0,"value":26.9706}
    [28]: {"key":"vvxXN","version":0,"value":29.18154}
    [29]: {"totalMessagesWritten":29,"totalMessagesProcessed":30,"totalRedisUpdates":30,"totalValueWritten":570.89703,"totalAdded":304.5}

> Cache Entries:28
    [0]: {"key":"ShLuJ","version":2,"value":3.9918828}
    [1]: {"key":"N52ON","version":0,"value":12.819968}
    [2]: {"key":"jPli6","version":2,"value":7.785597}
    [3]: {"key":"Cwun6","version":1,"value":8.137485}
    [4]: {"key":"L7uqi","version":1,"value":4.186434}
    [5]: {"key":"Pc8R0","version":2,"value":11.285202}
    [6]: {"key":"sUgdk","version":0,"value":9.6157465}
    [7]: {"key":"P3jYb","version":1,"value":10.574026}
    [8]: {"key":"t2FCu","version":0,"value":2.565745}
    [9]: {"key":"Uecap","version":0,"value":10.940037}
    [10]: {"key":"DUNWA","version":1,"value":5.7383513}
    [11]: {"key":"DjBT6","version":0,"value":8.964527}
    [12]: {"key":"BfUZQ","version":2,"value":7.7178135}
    [13]: {"key":"dUjYN","version":2,"value":10.710047}
    [14]: {"key":"uZRiH","version":2,"value":12.370086}
    [15]: {"key":"ivgGW","version":2,"value":16.150892}
    [16]: {"key":"MUkZe","version":1,"value":4.910556}
    [17]: {"key":"F0DXm","version":2,"value":12.191548}
    [18]: {"key":"ChyEY","version":0,"value":2.8463936}
    [19]: {"key":"xpKM8","version":0,"value":17.076754}
    [20]: {"key":"XKfyi","version":0,"value":3.4331346}
    [21]: {"key":"GAb8H","version":0,"value":5.9700785}
    [22]: {"key":"NJJ22","version":1,"value":17.016964}
    [23]: {"key":"EUdvO","version":1,"value":17.656929}
    [24]: {"key":"oRYHV","version":0,"value":1.376164}
    [25]: {"key":"Juqnk","version":2,"value":2.873807}
    [26]: {"key":"xjokQ","version":0,"value":16.4706}
    [27]: {"key":"vvxXN","version":0,"value":18.68154}

=== MANUAL RUN DATA ===
Request: {"readQueue":"TransformTestRead-36909-PNN1m","writeQueue":"TransformTestWrite-66931-3tV1b","messageCount":30}

> Stats
    Total Messages Written: 29
    Total Messages Processed: 30
    Total Redis Updates: 30
    Total Value Written: 570.89703
    !DIFFERENT Total Value Written: 570.89703, 570.89703
    Total Added: 304.5
    !DIFFERENT Total Added: 304.5, 304.5

> Written Messages:30
    [0]: {"key":"ShLuJ","version":2,"value":14.491882}
    [1]: {"key":"N52ON","version":0,"value":23.31997}
    [2]: {"key":"jPli6","version":2,"value":18.285597}
    [3]: {"key":"Cwun6","version":1,"value":18.637486}
    [4]: {"key":"L7uqi","version":1,"value":14.686434}
    [5]: {"key":"Pc8R0","version":2,"value":21.785202}
    [6]: {"key":"sUgdk","version":0,"value":20.115746}
    [7]: {"key":"P3jYb","version":1,"value":21.074026}
    [8]: {"key":"t2FCu","version":0,"value":13.065745}
    [9]: {"key":"Uecap","version":0,"value":21.440037}
    [10]: {"key":"DUNWA","version":1,"value":16.238352}
    [11]: {"key":"DjBT6","version":0,"value":19.464527}
    [12]: {"key":"BfUZQ","version":2,"value":18.217813}
    [13]: {"key":"dUjYN","version":2,"value":21.210047}
    [14]: {"key":"uZRiH","version":2,"value":22.870087}
    [15]: {"key":"ivgGW","version":2,"value":26.650892}
    [16]: {"key":"MUkZe","version":1,"value":15.410556}
    [17]: {"key":"F0DXm","version":2,"value":22.691547}
    [18]: {"key":"ChyEY","version":0,"value":13.346394}
    [19]: {"key":"xpKM8","version":0,"value":27.576754}
    [20]: {"key":"B5W9j","version":0,"value":12.838801}
    [21]: {"key":"XKfyi","version":0,"value":13.933134}
    [22]: {"key":"GAb8H","version":0,"value":16.470078}
    [23]: {"key":"NJJ22","version":1,"value":27.516964}
    [24]: {"key":"EUdvO","version":1,"value":28.156929}
    [25]: {"key":"oRYHV","version":0,"value":11.8761635}
    [26]: {"key":"Juqnk","version":2,"value":13.373807}
    [27]: {"key":"xjokQ","version":0,"value":26.9706}
    [28]: {"key":"vvxXN","version":0,"value":29.18154}
    [29]: {"totalMessagesWritten":29,"totalMessagesProcessed":30,"totalRedisUpdates":30,"totalValueWritten":570.89703,"totalAdded":304.5}

> Cache Entries:28
    [0]: {"key":"ShLuJ","version":2,"value":3.9918828}
    [1]: {"key":"N52ON","version":0,"value":12.819968}
    [2]: {"key":"jPli6","version":2,"value":7.785597}
    [3]: {"key":"Cwun6","version":1,"value":8.137485}
    [4]: {"key":"L7uqi","version":1,"value":4.186434}
    [5]: {"key":"Pc8R0","version":2,"value":11.285202}
    [6]: {"key":"sUgdk","version":0,"value":9.6157465}
    [7]: {"key":"P3jYb","version":1,"value":10.574026}
    [8]: {"key":"t2FCu","version":0,"value":2.565745}
    [9]: {"key":"Uecap","version":0,"value":10.940037}
    [10]: {"key":"DUNWA","version":1,"value":5.7383513}
    [11]: {"key":"DjBT6","version":0,"value":8.964527}
    [12]: {"key":"BfUZQ","version":2,"value":7.7178135}
    [13]: {"key":"dUjYN","version":2,"value":10.710047}
    [14]: {"key":"uZRiH","version":2,"value":12.370086}
    [15]: {"key":"ivgGW","version":2,"value":16.150892}
    [16]: {"key":"MUkZe","version":1,"value":4.910556}
    [17]: {"key":"F0DXm","version":2,"value":12.191548}
    [18]: {"key":"ChyEY","version":0,"value":2.8463936}
    [19]: {"key":"xpKM8","version":0,"value":17.076754}
    [20]: {"key":"XKfyi","version":0,"value":3.4331346}
    [21]: {"key":"GAb8H","version":0,"value":5.9700785}
    [22]: {"key":"NJJ22","version":1,"value":17.016964}
    [23]: {"key":"EUdvO","version":1,"value":17.656929}
    [24]: {"key":"oRYHV","version":0,"value":1.376164}
    [25]: {"key":"Juqnk","version":2,"value":2.873807}
    [26]: {"key":"xjokQ","version":0,"value":16.4706}
    [27]: {"key":"vvxXN","version":0,"value":18.68154}

> Read Messages (with updated values):30
    [0]: {"key":"ShLuJ","version":2,"value":14.491882}
    [1]: {"key":"N52ON","version":0,"value":23.31997}
    [2]: {"key":"jPli6","version":2,"value":18.285597}
    [3]: {"key":"Cwun6","version":1,"value":18.637486}
    [4]: {"key":"L7uqi","version":1,"value":14.686434}
    [5]: {"key":"Pc8R0","version":2,"value":21.785202}
    [6]: {"key":"sUgdk","version":0,"value":20.115746}
    [7]: {"key":"P3jYb","version":1,"value":21.074026}
    [8]: {"key":"t2FCu","version":0,"value":13.065745}
    [9]: {"key":"Uecap","version":0,"value":21.440037}
    [10]: {"key":"DUNWA","version":1,"value":16.238352}
    [11]: {"key":"DjBT6","version":0,"value":19.464527}
    [12]: {"key":"BfUZQ","version":2,"value":18.217813}
    [13]: {"key":"dUjYN","version":2,"value":21.210047}
    [14]: {"key":"uZRiH","version":2,"value":22.870087}
    [15]: {"key":"ivgGW","version":2,"value":26.650892}
    [16]: {"key":"MUkZe","version":1,"value":15.410556}
    [17]: {"key":"F0DXm","version":2,"value":22.691547}
    [18]: {"key":"ChyEY","version":0,"value":13.346394}
    [19]: {"key":"xpKM8","version":0,"value":27.576754}
    [20]: {"key":"B5W9j","version":0,"value":12.838801}
    [21]: {"key":"XKfyi","version":0,"value":13.933134}
    [22]: {"key":"GAb8H","version":0,"value":16.470078}
    [23]: {"key":"NJJ22","version":1,"value":27.516964}
    [24]: {"key":"EUdvO","version":1,"value":28.156929}
    [25]: {"key":"oRYHV","version":0,"value":11.8761635}
    [26]: {"key":"Juqnk","version":2,"value":13.373807}
    [27]: {"key":"xjokQ","version":0,"value":26.9706}
    [28]: {"key":"vvxXN","version":0,"value":29.18154}
    [29]: {"key":"B5W9j","TOTAL":0.0}

=== GENERATED DATA ===

> Stats
    Total Messages Written: 29
    Total Messages Processed: 30
    Total Redis Updates: 30
    Total Value Written: 570.8971
    Total Added: 304.5

> Generation Data:
    Tombstone Value Written: 0.0
    Tombstone Count: 1
    Normal Count: 29
    Unstored Count: 0
    Removed Count: 1
    Removed Message Indices: [20]

> Removed Messages:1
    [20]: {"key":"B5W9j","version":0,"value":2.3388016}

> Unstored Messages:0

> Generated Messages
    [0]: {"key":"ShLuJ","version":2,"value":3.9918828}
    [1]: {"key":"N52ON","version":0,"value":12.819968}
    [2]: {"key":"jPli6","version":2,"value":7.785597}
    [3]: {"key":"Cwun6","version":1,"value":8.137485}
    [4]: {"key":"L7uqi","version":1,"value":4.186434}
    [5]: {"key":"Pc8R0","version":2,"value":11.285202}
    [6]: {"key":"sUgdk","version":0,"value":9.6157465}
    [7]: {"key":"P3jYb","version":1,"value":10.574026}
    [8]: {"key":"t2FCu","version":0,"value":2.565745}
    [9]: {"key":"Uecap","version":0,"value":10.940037}
    [10]: {"key":"DUNWA","version":1,"value":5.7383513}
    [11]: {"key":"DjBT6","version":0,"value":8.964527}
    [12]: {"key":"BfUZQ","version":2,"value":7.7178135}
    [13]: {"key":"dUjYN","version":2,"value":10.710047}
    [14]: {"key":"uZRiH","version":2,"value":12.370086}
    [15]: {"key":"ivgGW","version":2,"value":16.150892}
    [16]: {"key":"MUkZe","version":1,"value":4.910556}
    [17]: {"key":"F0DXm","version":2,"value":12.191548}
    [18]: {"key":"ChyEY","version":0,"value":2.8463936}
    [19]: {"key":"xpKM8","version":0,"value":17.076754}
    [20]: {"key":"B5W9j","version":0,"value":2.3388016}
    [21]: {"key":"XKfyi","version":0,"value":3.4331346}
    [22]: {"key":"GAb8H","version":0,"value":5.9700785}
    [23]: {"key":"NJJ22","version":1,"value":17.016964}
    [24]: {"key":"EUdvO","version":1,"value":17.656929}
    [25]: {"key":"oRYHV","version":0,"value":1.376164}
    [26]: {"key":"Juqnk","version":2,"value":2.873807}
    [27]: {"key":"xjokQ","version":0,"value":16.4706}
    [28]: {"key":"vvxXN","version":0,"value":18.68154}
    [29]: {"key":"B5W9j","TOTAL":0.0}

> Generated Packets
    [0]: {"key":"ShLuJ","version":2,"value":3.9918828}
    [1]: {"key":"N52ON","version":0,"value":12.819968}
    [2]: {"key":"jPli6","version":2,"value":7.785597}
    [3]: {"key":"Cwun6","version":1,"value":8.137485}
    [4]: {"key":"L7uqi","version":1,"value":4.186434}
    [5]: {"key":"Pc8R0","version":2,"value":11.285202}
    [6]: {"key":"sUgdk","version":0,"value":9.6157465}
    [7]: {"key":"P3jYb","version":1,"value":10.574026}
    [8]: {"key":"t2FCu","version":0,"value":2.565745}
    [9]: {"key":"Uecap","version":0,"value":10.940037}
    [10]: {"key":"DUNWA","version":1,"value":5.7383513}
    [11]: {"key":"DjBT6","version":0,"value":8.964527}
    [12]: {"key":"BfUZQ","version":2,"value":7.7178135}
    [13]: {"key":"dUjYN","version":2,"value":10.710047}
    [14]: {"key":"uZRiH","version":2,"value":12.370086}
    [15]: {"key":"ivgGW","version":2,"value":16.150892}
    [16]: {"key":"MUkZe","version":1,"value":4.910556}
    [17]: {"key":"F0DXm","version":2,"value":12.191548}
    [18]: {"key":"ChyEY","version":0,"value":2.8463936}
    [19]: {"key":"xpKM8","version":0,"value":17.076754}
    [20]: {"key":"B5W9j","version":0,"value":2.3388016}
    [21]: {"key":"XKfyi","version":0,"value":3.4331346}
    [22]: {"key":"GAb8H","version":0,"value":5.9700785}
    [23]: {"key":"NJJ22","version":1,"value":17.016964}
    [24]: {"key":"EUdvO","version":1,"value":17.656929}
    [25]: {"key":"oRYHV","version":0,"value":1.376164}
    [26]: {"key":"Juqnk","version":2,"value":2.873807}
    [27]: {"key":"xjokQ","version":0,"value":16.4706}
    [28]: {"key":"vvxXN","version":0,"value":18.68154}
    [29]: {"key":"B5W9j","TOTAL":0.0}
