=== TRANSFORM TEST DATA ===

> Generation Data
    numPackets: 87
    Total Messages Written: 80
    Total Messages Processed: 87
    Total Redis Updates: 71
    Total Value Written: 1615.6711
    Total Added: 672.0

> Redis cache data:
    Redis Size: 52
    Redis Delta: 19

> Message data
    Tombstone Value Written: 85.99559
    Normal Count: 80
    Tombstone Count: 7
    Tombstone Indices: [86, 53, 36, 81, 20, 41, 38]
    Unwritten Count: 7
    Unwritten Indices: []
    Unstored Count: 16
    Unstored Indices: [6, 22, 30, 31, 35, 37, 50, 51, 52, 54, 57, 62, 74, 76, 77, 85]
    Removed Count: 2
    Removed Message Indices: [7, 3]

Differing Data: (Called Run, Manual Run, Generated Data)
    !DIFFERENT Total Value Written: 1615.6711, 1615.6711, 1615.6711
    !DIFFERENT Total Added: 672.0, 672.0, 672.0
--------------------------------
    !DIFFERENT messagesSize/totalMessagesWritten (Called Run): 87, 80
    !DIFFERENT messagesSize/totalMessagesWritten (Manual Run): 87, 80
--------------------------------

=== CALLED RUN DATA ===
Request: {"readQueue":"TransformTestRead-51568-f4F8o","writeQueue":"TransformTestWrite-88504-blPlq","messageCount":87}

> Stats
    Total Messages Written: 80
    Total Messages Processed: 87
    Total Redis Updates: 71
    Total Value Written: 1615.6711
    Total Added: 672.0

> Written Messages:87
    [0]: {"key":"toq5c","version":2,"value":29.522882}
    [1]: {"key":"oSt9E","version":0,"value":14.80168}
    [2]: {"key":"jn3RO","version":2,"value":20.578438}
    [3]: {"key":"hvEMB","version":1,"value":25.790539}
    [4]: {"key":"DhudX","version":2,"value":16.9582}
    [5]: {"key":"gFF7V","version":1,"value":13.748477}
    [6]: {"key":"DhudX","version":0,"value":18.798079}
    [7]: {"key":"nxjmo","version":2,"value":27.45995}
    [8]: {"key":"6IoZ6","version":2,"value":15.032794}
    [9]: {"key":"K98ts","version":1,"value":22.2793}
    [10]: {"key":"O28ls","version":1,"value":15.180237}
    [11]: {"key":"K98ts","version":2,"value":18.635658}
    [12]: {"key":"RaCWj","version":0,"value":19.036043}
    [13]: {"key":"dLJkP","version":1,"value":30.479607}
    [14]: {"key":"VbeYY","version":0,"value":23.242249}
    [15]: {"key":"ouHLd","version":1,"value":24.755701}
    [16]: {"key":"4K9qh","version":2,"value":17.78255}
    [17]: {"key":"EYZgn","version":2,"value":20.597353}
    [18]: {"key":"khqiw","version":2,"value":13.502117}
    [19]: {"key":"BBPfW","version":2,"value":23.017712}
    [20]: {"totalMessagesWritten":20,"totalMessagesProcessed":21,"totalRedisUpdates":20,"totalValueWritten":411.19955,"totalAdded":199.5}
    [21]: {"key":"Eu3aQ","version":0,"value":17.580132}
    [22]: {"key":"4K9qh","version":0,"value":12.634535}
    [23]: {"key":"MJimk","version":0,"value":25.904404}
    [24]: {"key":"AyXGc","version":2,"value":14.373228}
    [25]: {"key":"Eu3aQ","version":1,"value":15.885346}
    [26]: {"key":"D0ubN","version":2,"value":25.025919}
    [27]: {"key":"29Bgg","version":0,"value":19.00567}
    [28]: {"key":"gObXp","version":2,"value":14.691094}
    [29]: {"key":"CrX3f","version":1,"value":26.937601}
    [30]: {"key":"D0ubN","version":0,"value":4.523287}
    [31]: {"key":"4K9qh","version":0,"value":14.349412}
    [32]: {"key":"JsG3y","version":1,"value":28.953466}
    [33]: {"key":"Nu8rY","version":2,"value":28.419994}
    [34]: {"key":"TSl7G","version":0,"value":14.756968}
    [35]: {"key":"4K9qh","version":0,"value":7.0802474}
    [36]: {"totalMessagesWritten":35,"totalMessagesProcessed":37,"totalRedisUpdates":32,"totalValueWritten":721.49994,"totalAdded":315.0}
    [37]: {"key":"O28ls","version":0,"value":4.2202425}
    [38]: {"totalMessagesWritten":36,"totalMessagesProcessed":39,"totalRedisUpdates":33,"totalValueWritten":725.72015,"totalAdded":315.0}
    [39]: {"key":"L3WZ3","version":0,"value":25.093512}
    [40]: {"key":"8q93B","version":0,"value":13.808819}
    [41]: {"totalMessagesWritten":38,"totalMessagesProcessed":42,"totalRedisUpdates":36,"totalValueWritten":810.439,"totalAdded":336.0}
    [42]: {"key":"prXHi","version":2,"value":29.41711}
    [43]: {"key":"LdHId","version":2,"value":21.045609}
    [44]: {"key":"aGWwu","version":2,"value":26.617016}
    [45]: {"key":"OwysK","version":1,"value":26.287193}
    [46]: {"key":"fepX1","version":2,"value":27.116982}
    [47]: {"key":"qFCBJ","version":1,"value":19.668522}
    [48]: {"key":"9Ef7v","version":2,"value":28.58168}
    [49]: {"key":"FcA3f","version":2,"value":20.666319}
    [50]: {"key":"4K9qh","version":2,"value":2.5473547}
    [51]: {"key":"FcA3f","version":1,"value":15.646514}
    [52]: {"key":"O28ls","version":0,"value":17.163599}
    [53]: {"totalMessagesWritten":49,"totalMessagesProcessed":54,"totalRedisUpdates":45,"totalValueWritten":1045.1969,"totalAdded":420.0}
    [54]: {"key":"OwysK","version":0,"value":8.787029}
    [55]: {"key":"7E3rD","version":1,"value":16.574905}
    [56]: {"key":"S9iae","version":2,"value":26.808481}
    [57]: {"key":"RaCWj","version":0,"value":4.8782454}
    [58]: {"key":"SKKjN","version":1,"value":27.539639}
    [59]: {"key":"Lc5op","version":1,"value":15.894438}
    [60]: {"key":"MJimk","version":2,"value":22.253674}
    [61]: {"key":"bvyhL","version":1,"value":20.434158}
    [62]: {"key":"jn3RO","version":2,"value":18.651585}
    [63]: {"key":"gP9qL","version":2,"value":19.447975}
    [64]: {"key":"bYvNt","version":0,"value":29.165478}
    [65]: {"key":"AqA9I","version":0,"value":19.81253}
    [66]: {"key":"rpy0M","version":2,"value":23.397509}
    [67]: {"key":"oSt9E","version":1,"value":21.851837}
    [68]: {"key":"dp2Ur","version":0,"value":21.41809}
    [69]: {"key":"SKKjN","version":2,"value":16.27634}
    [70]: {"key":"asHyt","version":0,"value":16.238134}
    [71]: {"key":"2P1Vr","version":2,"value":24.90981}
    [72]: {"key":"L0c4G","version":0,"value":15.776447}
    [73]: {"key":"rvque","version":2,"value":17.048763}
    [74]: {"key":"S9iae","version":0,"value":11.445595}
    [75]: {"key":"BpbSl","version":0,"value":14.950333}
    [76]: {"key":"LdHId","version":0,"value":6.5122166}
    [77]: {"key":"AyXGc","version":1,"value":9.267888}
    [78]: {"key":"CtJWr","version":0,"value":27.585108}
    [79]: {"key":"bKQT6","version":0,"value":12.353724}
    [80]: {"key":"TCxHp","version":2,"value":11.685724}
    [81]: {"totalMessagesWritten":76,"totalMessagesProcessed":82,"totalRedisUpdates":67,"totalValueWritten":1526.1626,"totalAdded":640.5}
    [82]: {"key":"8ZluZ","version":2,"value":27.122911}
    [83]: {"key":"T18Od","version":1,"value":27.181488}
    [84]: {"key":"Bi4Ry","version":2,"value":17.866087}
    [85]: {"key":"O28ls","version":0,"value":17.338068}
    [86]: {"totalMessagesWritten":80,"totalMessagesProcessed":87,"totalRedisUpdates":71,"totalValueWritten":1615.6711,"totalAdded":672.0}

> Cache Entries:52
    [0]: {"key":"toq5c","version":2,"value":19.022882}
    [1]: {"key":"oSt9E","version":1,"value":11.351837}
    [2]: {"key":"jn3RO","version":2,"value":10.078438}
    [3]: {"key":"DhudX","version":2,"value":6.4582005}
    [4]: {"key":"gFF7V","version":1,"value":3.248477}
    [5]: {"key":"6IoZ6","version":2,"value":4.532794}
    [6]: {"key":"O28ls","version":1,"value":4.680237}
    [7]: {"key":"RaCWj","version":0,"value":8.536043}
    [8]: {"key":"VbeYY","version":0,"value":12.742249}
    [9]: {"key":"ouHLd","version":1,"value":14.255701}
    [10]: {"key":"4K9qh","version":2,"value":7.282552}
    [11]: {"key":"EYZgn","version":2,"value":10.097353}
    [12]: {"key":"khqiw","version":2,"value":3.0021167}
    [13]: {"key":"BBPfW","version":2,"value":12.517711}
    [14]: {"key":"Eu3aQ","version":1,"value":5.3853464}
    [15]: {"key":"AyXGc","version":2,"value":3.8732278}
    [16]: {"key":"D0ubN","version":2,"value":14.525919}
    [17]: {"key":"29Bgg","version":0,"value":8.505671}
    [18]: {"key":"CrX3f","version":1,"value":16.437601}
    [19]: {"key":"JsG3y","version":1,"value":18.453466}
    [20]: {"key":"Nu8rY","version":2,"value":17.919994}
    [21]: {"key":"TSl7G","version":0,"value":4.2569675}
    [22]: {"key":"8q93B","version":0,"value":3.3088183}
    [23]: {"key":"prXHi","version":2,"value":18.91711}
    [24]: {"key":"LdHId","version":2,"value":10.5456085}
    [25]: {"key":"aGWwu","version":2,"value":16.117016}
    [26]: {"key":"OwysK","version":1,"value":15.787193}
    [27]: {"key":"fepX1","version":2,"value":16.616982}
    [28]: {"key":"qFCBJ","version":1,"value":9.168521}
    [29]: {"key":"9Ef7v","version":2,"value":18.08168}
    [30]: {"key":"FcA3f","version":2,"value":10.166319}
    [31]: {"key":"7E3rD","version":1,"value":6.0749063}
    [32]: {"key":"S9iae","version":2,"value":16.308481}
    [33]: {"key":"SKKjN","version":2,"value":5.776341}
    [34]: {"key":"Lc5op","version":1,"value":5.3944373}
    [35]: {"key":"bvyhL","version":1,"value":9.934157}
    [36]: {"key":"gP9qL","version":2,"value":8.947974}
    [37]: {"key":"bYvNt","version":0,"value":18.665478}
    [38]: {"key":"AqA9I","version":0,"value":9.31253}
    [39]: {"key":"rpy0M","version":2,"value":12.897509}
    [40]: {"key":"dp2Ur","version":0,"value":10.918092}
    [41]: {"key":"asHyt","version":0,"value":5.7381344}
    [42]: {"key":"2P1Vr","version":2,"value":14.409808}
    [43]: {"key":"L0c4G","version":0,"value":5.2764473}
    [44]: {"key":"rvque","version":2,"value":6.5487633}
    [45]: {"key":"BpbSl","version":0,"value":4.450333}
    [46]: {"key":"CtJWr","version":0,"value":17.085108}
    [47]: {"key":"bKQT6","version":0,"value":1.8537235}
    [48]: {"key":"TCxHp","version":2,"value":1.1857247}
    [49]: {"key":"8ZluZ","version":2,"value":16.622911}
    [50]: {"key":"T18Od","version":1,"value":16.681488}
    [51]: {"key":"Bi4Ry","version":2,"value":7.3660874}

=== MANUAL RUN DATA ===
Request: {"readQueue":"TransformTestRead-31084-EOyvu","writeQueue":"TransformTestWrite-47360-dUV1T","messageCount":87}

> Stats
    Total Messages Written: 80
    Total Messages Processed: 87
    Total Redis Updates: 71
    Total Value Written: 1615.6711
    !DIFFERENT Total Value Written: 1615.6711, 1615.6711
    Total Added: 672.0
    !DIFFERENT Total Added: 672.0, 672.0

> Written Messages:87
    [0]: {"key":"toq5c","version":2,"value":29.522882}
    [1]: {"key":"oSt9E","version":0,"value":14.80168}
    [2]: {"key":"jn3RO","version":2,"value":20.578438}
    [3]: {"key":"hvEMB","version":1,"value":25.790539}
    [4]: {"key":"DhudX","version":2,"value":16.9582}
    [5]: {"key":"gFF7V","version":1,"value":13.748477}
    [6]: {"key":"DhudX","version":0,"value":18.798079}
    [7]: {"key":"nxjmo","version":2,"value":27.45995}
    [8]: {"key":"6IoZ6","version":2,"value":15.032794}
    [9]: {"key":"K98ts","version":1,"value":22.2793}
    [10]: {"key":"O28ls","version":1,"value":15.180237}
    [11]: {"key":"K98ts","version":2,"value":18.635658}
    [12]: {"key":"RaCWj","version":0,"value":19.036043}
    [13]: {"key":"dLJkP","version":1,"value":30.479607}
    [14]: {"key":"VbeYY","version":0,"value":23.242249}
    [15]: {"key":"ouHLd","version":1,"value":24.755701}
    [16]: {"key":"4K9qh","version":2,"value":17.78255}
    [17]: {"key":"EYZgn","version":2,"value":20.597353}
    [18]: {"key":"khqiw","version":2,"value":13.502117}
    [19]: {"key":"BBPfW","version":2,"value":23.017712}
    [20]: {"totalMessagesWritten":20,"totalMessagesProcessed":21,"totalRedisUpdates":20,"totalValueWritten":411.19955,"totalAdded":199.5}
    [21]: {"key":"Eu3aQ","version":0,"value":17.580132}
    [22]: {"key":"4K9qh","version":0,"value":12.634535}
    [23]: {"key":"MJimk","version":0,"value":25.904404}
    [24]: {"key":"AyXGc","version":2,"value":14.373228}
    [25]: {"key":"Eu3aQ","version":1,"value":15.885346}
    [26]: {"key":"D0ubN","version":2,"value":25.025919}
    [27]: {"key":"29Bgg","version":0,"value":19.00567}
    [28]: {"key":"gObXp","version":2,"value":14.691094}
    [29]: {"key":"CrX3f","version":1,"value":26.937601}
    [30]: {"key":"D0ubN","version":0,"value":4.523287}
    [31]: {"key":"4K9qh","version":0,"value":14.349412}
    [32]: {"key":"JsG3y","version":1,"value":28.953466}
    [33]: {"key":"Nu8rY","version":2,"value":28.419994}
    [34]: {"key":"TSl7G","version":0,"value":14.756968}
    [35]: {"key":"4K9qh","version":0,"value":7.0802474}
    [36]: {"totalMessagesWritten":35,"totalMessagesProcessed":37,"totalRedisUpdates":32,"totalValueWritten":721.49994,"totalAdded":315.0}
    [37]: {"key":"O28ls","version":0,"value":4.2202425}
    [38]: {"totalMessagesWritten":36,"totalMessagesProcessed":39,"totalRedisUpdates":33,"totalValueWritten":725.72015,"totalAdded":315.0}
    [39]: {"key":"L3WZ3","version":0,"value":25.093512}
    [40]: {"key":"8q93B","version":0,"value":13.808819}
    [41]: {"totalMessagesWritten":38,"totalMessagesProcessed":42,"totalRedisUpdates":36,"totalValueWritten":810.439,"totalAdded":336.0}
    [42]: {"key":"prXHi","version":2,"value":29.41711}
    [43]: {"key":"LdHId","version":2,"value":21.045609}
    [44]: {"key":"aGWwu","version":2,"value":26.617016}
    [45]: {"key":"OwysK","version":1,"value":26.287193}
    [46]: {"key":"fepX1","version":2,"value":27.116982}
    [47]: {"key":"qFCBJ","version":1,"value":19.668522}
    [48]: {"key":"9Ef7v","version":2,"value":28.58168}
    [49]: {"key":"FcA3f","version":2,"value":20.666319}
    [50]: {"key":"4K9qh","version":2,"value":2.5473547}
    [51]: {"key":"FcA3f","version":1,"value":15.646514}
    [52]: {"key":"O28ls","version":0,"value":17.163599}
    [53]: {"totalMessagesWritten":49,"totalMessagesProcessed":54,"totalRedisUpdates":45,"totalValueWritten":1045.1969,"totalAdded":420.0}
    [54]: {"key":"OwysK","version":0,"value":8.787029}
    [55]: {"key":"7E3rD","version":1,"value":16.574905}
    [56]: {"key":"S9iae","version":2,"value":26.808481}
    [57]: {"key":"RaCWj","version":0,"value":4.8782454}
    [58]: {"key":"SKKjN","version":1,"value":27.539639}
    [59]: {"key":"Lc5op","version":1,"value":15.894438}
    [60]: {"key":"MJimk","version":2,"value":22.253674}
    [61]: {"key":"bvyhL","version":1,"value":20.434158}
    [62]: {"key":"jn3RO","version":2,"value":18.651585}
    [63]: {"key":"gP9qL","version":2,"value":19.447975}
    [64]: {"key":"bYvNt","version":0,"value":29.165478}
    [65]: {"key":"AqA9I","version":0,"value":19.81253}
    [66]: {"key":"rpy0M","version":2,"value":23.397509}
    [67]: {"key":"oSt9E","version":1,"value":21.851837}
    [68]: {"key":"dp2Ur","version":0,"value":21.41809}
    [69]: {"key":"SKKjN","version":2,"value":16.27634}
    [70]: {"key":"asHyt","version":0,"value":16.238134}
    [71]: {"key":"2P1Vr","version":2,"value":24.90981}
    [72]: {"key":"L0c4G","version":0,"value":15.776447}
    [73]: {"key":"rvque","version":2,"value":17.048763}
    [74]: {"key":"S9iae","version":0,"value":11.445595}
    [75]: {"key":"BpbSl","version":0,"value":14.950333}
    [76]: {"key":"LdHId","version":0,"value":6.5122166}
    [77]: {"key":"AyXGc","version":1,"value":9.267888}
    [78]: {"key":"CtJWr","version":0,"value":27.585108}
    [79]: {"key":"bKQT6","version":0,"value":12.353724}
    [80]: {"key":"TCxHp","version":2,"value":11.685724}
    [81]: {"totalMessagesWritten":76,"totalMessagesProcessed":82,"totalRedisUpdates":67,"totalValueWritten":1526.1626,"totalAdded":640.5}
    [82]: {"key":"8ZluZ","version":2,"value":27.122911}
    [83]: {"key":"T18Od","version":1,"value":27.181488}
    [84]: {"key":"Bi4Ry","version":2,"value":17.866087}
    [85]: {"key":"O28ls","version":0,"value":17.338068}
    [86]: {"totalMessagesWritten":80,"totalMessagesProcessed":87,"totalRedisUpdates":71,"totalValueWritten":1615.6711,"totalAdded":672.0}

> Cache Entries:52
    [0]: {"key":"toq5c","version":2,"value":19.022882}
    [1]: {"key":"oSt9E","version":1,"value":11.351837}
    [2]: {"key":"jn3RO","version":2,"value":10.078438}
    [3]: {"key":"DhudX","version":2,"value":6.4582005}
    [4]: {"key":"gFF7V","version":1,"value":3.248477}
    [5]: {"key":"6IoZ6","version":2,"value":4.532794}
    [6]: {"key":"O28ls","version":1,"value":4.680237}
    [7]: {"key":"RaCWj","version":0,"value":8.536043}
    [8]: {"key":"VbeYY","version":0,"value":12.742249}
    [9]: {"key":"ouHLd","version":1,"value":14.255701}
    [10]: {"key":"4K9qh","version":2,"value":7.282552}
    [11]: {"key":"EYZgn","version":2,"value":10.097353}
    [12]: {"key":"khqiw","version":2,"value":3.0021167}
    [13]: {"key":"BBPfW","version":2,"value":12.517711}
    [14]: {"key":"Eu3aQ","version":1,"value":5.3853464}
    [15]: {"key":"AyXGc","version":2,"value":3.8732278}
    [16]: {"key":"D0ubN","version":2,"value":14.525919}
    [17]: {"key":"29Bgg","version":0,"value":8.505671}
    [18]: {"key":"CrX3f","version":1,"value":16.437601}
    [19]: {"key":"JsG3y","version":1,"value":18.453466}
    [20]: {"key":"Nu8rY","version":2,"value":17.919994}
    [21]: {"key":"TSl7G","version":0,"value":4.2569675}
    [22]: {"key":"8q93B","version":0,"value":3.3088183}
    [23]: {"key":"prXHi","version":2,"value":18.91711}
    [24]: {"key":"LdHId","version":2,"value":10.5456085}
    [25]: {"key":"aGWwu","version":2,"value":16.117016}
    [26]: {"key":"OwysK","version":1,"value":15.787193}
    [27]: {"key":"fepX1","version":2,"value":16.616982}
    [28]: {"key":"qFCBJ","version":1,"value":9.168521}
    [29]: {"key":"9Ef7v","version":2,"value":18.08168}
    [30]: {"key":"FcA3f","version":2,"value":10.166319}
    [31]: {"key":"7E3rD","version":1,"value":6.0749063}
    [32]: {"key":"S9iae","version":2,"value":16.308481}
    [33]: {"key":"SKKjN","version":2,"value":5.776341}
    [34]: {"key":"Lc5op","version":1,"value":5.3944373}
    [35]: {"key":"bvyhL","version":1,"value":9.934157}
    [36]: {"key":"gP9qL","version":2,"value":8.947974}
    [37]: {"key":"bYvNt","version":0,"value":18.665478}
    [38]: {"key":"AqA9I","version":0,"value":9.31253}
    [39]: {"key":"rpy0M","version":2,"value":12.897509}
    [40]: {"key":"dp2Ur","version":0,"value":10.918092}
    [41]: {"key":"asHyt","version":0,"value":5.7381344}
    [42]: {"key":"2P1Vr","version":2,"value":14.409808}
    [43]: {"key":"L0c4G","version":0,"value":5.2764473}
    [44]: {"key":"rvque","version":2,"value":6.5487633}
    [45]: {"key":"BpbSl","version":0,"value":4.450333}
    [46]: {"key":"CtJWr","version":0,"value":17.085108}
    [47]: {"key":"bKQT6","version":0,"value":1.8537235}
    [48]: {"key":"TCxHp","version":2,"value":1.1857247}
    [49]: {"key":"8ZluZ","version":2,"value":16.622911}
    [50]: {"key":"T18Od","version":1,"value":16.681488}
    [51]: {"key":"Bi4Ry","version":2,"value":7.3660874}

> Read Messages (with updated values):87
    [0]: {"key":"toq5c","version":2,"value":29.522882}
    [1]: {"key":"oSt9E","version":0,"value":14.80168}
    [2]: {"key":"jn3RO","version":2,"value":20.578438}
    [3]: {"key":"hvEMB","version":1,"value":25.790539}
    [4]: {"key":"DhudX","version":2,"value":16.9582}
    [5]: {"key":"gFF7V","version":1,"value":13.748477}
    [6]: {"key":"DhudX","version":0,"value":18.798079}
    [7]: {"key":"nxjmo","version":2,"value":27.45995}
    [8]: {"key":"6IoZ6","version":2,"value":15.032794}
    [9]: {"key":"K98ts","version":1,"value":22.2793}
    [10]: {"key":"O28ls","version":1,"value":15.180237}
    [11]: {"key":"K98ts","version":2,"value":18.635658}
    [12]: {"key":"RaCWj","version":0,"value":19.036043}
    [13]: {"key":"dLJkP","version":1,"value":30.479607}
    [14]: {"key":"VbeYY","version":0,"value":23.242249}
    [15]: {"key":"ouHLd","version":1,"value":24.755701}
    [16]: {"key":"4K9qh","version":2,"value":17.78255}
    [17]: {"key":"EYZgn","version":2,"value":20.597353}
    [18]: {"key":"khqiw","version":2,"value":13.502117}
    [19]: {"key":"BBPfW","version":2,"value":23.017712}
    [20]: {"key":"nxjmo","TOTAL":0.0}
    [21]: {"key":"Eu3aQ","version":0,"value":17.580132}
    [22]: {"key":"4K9qh","version":0,"value":12.634535}
    [23]: {"key":"MJimk","version":0,"value":25.904404}
    [24]: {"key":"AyXGc","version":2,"value":14.373228}
    [25]: {"key":"Eu3aQ","version":1,"value":15.885346}
    [26]: {"key":"D0ubN","version":2,"value":25.025919}
    [27]: {"key":"29Bgg","version":0,"value":19.00567}
    [28]: {"key":"gObXp","version":2,"value":14.691094}
    [29]: {"key":"CrX3f","version":1,"value":26.937601}
    [30]: {"key":"D0ubN","version":0,"value":4.523287}
    [31]: {"key":"4K9qh","version":0,"value":14.349412}
    [32]: {"key":"JsG3y","version":1,"value":28.953466}
    [33]: {"key":"Nu8rY","version":2,"value":28.419994}
    [34]: {"key":"TSl7G","version":0,"value":14.756968}
    [35]: {"key":"4K9qh","version":0,"value":7.0802474}
    [36]: {"key":"gObXp","TOTAL":40.17904}
    [37]: {"key":"O28ls","version":0,"value":4.2202425}
    [38]: {"key":"dLJkP","TOTAL":0.0}
    [39]: {"key":"L3WZ3","version":0,"value":25.093512}
    [40]: {"key":"8q93B","version":0,"value":13.808819}
    [41]: {"key":"K98ts","TOTAL":45.816547}
    [42]: {"key":"prXHi","version":2,"value":29.41711}
    [43]: {"key":"LdHId","version":2,"value":21.045609}
    [44]: {"key":"aGWwu","version":2,"value":26.617016}
    [45]: {"key":"OwysK","version":1,"value":26.287193}
    [46]: {"key":"fepX1","version":2,"value":27.116982}
    [47]: {"key":"qFCBJ","version":1,"value":19.668522}
    [48]: {"key":"9Ef7v","version":2,"value":28.58168}
    [49]: {"key":"FcA3f","version":2,"value":20.666319}
    [50]: {"key":"4K9qh","version":2,"value":2.5473547}
    [51]: {"key":"FcA3f","version":1,"value":15.646514}
    [52]: {"key":"O28ls","version":0,"value":17.163599}
    [53]: {"key":"hvEMB","TOTAL":0.0}
    [54]: {"key":"OwysK","version":0,"value":8.787029}
    [55]: {"key":"7E3rD","version":1,"value":16.574905}
    [56]: {"key":"S9iae","version":2,"value":26.808481}
    [57]: {"key":"RaCWj","version":0,"value":4.8782454}
    [58]: {"key":"SKKjN","version":1,"value":27.539639}
    [59]: {"key":"Lc5op","version":1,"value":15.894438}
    [60]: {"key":"MJimk","version":2,"value":22.253674}
    [61]: {"key":"bvyhL","version":1,"value":20.434158}
    [62]: {"key":"jn3RO","version":2,"value":18.651585}
    [63]: {"key":"gP9qL","version":2,"value":19.447975}
    [64]: {"key":"bYvNt","version":0,"value":29.165478}
    [65]: {"key":"AqA9I","version":0,"value":19.81253}
    [66]: {"key":"rpy0M","version":2,"value":23.397509}
    [67]: {"key":"oSt9E","version":1,"value":21.851837}
    [68]: {"key":"dp2Ur","version":0,"value":21.41809}
    [69]: {"key":"SKKjN","version":2,"value":16.27634}
    [70]: {"key":"asHyt","version":0,"value":16.238134}
    [71]: {"key":"2P1Vr","version":2,"value":24.90981}
    [72]: {"key":"L0c4G","version":0,"value":15.776447}
    [73]: {"key":"rvque","version":2,"value":17.048763}
    [74]: {"key":"S9iae","version":0,"value":11.445595}
    [75]: {"key":"BpbSl","version":0,"value":14.950333}
    [76]: {"key":"LdHId","version":0,"value":6.5122166}
    [77]: {"key":"AyXGc","version":1,"value":9.267888}
    [78]: {"key":"CtJWr","version":0,"value":27.585108}
    [79]: {"key":"bKQT6","version":0,"value":12.353724}
    [80]: {"key":"TCxHp","version":2,"value":11.685724}
    [81]: {"key":"MJimk","TOTAL":0.0}
    [82]: {"key":"8ZluZ","version":2,"value":27.122911}
    [83]: {"key":"T18Od","version":1,"value":27.181488}
    [84]: {"key":"Bi4Ry","version":2,"value":17.866087}
    [85]: {"key":"O28ls","version":0,"value":17.338068}
    [86]: {"key":"L3WZ3","TOTAL":0.0}

=== GENERATED DATA ===

> Stats
    Total Messages Written: 80
    Total Messages Processed: 87
    Total Redis Updates: 71
    Total Value Written: 1615.6711
    Total Added: 672.0

> Generation Data:
    Tombstone Value Written: 85.99559
    Tombstone Count: 7
    Normal Count: 80
    Unstored Count: 16
    Removed Count: 2
    Removed Message Indices: [7, 3]

> Removed Messages:2
    [7]: {"key":"nxjmo","version":2,"value":16.95995}
    [3]: {"key":"hvEMB","version":1,"value":15.290539}

> Unstored Messages:16
    [6]: {"key":"DhudX","version":0,"value":18.798079}
    [22]: {"key":"4K9qh","version":0,"value":12.634535}
    [30]: {"key":"D0ubN","version":0,"value":4.523287}
    [31]: {"key":"4K9qh","version":0,"value":14.349412}
    [35]: {"key":"4K9qh","version":0,"value":7.0802474}
    [37]: {"key":"O28ls","version":0,"value":4.2202425}
    [50]: {"key":"4K9qh","version":2,"value":2.5473547}
    [51]: {"key":"FcA3f","version":1,"value":15.646514}
    [52]: {"key":"O28ls","version":0,"value":17.163599}
    [54]: {"key":"OwysK","version":0,"value":8.787029}
    [57]: {"key":"RaCWj","version":0,"value":4.8782454}
    [62]: {"key":"jn3RO","version":2,"value":18.651585}
    [74]: {"key":"S9iae","version":0,"value":11.445595}
    [76]: {"key":"LdHId","version":0,"value":6.5122166}
    [77]: {"key":"AyXGc","version":1,"value":9.267888}
    [85]: {"key":"O28ls","version":0,"value":17.338068}

> Generated Messages
    [0]: {"key":"toq5c","version":2,"value":19.022882}
    [1]: {"key":"oSt9E","version":0,"value":4.301679}
    [2]: {"key":"jn3RO","version":2,"value":10.078438}
    [3]: {"key":"hvEMB","version":1,"value":15.290539}
    [4]: {"key":"DhudX","version":2,"value":6.4582005}
    [5]: {"key":"gFF7V","version":1,"value":3.248477}
    [6]: {"key":"DhudX","version":0,"value":18.798079}
    [7]: {"key":"nxjmo","version":2,"value":16.95995}
    [8]: {"key":"6IoZ6","version":2,"value":4.532794}
    [9]: {"key":"K98ts","version":1,"value":11.7793}
    [10]: {"key":"O28ls","version":1,"value":4.680237}
    [11]: {"key":"K98ts","version":2,"value":8.135658}
    [12]: {"key":"RaCWj","version":0,"value":8.536043}
    [13]: {"key":"dLJkP","version":1,"value":19.979607}
    [14]: {"key":"VbeYY","version":0,"value":12.742249}
    [15]: {"key":"ouHLd","version":1,"value":14.255701}
    [16]: {"key":"4K9qh","version":2,"value":7.282552}
    [17]: {"key":"EYZgn","version":2,"value":10.097353}
    [18]: {"key":"khqiw","version":2,"value":3.0021167}
    [19]: {"key":"BBPfW","version":2,"value":12.517711}
    [20]: {"key":"nxjmo","TOTAL":0.0}
    [21]: {"key":"Eu3aQ","version":0,"value":7.0801306}
    [22]: {"key":"4K9qh","version":0,"value":12.634535}
    [23]: {"key":"MJimk","version":0,"value":15.404405}
    [24]: {"key":"AyXGc","version":2,"value":3.8732278}
    [25]: {"key":"Eu3aQ","version":1,"value":5.3853464}
    [26]: {"key":"D0ubN","version":2,"value":14.525919}
    [27]: {"key":"29Bgg","version":0,"value":8.505671}
    [28]: {"key":"gObXp","version":2,"value":4.1910944}
    [29]: {"key":"CrX3f","version":1,"value":16.437601}
    [30]: {"key":"D0ubN","version":0,"value":4.523287}
    [31]: {"key":"4K9qh","version":0,"value":14.349412}
    [32]: {"key":"JsG3y","version":1,"value":18.453466}
    [33]: {"key":"Nu8rY","version":2,"value":17.919994}
    [34]: {"key":"TSl7G","version":0,"value":4.2569675}
    [35]: {"key":"4K9qh","version":0,"value":7.0802474}
    [36]: {"key":"gObXp","TOTAL":40.17904}
    [37]: {"key":"O28ls","version":0,"value":4.2202425}
    [38]: {"key":"dLJkP","TOTAL":0.0}
    [39]: {"key":"L3WZ3","version":0,"value":14.593512}
    [40]: {"key":"8q93B","version":0,"value":3.3088183}
    [41]: {"key":"K98ts","TOTAL":45.816547}
    [42]: {"key":"prXHi","version":2,"value":18.91711}
    [43]: {"key":"LdHId","version":2,"value":10.5456085}
    [44]: {"key":"aGWwu","version":2,"value":16.117016}
    [45]: {"key":"OwysK","version":1,"value":15.787193}
    [46]: {"key":"fepX1","version":2,"value":16.616982}
    [47]: {"key":"qFCBJ","version":1,"value":9.168521}
    [48]: {"key":"9Ef7v","version":2,"value":18.08168}
    [49]: {"key":"FcA3f","version":2,"value":10.166319}
    [50]: {"key":"4K9qh","version":2,"value":2.5473547}
    [51]: {"key":"FcA3f","version":1,"value":15.646514}
    [52]: {"key":"O28ls","version":0,"value":17.163599}
    [53]: {"key":"hvEMB","TOTAL":0.0}
    [54]: {"key":"OwysK","version":0,"value":8.787029}
    [55]: {"key":"7E3rD","version":1,"value":6.0749063}
    [56]: {"key":"S9iae","version":2,"value":16.308481}
    [57]: {"key":"RaCWj","version":0,"value":4.8782454}
    [58]: {"key":"SKKjN","version":1,"value":17.039639}
    [59]: {"key":"Lc5op","version":1,"value":5.3944373}
    [60]: {"key":"MJimk","version":2,"value":11.753673}
    [61]: {"key":"bvyhL","version":1,"value":9.934157}
    [62]: {"key":"jn3RO","version":2,"value":18.651585}
    [63]: {"key":"gP9qL","version":2,"value":8.947974}
    [64]: {"key":"bYvNt","version":0,"value":18.665478}
    [65]: {"key":"AqA9I","version":0,"value":9.31253}
    [66]: {"key":"rpy0M","version":2,"value":12.897509}
    [67]: {"key":"oSt9E","version":1,"value":11.351837}
    [68]: {"key":"dp2Ur","version":0,"value":10.918092}
    [69]: {"key":"SKKjN","version":2,"value":5.776341}
    [70]: {"key":"asHyt","version":0,"value":5.7381344}
    [71]: {"key":"2P1Vr","version":2,"value":14.409808}
    [72]: {"key":"L0c4G","version":0,"value":5.2764473}
    [73]: {"key":"rvque","version":2,"value":6.5487633}
    [74]: {"key":"S9iae","version":0,"value":11.445595}
    [75]: {"key":"BpbSl","version":0,"value":4.450333}
    [76]: {"key":"LdHId","version":0,"value":6.5122166}
    [77]: {"key":"AyXGc","version":1,"value":9.267888}
    [78]: {"key":"CtJWr","version":0,"value":17.085108}
    [79]: {"key":"bKQT6","version":0,"value":1.8537235}
    [80]: {"key":"TCxHp","version":2,"value":1.1857247}
    [81]: {"key":"MJimk","TOTAL":0.0}
    [82]: {"key":"8ZluZ","version":2,"value":16.622911}
    [83]: {"key":"T18Od","version":1,"value":16.681488}
    [84]: {"key":"Bi4Ry","version":2,"value":7.3660874}
    [85]: {"key":"O28ls","version":0,"value":17.338068}
    [86]: {"key":"L3WZ3","TOTAL":0.0}

> Generated Packets
    [0]: {"key":"toq5c","version":2,"value":19.022882}
    [1]: {"key":"oSt9E","version":0,"value":4.301679}
    [2]: {"key":"jn3RO","version":2,"value":10.078438}
    [3]: {"key":"hvEMB","version":1,"value":15.290539}
    [4]: {"key":"DhudX","version":2,"value":6.4582005}
    [5]: {"key":"gFF7V","version":1,"value":3.248477}
    [6]: {"key":"DhudX","version":0,"value":18.798079}
    [7]: {"key":"nxjmo","version":2,"value":16.95995}
    [8]: {"key":"6IoZ6","version":2,"value":4.532794}
    [9]: {"key":"K98ts","version":1,"value":11.7793}
    [10]: {"key":"O28ls","version":1,"value":4.680237}
    [11]: {"key":"K98ts","version":2,"value":8.135658}
    [12]: {"key":"RaCWj","version":0,"value":8.536043}
    [13]: {"key":"dLJkP","version":1,"value":19.979607}
    [14]: {"key":"VbeYY","version":0,"value":12.742249}
    [15]: {"key":"ouHLd","version":1,"value":14.255701}
    [16]: {"key":"4K9qh","version":2,"value":7.282552}
    [17]: {"key":"EYZgn","version":2,"value":10.097353}
    [18]: {"key":"khqiw","version":2,"value":3.0021167}
    [19]: {"key":"BBPfW","version":2,"value":12.517711}
    [20]: {"key":"nxjmo","TOTAL":0.0}
    [21]: {"key":"Eu3aQ","version":0,"value":7.0801306}
    [22]: {"key":"4K9qh","version":0,"value":12.634535}
    [23]: {"key":"MJimk","version":0,"value":15.404405}
    [24]: {"key":"AyXGc","version":2,"value":3.8732278}
    [25]: {"key":"Eu3aQ","version":1,"value":5.3853464}
    [26]: {"key":"D0ubN","version":2,"value":14.525919}
    [27]: {"key":"29Bgg","version":0,"value":8.505671}
    [28]: {"key":"gObXp","version":2,"value":4.1910944}
    [29]: {"key":"CrX3f","version":1,"value":16.437601}
    [30]: {"key":"D0ubN","version":0,"value":4.523287}
    [31]: {"key":"4K9qh","version":0,"value":14.349412}
    [32]: {"key":"JsG3y","version":1,"value":18.453466}
    [33]: {"key":"Nu8rY","version":2,"value":17.919994}
    [34]: {"key":"TSl7G","version":0,"value":4.2569675}
    [35]: {"key":"4K9qh","version":0,"value":7.0802474}
    [36]: {"key":"gObXp","TOTAL":40.17904}
    [37]: {"key":"O28ls","version":0,"value":4.2202425}
    [38]: {"key":"dLJkP","TOTAL":0.0}
    [39]: {"key":"L3WZ3","version":0,"value":14.593512}
    [40]: {"key":"8q93B","version":0,"value":3.3088183}
    [41]: {"key":"K98ts","TOTAL":45.816547}
    [42]: {"key":"prXHi","version":2,"value":18.91711}
    [43]: {"key":"LdHId","version":2,"value":10.5456085}
    [44]: {"key":"aGWwu","version":2,"value":16.117016}
    [45]: {"key":"OwysK","version":1,"value":15.787193}
    [46]: {"key":"fepX1","version":2,"value":16.616982}
    [47]: {"key":"qFCBJ","version":1,"value":9.168521}
    [48]: {"key":"9Ef7v","version":2,"value":18.08168}
    [49]: {"key":"FcA3f","version":2,"value":10.166319}
    [50]: {"key":"4K9qh","version":2,"value":2.5473547}
    [51]: {"key":"FcA3f","version":1,"value":15.646514}
    [52]: {"key":"O28ls","version":0,"value":17.163599}
    [53]: {"key":"hvEMB","TOTAL":0.0}
    [54]: {"key":"OwysK","version":0,"value":8.787029}
    [55]: {"key":"7E3rD","version":1,"value":6.0749063}
    [56]: {"key":"S9iae","version":2,"value":16.308481}
    [57]: {"key":"RaCWj","version":0,"value":4.8782454}
    [58]: {"key":"SKKjN","version":1,"value":17.039639}
    [59]: {"key":"Lc5op","version":1,"value":5.3944373}
    [60]: {"key":"MJimk","version":2,"value":11.753673}
    [61]: {"key":"bvyhL","version":1,"value":9.934157}
    [62]: {"key":"jn3RO","version":2,"value":18.651585}
    [63]: {"key":"gP9qL","version":2,"value":8.947974}
    [64]: {"key":"bYvNt","version":0,"value":18.665478}
    [65]: {"key":"AqA9I","version":0,"value":9.31253}
    [66]: {"key":"rpy0M","version":2,"value":12.897509}
    [67]: {"key":"oSt9E","version":1,"value":11.351837}
    [68]: {"key":"dp2Ur","version":0,"value":10.918092}
    [69]: {"key":"SKKjN","version":2,"value":5.776341}
    [70]: {"key":"asHyt","version":0,"value":5.7381344}
    [71]: {"key":"2P1Vr","version":2,"value":14.409808}
    [72]: {"key":"L0c4G","version":0,"value":5.2764473}
    [73]: {"key":"rvque","version":2,"value":6.5487633}
    [74]: {"key":"S9iae","version":0,"value":11.445595}
    [75]: {"key":"BpbSl","version":0,"value":4.450333}
    [76]: {"key":"LdHId","version":0,"value":6.5122166}
    [77]: {"key":"AyXGc","version":1,"value":9.267888}
    [78]: {"key":"CtJWr","version":0,"value":17.085108}
    [79]: {"key":"bKQT6","version":0,"value":1.8537235}
    [80]: {"key":"TCxHp","version":2,"value":1.1857247}
    [81]: {"key":"MJimk","TOTAL":0.0}
    [82]: {"key":"8ZluZ","version":2,"value":16.622911}
    [83]: {"key":"T18Od","version":1,"value":16.681488}
    [84]: {"key":"Bi4Ry","version":2,"value":7.3660874}
    [85]: {"key":"O28ls","version":0,"value":17.338068}
    [86]: {"key":"L3WZ3","TOTAL":0.0}
