=== TRANSFORM TEST DATA ===

> Generation Data
    numPackets: 77
    Total Messages Written: 67
    Total Messages Processed: 77
    Total Redis Updates: 69
    Total Value Written: 1321.4019
    Total Added: 619.5

> Redis cache data:
    Redis Size: 43
    Redis Delta: 26

> Message data
    Tombstone Value Written: 57.721
    Normal Count: 67
    Tombstone Count: 10
    Tombstone Indices: [76, 34, 53, 30, 12, 65, 16, 52, 11, 55]
    Unwritten Count: 10
    Unwritten Indices: [0]
    Unstored Count: 8
    Unstored Indices: [6, 21, 44, 46, 54, 58, 64, 70]
    Removed Count: 0
    Removed Message Indices: []

Differing Data: (Called Run, Manual Run, Generated Data)
    !DIFFERENT Total Value Written: 1321.402, 1321.402, 1321.4019
    !DIFFERENT Total Added: 619.5, 619.5, 619.5
--------------------------------
    !DIFFERENT messagesSize/totalMessagesWritten (Called Run): 77, 67
    !DIFFERENT messagesSize/totalMessagesWritten (Manual Run): 77, 67
--------------------------------

=== CALLED RUN DATA ===
Request: {"readQueue":"TransformTestRead-10568-fJFC7","writeQueue":"TransformTestWrite-15840-wpMF0","messageCount":77}

> Stats
    Total Messages Written: 67
    Total Messages Processed: 77
    Total Redis Updates: 69
    Total Value Written: 1321.402
    Total Added: 619.5

> Written Messages:77
    [0]: {"key":"0NK7w","version":0,"value":20.440216}
    [1]: {"key":"gNFei","version":2,"value":17.063797}
    [2]: {"key":"ig3sg","version":2,"value":17.913654}
    [3]: {"key":"dnNu2","version":1,"value":19.653587}
    [4]: {"key":"TdZgg","version":2,"value":26.767569}
    [5]: {"key":"Dd6Y5","version":2,"value":21.832302}
    [6]: {"key":"gNFei","version":2,"value":9.509459}
    [7]: {"key":"kmbwt","version":0,"value":28.543266}
    [8]: {"key":"5n9lI","version":0,"value":12.408126}
    [9]: {"key":"tnb1k","version":1,"value":13.240641}
    [10]: {"key":"dnNu2","version":2,"value":25.370863}
    [11]: {"totalMessagesWritten":11,"totalMessagesProcessed":12,"totalRedisUpdates":11,"totalValueWritten":212.74348,"totalAdded":105.0}
    [12]: {"totalMessagesWritten":11,"totalMessagesProcessed":13,"totalRedisUpdates":12,"totalValueWritten":220.18143,"totalAdded":105.0}
    [13]: {"key":"5n9lI","version":1,"value":20.472301}
    [14]: {"key":"IThms","version":1,"value":14.3995695}
    [15]: {"key":"TZVeu","version":1,"value":15.0669985}
    [16]: {"totalMessagesWritten":14,"totalMessagesProcessed":17,"totalRedisUpdates":16,"totalValueWritten":270.1203,"totalAdded":136.5}
    [17]: {"key":"ibDNj","version":1,"value":16.708918}
    [18]: {"key":"VIToj","version":2,"value":12.178887}
    [19]: {"key":"xR01h","version":0,"value":21.965633}
    [20]: {"key":"y3QTh","version":0,"value":24.709433}
    [21]: {"key":"VIToj","version":2,"value":14.664935}
    [22]: {"key":"NgIDH","version":0,"value":13.224611}
    [23]: {"key":"NFkC3","version":0,"value":24.50273}
    [24]: {"key":"y3QTh","version":1,"value":22.902617}
    [25]: {"key":"cB3nR","version":2,"value":16.969736}
    [26]: {"key":"j8Yx3","version":1,"value":24.85478}
    [27]: {"key":"r9ueA","version":2,"value":14.853217}
    [28]: {"key":"Ail4j","version":1,"value":14.288088}
    [29]: {"key":"xkTHg","version":2,"value":25.437592}
    [30]: {"totalMessagesWritten":27,"totalMessagesProcessed":31,"totalRedisUpdates":29,"totalValueWritten":517.3815,"totalAdded":262.5}
    [31]: {"key":"oA4Pr","version":1,"value":21.823736}
    [32]: {"key":"XImGB","version":1,"value":17.661768}
    [33]: {"key":"nvXJQ","version":2,"value":27.123209}
    [34]: {"totalMessagesWritten":30,"totalMessagesProcessed":35,"totalRedisUpdates":33,"totalValueWritten":583.9902,"totalAdded":294.0}
    [35]: {"key":"M2cxC","version":2,"value":24.55545}
    [36]: {"key":"CgpCQ","version":2,"value":27.594978}
    [37]: {"key":"NCU4x","version":1,"value":22.057953}
    [38]: {"key":"1YMBw","version":2,"value":25.391668}
    [39]: {"key":"LB2tH","version":1,"value":20.615604}
    [40]: {"key":"vFQPm","version":1,"value":18.166286}
    [41]: {"key":"l6Wnb","version":1,"value":24.864613}
    [42]: {"key":"w3Xdt","version":1,"value":15.710228}
    [43]: {"key":"RvQ4X","version":2,"value":25.451694}
    [44]: {"key":"5n9lI","version":1,"value":13.949748}
    [45]: {"key":"T8RZM","version":2,"value":11.584186}
    [46]: {"key":"5n9lI","version":0,"value":1.0761619}
    [47]: {"key":"99EHL","version":0,"value":12.393032}
    [48]: {"key":"xR01h","version":2,"value":30.241714}
    [49]: {"key":"9QFdK","version":0,"value":19.39736}
    [50]: {"key":"2uia3","version":1,"value":20.733921}
    [51]: {"key":"4JyRa","version":1,"value":17.143473}
    [52]: {"totalMessagesWritten":47,"totalMessagesProcessed":53,"totalRedisUpdates":49,"totalValueWritten":914.9183,"totalAdded":451.5}
    [53]: {"totalMessagesWritten":47,"totalMessagesProcessed":54,"totalRedisUpdates":50,"totalValueWritten":965.2013,"totalAdded":451.5}
    [54]: {"key":"y3QTh","version":0,"value":3.9286196}
    [55]: {"totalMessagesWritten":48,"totalMessagesProcessed":56,"totalRedisUpdates":51,"totalValueWritten":969.12994,"totalAdded":451.5}
    [56]: {"key":"oA4Pr","version":2,"value":23.201864}
    [57]: {"key":"SIJ5a","version":1,"value":25.40536}
    [58]: {"key":"4JyRa","version":1,"value":2.5263715}
    [59]: {"key":"2uia3","version":2,"value":17.68095}
    [60]: {"key":"hcLQk","version":2,"value":11.749467}
    [61]: {"key":"UsMSV","version":1,"value":26.796904}
    [62]: {"key":"FAsrq","version":0,"value":19.70937}
    [63]: {"key":"OoPBK","version":0,"value":13.773706}
    [64]: {"key":"NCU4x","version":0,"value":0.07669687}
    [65]: {"totalMessagesWritten":57,"totalMessagesProcessed":66,"totalRedisUpdates":59,"totalValueWritten":1110.0505,"totalAdded":525.0}
    [66]: {"key":"gphfX","version":2,"value":12.41155}
    [67]: {"key":"ZXjfl","version":1,"value":25.501678}
    [68]: {"key":"yUHf7","version":0,"value":30.123873}
    [69]: {"key":"0saHK","version":2,"value":27.829048}
    [70]: {"key":"FAsrq","version":0,"value":9.772029}
    [71]: {"key":"Q4lZ2","version":2,"value":22.32524}
    [72]: {"key":"OK6Hx","version":1,"value":18.55572}
    [73]: {"key":"ByXVY","version":0,"value":13.76861}
    [74]: {"key":"5ROsA","version":1,"value":29.478033}
    [75]: {"key":"qYicB","version":2,"value":21.58582}
    [76]: {"totalMessagesWritten":67,"totalMessagesProcessed":77,"totalRedisUpdates":69,"totalValueWritten":1321.402,"totalAdded":619.5}

> Cache Entries:43
    [0]: {"key":"0NK7w","version":0,"value":9.940216}
    [1]: {"key":"dnNu2","version":2,"value":14.870863}
    [2]: {"key":"TdZgg","version":2,"value":16.267569}
    [3]: {"key":"Dd6Y5","version":2,"value":11.332302}
    [4]: {"key":"kmbwt","version":0,"value":18.043266}
    [5]: {"key":"5n9lI","version":1,"value":9.972301}
    [6]: {"key":"IThms","version":1,"value":3.8995695}
    [7]: {"key":"TZVeu","version":1,"value":4.5669985}
    [8]: {"key":"ibDNj","version":1,"value":6.208918}
    [9]: {"key":"VIToj","version":2,"value":1.6788876}
    [10]: {"key":"xR01h","version":2,"value":19.741714}
    [11]: {"key":"NFkC3","version":0,"value":14.002729}
    [12]: {"key":"j8Yx3","version":1,"value":14.35478}
    [13]: {"key":"Ail4j","version":1,"value":3.7880874}
    [14]: {"key":"xkTHg","version":2,"value":14.937592}
    [15]: {"key":"oA4Pr","version":2,"value":12.701864}
    [16]: {"key":"XImGB","version":1,"value":7.1617675}
    [17]: {"key":"nvXJQ","version":2,"value":16.623209}
    [18]: {"key":"M2cxC","version":2,"value":14.05545}
    [19]: {"key":"CgpCQ","version":2,"value":17.094978}
    [20]: {"key":"NCU4x","version":1,"value":11.557953}
    [21]: {"key":"LB2tH","version":1,"value":10.115603}
    [22]: {"key":"l6Wnb","version":1,"value":14.364614}
    [23]: {"key":"RvQ4X","version":2,"value":14.9516945}
    [24]: {"key":"T8RZM","version":2,"value":1.0841858}
    [25]: {"key":"99EHL","version":0,"value":1.8930316}
    [26]: {"key":"9QFdK","version":0,"value":8.89736}
    [27]: {"key":"2uia3","version":2,"value":7.1809506}
    [28]: {"key":"4JyRa","version":1,"value":6.6434727}
    [29]: {"key":"SIJ5a","version":1,"value":14.905359}
    [30]: {"key":"hcLQk","version":2,"value":1.2494671}
    [31]: {"key":"UsMSV","version":1,"value":16.296904}
    [32]: {"key":"FAsrq","version":0,"value":9.209371}
    [33]: {"key":"OoPBK","version":0,"value":3.2737064}
    [34]: {"key":"gphfX","version":2,"value":1.9115496}
    [35]: {"key":"ZXjfl","version":1,"value":15.001679}
    [36]: {"key":"yUHf7","version":0,"value":19.623873}
    [37]: {"key":"0saHK","version":2,"value":17.329048}
    [38]: {"key":"Q4lZ2","version":2,"value":11.825239}
    [39]: {"key":"OK6Hx","version":1,"value":8.055719}
    [40]: {"key":"ByXVY","version":0,"value":3.2686102}
    [41]: {"key":"5ROsA","version":1,"value":18.978033}
    [42]: {"key":"qYicB","version":2,"value":11.085819}

=== MANUAL RUN DATA ===
Request: {"readQueue":"TransformTestRead-58291-Sb4tg","writeQueue":"TransformTestWrite-20459-CC5Dc","messageCount":77}

> Stats
    Total Messages Written: 67
    Total Messages Processed: 77
    Total Redis Updates: 69
    Total Value Written: 1321.402
    !DIFFERENT Total Value Written: 1321.402, 1321.402
    Total Added: 619.5
    !DIFFERENT Total Added: 619.5, 619.5

> Written Messages:77
    [0]: {"key":"0NK7w","version":0,"value":20.440216}
    [1]: {"key":"gNFei","version":2,"value":17.063797}
    [2]: {"key":"ig3sg","version":2,"value":17.913654}
    [3]: {"key":"dnNu2","version":1,"value":19.653587}
    [4]: {"key":"TdZgg","version":2,"value":26.767569}
    [5]: {"key":"Dd6Y5","version":2,"value":21.832302}
    [6]: {"key":"gNFei","version":2,"value":9.509459}
    [7]: {"key":"kmbwt","version":0,"value":28.543266}
    [8]: {"key":"5n9lI","version":0,"value":12.408126}
    [9]: {"key":"tnb1k","version":1,"value":13.240641}
    [10]: {"key":"dnNu2","version":2,"value":25.370863}
    [11]: {"totalMessagesWritten":11,"totalMessagesProcessed":12,"totalRedisUpdates":11,"totalValueWritten":212.74348,"totalAdded":105.0}
    [12]: {"totalMessagesWritten":11,"totalMessagesProcessed":13,"totalRedisUpdates":12,"totalValueWritten":220.18143,"totalAdded":105.0}
    [13]: {"key":"5n9lI","version":1,"value":20.472301}
    [14]: {"key":"IThms","version":1,"value":14.3995695}
    [15]: {"key":"TZVeu","version":1,"value":15.0669985}
    [16]: {"totalMessagesWritten":14,"totalMessagesProcessed":17,"totalRedisUpdates":16,"totalValueWritten":270.1203,"totalAdded":136.5}
    [17]: {"key":"ibDNj","version":1,"value":16.708918}
    [18]: {"key":"VIToj","version":2,"value":12.178887}
    [19]: {"key":"xR01h","version":0,"value":21.965633}
    [20]: {"key":"y3QTh","version":0,"value":24.709433}
    [21]: {"key":"VIToj","version":2,"value":14.664935}
    [22]: {"key":"NgIDH","version":0,"value":13.224611}
    [23]: {"key":"NFkC3","version":0,"value":24.50273}
    [24]: {"key":"y3QTh","version":1,"value":22.902617}
    [25]: {"key":"cB3nR","version":2,"value":16.969736}
    [26]: {"key":"j8Yx3","version":1,"value":24.85478}
    [27]: {"key":"r9ueA","version":2,"value":14.853217}
    [28]: {"key":"Ail4j","version":1,"value":14.288088}
    [29]: {"key":"xkTHg","version":2,"value":25.437592}
    [30]: {"totalMessagesWritten":27,"totalMessagesProcessed":31,"totalRedisUpdates":29,"totalValueWritten":517.3815,"totalAdded":262.5}
    [31]: {"key":"oA4Pr","version":1,"value":21.823736}
    [32]: {"key":"XImGB","version":1,"value":17.661768}
    [33]: {"key":"nvXJQ","version":2,"value":27.123209}
    [34]: {"totalMessagesWritten":30,"totalMessagesProcessed":35,"totalRedisUpdates":33,"totalValueWritten":583.9902,"totalAdded":294.0}
    [35]: {"key":"M2cxC","version":2,"value":24.55545}
    [36]: {"key":"CgpCQ","version":2,"value":27.594978}
    [37]: {"key":"NCU4x","version":1,"value":22.057953}
    [38]: {"key":"1YMBw","version":2,"value":25.391668}
    [39]: {"key":"LB2tH","version":1,"value":20.615604}
    [40]: {"key":"vFQPm","version":1,"value":18.166286}
    [41]: {"key":"l6Wnb","version":1,"value":24.864613}
    [42]: {"key":"w3Xdt","version":1,"value":15.710228}
    [43]: {"key":"RvQ4X","version":2,"value":25.451694}
    [44]: {"key":"5n9lI","version":1,"value":13.949748}
    [45]: {"key":"T8RZM","version":2,"value":11.584186}
    [46]: {"key":"5n9lI","version":0,"value":1.0761619}
    [47]: {"key":"99EHL","version":0,"value":12.393032}
    [48]: {"key":"xR01h","version":2,"value":30.241714}
    [49]: {"key":"9QFdK","version":0,"value":19.39736}
    [50]: {"key":"2uia3","version":1,"value":20.733921}
    [51]: {"key":"4JyRa","version":1,"value":17.143473}
    [52]: {"totalMessagesWritten":47,"totalMessagesProcessed":53,"totalRedisUpdates":49,"totalValueWritten":914.9183,"totalAdded":451.5}
    [53]: {"totalMessagesWritten":47,"totalMessagesProcessed":54,"totalRedisUpdates":50,"totalValueWritten":965.2013,"totalAdded":451.5}
    [54]: {"key":"y3QTh","version":0,"value":3.9286196}
    [55]: {"totalMessagesWritten":48,"totalMessagesProcessed":56,"totalRedisUpdates":51,"totalValueWritten":969.12994,"totalAdded":451.5}
    [56]: {"key":"oA4Pr","version":2,"value":23.201864}
    [57]: {"key":"SIJ5a","version":1,"value":25.40536}
    [58]: {"key":"4JyRa","version":1,"value":2.5263715}
    [59]: {"key":"2uia3","version":2,"value":17.68095}
    [60]: {"key":"hcLQk","version":2,"value":11.749467}
    [61]: {"key":"UsMSV","version":1,"value":26.796904}
    [62]: {"key":"FAsrq","version":0,"value":19.70937}
    [63]: {"key":"OoPBK","version":0,"value":13.773706}
    [64]: {"key":"NCU4x","version":0,"value":0.07669687}
    [65]: {"totalMessagesWritten":57,"totalMessagesProcessed":66,"totalRedisUpdates":59,"totalValueWritten":1110.0505,"totalAdded":525.0}
    [66]: {"key":"gphfX","version":2,"value":12.41155}
    [67]: {"key":"ZXjfl","version":1,"value":25.501678}
    [68]: {"key":"yUHf7","version":0,"value":30.123873}
    [69]: {"key":"0saHK","version":2,"value":27.829048}
    [70]: {"key":"FAsrq","version":0,"value":9.772029}
    [71]: {"key":"Q4lZ2","version":2,"value":22.32524}
    [72]: {"key":"OK6Hx","version":1,"value":18.55572}
    [73]: {"key":"ByXVY","version":0,"value":13.76861}
    [74]: {"key":"5ROsA","version":1,"value":29.478033}
    [75]: {"key":"qYicB","version":2,"value":21.58582}
    [76]: {"totalMessagesWritten":67,"totalMessagesProcessed":77,"totalRedisUpdates":69,"totalValueWritten":1321.402,"totalAdded":619.5}

> Cache Entries:43
    [0]: {"key":"0NK7w","version":0,"value":9.940216}
    [1]: {"key":"dnNu2","version":2,"value":14.870863}
    [2]: {"key":"TdZgg","version":2,"value":16.267569}
    [3]: {"key":"Dd6Y5","version":2,"value":11.332302}
    [4]: {"key":"kmbwt","version":0,"value":18.043266}
    [5]: {"key":"5n9lI","version":1,"value":9.972301}
    [6]: {"key":"IThms","version":1,"value":3.8995695}
    [7]: {"key":"TZVeu","version":1,"value":4.5669985}
    [8]: {"key":"ibDNj","version":1,"value":6.208918}
    [9]: {"key":"VIToj","version":2,"value":1.6788876}
    [10]: {"key":"xR01h","version":2,"value":19.741714}
    [11]: {"key":"NFkC3","version":0,"value":14.002729}
    [12]: {"key":"j8Yx3","version":1,"value":14.35478}
    [13]: {"key":"Ail4j","version":1,"value":3.7880874}
    [14]: {"key":"xkTHg","version":2,"value":14.937592}
    [15]: {"key":"oA4Pr","version":2,"value":12.701864}
    [16]: {"key":"XImGB","version":1,"value":7.1617675}
    [17]: {"key":"nvXJQ","version":2,"value":16.623209}
    [18]: {"key":"M2cxC","version":2,"value":14.05545}
    [19]: {"key":"CgpCQ","version":2,"value":17.094978}
    [20]: {"key":"NCU4x","version":1,"value":11.557953}
    [21]: {"key":"LB2tH","version":1,"value":10.115603}
    [22]: {"key":"l6Wnb","version":1,"value":14.364614}
    [23]: {"key":"RvQ4X","version":2,"value":14.9516945}
    [24]: {"key":"T8RZM","version":2,"value":1.0841858}
    [25]: {"key":"99EHL","version":0,"value":1.8930316}
    [26]: {"key":"9QFdK","version":0,"value":8.89736}
    [27]: {"key":"2uia3","version":2,"value":7.1809506}
    [28]: {"key":"4JyRa","version":1,"value":6.6434727}
    [29]: {"key":"SIJ5a","version":1,"value":14.905359}
    [30]: {"key":"hcLQk","version":2,"value":1.2494671}
    [31]: {"key":"UsMSV","version":1,"value":16.296904}
    [32]: {"key":"FAsrq","version":0,"value":9.209371}
    [33]: {"key":"OoPBK","version":0,"value":3.2737064}
    [34]: {"key":"gphfX","version":2,"value":1.9115496}
    [35]: {"key":"ZXjfl","version":1,"value":15.001679}
    [36]: {"key":"yUHf7","version":0,"value":19.623873}
    [37]: {"key":"0saHK","version":2,"value":17.329048}
    [38]: {"key":"Q4lZ2","version":2,"value":11.825239}
    [39]: {"key":"OK6Hx","version":1,"value":8.055719}
    [40]: {"key":"ByXVY","version":0,"value":3.2686102}
    [41]: {"key":"5ROsA","version":1,"value":18.978033}
    [42]: {"key":"qYicB","version":2,"value":11.085819}

> Read Messages (with updated values):77
    [0]: {"key":"0NK7w","version":0,"value":20.440216}
    [1]: {"key":"gNFei","version":2,"value":17.063797}
    [2]: {"key":"ig3sg","version":2,"value":17.913654}
    [3]: {"key":"dnNu2","version":1,"value":19.653587}
    [4]: {"key":"TdZgg","version":2,"value":26.767569}
    [5]: {"key":"Dd6Y5","version":2,"value":21.832302}
    [6]: {"key":"gNFei","version":2,"value":9.509459}
    [7]: {"key":"kmbwt","version":0,"value":28.543266}
    [8]: {"key":"5n9lI","version":0,"value":12.408126}
    [9]: {"key":"tnb1k","version":1,"value":13.240641}
    [10]: {"key":"dnNu2","version":2,"value":25.370863}
    [11]: {"key":"gNFei","TOTAL":0.0}
    [12]: {"key":"tnb1k","TOTAL":7.43795}
    [13]: {"key":"5n9lI","version":1,"value":20.472301}
    [14]: {"key":"IThms","version":1,"value":14.3995695}
    [15]: {"key":"TZVeu","version":1,"value":15.0669985}
    [16]: {"key":"ig3sg","TOTAL":0.0}
    [17]: {"key":"ibDNj","version":1,"value":16.708918}
    [18]: {"key":"VIToj","version":2,"value":12.178887}
    [19]: {"key":"xR01h","version":0,"value":21.965633}
    [20]: {"key":"y3QTh","version":0,"value":24.709433}
    [21]: {"key":"VIToj","version":2,"value":14.664935}
    [22]: {"key":"NgIDH","version":0,"value":13.224611}
    [23]: {"key":"NFkC3","version":0,"value":24.50273}
    [24]: {"key":"y3QTh","version":1,"value":22.902617}
    [25]: {"key":"cB3nR","version":2,"value":16.969736}
    [26]: {"key":"j8Yx3","version":1,"value":24.85478}
    [27]: {"key":"r9ueA","version":2,"value":14.853217}
    [28]: {"key":"Ail4j","version":1,"value":14.288088}
    [29]: {"key":"xkTHg","version":2,"value":25.437592}
    [30]: {"key":"r9ueA","TOTAL":0.0}
    [31]: {"key":"oA4Pr","version":1,"value":21.823736}
    [32]: {"key":"XImGB","version":1,"value":17.661768}
    [33]: {"key":"nvXJQ","version":2,"value":27.123209}
    [34]: {"key":"cB3nR","TOTAL":0.0}
    [35]: {"key":"M2cxC","version":2,"value":24.55545}
    [36]: {"key":"CgpCQ","version":2,"value":27.594978}
    [37]: {"key":"NCU4x","version":1,"value":22.057953}
    [38]: {"key":"1YMBw","version":2,"value":25.391668}
    [39]: {"key":"LB2tH","version":1,"value":20.615604}
    [40]: {"key":"vFQPm","version":1,"value":18.166286}
    [41]: {"key":"l6Wnb","version":1,"value":24.864613}
    [42]: {"key":"w3Xdt","version":1,"value":15.710228}
    [43]: {"key":"RvQ4X","version":2,"value":25.451694}
    [44]: {"key":"5n9lI","version":1,"value":13.949748}
    [45]: {"key":"T8RZM","version":2,"value":11.584186}
    [46]: {"key":"5n9lI","version":0,"value":1.0761619}
    [47]: {"key":"99EHL","version":0,"value":12.393032}
    [48]: {"key":"xR01h","version":2,"value":30.241714}
    [49]: {"key":"9QFdK","version":0,"value":19.39736}
    [50]: {"key":"2uia3","version":1,"value":20.733921}
    [51]: {"key":"4JyRa","version":1,"value":17.143473}
    [52]: {"key":"1YMBw","TOTAL":0.0}
    [53]: {"key":"vFQPm","TOTAL":50.28305}
    [54]: {"key":"y3QTh","version":0,"value":3.9286196}
    [55]: {"key":"y3QTh","TOTAL":0.0}
    [56]: {"key":"oA4Pr","version":2,"value":23.201864}
    [57]: {"key":"SIJ5a","version":1,"value":25.40536}
    [58]: {"key":"4JyRa","version":1,"value":2.5263715}
    [59]: {"key":"2uia3","version":2,"value":17.68095}
    [60]: {"key":"hcLQk","version":2,"value":11.749467}
    [61]: {"key":"UsMSV","version":1,"value":26.796904}
    [62]: {"key":"FAsrq","version":0,"value":19.70937}
    [63]: {"key":"OoPBK","version":0,"value":13.773706}
    [64]: {"key":"NCU4x","version":0,"value":0.07669687}
    [65]: {"key":"w3Xdt","TOTAL":0.0}
    [66]: {"key":"gphfX","version":2,"value":12.41155}
    [67]: {"key":"ZXjfl","version":1,"value":25.501678}
    [68]: {"key":"yUHf7","version":0,"value":30.123873}
    [69]: {"key":"0saHK","version":2,"value":27.829048}
    [70]: {"key":"FAsrq","version":0,"value":9.772029}
    [71]: {"key":"Q4lZ2","version":2,"value":22.32524}
    [72]: {"key":"OK6Hx","version":1,"value":18.55572}
    [73]: {"key":"ByXVY","version":0,"value":13.76861}
    [74]: {"key":"5ROsA","version":1,"value":29.478033}
    [75]: {"key":"qYicB","version":2,"value":21.58582}
    [76]: {"key":"NgIDH","TOTAL":0.0}

=== GENERATED DATA ===

> Stats
    Total Messages Written: 67
    Total Messages Processed: 77
    Total Redis Updates: 69
    Total Value Written: 1321.4019
    Total Added: 619.5

> Generation Data:
    Tombstone Value Written: 57.721
    Tombstone Count: 10
    Normal Count: 67
    Unstored Count: 8
    Removed Count: 0
    Removed Message Indices: []

> Removed Messages:0

> Unstored Messages:8
    [6]: {"key":"gNFei","version":2,"value":9.509459}
    [21]: {"key":"VIToj","version":2,"value":14.664935}
    [44]: {"key":"5n9lI","version":1,"value":13.949748}
    [46]: {"key":"5n9lI","version":0,"value":1.0761619}
    [54]: {"key":"y3QTh","version":0,"value":3.9286196}
    [58]: {"key":"4JyRa","version":1,"value":2.5263715}
    [64]: {"key":"NCU4x","version":0,"value":0.07669687}
    [70]: {"key":"FAsrq","version":0,"value":9.772029}

> Generated Messages
    [0]: {"key":"0NK7w","version":0,"value":9.940216}
    [1]: {"key":"gNFei","version":2,"value":6.563798}
    [2]: {"key":"ig3sg","version":2,"value":7.4136553}
    [3]: {"key":"dnNu2","version":1,"value":9.153587}
    [4]: {"key":"TdZgg","version":2,"value":16.267569}
    [5]: {"key":"Dd6Y5","version":2,"value":11.332302}
    [6]: {"key":"gNFei","version":2,"value":9.509459}
    [7]: {"key":"kmbwt","version":0,"value":18.043266}
    [8]: {"key":"5n9lI","version":0,"value":1.9081259}
    [9]: {"key":"tnb1k","version":1,"value":2.7406406}
    [10]: {"key":"dnNu2","version":2,"value":14.870863}
    [11]: {"key":"gNFei","TOTAL":0.0}
    [12]: {"key":"tnb1k","TOTAL":7.43795}
    [13]: {"key":"5n9lI","version":1,"value":9.972301}
    [14]: {"key":"IThms","version":1,"value":3.8995695}
    [15]: {"key":"TZVeu","version":1,"value":4.5669985}
    [16]: {"key":"ig3sg","TOTAL":0.0}
    [17]: {"key":"ibDNj","version":1,"value":6.208918}
    [18]: {"key":"VIToj","version":2,"value":1.6788876}
    [19]: {"key":"xR01h","version":0,"value":11.465633}
    [20]: {"key":"y3QTh","version":0,"value":14.209433}
    [21]: {"key":"VIToj","version":2,"value":14.664935}
    [22]: {"key":"NgIDH","version":0,"value":2.7246118}
    [23]: {"key":"NFkC3","version":0,"value":14.002729}
    [24]: {"key":"y3QTh","version":1,"value":12.4026165}
    [25]: {"key":"cB3nR","version":2,"value":6.469736}
    [26]: {"key":"j8Yx3","version":1,"value":14.35478}
    [27]: {"key":"r9ueA","version":2,"value":4.353217}
    [28]: {"key":"Ail4j","version":1,"value":3.7880874}
    [29]: {"key":"xkTHg","version":2,"value":14.937592}
    [30]: {"key":"r9ueA","TOTAL":0.0}
    [31]: {"key":"oA4Pr","version":1,"value":11.323736}
    [32]: {"key":"XImGB","version":1,"value":7.1617675}
    [33]: {"key":"nvXJQ","version":2,"value":16.623209}
    [34]: {"key":"cB3nR","TOTAL":0.0}
    [35]: {"key":"M2cxC","version":2,"value":14.05545}
    [36]: {"key":"CgpCQ","version":2,"value":17.094978}
    [37]: {"key":"NCU4x","version":1,"value":11.557953}
    [38]: {"key":"1YMBw","version":2,"value":14.891668}
    [39]: {"key":"LB2tH","version":1,"value":10.115603}
    [40]: {"key":"vFQPm","version":1,"value":7.6662865}
    [41]: {"key":"l6Wnb","version":1,"value":14.364614}
    [42]: {"key":"w3Xdt","version":1,"value":5.210228}
    [43]: {"key":"RvQ4X","version":2,"value":14.9516945}
    [44]: {"key":"5n9lI","version":1,"value":13.949748}
    [45]: {"key":"T8RZM","version":2,"value":1.0841858}
    [46]: {"key":"5n9lI","version":0,"value":1.0761619}
    [47]: {"key":"99EHL","version":0,"value":1.8930316}
    [48]: {"key":"xR01h","version":2,"value":19.741714}
    [49]: {"key":"9QFdK","version":0,"value":8.89736}
    [50]: {"key":"2uia3","version":1,"value":10.233922}
    [51]: {"key":"4JyRa","version":1,"value":6.6434727}
    [52]: {"key":"1YMBw","TOTAL":0.0}
    [53]: {"key":"vFQPm","TOTAL":50.28305}
    [54]: {"key":"y3QTh","version":0,"value":3.9286196}
    [55]: {"key":"y3QTh","TOTAL":0.0}
    [56]: {"key":"oA4Pr","version":2,"value":12.701864}
    [57]: {"key":"SIJ5a","version":1,"value":14.905359}
    [58]: {"key":"4JyRa","version":1,"value":2.5263715}
    [59]: {"key":"2uia3","version":2,"value":7.1809506}
    [60]: {"key":"hcLQk","version":2,"value":1.2494671}
    [61]: {"key":"UsMSV","version":1,"value":16.296904}
    [62]: {"key":"FAsrq","version":0,"value":9.209371}
    [63]: {"key":"OoPBK","version":0,"value":3.2737064}
    [64]: {"key":"NCU4x","version":0,"value":0.07669687}
    [65]: {"key":"w3Xdt","TOTAL":0.0}
    [66]: {"key":"gphfX","version":2,"value":1.9115496}
    [67]: {"key":"ZXjfl","version":1,"value":15.001679}
    [68]: {"key":"yUHf7","version":0,"value":19.623873}
    [69]: {"key":"0saHK","version":2,"value":17.329048}
    [70]: {"key":"FAsrq","version":0,"value":9.772029}
    [71]: {"key":"Q4lZ2","version":2,"value":11.825239}
    [72]: {"key":"OK6Hx","version":1,"value":8.055719}
    [73]: {"key":"ByXVY","version":0,"value":3.2686102}
    [74]: {"key":"5ROsA","version":1,"value":18.978033}
    [75]: {"key":"qYicB","version":2,"value":11.085819}
    [76]: {"key":"NgIDH","TOTAL":0.0}

> Generated Packets
    [0]: {"key":"0NK7w","version":0,"value":9.940216}
    [1]: {"key":"gNFei","version":2,"value":6.563798}
    [2]: {"key":"ig3sg","version":2,"value":7.4136553}
    [3]: {"key":"dnNu2","version":1,"value":9.153587}
    [4]: {"key":"TdZgg","version":2,"value":16.267569}
    [5]: {"key":"Dd6Y5","version":2,"value":11.332302}
    [6]: {"key":"gNFei","version":2,"value":9.509459}
    [7]: {"key":"kmbwt","version":0,"value":18.043266}
    [8]: {"key":"5n9lI","version":0,"value":1.9081259}
    [9]: {"key":"tnb1k","version":1,"value":2.7406406}
    [10]: {"key":"dnNu2","version":2,"value":14.870863}
    [11]: {"key":"gNFei","TOTAL":0.0}
    [12]: {"key":"tnb1k","TOTAL":7.43795}
    [13]: {"key":"5n9lI","version":1,"value":9.972301}
    [14]: {"key":"IThms","version":1,"value":3.8995695}
    [15]: {"key":"TZVeu","version":1,"value":4.5669985}
    [16]: {"key":"ig3sg","TOTAL":0.0}
    [17]: {"key":"ibDNj","version":1,"value":6.208918}
    [18]: {"key":"VIToj","version":2,"value":1.6788876}
    [19]: {"key":"xR01h","version":0,"value":11.465633}
    [20]: {"key":"y3QTh","version":0,"value":14.209433}
    [21]: {"key":"VIToj","version":2,"value":14.664935}
    [22]: {"key":"NgIDH","version":0,"value":2.7246118}
    [23]: {"key":"NFkC3","version":0,"value":14.002729}
    [24]: {"key":"y3QTh","version":1,"value":12.4026165}
    [25]: {"key":"cB3nR","version":2,"value":6.469736}
    [26]: {"key":"j8Yx3","version":1,"value":14.35478}
    [27]: {"key":"r9ueA","version":2,"value":4.353217}
    [28]: {"key":"Ail4j","version":1,"value":3.7880874}
    [29]: {"key":"xkTHg","version":2,"value":14.937592}
    [30]: {"key":"r9ueA","TOTAL":0.0}
    [31]: {"key":"oA4Pr","version":1,"value":11.323736}
    [32]: {"key":"XImGB","version":1,"value":7.1617675}
    [33]: {"key":"nvXJQ","version":2,"value":16.623209}
    [34]: {"key":"cB3nR","TOTAL":0.0}
    [35]: {"key":"M2cxC","version":2,"value":14.05545}
    [36]: {"key":"CgpCQ","version":2,"value":17.094978}
    [37]: {"key":"NCU4x","version":1,"value":11.557953}
    [38]: {"key":"1YMBw","version":2,"value":14.891668}
    [39]: {"key":"LB2tH","version":1,"value":10.115603}
    [40]: {"key":"vFQPm","version":1,"value":7.6662865}
    [41]: {"key":"l6Wnb","version":1,"value":14.364614}
    [42]: {"key":"w3Xdt","version":1,"value":5.210228}
    [43]: {"key":"RvQ4X","version":2,"value":14.9516945}
    [44]: {"key":"5n9lI","version":1,"value":13.949748}
    [45]: {"key":"T8RZM","version":2,"value":1.0841858}
    [46]: {"key":"5n9lI","version":0,"value":1.0761619}
    [47]: {"key":"99EHL","version":0,"value":1.8930316}
    [48]: {"key":"xR01h","version":2,"value":19.741714}
    [49]: {"key":"9QFdK","version":0,"value":8.89736}
    [50]: {"key":"2uia3","version":1,"value":10.233922}
    [51]: {"key":"4JyRa","version":1,"value":6.6434727}
    [52]: {"key":"1YMBw","TOTAL":0.0}
    [53]: {"key":"vFQPm","TOTAL":50.28305}
    [54]: {"key":"y3QTh","version":0,"value":3.9286196}
    [55]: {"key":"y3QTh","TOTAL":0.0}
    [56]: {"key":"oA4Pr","version":2,"value":12.701864}
    [57]: {"key":"SIJ5a","version":1,"value":14.905359}
    [58]: {"key":"4JyRa","version":1,"value":2.5263715}
    [59]: {"key":"2uia3","version":2,"value":7.1809506}
    [60]: {"key":"hcLQk","version":2,"value":1.2494671}
    [61]: {"key":"UsMSV","version":1,"value":16.296904}
    [62]: {"key":"FAsrq","version":0,"value":9.209371}
    [63]: {"key":"OoPBK","version":0,"value":3.2737064}
    [64]: {"key":"NCU4x","version":0,"value":0.07669687}
    [65]: {"key":"w3Xdt","TOTAL":0.0}
    [66]: {"key":"gphfX","version":2,"value":1.9115496}
    [67]: {"key":"ZXjfl","version":1,"value":15.001679}
    [68]: {"key":"yUHf7","version":0,"value":19.623873}
    [69]: {"key":"0saHK","version":2,"value":17.329048}
    [70]: {"key":"FAsrq","version":0,"value":9.772029}
    [71]: {"key":"Q4lZ2","version":2,"value":11.825239}
    [72]: {"key":"OK6Hx","version":1,"value":8.055719}
    [73]: {"key":"ByXVY","version":0,"value":3.2686102}
    [74]: {"key":"5ROsA","version":1,"value":18.978033}
    [75]: {"key":"qYicB","version":2,"value":11.085819}
    [76]: {"key":"NgIDH","TOTAL":0.0}
