=== TRANSFORM TEST DATA ===

> Generation Data
    numPackets: 30
    Total Messages Written: 24
    Total Messages Processed: 30
    Total Redis Updates: 29
    Total Value Written: 499.72076
    Total Added: 241.5

> Redis cache data:
    Redis Size: 16
    Redis Delta: 13

> Message data
    Tombstone Value Written: 17.956745
    Normal Count: 24
    Tombstone Count: 6
    Tombstone Indices: [29, 26, 7, 18, 24, 11]
    Unwritten Count: 6
    Unwritten Indices: []
    Unstored Count: 1
    Unstored Indices: [6]
    Removed Count: 1
    Removed Message Indices: [1]

Differing Data: (Called Run, Manual Run, Generated Data)
    !DIFFERENT Total Value Written: 499.72073, 499.72073, 499.72076
    !DIFFERENT Total Added: 241.5, 241.5, 241.5
--------------------------------
    !DIFFERENT messagesSize/totalMessagesWritten (Called Run): 30, 24
    !DIFFERENT messagesSize/totalMessagesWritten (Manual Run): 30, 24
--------------------------------

=== CALLED RUN DATA ===
Request: {"readQueue":"TransformTestRead-90617-SHAru","writeQueue":"TransformTestWrite-59887-Te13K","messageCount":30}

> Stats
    Total Messages Written: 24
    Total Messages Processed: 30
    Total Redis Updates: 29
    Total Value Written: 499.72073
    Total Added: 241.5

> Written Messages:30
    [0]: {"key":"YX0Jj","version":2,"value":18.907656}
    [1]: {"key":"9ApSs","version":1,"value":24.95673}
    [2]: {"key":"1qRBi","version":2,"value":18.62135}
    [3]: {"key":"5UbUI","version":0,"value":17.400202}
    [4]: {"key":"cJMHv","version":1,"value":20.802662}
    [5]: {"key":"dXXaB","version":1,"value":23.93407}
    [6]: {"key":"9ApSs","version":1,"value":5.3985524}
    [7]: {"totalMessagesWritten":7,"totalMessagesProcessed":8,"totalRedisUpdates":7,"totalValueWritten":130.02122,"totalAdded":63.0}
    [8]: {"key":"c8qZQ","version":0,"value":22.427149}
    [9]: {"key":"RonQJ","version":2,"value":23.414068}
    [10]: {"key":"mwhp9","version":2,"value":19.664715}
    [11]: {"totalMessagesWritten":10,"totalMessagesProcessed":12,"totalRedisUpdates":11,"totalValueWritten":195.52716,"totalAdded":94.5}
    [12]: {"key":"B5MBA","version":0,"value":26.77272}
    [13]: {"key":"9ApSs","version":2,"value":29.61679}
    [14]: {"key":"hr3MZ","version":1,"value":20.70174}
    [15]: {"key":"uPhwG","version":0,"value":12.596425}
    [16]: {"key":"AMtkw","version":1,"value":24.729786}
    [17]: {"key":"wgma0","version":0,"value":28.067198}
    [18]: {"totalMessagesWritten":16,"totalMessagesProcessed":19,"totalRedisUpdates":18,"totalValueWritten":355.9686,"totalAdded":157.5}
    [19]: {"key":"sWOPw","version":0,"value":16.363419}
    [20]: {"key":"uCw5d","version":2,"value":19.004978}
    [21]: {"key":"WfxN0","version":0,"value":29.36871}
    [22]: {"key":"jyssr","version":2,"value":23.828915}
    [23]: {"key":"a39Ay","version":2,"value":10.555627}
    [24]: {"totalMessagesWritten":21,"totalMessagesProcessed":25,"totalRedisUpdates":24,"totalValueWritten":455.09027,"totalAdded":210.0}
    [25]: {"key":"1pBTw","version":0,"value":13.457763}
    [26]: {"totalMessagesWritten":22,"totalMessagesProcessed":27,"totalRedisUpdates":26,"totalValueWritten":468.54803,"totalAdded":220.5}
    [27]: {"key":"LLqoG","version":0,"value":11.007211}
    [28]: {"key":"sWOPw","version":2,"value":20.165497}
    [29]: {"totalMessagesWritten":24,"totalMessagesProcessed":30,"totalRedisUpdates":29,"totalValueWritten":499.72073,"totalAdded":241.5}

> Cache Entries:16
    [0]: {"key":"YX0Jj","version":2,"value":8.407656}
    [1]: {"key":"5UbUI","version":0,"value":6.900202}
    [2]: {"key":"cJMHv","version":1,"value":10.302662}
    [3]: {"key":"c8qZQ","version":0,"value":11.927149}
    [4]: {"key":"RonQJ","version":2,"value":12.914068}
    [5]: {"key":"B5MBA","version":0,"value":16.27272}
    [6]: {"key":"hr3MZ","version":1,"value":10.201741}
    [7]: {"key":"uPhwG","version":0,"value":2.0964253}
    [8]: {"key":"AMtkw","version":1,"value":14.229785}
    [9]: {"key":"sWOPw","version":2,"value":9.665498}
    [10]: {"key":"uCw5d","version":2,"value":8.504978}
    [11]: {"key":"WfxN0","version":0,"value":18.86871}
    [12]: {"key":"jyssr","version":2,"value":13.328916}
    [13]: {"key":"a39Ay","version":2,"value":0.05562663}
    [14]: {"key":"1pBTw","version":0,"value":2.9577625}
    [15]: {"key":"LLqoG","version":0,"value":0.5072105}

=== MANUAL RUN DATA ===
Request: {"readQueue":"TransformTestRead-60984-OIBDk","writeQueue":"TransformTestWrite-48273-toXWz","messageCount":30}

> Stats
    Total Messages Written: 24
    Total Messages Processed: 30
    Total Redis Updates: 29
    Total Value Written: 499.72073
    !DIFFERENT Total Value Written: 499.72073, 499.72073
    Total Added: 241.5
    !DIFFERENT Total Added: 241.5, 241.5

> Written Messages:30
    [0]: {"key":"YX0Jj","version":2,"value":18.907656}
    [1]: {"key":"9ApSs","version":1,"value":24.95673}
    [2]: {"key":"1qRBi","version":2,"value":18.62135}
    [3]: {"key":"5UbUI","version":0,"value":17.400202}
    [4]: {"key":"cJMHv","version":1,"value":20.802662}
    [5]: {"key":"dXXaB","version":1,"value":23.93407}
    [6]: {"key":"9ApSs","version":1,"value":5.3985524}
    [7]: {"totalMessagesWritten":7,"totalMessagesProcessed":8,"totalRedisUpdates":7,"totalValueWritten":130.02122,"totalAdded":63.0}
    [8]: {"key":"c8qZQ","version":0,"value":22.427149}
    [9]: {"key":"RonQJ","version":2,"value":23.414068}
    [10]: {"key":"mwhp9","version":2,"value":19.664715}
    [11]: {"totalMessagesWritten":10,"totalMessagesProcessed":12,"totalRedisUpdates":11,"totalValueWritten":195.52716,"totalAdded":94.5}
    [12]: {"key":"B5MBA","version":0,"value":26.77272}
    [13]: {"key":"9ApSs","version":2,"value":29.61679}
    [14]: {"key":"hr3MZ","version":1,"value":20.70174}
    [15]: {"key":"uPhwG","version":0,"value":12.596425}
    [16]: {"key":"AMtkw","version":1,"value":24.729786}
    [17]: {"key":"wgma0","version":0,"value":28.067198}
    [18]: {"totalMessagesWritten":16,"totalMessagesProcessed":19,"totalRedisUpdates":18,"totalValueWritten":355.9686,"totalAdded":157.5}
    [19]: {"key":"sWOPw","version":0,"value":16.363419}
    [20]: {"key":"uCw5d","version":2,"value":19.004978}
    [21]: {"key":"WfxN0","version":0,"value":29.36871}
    [22]: {"key":"jyssr","version":2,"value":23.828915}
    [23]: {"key":"a39Ay","version":2,"value":10.555627}
    [24]: {"totalMessagesWritten":21,"totalMessagesProcessed":25,"totalRedisUpdates":24,"totalValueWritten":455.09027,"totalAdded":210.0}
    [25]: {"key":"1pBTw","version":0,"value":13.457763}
    [26]: {"totalMessagesWritten":22,"totalMessagesProcessed":27,"totalRedisUpdates":26,"totalValueWritten":468.54803,"totalAdded":220.5}
    [27]: {"key":"LLqoG","version":0,"value":11.007211}
    [28]: {"key":"sWOPw","version":2,"value":20.165497}
    [29]: {"totalMessagesWritten":24,"totalMessagesProcessed":30,"totalRedisUpdates":29,"totalValueWritten":499.72073,"totalAdded":241.5}

> Cache Entries:16
    [0]: {"key":"YX0Jj","version":2,"value":8.407656}
    [1]: {"key":"5UbUI","version":0,"value":6.900202}
    [2]: {"key":"cJMHv","version":1,"value":10.302662}
    [3]: {"key":"c8qZQ","version":0,"value":11.927149}
    [4]: {"key":"RonQJ","version":2,"value":12.914068}
    [5]: {"key":"B5MBA","version":0,"value":16.27272}
    [6]: {"key":"hr3MZ","version":1,"value":10.201741}
    [7]: {"key":"uPhwG","version":0,"value":2.0964253}
    [8]: {"key":"AMtkw","version":1,"value":14.229785}
    [9]: {"key":"sWOPw","version":2,"value":9.665498}
    [10]: {"key":"uCw5d","version":2,"value":8.504978}
    [11]: {"key":"WfxN0","version":0,"value":18.86871}
    [12]: {"key":"jyssr","version":2,"value":13.328916}
    [13]: {"key":"a39Ay","version":2,"value":0.05562663}
    [14]: {"key":"1pBTw","version":0,"value":2.9577625}
    [15]: {"key":"LLqoG","version":0,"value":0.5072105}

> Read Messages (with updated values):30
    [0]: {"key":"YX0Jj","version":2,"value":18.907656}
    [1]: {"key":"9ApSs","version":1,"value":24.95673}
    [2]: {"key":"1qRBi","version":2,"value":18.62135}
    [3]: {"key":"5UbUI","version":0,"value":17.400202}
    [4]: {"key":"cJMHv","version":1,"value":20.802662}
    [5]: {"key":"dXXaB","version":1,"value":23.93407}
    [6]: {"key":"9ApSs","version":1,"value":5.3985524}
    [7]: {"key":"9ApSs","TOTAL":0.0}
    [8]: {"key":"c8qZQ","version":0,"value":22.427149}
    [9]: {"key":"RonQJ","version":2,"value":23.414068}
    [10]: {"key":"mwhp9","version":2,"value":19.664715}
    [11]: {"key":"dXXaB","TOTAL":0.0}
    [12]: {"key":"B5MBA","version":0,"value":26.77272}
    [13]: {"key":"9ApSs","version":2,"value":29.61679}
    [14]: {"key":"hr3MZ","version":1,"value":20.70174}
    [15]: {"key":"uPhwG","version":0,"value":12.596425}
    [16]: {"key":"AMtkw","version":1,"value":24.729786}
    [17]: {"key":"wgma0","version":0,"value":28.067198}
    [18]: {"key":"1qRBi","TOTAL":17.956745}
    [19]: {"key":"sWOPw","version":0,"value":16.363419}
    [20]: {"key":"uCw5d","version":2,"value":19.004978}
    [21]: {"key":"WfxN0","version":0,"value":29.36871}
    [22]: {"key":"jyssr","version":2,"value":23.828915}
    [23]: {"key":"a39Ay","version":2,"value":10.555627}
    [24]: {"key":"wgma0","TOTAL":0.0}
    [25]: {"key":"1pBTw","version":0,"value":13.457763}
    [26]: {"key":"9ApSs","TOTAL":0.0}
    [27]: {"key":"LLqoG","version":0,"value":11.007211}
    [28]: {"key":"sWOPw","version":2,"value":20.165497}
    [29]: {"key":"mwhp9","TOTAL":0.0}

=== GENERATED DATA ===

> Stats
    Total Messages Written: 24
    Total Messages Processed: 30
    Total Redis Updates: 29
    Total Value Written: 499.72076
    Total Added: 241.5

> Generation Data:
    Tombstone Value Written: 17.956745
    Tombstone Count: 6
    Normal Count: 24
    Unstored Count: 1
    Removed Count: 1
    Removed Message Indices: [1]

> Removed Messages:1
    [1]: {"key":"9ApSs","version":1,"value":14.45673}

> Unstored Messages:1
    [6]: {"key":"9ApSs","version":1,"value":5.3985524}

> Generated Messages
    [0]: {"key":"YX0Jj","version":2,"value":8.407656}
    [1]: {"key":"9ApSs","version":1,"value":14.45673}
    [2]: {"key":"1qRBi","version":2,"value":8.121349}
    [3]: {"key":"5UbUI","version":0,"value":6.900202}
    [4]: {"key":"cJMHv","version":1,"value":10.302662}
    [5]: {"key":"dXXaB","version":1,"value":13.434072}
    [6]: {"key":"9ApSs","version":1,"value":5.3985524}
    [7]: {"key":"9ApSs","TOTAL":0.0}
    [8]: {"key":"c8qZQ","version":0,"value":11.927149}
    [9]: {"key":"RonQJ","version":2,"value":12.914068}
    [10]: {"key":"mwhp9","version":2,"value":9.164716}
    [11]: {"key":"dXXaB","TOTAL":0.0}
    [12]: {"key":"B5MBA","version":0,"value":16.27272}
    [13]: {"key":"9ApSs","version":2,"value":19.11679}
    [14]: {"key":"hr3MZ","version":1,"value":10.201741}
    [15]: {"key":"uPhwG","version":0,"value":2.0964253}
    [16]: {"key":"AMtkw","version":1,"value":14.229785}
    [17]: {"key":"wgma0","version":0,"value":17.567198}
    [18]: {"key":"1qRBi","TOTAL":17.956745}
    [19]: {"key":"sWOPw","version":0,"value":5.8634195}
    [20]: {"key":"uCw5d","version":2,"value":8.504978}
    [21]: {"key":"WfxN0","version":0,"value":18.86871}
    [22]: {"key":"jyssr","version":2,"value":13.328916}
    [23]: {"key":"a39Ay","version":2,"value":0.05562663}
    [24]: {"key":"wgma0","TOTAL":0.0}
    [25]: {"key":"1pBTw","version":0,"value":2.9577625}
    [26]: {"key":"9ApSs","TOTAL":0.0}
    [27]: {"key":"LLqoG","version":0,"value":0.5072105}
    [28]: {"key":"sWOPw","version":2,"value":9.665498}
    [29]: {"key":"mwhp9","TOTAL":0.0}

> Generated Packets
    [0]: {"key":"YX0Jj","version":2,"value":8.407656}
    [1]: {"key":"9ApSs","version":1,"value":14.45673}
    [2]: {"key":"1qRBi","version":2,"value":8.121349}
    [3]: {"key":"5UbUI","version":0,"value":6.900202}
    [4]: {"key":"cJMHv","version":1,"value":10.302662}
    [5]: {"key":"dXXaB","version":1,"value":13.434072}
    [6]: {"key":"9ApSs","version":1,"value":5.3985524}
    [7]: {"key":"9ApSs","TOTAL":0.0}
    [8]: {"key":"c8qZQ","version":0,"value":11.927149}
    [9]: {"key":"RonQJ","version":2,"value":12.914068}
    [10]: {"key":"mwhp9","version":2,"value":9.164716}
    [11]: {"key":"dXXaB","TOTAL":0.0}
    [12]: {"key":"B5MBA","version":0,"value":16.27272}
    [13]: {"key":"9ApSs","version":2,"value":19.11679}
    [14]: {"key":"hr3MZ","version":1,"value":10.201741}
    [15]: {"key":"uPhwG","version":0,"value":2.0964253}
    [16]: {"key":"AMtkw","version":1,"value":14.229785}
    [17]: {"key":"wgma0","version":0,"value":17.567198}
    [18]: {"key":"1qRBi","TOTAL":17.956745}
    [19]: {"key":"sWOPw","version":0,"value":5.8634195}
    [20]: {"key":"uCw5d","version":2,"value":8.504978}
    [21]: {"key":"WfxN0","version":0,"value":18.86871}
    [22]: {"key":"jyssr","version":2,"value":13.328916}
    [23]: {"key":"a39Ay","version":2,"value":0.05562663}
    [24]: {"key":"wgma0","TOTAL":0.0}
    [25]: {"key":"1pBTw","version":0,"value":2.9577625}
    [26]: {"key":"9ApSs","TOTAL":0.0}
    [27]: {"key":"LLqoG","version":0,"value":0.5072105}
    [28]: {"key":"sWOPw","version":2,"value":9.665498}
    [29]: {"key":"mwhp9","TOTAL":0.0}
