=== TRANSFORM TEST DATA ===

> Generation Data
    numPackets: 30
    Total Messages Written: 27
    Total Messages Processed: 30
    Total Redis Updates: 26
    Total Value Written: 466.64557
    Total Added: 241.5

> Redis cache data:
    Redis Size: 18
    Redis Delta: 8

> Message data
    Tombstone Value Written: 0.0
    Normal Count: 27
    Tombstone Count: 3
    Tombstone Indices: [29, 25, 8]
    Unwritten Count: 3
    Unwritten Indices: []
    Unstored Count: 4
    Unstored Indices: [7, 15, 22, 24]
    Removed Count: 2
    Removed Message Indices: [5, 3]

Differing Data: (Called Run, Manual Run, Generated Data)
    !DIFFERENT Total Value Written: 466.64554, 466.64554, 466.64557
    !DIFFERENT Total Added: 241.5, 241.5, 241.5
--------------------------------
    !DIFFERENT messagesSize/totalMessagesWritten (Called Run): 30, 27
    !DIFFERENT messagesSize/totalMessagesWritten (Manual Run): 30, 27
--------------------------------

=== CALLED RUN DATA ===
Request: {"readQueue":"TransformTestRead-82909-vPqbj","writeQueue":"TransformTestWrite-79254-s8FMD","messageCount":30}

> Stats
    Total Messages Written: 27
    Total Messages Processed: 30
    Total Redis Updates: 26
    Total Value Written: 466.64554
    Total Added: 241.5

> Written Messages:30
    [0]: {"key":"GKlnj","version":1,"value":10.856435}
    [1]: {"key":"wChQ0","version":1,"value":22.816256}
    [2]: {"key":"1Lsfq","version":1,"value":23.743275}
    [3]: {"key":"vDLD9","version":1,"value":19.709955}
    [4]: {"key":"dbGay","version":0,"value":25.033821}
    [5]: {"key":"VvpoJ","version":1,"value":13.30746}
    [6]: {"key":"CHLda","version":1,"value":11.185867}
    [7]: {"key":"vDLD9","version":0,"value":6.542858}
    [8]: {"totalMessagesWritten":8,"totalMessagesProcessed":9,"totalRedisUpdates":8,"totalValueWritten":133.19592,"totalAdded":73.5}
    [9]: {"key":"B1VrA","version":0,"value":14.788386}
    [10]: {"key":"Dt8ZD","version":0,"value":16.731392}
    [11]: {"key":"SMEHs","version":1,"value":24.6716}
    [12]: {"key":"4Z6wr","version":2,"value":14.742354}
    [13]: {"key":"Dt8ZD","version":1,"value":19.965399}
    [14]: {"key":"fjUwR","version":1,"value":19.430504}
    [15]: {"key":"Dt8ZD","version":0,"value":4.70677}
    [16]: {"key":"4sUnP","version":0,"value":17.956062}
    [17]: {"key":"kvdOh","version":2,"value":16.097952}
    [18]: {"key":"Rh9QV","version":0,"value":14.987564}
    [19]: {"key":"esLqb","version":2,"value":18.488987}
    [20]: {"key":"GKlnj","version":2,"value":20.214148}
    [21]: {"key":"J9jvd","version":0,"value":26.419743}
    [22]: {"key":"4Z6wr","version":1,"value":11.371326}
    [23]: {"key":"IfQdB","version":0,"value":11.162163}
    [24]: {"key":"vDLD9","version":0,"value":8.164998}
    [25]: {"totalMessagesWritten":24,"totalMessagesProcessed":26,"totalRedisUpdates":22,"totalValueWritten":393.0953,"totalAdded":210.0}
    [26]: {"key":"QrwkO","version":2,"value":29.356527}
    [27]: {"key":"4Tfnx","version":0,"value":27.177727}
    [28]: {"key":"3kAby","version":2,"value":17.01596}
    [29]: {"totalMessagesWritten":27,"totalMessagesProcessed":30,"totalRedisUpdates":26,"totalValueWritten":466.64554,"totalAdded":241.5}

> Cache Entries:18
    [0]: {"key":"GKlnj","version":2,"value":9.714148}
    [1]: {"key":"wChQ0","version":1,"value":12.316256}
    [2]: {"key":"1Lsfq","version":1,"value":13.243274}
    [3]: {"key":"dbGay","version":0,"value":14.53382}
    [4]: {"key":"B1VrA","version":0,"value":4.2883863}
    [5]: {"key":"Dt8ZD","version":1,"value":9.465399}
    [6]: {"key":"SMEHs","version":1,"value":14.171599}
    [7]: {"key":"4Z6wr","version":2,"value":4.2423544}
    [8]: {"key":"fjUwR","version":1,"value":8.930504}
    [9]: {"key":"4sUnP","version":0,"value":7.4560633}
    [10]: {"key":"kvdOh","version":2,"value":5.5979514}
    [11]: {"key":"Rh9QV","version":0,"value":4.4875646}
    [12]: {"key":"esLqb","version":2,"value":7.988987}
    [13]: {"key":"J9jvd","version":0,"value":15.919743}
    [14]: {"key":"IfQdB","version":0,"value":0.6621623}
    [15]: {"key":"QrwkO","version":2,"value":18.856527}
    [16]: {"key":"4Tfnx","version":0,"value":16.677727}
    [17]: {"key":"3kAby","version":2,"value":6.5159597}

=== MANUAL RUN DATA ===
Request: {"readQueue":"TransformTestRead-16877-23Aqt","writeQueue":"TransformTestWrite-91055-LORc7","messageCount":30}

> Stats
    Total Messages Written: 27
    Total Messages Processed: 30
    Total Redis Updates: 26
    Total Value Written: 466.64554
    !DIFFERENT Total Value Written: 466.64554, 466.64554
    Total Added: 241.5
    !DIFFERENT Total Added: 241.5, 241.5

> Written Messages:30
    [0]: {"key":"GKlnj","version":1,"value":10.856435}
    [1]: {"key":"wChQ0","version":1,"value":22.816256}
    [2]: {"key":"1Lsfq","version":1,"value":23.743275}
    [3]: {"key":"vDLD9","version":1,"value":19.709955}
    [4]: {"key":"dbGay","version":0,"value":25.033821}
    [5]: {"key":"VvpoJ","version":1,"value":13.30746}
    [6]: {"key":"CHLda","version":1,"value":11.185867}
    [7]: {"key":"vDLD9","version":0,"value":6.542858}
    [8]: {"totalMessagesWritten":8,"totalMessagesProcessed":9,"totalRedisUpdates":8,"totalValueWritten":133.19592,"totalAdded":73.5}
    [9]: {"key":"B1VrA","version":0,"value":14.788386}
    [10]: {"key":"Dt8ZD","version":0,"value":16.731392}
    [11]: {"key":"SMEHs","version":1,"value":24.6716}
    [12]: {"key":"4Z6wr","version":2,"value":14.742354}
    [13]: {"key":"Dt8ZD","version":1,"value":19.965399}
    [14]: {"key":"fjUwR","version":1,"value":19.430504}
    [15]: {"key":"Dt8ZD","version":0,"value":4.70677}
    [16]: {"key":"4sUnP","version":0,"value":17.956062}
    [17]: {"key":"kvdOh","version":2,"value":16.097952}
    [18]: {"key":"Rh9QV","version":0,"value":14.987564}
    [19]: {"key":"esLqb","version":2,"value":18.488987}
    [20]: {"key":"GKlnj","version":2,"value":20.214148}
    [21]: {"key":"J9jvd","version":0,"value":26.419743}
    [22]: {"key":"4Z6wr","version":1,"value":11.371326}
    [23]: {"key":"IfQdB","version":0,"value":11.162163}
    [24]: {"key":"vDLD9","version":0,"value":8.164998}
    [25]: {"totalMessagesWritten":24,"totalMessagesProcessed":26,"totalRedisUpdates":22,"totalValueWritten":393.0953,"totalAdded":210.0}
    [26]: {"key":"QrwkO","version":2,"value":29.356527}
    [27]: {"key":"4Tfnx","version":0,"value":27.177727}
    [28]: {"key":"3kAby","version":2,"value":17.01596}
    [29]: {"totalMessagesWritten":27,"totalMessagesProcessed":30,"totalRedisUpdates":26,"totalValueWritten":466.64554,"totalAdded":241.5}

> Cache Entries:18
    [0]: {"key":"GKlnj","version":2,"value":9.714148}
    [1]: {"key":"wChQ0","version":1,"value":12.316256}
    [2]: {"key":"1Lsfq","version":1,"value":13.243274}
    [3]: {"key":"dbGay","version":0,"value":14.53382}
    [4]: {"key":"B1VrA","version":0,"value":4.2883863}
    [5]: {"key":"Dt8ZD","version":1,"value":9.465399}
    [6]: {"key":"SMEHs","version":1,"value":14.171599}
    [7]: {"key":"4Z6wr","version":2,"value":4.2423544}
    [8]: {"key":"fjUwR","version":1,"value":8.930504}
    [9]: {"key":"4sUnP","version":0,"value":7.4560633}
    [10]: {"key":"kvdOh","version":2,"value":5.5979514}
    [11]: {"key":"Rh9QV","version":0,"value":4.4875646}
    [12]: {"key":"esLqb","version":2,"value":7.988987}
    [13]: {"key":"J9jvd","version":0,"value":15.919743}
    [14]: {"key":"IfQdB","version":0,"value":0.6621623}
    [15]: {"key":"QrwkO","version":2,"value":18.856527}
    [16]: {"key":"4Tfnx","version":0,"value":16.677727}
    [17]: {"key":"3kAby","version":2,"value":6.5159597}

> Read Messages (with updated values):30
    [0]: {"key":"GKlnj","version":1,"value":10.856435}
    [1]: {"key":"wChQ0","version":1,"value":22.816256}
    [2]: {"key":"1Lsfq","version":1,"value":23.743275}
    [3]: {"key":"vDLD9","version":1,"value":19.709955}
    [4]: {"key":"dbGay","version":0,"value":25.033821}
    [5]: {"key":"VvpoJ","version":1,"value":13.30746}
    [6]: {"key":"CHLda","version":1,"value":11.185867}
    [7]: {"key":"vDLD9","version":0,"value":6.542858}
    [8]: {"key":"VvpoJ","TOTAL":0.0}
    [9]: {"key":"B1VrA","version":0,"value":14.788386}
    [10]: {"key":"Dt8ZD","version":0,"value":16.731392}
    [11]: {"key":"SMEHs","version":1,"value":24.6716}
    [12]: {"key":"4Z6wr","version":2,"value":14.742354}
    [13]: {"key":"Dt8ZD","version":1,"value":19.965399}
    [14]: {"key":"fjUwR","version":1,"value":19.430504}
    [15]: {"key":"Dt8ZD","version":0,"value":4.70677}
    [16]: {"key":"4sUnP","version":0,"value":17.956062}
    [17]: {"key":"kvdOh","version":2,"value":16.097952}
    [18]: {"key":"Rh9QV","version":0,"value":14.987564}
    [19]: {"key":"esLqb","version":2,"value":18.488987}
    [20]: {"key":"GKlnj","version":2,"value":20.214148}
    [21]: {"key":"J9jvd","version":0,"value":26.419743}
    [22]: {"key":"4Z6wr","version":1,"value":11.371326}
    [23]: {"key":"IfQdB","version":0,"value":11.162163}
    [24]: {"key":"vDLD9","version":0,"value":8.164998}
    [25]: {"key":"CHLda","TOTAL":0.0}
    [26]: {"key":"QrwkO","version":2,"value":29.356527}
    [27]: {"key":"4Tfnx","version":0,"value":27.177727}
    [28]: {"key":"3kAby","version":2,"value":17.01596}
    [29]: {"key":"vDLD9","TOTAL":0.0}

=== GENERATED DATA ===

> Stats
    Total Messages Written: 27
    Total Messages Processed: 30
    Total Redis Updates: 26
    Total Value Written: 466.64557
    Total Added: 241.5

> Generation Data:
    Tombstone Value Written: 0.0
    Tombstone Count: 3
    Normal Count: 27
    Unstored Count: 4
    Removed Count: 2
    Removed Message Indices: [5, 3]

> Removed Messages:2
    [5]: {"key":"VvpoJ","version":1,"value":2.8074598}
    [3]: {"key":"vDLD9","version":1,"value":9.209955}

> Unstored Messages:4
    [7]: {"key":"vDLD9","version":0,"value":6.542858}
    [15]: {"key":"Dt8ZD","version":0,"value":4.70677}
    [22]: {"key":"4Z6wr","version":1,"value":11.371326}
    [24]: {"key":"vDLD9","version":0,"value":8.164998}

> Generated Messages
    [0]: {"key":"GKlnj","version":1,"value":0.35643458}
    [1]: {"key":"wChQ0","version":1,"value":12.316256}
    [2]: {"key":"1Lsfq","version":1,"value":13.243274}
    [3]: {"key":"vDLD9","version":1,"value":9.209955}
    [4]: {"key":"dbGay","version":0,"value":14.53382}
    [5]: {"key":"VvpoJ","version":1,"value":2.8074598}
    [6]: {"key":"CHLda","version":1,"value":0.6858671}
    [7]: {"key":"vDLD9","version":0,"value":6.542858}
    [8]: {"key":"VvpoJ","TOTAL":0.0}
    [9]: {"key":"B1VrA","version":0,"value":4.2883863}
    [10]: {"key":"Dt8ZD","version":0,"value":6.231393}
    [11]: {"key":"SMEHs","version":1,"value":14.171599}
    [12]: {"key":"4Z6wr","version":2,"value":4.2423544}
    [13]: {"key":"Dt8ZD","version":1,"value":9.465399}
    [14]: {"key":"fjUwR","version":1,"value":8.930504}
    [15]: {"key":"Dt8ZD","version":0,"value":4.70677}
    [16]: {"key":"4sUnP","version":0,"value":7.4560633}
    [17]: {"key":"kvdOh","version":2,"value":5.5979514}
    [18]: {"key":"Rh9QV","version":0,"value":4.4875646}
    [19]: {"key":"esLqb","version":2,"value":7.988987}
    [20]: {"key":"GKlnj","version":2,"value":9.714148}
    [21]: {"key":"J9jvd","version":0,"value":15.919743}
    [22]: {"key":"4Z6wr","version":1,"value":11.371326}
    [23]: {"key":"IfQdB","version":0,"value":0.6621623}
    [24]: {"key":"vDLD9","version":0,"value":8.164998}
    [25]: {"key":"CHLda","TOTAL":0.0}
    [26]: {"key":"QrwkO","version":2,"value":18.856527}
    [27]: {"key":"4Tfnx","version":0,"value":16.677727}
    [28]: {"key":"3kAby","version":2,"value":6.5159597}
    [29]: {"key":"vDLD9","TOTAL":0.0}

> Generated Packets
    [0]: {"key":"GKlnj","version":1,"value":0.35643458}
    [1]: {"key":"wChQ0","version":1,"value":12.316256}
    [2]: {"key":"1Lsfq","version":1,"value":13.243274}
    [3]: {"key":"vDLD9","version":1,"value":9.209955}
    [4]: {"key":"dbGay","version":0,"value":14.53382}
    [5]: {"key":"VvpoJ","version":1,"value":2.8074598}
    [6]: {"key":"CHLda","version":1,"value":0.6858671}
    [7]: {"key":"vDLD9","version":0,"value":6.542858}
    [8]: {"key":"VvpoJ","TOTAL":0.0}
    [9]: {"key":"B1VrA","version":0,"value":4.2883863}
    [10]: {"key":"Dt8ZD","version":0,"value":6.231393}
    [11]: {"key":"SMEHs","version":1,"value":14.171599}
    [12]: {"key":"4Z6wr","version":2,"value":4.2423544}
    [13]: {"key":"Dt8ZD","version":1,"value":9.465399}
    [14]: {"key":"fjUwR","version":1,"value":8.930504}
    [15]: {"key":"Dt8ZD","version":0,"value":4.70677}
    [16]: {"key":"4sUnP","version":0,"value":7.4560633}
    [17]: {"key":"kvdOh","version":2,"value":5.5979514}
    [18]: {"key":"Rh9QV","version":0,"value":4.4875646}
    [19]: {"key":"esLqb","version":2,"value":7.988987}
    [20]: {"key":"GKlnj","version":2,"value":9.714148}
    [21]: {"key":"J9jvd","version":0,"value":15.919743}
    [22]: {"key":"4Z6wr","version":1,"value":11.371326}
    [23]: {"key":"IfQdB","version":0,"value":0.6621623}
    [24]: {"key":"vDLD9","version":0,"value":8.164998}
    [25]: {"key":"CHLda","TOTAL":0.0}
    [26]: {"key":"QrwkO","version":2,"value":18.856527}
    [27]: {"key":"4Tfnx","version":0,"value":16.677727}
    [28]: {"key":"3kAby","version":2,"value":6.5159597}
    [29]: {"key":"vDLD9","TOTAL":0.0}
