=== TRANSFORM TEST DATA ===

> Generation Data
    numPackets: 48
    Total Messages Written: 43
    Total Messages Processed: 48
    Total Redis Updates: 46
    Total Value Written: 836.7165
    Total Added: 430.5

> Redis cache data:
    Redis Size: 32
    Redis Delta: 14

> Message data
    Tombstone Value Written: 0.0
    Normal Count: 42
    Tombstone Count: 6
    Tombstone Indices: [47, 23, 34, 44, 14, 14]
    Unwritten Count: 5
    Unwritten Indices: [0]
    Unstored Count: 2
    Unstored Indices: [35, 43]
    Removed Count: 0
    Removed Message Indices: []

Differing Data: (Called Run, Manual Run, Generated Data)
    !DIFFERENT Total Value Written: 836.7165, 836.7165, 836.7165
    !DIFFERENT Total Added: 430.5, 430.5, 430.5
--------------------------------
    !DIFFERENT messagesSize/totalMessagesWritten (Called Run): 48, 43
    !DIFFERENT messagesSize/totalMessagesWritten (Manual Run): 48, 43
--------------------------------

=== CALLED RUN DATA ===
Request: {"readQueue":"TransformTestRead-84491-6E41P","writeQueue":"TransformTestWrite-30915-SQEoS","messageCount":48}

> Stats
    Total Messages Written: 43
    Total Messages Processed: 48
    Total Redis Updates: 46
    Total Value Written: 836.7165
    Total Added: 430.5

> Written Messages:48
    [0]: {"key":"W9CaR","version":2,"value":29.880316}
    [1]: {"key":"Ry7F4","version":0,"value":22.062408}
    [2]: {"key":"7qOU1","version":2,"value":17.954756}
    [3]: {"key":"OENm6","version":1,"value":13.569491}
    [4]: {"key":"oAPX5","version":1,"value":30.497574}
    [5]: {"key":"2w9aV","version":1,"value":15.695135}
    [6]: {"key":"G1suu","version":2,"value":20.707687}
    [7]: {"key":"M2aDH","version":0,"value":13.017839}
    [8]: {"key":"AgHBd","version":1,"value":13.838641}
    [9]: {"key":"Ry7F4","version":2,"value":13.752083}
    [10]: {"key":"aSs2s","version":0,"value":19.523205}
    [11]: {"key":"M2aDH","version":1,"value":23.108606}
    [12]: {"key":"JmTe7","version":0,"value":27.268452}
    [13]: {"key":"ARrSI","version":1,"value":18.42321}
    [14]: {"totalMessagesWritten":14,"totalMessagesProcessed":15,"totalRedisUpdates":15,"totalValueWritten":279.2994,"totalAdded":147.0}
    [15]: {"key":"Fv5gD","version":2,"value":18.761961}
    [16]: {"key":"dCL0R","version":1,"value":12.160691}
    [17]: {"key":"jAhxq","version":1,"value":14.535986}
    [18]: {"key":"dCL0R","version":2,"value":11.851327}
    [19]: {"key":"HAwnc","version":1,"value":12.901438}
    [20]: {"key":"hJ5dA","version":1,"value":15.280405}
    [21]: {"key":"5ThZV","version":2,"value":17.875887}
    [22]: {"key":"0TMOd","version":0,"value":30.271534}
    [23]: {"totalMessagesWritten":22,"totalMessagesProcessed":24,"totalRedisUpdates":24,"totalValueWritten":412.93863,"totalAdded":231.0}
    [24]: {"key":"6yTyJ","version":1,"value":23.379143}
    [25]: {"key":"JHibq","version":0,"value":21.679155}
    [26]: {"key":"0TMOd","version":1,"value":19.190977}
    [27]: {"key":"eO6Yg","version":2,"value":23.298407}
    [28]: {"key":"7DMvB","version":0,"value":27.414818}
    [29]: {"key":"ZnxvP","version":1,"value":11.164042}
    [30]: {"key":"dxAqd","version":0,"value":26.252996}
    [31]: {"key":"dZNkY","version":1,"value":14.707506}
    [32]: {"key":"qFTeX","version":1,"value":10.669838}
    [33]: {"key":"6E6gV","version":1,"value":10.692376}
    [34]: {"totalMessagesWritten":32,"totalMessagesProcessed":35,"totalRedisUpdates":35,"totalValueWritten":601.38794,"totalAdded":336.0}
    [35]: {"key":"G1suu","version":1,"value":11.998871}
    [36]: {"key":"CxaZ8","version":2,"value":24.15348}
    [37]: {"key":"VoLq0","version":1,"value":22.59575}
    [38]: {"key":"yAGec","version":0,"value":27.947105}
    [39]: {"key":"Ieb0k","version":2,"value":26.493122}
    [40]: {"key":"rXOt7","version":2,"value":22.85016}
    [41]: {"key":"pLC6h","version":0,"value":26.303518}
    [42]: {"key":"T2MYi","version":1,"value":23.30254}
    [43]: {"key":"7DMvB","version":0,"value":13.906742}
    [44]: {"totalMessagesWritten":41,"totalMessagesProcessed":45,"totalRedisUpdates":43,"totalValueWritten":800.9393,"totalAdded":409.5}
    [45]: {"key":"pOtfk","version":1,"value":21.183243}
    [46]: {"key":"9xy8I","version":2,"value":14.593996}
    [47]: {"totalMessagesWritten":43,"totalMessagesProcessed":48,"totalRedisUpdates":46,"totalValueWritten":836.7165,"totalAdded":430.5}

> Cache Entries:32
    [0]: {"key":"Ry7F4","version":2,"value":3.252083}
    [1]: {"key":"7qOU1","version":2,"value":7.4547553}
    [2]: {"key":"oAPX5","version":1,"value":19.997574}
    [3]: {"key":"G1suu","version":2,"value":10.207687}
    [4]: {"key":"M2aDH","version":1,"value":12.608606}
    [5]: {"key":"AgHBd","version":1,"value":3.338641}
    [6]: {"key":"aSs2s","version":0,"value":9.023205}
    [7]: {"key":"JmTe7","version":0,"value":16.768452}
    [8]: {"key":"ARrSI","version":1,"value":7.923211}
    [9]: {"key":"Fv5gD","version":2,"value":8.261961}
    [10]: {"key":"dCL0R","version":2,"value":1.3513267}
    [11]: {"key":"jAhxq","version":1,"value":4.0359855}
    [12]: {"key":"HAwnc","version":1,"value":2.4014378}
    [13]: {"key":"hJ5dA","version":1,"value":4.7804046}
    [14]: {"key":"5ThZV","version":2,"value":7.3758864}
    [15]: {"key":"6yTyJ","version":1,"value":12.879142}
    [16]: {"key":"eO6Yg","version":2,"value":12.798407}
    [17]: {"key":"7DMvB","version":0,"value":16.914818}
    [18]: {"key":"ZnxvP","version":1,"value":0.66404223}
    [19]: {"key":"dxAqd","version":0,"value":15.752996}
    [20]: {"key":"dZNkY","version":1,"value":4.207506}
    [21]: {"key":"qFTeX","version":1,"value":0.16983747}
    [22]: {"key":"6E6gV","version":1,"value":0.19237638}
    [23]: {"key":"CxaZ8","version":2,"value":13.65348}
    [24]: {"key":"VoLq0","version":1,"value":12.095751}
    [25]: {"key":"yAGec","version":0,"value":17.447105}
    [26]: {"key":"Ieb0k","version":2,"value":15.993122}
    [27]: {"key":"rXOt7","version":2,"value":12.350161}
    [28]: {"key":"pLC6h","version":0,"value":15.803518}
    [29]: {"key":"T2MYi","version":1,"value":12.80254}
    [30]: {"key":"pOtfk","version":1,"value":10.683243}
    [31]: {"key":"9xy8I","version":2,"value":4.093996}

=== MANUAL RUN DATA ===
Request: {"readQueue":"TransformTestRead-29204-hXkqq","writeQueue":"TransformTestWrite-71309-nzBAf","messageCount":48}

> Stats
    Total Messages Written: 43
    Total Messages Processed: 48
    Total Redis Updates: 46
    Total Value Written: 836.7165
    !DIFFERENT Total Value Written: 836.7165, 836.7165
    Total Added: 430.5
    !DIFFERENT Total Added: 430.5, 430.5

> Written Messages:48
    [0]: {"key":"W9CaR","version":2,"value":29.880316}
    [1]: {"key":"Ry7F4","version":0,"value":22.062408}
    [2]: {"key":"7qOU1","version":2,"value":17.954756}
    [3]: {"key":"OENm6","version":1,"value":13.569491}
    [4]: {"key":"oAPX5","version":1,"value":30.497574}
    [5]: {"key":"2w9aV","version":1,"value":15.695135}
    [6]: {"key":"G1suu","version":2,"value":20.707687}
    [7]: {"key":"M2aDH","version":0,"value":13.017839}
    [8]: {"key":"AgHBd","version":1,"value":13.838641}
    [9]: {"key":"Ry7F4","version":2,"value":13.752083}
    [10]: {"key":"aSs2s","version":0,"value":19.523205}
    [11]: {"key":"M2aDH","version":1,"value":23.108606}
    [12]: {"key":"JmTe7","version":0,"value":27.268452}
    [13]: {"key":"ARrSI","version":1,"value":18.42321}
    [14]: {"totalMessagesWritten":14,"totalMessagesProcessed":15,"totalRedisUpdates":15,"totalValueWritten":279.2994,"totalAdded":147.0}
    [15]: {"key":"Fv5gD","version":2,"value":18.761961}
    [16]: {"key":"dCL0R","version":1,"value":12.160691}
    [17]: {"key":"jAhxq","version":1,"value":14.535986}
    [18]: {"key":"dCL0R","version":2,"value":11.851327}
    [19]: {"key":"HAwnc","version":1,"value":12.901438}
    [20]: {"key":"hJ5dA","version":1,"value":15.280405}
    [21]: {"key":"5ThZV","version":2,"value":17.875887}
    [22]: {"key":"0TMOd","version":0,"value":30.271534}
    [23]: {"totalMessagesWritten":22,"totalMessagesProcessed":24,"totalRedisUpdates":24,"totalValueWritten":412.93863,"totalAdded":231.0}
    [24]: {"key":"6yTyJ","version":1,"value":23.379143}
    [25]: {"key":"JHibq","version":0,"value":21.679155}
    [26]: {"key":"0TMOd","version":1,"value":19.190977}
    [27]: {"key":"eO6Yg","version":2,"value":23.298407}
    [28]: {"key":"7DMvB","version":0,"value":27.414818}
    [29]: {"key":"ZnxvP","version":1,"value":11.164042}
    [30]: {"key":"dxAqd","version":0,"value":26.252996}
    [31]: {"key":"dZNkY","version":1,"value":14.707506}
    [32]: {"key":"qFTeX","version":1,"value":10.669838}
    [33]: {"key":"6E6gV","version":1,"value":10.692376}
    [34]: {"totalMessagesWritten":32,"totalMessagesProcessed":35,"totalRedisUpdates":35,"totalValueWritten":601.38794,"totalAdded":336.0}
    [35]: {"key":"G1suu","version":1,"value":11.998871}
    [36]: {"key":"CxaZ8","version":2,"value":24.15348}
    [37]: {"key":"VoLq0","version":1,"value":22.59575}
    [38]: {"key":"yAGec","version":0,"value":27.947105}
    [39]: {"key":"Ieb0k","version":2,"value":26.493122}
    [40]: {"key":"rXOt7","version":2,"value":22.85016}
    [41]: {"key":"pLC6h","version":0,"value":26.303518}
    [42]: {"key":"T2MYi","version":1,"value":23.30254}
    [43]: {"key":"7DMvB","version":0,"value":13.906742}
    [44]: {"totalMessagesWritten":41,"totalMessagesProcessed":45,"totalRedisUpdates":43,"totalValueWritten":800.9393,"totalAdded":409.5}
    [45]: {"key":"pOtfk","version":1,"value":21.183243}
    [46]: {"key":"9xy8I","version":2,"value":14.593996}
    [47]: {"totalMessagesWritten":43,"totalMessagesProcessed":48,"totalRedisUpdates":46,"totalValueWritten":836.7165,"totalAdded":430.5}

> Cache Entries:32
    [0]: {"key":"Ry7F4","version":2,"value":3.252083}
    [1]: {"key":"7qOU1","version":2,"value":7.4547553}
    [2]: {"key":"oAPX5","version":1,"value":19.997574}
    [3]: {"key":"G1suu","version":2,"value":10.207687}
    [4]: {"key":"M2aDH","version":1,"value":12.608606}
    [5]: {"key":"AgHBd","version":1,"value":3.338641}
    [6]: {"key":"aSs2s","version":0,"value":9.023205}
    [7]: {"key":"JmTe7","version":0,"value":16.768452}
    [8]: {"key":"ARrSI","version":1,"value":7.923211}
    [9]: {"key":"Fv5gD","version":2,"value":8.261961}
    [10]: {"key":"dCL0R","version":2,"value":1.3513267}
    [11]: {"key":"jAhxq","version":1,"value":4.0359855}
    [12]: {"key":"HAwnc","version":1,"value":2.4014378}
    [13]: {"key":"hJ5dA","version":1,"value":4.7804046}
    [14]: {"key":"5ThZV","version":2,"value":7.3758864}
    [15]: {"key":"6yTyJ","version":1,"value":12.879142}
    [16]: {"key":"eO6Yg","version":2,"value":12.798407}
    [17]: {"key":"7DMvB","version":0,"value":16.914818}
    [18]: {"key":"ZnxvP","version":1,"value":0.66404223}
    [19]: {"key":"dxAqd","version":0,"value":15.752996}
    [20]: {"key":"dZNkY","version":1,"value":4.207506}
    [21]: {"key":"qFTeX","version":1,"value":0.16983747}
    [22]: {"key":"6E6gV","version":1,"value":0.19237638}
    [23]: {"key":"CxaZ8","version":2,"value":13.65348}
    [24]: {"key":"VoLq0","version":1,"value":12.095751}
    [25]: {"key":"yAGec","version":0,"value":17.447105}
    [26]: {"key":"Ieb0k","version":2,"value":15.993122}
    [27]: {"key":"rXOt7","version":2,"value":12.350161}
    [28]: {"key":"pLC6h","version":0,"value":15.803518}
    [29]: {"key":"T2MYi","version":1,"value":12.80254}
    [30]: {"key":"pOtfk","version":1,"value":10.683243}
    [31]: {"key":"9xy8I","version":2,"value":4.093996}

> Read Messages (with updated values):48
    [0]: {"key":"W9CaR","version":2,"value":29.880316}
    [1]: {"key":"Ry7F4","version":0,"value":22.062408}
    [2]: {"key":"7qOU1","version":2,"value":17.954756}
    [3]: {"key":"OENm6","version":1,"value":13.569491}
    [4]: {"key":"oAPX5","version":1,"value":30.497574}
    [5]: {"key":"2w9aV","version":1,"value":15.695135}
    [6]: {"key":"G1suu","version":2,"value":20.707687}
    [7]: {"key":"M2aDH","version":0,"value":13.017839}
    [8]: {"key":"AgHBd","version":1,"value":13.838641}
    [9]: {"key":"Ry7F4","version":2,"value":13.752083}
    [10]: {"key":"aSs2s","version":0,"value":19.523205}
    [11]: {"key":"M2aDH","version":1,"value":23.108606}
    [12]: {"key":"JmTe7","version":0,"value":27.268452}
    [13]: {"key":"ARrSI","version":1,"value":18.42321}
    [14]: {"key":"W9CaR","TOTAL":0.0}
    [15]: {"key":"Fv5gD","version":2,"value":18.761961}
    [16]: {"key":"dCL0R","version":1,"value":12.160691}
    [17]: {"key":"jAhxq","version":1,"value":14.535986}
    [18]: {"key":"dCL0R","version":2,"value":11.851327}
    [19]: {"key":"HAwnc","version":1,"value":12.901438}
    [20]: {"key":"hJ5dA","version":1,"value":15.280405}
    [21]: {"key":"5ThZV","version":2,"value":17.875887}
    [22]: {"key":"0TMOd","version":0,"value":30.271534}
    [23]: {"key":"2w9aV","TOTAL":0.0}
    [24]: {"key":"6yTyJ","version":1,"value":23.379143}
    [25]: {"key":"JHibq","version":0,"value":21.679155}
    [26]: {"key":"0TMOd","version":1,"value":19.190977}
    [27]: {"key":"eO6Yg","version":2,"value":23.298407}
    [28]: {"key":"7DMvB","version":0,"value":27.414818}
    [29]: {"key":"ZnxvP","version":1,"value":11.164042}
    [30]: {"key":"dxAqd","version":0,"value":26.252996}
    [31]: {"key":"dZNkY","version":1,"value":14.707506}
    [32]: {"key":"qFTeX","version":1,"value":10.669838}
    [33]: {"key":"6E6gV","version":1,"value":10.692376}
    [34]: {"key":"OENm6","TOTAL":0.0}
    [35]: {"key":"G1suu","version":1,"value":11.998871}
    [36]: {"key":"CxaZ8","version":2,"value":24.15348}
    [37]: {"key":"VoLq0","version":1,"value":22.59575}
    [38]: {"key":"yAGec","version":0,"value":27.947105}
    [39]: {"key":"Ieb0k","version":2,"value":26.493122}
    [40]: {"key":"rXOt7","version":2,"value":22.85016}
    [41]: {"key":"pLC6h","version":0,"value":26.303518}
    [42]: {"key":"T2MYi","version":1,"value":23.30254}
    [43]: {"key":"7DMvB","version":0,"value":13.906742}
    [44]: {"key":"0TMOd","TOTAL":0.0}
    [45]: {"key":"pOtfk","version":1,"value":21.183243}
    [46]: {"key":"9xy8I","version":2,"value":14.593996}
    [47]: {"key":"JHibq","TOTAL":0.0}

=== GENERATED DATA ===

> Stats
    Total Messages Written: 43
    Total Messages Processed: 48
    Total Redis Updates: 46
    Total Value Written: 836.7165
    Total Added: 430.5

> Generation Data:
    Tombstone Value Written: 0.0
    Tombstone Count: 6
    Normal Count: 42
    Unstored Count: 2
    Removed Count: 0
    Removed Message Indices: []

> Removed Messages:0

> Unstored Messages:2
    [35]: {"key":"G1suu","version":1,"value":11.998871}
    [43]: {"key":"7DMvB","version":0,"value":13.906742}

> Generated Messages
    [0]: {"key":"W9CaR","version":2,"value":19.380316}
    [1]: {"key":"Ry7F4","version":0,"value":11.562409}
    [2]: {"key":"7qOU1","version":2,"value":7.4547553}
    [3]: {"key":"OENm6","version":1,"value":3.0694914}
    [4]: {"key":"oAPX5","version":1,"value":19.997574}
    [5]: {"key":"2w9aV","version":1,"value":5.195135}
    [6]: {"key":"G1suu","version":2,"value":10.207687}
    [7]: {"key":"M2aDH","version":0,"value":2.5178397}
    [8]: {"key":"AgHBd","version":1,"value":3.338641}
    [9]: {"key":"Ry7F4","version":2,"value":3.252083}
    [10]: {"key":"aSs2s","version":0,"value":9.023205}
    [11]: {"key":"M2aDH","version":1,"value":12.608606}
    [12]: {"key":"JmTe7","version":0,"value":16.768452}
    [13]: {"key":"ARrSI","version":1,"value":7.923211}
    [14]: {"key":"W9CaR","TOTAL":0.0}
    [15]: {"key":"Fv5gD","version":2,"value":8.261961}
    [16]: {"key":"dCL0R","version":1,"value":1.6606915}
    [17]: {"key":"jAhxq","version":1,"value":4.0359855}
    [18]: {"key":"dCL0R","version":2,"value":1.3513267}
    [19]: {"key":"HAwnc","version":1,"value":2.4014378}
    [20]: {"key":"hJ5dA","version":1,"value":4.7804046}
    [21]: {"key":"5ThZV","version":2,"value":7.3758864}
    [22]: {"key":"0TMOd","version":0,"value":19.771534}
    [23]: {"key":"2w9aV","TOTAL":0.0}
    [24]: {"key":"6yTyJ","version":1,"value":12.879142}
    [25]: {"key":"JHibq","version":0,"value":11.179155}
    [26]: {"key":"0TMOd","version":1,"value":8.690977}
    [27]: {"key":"eO6Yg","version":2,"value":12.798407}
    [28]: {"key":"7DMvB","version":0,"value":16.914818}
    [29]: {"key":"ZnxvP","version":1,"value":0.66404223}
    [30]: {"key":"dxAqd","version":0,"value":15.752996}
    [31]: {"key":"dZNkY","version":1,"value":4.207506}
    [32]: {"key":"qFTeX","version":1,"value":0.16983747}
    [33]: {"key":"6E6gV","version":1,"value":0.19237638}
    [34]: {"key":"OENm6","TOTAL":0.0}
    [35]: {"key":"G1suu","version":1,"value":11.998871}
    [36]: {"key":"CxaZ8","version":2,"value":13.65348}
    [37]: {"key":"VoLq0","version":1,"value":12.095751}
    [38]: {"key":"yAGec","version":0,"value":17.447105}
    [39]: {"key":"Ieb0k","version":2,"value":15.993122}
    [40]: {"key":"rXOt7","version":2,"value":12.350161}
    [41]: {"key":"pLC6h","version":0,"value":15.803518}
    [42]: {"key":"T2MYi","version":1,"value":12.80254}
    [43]: {"key":"7DMvB","version":0,"value":13.906742}
    [44]: {"key":"0TMOd","TOTAL":0.0}
    [45]: {"key":"pOtfk","version":1,"value":10.683243}
    [46]: {"key":"9xy8I","version":2,"value":4.093996}
    [47]: {"key":"JHibq","TOTAL":0.0}

> Generated Packets
    [0]: {"key":"W9CaR","version":2,"value":19.380316}
    [1]: {"key":"Ry7F4","version":0,"value":11.562409}
    [2]: {"key":"7qOU1","version":2,"value":7.4547553}
    [3]: {"key":"OENm6","version":1,"value":3.0694914}
    [4]: {"key":"oAPX5","version":1,"value":19.997574}
    [5]: {"key":"2w9aV","version":1,"value":5.195135}
    [6]: {"key":"G1suu","version":2,"value":10.207687}
    [7]: {"key":"M2aDH","version":0,"value":2.5178397}
    [8]: {"key":"AgHBd","version":1,"value":3.338641}
    [9]: {"key":"Ry7F4","version":2,"value":3.252083}
    [10]: {"key":"aSs2s","version":0,"value":9.023205}
    [11]: {"key":"M2aDH","version":1,"value":12.608606}
    [12]: {"key":"JmTe7","version":0,"value":16.768452}
    [13]: {"key":"ARrSI","version":1,"value":7.923211}
    [14]: {"key":"W9CaR","TOTAL":0.0}
    [15]: {"key":"Fv5gD","version":2,"value":8.261961}
    [16]: {"key":"dCL0R","version":1,"value":1.6606915}
    [17]: {"key":"jAhxq","version":1,"value":4.0359855}
    [18]: {"key":"dCL0R","version":2,"value":1.3513267}
    [19]: {"key":"HAwnc","version":1,"value":2.4014378}
    [20]: {"key":"hJ5dA","version":1,"value":4.7804046}
    [21]: {"key":"5ThZV","version":2,"value":7.3758864}
    [22]: {"key":"0TMOd","version":0,"value":19.771534}
    [23]: {"key":"2w9aV","TOTAL":0.0}
    [24]: {"key":"6yTyJ","version":1,"value":12.879142}
    [25]: {"key":"JHibq","version":0,"value":11.179155}
    [26]: {"key":"0TMOd","version":1,"value":8.690977}
    [27]: {"key":"eO6Yg","version":2,"value":12.798407}
    [28]: {"key":"7DMvB","version":0,"value":16.914818}
    [29]: {"key":"ZnxvP","version":1,"value":0.66404223}
    [30]: {"key":"dxAqd","version":0,"value":15.752996}
    [31]: {"key":"dZNkY","version":1,"value":4.207506}
    [32]: {"key":"qFTeX","version":1,"value":0.16983747}
    [33]: {"key":"6E6gV","version":1,"value":0.19237638}
    [34]: {"key":"OENm6","TOTAL":0.0}
    [35]: {"key":"G1suu","version":1,"value":11.998871}
    [36]: {"key":"CxaZ8","version":2,"value":13.65348}
    [37]: {"key":"VoLq0","version":1,"value":12.095751}
    [38]: {"key":"yAGec","version":0,"value":17.447105}
    [39]: {"key":"Ieb0k","version":2,"value":15.993122}
    [40]: {"key":"rXOt7","version":2,"value":12.350161}
    [41]: {"key":"pLC6h","version":0,"value":15.803518}
    [42]: {"key":"T2MYi","version":1,"value":12.80254}
    [43]: {"key":"7DMvB","version":0,"value":13.906742}
    [44]: {"key":"0TMOd","TOTAL":0.0}
    [45]: {"key":"pOtfk","version":1,"value":10.683243}
    [46]: {"key":"9xy8I","version":2,"value":4.093996}
    [47]: {"key":"JHibq","TOTAL":0.0}
