=== TRANSFORM TEST DATA ===

> Generation Data
    numPackets: 61
    Total Messages Written: 53
    Total Messages Processed: 61
    Total Redis Updates: 55
    Total Value Written: 1255.0
    Total Added: 493.5

> Redis cache data:
    Redis Size: 37
    Redis Delta: 18

> Message data
    Tombstone Value Written: 266.12558
    Normal Count: 52
    Tombstone Count: 9
    Tombstone Indices: [60, 13, 8, 33, 31, 49, 43, 33, 34]
    Unwritten Count: 8
    Unwritten Indices: [0]
    Unstored Count: 6
    Unstored Indices: [14, 21, 36, 38, 46, 50]
    Removed Count: 0
    Removed Message Indices: []

Differing Data: (Called Run, Manual Run, Generated Data)
    !DIFFERENT Total Value Written: 1255.0, 1255.0, 1255.0
    !DIFFERENT Total Added: 493.5, 493.5, 493.5
--------------------------------
    !DIFFERENT messagesSize/totalMessagesWritten (Called Run): 61, 53
    !DIFFERENT messagesSize/totalMessagesWritten (Manual Run): 61, 53
--------------------------------

=== CALLED RUN DATA ===
Request: {"readQueue":"TransformTestRead-59423-J0gS7","writeQueue":"TransformTestWrite-28092-xGYji","messageCount":61}

> Stats
    Total Messages Written: 53
    Total Messages Processed: 61
    Total Redis Updates: 55
    Total Value Written: 1255.0
    Total Added: 493.5

> Written Messages:61
    [0]: {"key":"uie4t","version":2,"value":26.289734}
    [1]: {"key":"acDkM","version":2,"value":24.542713}
    [2]: {"key":"FNf2C","version":0,"value":10.799388}
    [3]: {"key":"y63uU","version":2,"value":23.803667}
    [4]: {"key":"cph8Q","version":0,"value":23.70982}
    [5]: {"key":"u3wrW","version":1,"value":13.010555}
    [6]: {"key":"UUa1M","version":1,"value":11.857274}
    [7]: {"key":"apuS2","version":0,"value":20.375877}
    [8]: {"totalMessagesWritten":8,"totalMessagesProcessed":9,"totalRedisUpdates":9,"totalValueWritten":154.38904,"totalAdded":84.0}
    [9]: {"key":"kEJ6h","version":2,"value":14.8894}
    [10]: {"key":"FNf2C","version":1,"value":12.596197}
    [11]: {"key":"Ww0nP","version":2,"value":19.187475}
    [12]: {"key":"hT02f","version":1,"value":21.291775}
    [13]: {"totalMessagesWritten":12,"totalMessagesProcessed":14,"totalRedisUpdates":14,"totalValueWritten":316.51904,"totalAdded":126.0}
    [14]: {"key":"FNf2C","version":0,"value":5.634675}
    [15]: {"key":"YETJq","version":0,"value":11.022456}
    [16]: {"key":"QL9n6","version":0,"value":30.27084}
    [17]: {"key":"5FcQX","version":1,"value":16.972572}
    [18]: {"key":"iXdJ1","version":0,"value":27.540037}
    [19]: {"key":"EgCLI","version":2,"value":19.952478}
    [20]: {"key":"BZEBl","version":0,"value":20.573584}
    [21]: {"key":"acDkM","version":1,"value":10.835018}
    [22]: {"key":"uMX9E","version":1,"value":27.441292}
    [23]: {"key":"1kM2u","version":2,"value":13.771913}
    [24]: {"key":"FuJfT","version":0,"value":23.45619}
    [25]: {"key":"AQ4ia","version":0,"value":23.70886}
    [26]: {"key":"oNZAT","version":2,"value":13.640154}
    [27]: {"key":"yPGWG","version":0,"value":29.484827}
    [28]: {"key":"ImBtQ","version":1,"value":13.471783}
    [29]: {"key":"mkLV4","version":1,"value":26.975662}
    [30]: {"key":"I10L0","version":1,"value":25.980694}
    [31]: {"totalMessagesWritten":29,"totalMessagesProcessed":32,"totalRedisUpdates":30,"totalValueWritten":682.77106,"totalAdded":283.5}
    [32]: {"key":"u3wrW","version":2,"value":14.128106}
    [33]: {"totalMessagesWritten":30,"totalMessagesProcessed":34,"totalRedisUpdates":32,"totalValueWritten":696.8992,"totalAdded":294.0}
    [34]: {"totalMessagesWritten":30,"totalMessagesProcessed":35,"totalRedisUpdates":33,"totalValueWritten":696.8992,"totalAdded":294.0}
    [35]: {"key":"dTsyl","version":2,"value":12.608467}
    [36]: {"key":"1kM2u","version":1,"value":7.03882}
    [37]: {"key":"mjITQ","version":1,"value":27.224257}
    [38]: {"key":"FNf2C","version":0,"value":5.5134068}
    [39]: {"key":"6to7s","version":1,"value":25.48947}
    [40]: {"key":"bOgoA","version":1,"value":13.482541}
    [41]: {"key":"PIkkQ","version":0,"value":24.294432}
    [42]: {"key":"qrhNN","version":2,"value":12.310389}
    [43]: {"totalMessagesWritten":38,"totalMessagesProcessed":44,"totalRedisUpdates":40,"totalValueWritten":912.344,"totalAdded":357.0}
    [44]: {"key":"7g6JS","version":0,"value":14.048256}
    [45]: {"key":"Zp2Uq","version":0,"value":14.148653}
    [46]: {"key":"oNZAT","version":2,"value":9.861459}
    [47]: {"key":"tRA8H","version":0,"value":27.880655}
    [48]: {"key":"pedJd","version":1,"value":29.770458}
    [49]: {"totalMessagesWritten":43,"totalMessagesProcessed":50,"totalRedisUpdates":45,"totalValueWritten":1067.0118,"totalAdded":399.0}
    [50]: {"key":"1kM2u","version":2,"value":3.4320486}
    [51]: {"key":"cPwWP","version":2,"value":16.994007}
    [52]: {"key":"2yuLX","version":0,"value":17.435585}
    [53]: {"key":"NQnym","version":2,"value":24.823732}
    [54]: {"key":"gI88M","version":1,"value":14.456755}
    [55]: {"key":"7IvkZ","version":1,"value":26.057144}
    [56]: {"key":"OteGA","version":0,"value":23.039326}
    [57]: {"key":"NUF70","version":1,"value":25.161232}
    [58]: {"key":"cKuJY","version":2,"value":25.224619}
    [59]: {"key":"4LHXG","version":2,"value":11.363733}
    [60]: {"totalMessagesWritten":53,"totalMessagesProcessed":61,"totalRedisUpdates":55,"totalValueWritten":1255.0,"totalAdded":493.5}

> Cache Entries:37
    [0]: {"key":"acDkM","version":2,"value":14.042713}
    [1]: {"key":"FNf2C","version":1,"value":2.0961976}
    [2]: {"key":"y63uU","version":2,"value":13.303667}
    [3]: {"key":"cph8Q","version":0,"value":13.209821}
    [4]: {"key":"UUa1M","version":1,"value":1.357274}
    [5]: {"key":"apuS2","version":0,"value":9.875877}
    [6]: {"key":"Ww0nP","version":2,"value":8.687475}
    [7]: {"key":"hT02f","version":1,"value":10.791775}
    [8]: {"key":"5FcQX","version":1,"value":6.4725723}
    [9]: {"key":"iXdJ1","version":0,"value":17.040037}
    [10]: {"key":"EgCLI","version":2,"value":9.452478}
    [11]: {"key":"BZEBl","version":0,"value":10.073584}
    [12]: {"key":"1kM2u","version":2,"value":3.2719123}
    [13]: {"key":"FuJfT","version":0,"value":12.95619}
    [14]: {"key":"AQ4ia","version":0,"value":13.20886}
    [15]: {"key":"oNZAT","version":2,"value":3.140154}
    [16]: {"key":"yPGWG","version":0,"value":18.984827}
    [17]: {"key":"ImBtQ","version":1,"value":2.9717827}
    [18]: {"key":"mkLV4","version":1,"value":16.475662}
    [19]: {"key":"I10L0","version":1,"value":15.480695}
    [20]: {"key":"dTsyl","version":2,"value":2.1084666}
    [21]: {"key":"mjITQ","version":1,"value":16.724257}
    [22]: {"key":"bOgoA","version":1,"value":2.9825413}
    [23]: {"key":"PIkkQ","version":0,"value":13.794432}
    [24]: {"key":"qrhNN","version":2,"value":1.8103886}
    [25]: {"key":"Zp2Uq","version":0,"value":3.648653}
    [26]: {"key":"tRA8H","version":0,"value":17.380655}
    [27]: {"key":"pedJd","version":1,"value":19.270458}
    [28]: {"key":"cPwWP","version":2,"value":6.494006}
    [29]: {"key":"2yuLX","version":0,"value":6.9355845}
    [30]: {"key":"NQnym","version":2,"value":14.323732}
    [31]: {"key":"gI88M","version":1,"value":3.9567542}
    [32]: {"key":"7IvkZ","version":1,"value":15.557145}
    [33]: {"key":"OteGA","version":0,"value":12.539325}
    [34]: {"key":"NUF70","version":1,"value":14.661232}
    [35]: {"key":"cKuJY","version":2,"value":14.724619}
    [36]: {"key":"4LHXG","version":2,"value":0.8637333}

=== MANUAL RUN DATA ===
Request: {"readQueue":"TransformTestRead-93980-rukYD","writeQueue":"TransformTestWrite-22970-o0X0f","messageCount":61}

> Stats
    Total Messages Written: 53
    Total Messages Processed: 61
    Total Redis Updates: 55
    Total Value Written: 1255.0
    !DIFFERENT Total Value Written: 1255.0, 1255.0
    Total Added: 493.5
    !DIFFERENT Total Added: 493.5, 493.5

> Written Messages:61
    [0]: {"key":"uie4t","version":2,"value":26.289734}
    [1]: {"key":"acDkM","version":2,"value":24.542713}
    [2]: {"key":"FNf2C","version":0,"value":10.799388}
    [3]: {"key":"y63uU","version":2,"value":23.803667}
    [4]: {"key":"cph8Q","version":0,"value":23.70982}
    [5]: {"key":"u3wrW","version":1,"value":13.010555}
    [6]: {"key":"UUa1M","version":1,"value":11.857274}
    [7]: {"key":"apuS2","version":0,"value":20.375877}
    [8]: {"totalMessagesWritten":8,"totalMessagesProcessed":9,"totalRedisUpdates":9,"totalValueWritten":154.38904,"totalAdded":84.0}
    [9]: {"key":"kEJ6h","version":2,"value":14.8894}
    [10]: {"key":"FNf2C","version":1,"value":12.596197}
    [11]: {"key":"Ww0nP","version":2,"value":19.187475}
    [12]: {"key":"hT02f","version":1,"value":21.291775}
    [13]: {"totalMessagesWritten":12,"totalMessagesProcessed":14,"totalRedisUpdates":14,"totalValueWritten":316.51904,"totalAdded":126.0}
    [14]: {"key":"FNf2C","version":0,"value":5.634675}
    [15]: {"key":"YETJq","version":0,"value":11.022456}
    [16]: {"key":"QL9n6","version":0,"value":30.27084}
    [17]: {"key":"5FcQX","version":1,"value":16.972572}
    [18]: {"key":"iXdJ1","version":0,"value":27.540037}
    [19]: {"key":"EgCLI","version":2,"value":19.952478}
    [20]: {"key":"BZEBl","version":0,"value":20.573584}
    [21]: {"key":"acDkM","version":1,"value":10.835018}
    [22]: {"key":"uMX9E","version":1,"value":27.441292}
    [23]: {"key":"1kM2u","version":2,"value":13.771913}
    [24]: {"key":"FuJfT","version":0,"value":23.45619}
    [25]: {"key":"AQ4ia","version":0,"value":23.70886}
    [26]: {"key":"oNZAT","version":2,"value":13.640154}
    [27]: {"key":"yPGWG","version":0,"value":29.484827}
    [28]: {"key":"ImBtQ","version":1,"value":13.471783}
    [29]: {"key":"mkLV4","version":1,"value":26.975662}
    [30]: {"key":"I10L0","version":1,"value":25.980694}
    [31]: {"totalMessagesWritten":29,"totalMessagesProcessed":32,"totalRedisUpdates":30,"totalValueWritten":682.77106,"totalAdded":283.5}
    [32]: {"key":"u3wrW","version":2,"value":14.128106}
    [33]: {"totalMessagesWritten":30,"totalMessagesProcessed":34,"totalRedisUpdates":32,"totalValueWritten":696.8992,"totalAdded":294.0}
    [34]: {"totalMessagesWritten":30,"totalMessagesProcessed":35,"totalRedisUpdates":33,"totalValueWritten":696.8992,"totalAdded":294.0}
    [35]: {"key":"dTsyl","version":2,"value":12.608467}
    [36]: {"key":"1kM2u","version":1,"value":7.03882}
    [37]: {"key":"mjITQ","version":1,"value":27.224257}
    [38]: {"key":"FNf2C","version":0,"value":5.5134068}
    [39]: {"key":"6to7s","version":1,"value":25.48947}
    [40]: {"key":"bOgoA","version":1,"value":13.482541}
    [41]: {"key":"PIkkQ","version":0,"value":24.294432}
    [42]: {"key":"qrhNN","version":2,"value":12.310389}
    [43]: {"totalMessagesWritten":38,"totalMessagesProcessed":44,"totalRedisUpdates":40,"totalValueWritten":912.344,"totalAdded":357.0}
    [44]: {"key":"7g6JS","version":0,"value":14.048256}
    [45]: {"key":"Zp2Uq","version":0,"value":14.148653}
    [46]: {"key":"oNZAT","version":2,"value":9.861459}
    [47]: {"key":"tRA8H","version":0,"value":27.880655}
    [48]: {"key":"pedJd","version":1,"value":29.770458}
    [49]: {"totalMessagesWritten":43,"totalMessagesProcessed":50,"totalRedisUpdates":45,"totalValueWritten":1067.0118,"totalAdded":399.0}
    [50]: {"key":"1kM2u","version":2,"value":3.4320486}
    [51]: {"key":"cPwWP","version":2,"value":16.994007}
    [52]: {"key":"2yuLX","version":0,"value":17.435585}
    [53]: {"key":"NQnym","version":2,"value":24.823732}
    [54]: {"key":"gI88M","version":1,"value":14.456755}
    [55]: {"key":"7IvkZ","version":1,"value":26.057144}
    [56]: {"key":"OteGA","version":0,"value":23.039326}
    [57]: {"key":"NUF70","version":1,"value":25.161232}
    [58]: {"key":"cKuJY","version":2,"value":25.224619}
    [59]: {"key":"4LHXG","version":2,"value":11.363733}
    [60]: {"totalMessagesWritten":53,"totalMessagesProcessed":61,"totalRedisUpdates":55,"totalValueWritten":1255.0,"totalAdded":493.5}

> Cache Entries:37
    [0]: {"key":"acDkM","version":2,"value":14.042713}
    [1]: {"key":"FNf2C","version":1,"value":2.0961976}
    [2]: {"key":"y63uU","version":2,"value":13.303667}
    [3]: {"key":"cph8Q","version":0,"value":13.209821}
    [4]: {"key":"UUa1M","version":1,"value":1.357274}
    [5]: {"key":"apuS2","version":0,"value":9.875877}
    [6]: {"key":"Ww0nP","version":2,"value":8.687475}
    [7]: {"key":"hT02f","version":1,"value":10.791775}
    [8]: {"key":"5FcQX","version":1,"value":6.4725723}
    [9]: {"key":"iXdJ1","version":0,"value":17.040037}
    [10]: {"key":"EgCLI","version":2,"value":9.452478}
    [11]: {"key":"BZEBl","version":0,"value":10.073584}
    [12]: {"key":"1kM2u","version":2,"value":3.2719123}
    [13]: {"key":"FuJfT","version":0,"value":12.95619}
    [14]: {"key":"AQ4ia","version":0,"value":13.20886}
    [15]: {"key":"oNZAT","version":2,"value":3.140154}
    [16]: {"key":"yPGWG","version":0,"value":18.984827}
    [17]: {"key":"ImBtQ","version":1,"value":2.9717827}
    [18]: {"key":"mkLV4","version":1,"value":16.475662}
    [19]: {"key":"I10L0","version":1,"value":15.480695}
    [20]: {"key":"dTsyl","version":2,"value":2.1084666}
    [21]: {"key":"mjITQ","version":1,"value":16.724257}
    [22]: {"key":"bOgoA","version":1,"value":2.9825413}
    [23]: {"key":"PIkkQ","version":0,"value":13.794432}
    [24]: {"key":"qrhNN","version":2,"value":1.8103886}
    [25]: {"key":"Zp2Uq","version":0,"value":3.648653}
    [26]: {"key":"tRA8H","version":0,"value":17.380655}
    [27]: {"key":"pedJd","version":1,"value":19.270458}
    [28]: {"key":"cPwWP","version":2,"value":6.494006}
    [29]: {"key":"2yuLX","version":0,"value":6.9355845}
    [30]: {"key":"NQnym","version":2,"value":14.323732}
    [31]: {"key":"gI88M","version":1,"value":3.9567542}
    [32]: {"key":"7IvkZ","version":1,"value":15.557145}
    [33]: {"key":"OteGA","version":0,"value":12.539325}
    [34]: {"key":"NUF70","version":1,"value":14.661232}
    [35]: {"key":"cKuJY","version":2,"value":14.724619}
    [36]: {"key":"4LHXG","version":2,"value":0.8637333}

> Read Messages (with updated values):61
    [0]: {"key":"uie4t","version":2,"value":26.289734}
    [1]: {"key":"acDkM","version":2,"value":24.542713}
    [2]: {"key":"FNf2C","version":0,"value":10.799388}
    [3]: {"key":"y63uU","version":2,"value":23.803667}
    [4]: {"key":"cph8Q","version":0,"value":23.70982}
    [5]: {"key":"u3wrW","version":1,"value":13.010555}
    [6]: {"key":"UUa1M","version":1,"value":11.857274}
    [7]: {"key":"apuS2","version":0,"value":20.375877}
    [8]: {"key":"uie4t","TOTAL":0.0}
    [9]: {"key":"kEJ6h","version":2,"value":14.8894}
    [10]: {"key":"FNf2C","version":1,"value":12.596197}
    [11]: {"key":"Ww0nP","version":2,"value":19.187475}
    [12]: {"key":"hT02f","version":1,"value":21.291775}
    [13]: {"key":"kEJ6h","TOTAL":94.16515}
    [14]: {"key":"FNf2C","version":0,"value":5.634675}
    [15]: {"key":"YETJq","version":0,"value":11.022456}
    [16]: {"key":"QL9n6","version":0,"value":30.27084}
    [17]: {"key":"5FcQX","version":1,"value":16.972572}
    [18]: {"key":"iXdJ1","version":0,"value":27.540037}
    [19]: {"key":"EgCLI","version":2,"value":19.952478}
    [20]: {"key":"BZEBl","version":0,"value":20.573584}
    [21]: {"key":"acDkM","version":1,"value":10.835018}
    [22]: {"key":"uMX9E","version":1,"value":27.441292}
    [23]: {"key":"1kM2u","version":2,"value":13.771913}
    [24]: {"key":"FuJfT","version":0,"value":23.45619}
    [25]: {"key":"AQ4ia","version":0,"value":23.70886}
    [26]: {"key":"oNZAT","version":2,"value":13.640154}
    [27]: {"key":"yPGWG","version":0,"value":29.484827}
    [28]: {"key":"ImBtQ","version":1,"value":13.471783}
    [29]: {"key":"mkLV4","version":1,"value":26.975662}
    [30]: {"key":"I10L0","version":1,"value":25.980694}
    [31]: {"key":"uMX9E","TOTAL":25.518953}
    [32]: {"key":"u3wrW","version":2,"value":14.128106}
    [33]: {"key":"QL9n6","TOTAL":0.0}
    [34]: {"key":"YETJq","TOTAL":0.0}
    [35]: {"key":"dTsyl","version":2,"value":12.608467}
    [36]: {"key":"1kM2u","version":1,"value":7.03882}
    [37]: {"key":"mjITQ","version":1,"value":27.224257}
    [38]: {"key":"FNf2C","version":0,"value":5.5134068}
    [39]: {"key":"6to7s","version":1,"value":25.48947}
    [40]: {"key":"bOgoA","version":1,"value":13.482541}
    [41]: {"key":"PIkkQ","version":0,"value":24.294432}
    [42]: {"key":"qrhNN","version":2,"value":12.310389}
    [43]: {"key":"u3wrW","TOTAL":87.48312}
    [44]: {"key":"7g6JS","version":0,"value":14.048256}
    [45]: {"key":"Zp2Uq","version":0,"value":14.148653}
    [46]: {"key":"oNZAT","version":2,"value":9.861459}
    [47]: {"key":"tRA8H","version":0,"value":27.880655}
    [48]: {"key":"pedJd","version":1,"value":29.770458}
    [49]: {"key":"7g6JS","TOTAL":58.958332}
    [50]: {"key":"1kM2u","version":2,"value":3.4320486}
    [51]: {"key":"cPwWP","version":2,"value":16.994007}
    [52]: {"key":"2yuLX","version":0,"value":17.435585}
    [53]: {"key":"NQnym","version":2,"value":24.823732}
    [54]: {"key":"gI88M","version":1,"value":14.456755}
    [55]: {"key":"7IvkZ","version":1,"value":26.057144}
    [56]: {"key":"OteGA","version":0,"value":23.039326}
    [57]: {"key":"NUF70","version":1,"value":25.161232}
    [58]: {"key":"cKuJY","version":2,"value":25.224619}
    [59]: {"key":"4LHXG","version":2,"value":11.363733}
    [60]: {"key":"6to7s","TOTAL":0.0}

=== GENERATED DATA ===

> Stats
    Total Messages Written: 53
    Total Messages Processed: 61
    Total Redis Updates: 55
    Total Value Written: 1255.0
    Total Added: 493.5

> Generation Data:
    Tombstone Value Written: 266.12558
    Tombstone Count: 9
    Normal Count: 52
    Unstored Count: 6
    Removed Count: 0
    Removed Message Indices: []

> Removed Messages:0

> Unstored Messages:6
    [14]: {"key":"FNf2C","version":0,"value":5.634675}
    [21]: {"key":"acDkM","version":1,"value":10.835018}
    [36]: {"key":"1kM2u","version":1,"value":7.03882}
    [38]: {"key":"FNf2C","version":0,"value":5.5134068}
    [46]: {"key":"oNZAT","version":2,"value":9.861459}
    [50]: {"key":"1kM2u","version":2,"value":3.4320486}

> Generated Messages
    [0]: {"key":"uie4t","version":2,"value":15.789733}
    [1]: {"key":"acDkM","version":2,"value":14.042713}
    [2]: {"key":"FNf2C","version":0,"value":0.29938817}
    [3]: {"key":"y63uU","version":2,"value":13.303667}
    [4]: {"key":"cph8Q","version":0,"value":13.209821}
    [5]: {"key":"u3wrW","version":1,"value":2.5105548}
    [6]: {"key":"UUa1M","version":1,"value":1.357274}
    [7]: {"key":"apuS2","version":0,"value":9.875877}
    [8]: {"key":"uie4t","TOTAL":0.0}
    [9]: {"key":"kEJ6h","version":2,"value":4.3893995}
    [10]: {"key":"FNf2C","version":1,"value":2.0961976}
    [11]: {"key":"Ww0nP","version":2,"value":8.687475}
    [12]: {"key":"hT02f","version":1,"value":10.791775}
    [13]: {"key":"kEJ6h","TOTAL":94.16515}
    [14]: {"key":"FNf2C","version":0,"value":5.634675}
    [15]: {"key":"YETJq","version":0,"value":0.52245617}
    [16]: {"key":"QL9n6","version":0,"value":19.77084}
    [17]: {"key":"5FcQX","version":1,"value":6.4725723}
    [18]: {"key":"iXdJ1","version":0,"value":17.040037}
    [19]: {"key":"EgCLI","version":2,"value":9.452478}
    [20]: {"key":"BZEBl","version":0,"value":10.073584}
    [21]: {"key":"acDkM","version":1,"value":10.835018}
    [22]: {"key":"uMX9E","version":1,"value":16.941292}
    [23]: {"key":"1kM2u","version":2,"value":3.2719123}
    [24]: {"key":"FuJfT","version":0,"value":12.95619}
    [25]: {"key":"AQ4ia","version":0,"value":13.20886}
    [26]: {"key":"oNZAT","version":2,"value":3.140154}
    [27]: {"key":"yPGWG","version":0,"value":18.984827}
    [28]: {"key":"ImBtQ","version":1,"value":2.9717827}
    [29]: {"key":"mkLV4","version":1,"value":16.475662}
    [30]: {"key":"I10L0","version":1,"value":15.480695}
    [31]: {"key":"uMX9E","TOTAL":25.518953}
    [32]: {"key":"u3wrW","version":2,"value":3.628106}
    [33]: {"key":"QL9n6","TOTAL":0.0}
    [34]: {"key":"YETJq","TOTAL":0.0}
    [35]: {"key":"dTsyl","version":2,"value":2.1084666}
    [36]: {"key":"1kM2u","version":1,"value":7.03882}
    [37]: {"key":"mjITQ","version":1,"value":16.724257}
    [38]: {"key":"FNf2C","version":0,"value":5.5134068}
    [39]: {"key":"6to7s","version":1,"value":14.98947}
    [40]: {"key":"bOgoA","version":1,"value":2.9825413}
    [41]: {"key":"PIkkQ","version":0,"value":13.794432}
    [42]: {"key":"qrhNN","version":2,"value":1.8103886}
    [43]: {"key":"u3wrW","TOTAL":87.48312}
    [44]: {"key":"7g6JS","version":0,"value":3.5482562}
    [45]: {"key":"Zp2Uq","version":0,"value":3.648653}
    [46]: {"key":"oNZAT","version":2,"value":9.861459}
    [47]: {"key":"tRA8H","version":0,"value":17.380655}
    [48]: {"key":"pedJd","version":1,"value":19.270458}
    [49]: {"key":"7g6JS","TOTAL":58.958332}
    [50]: {"key":"1kM2u","version":2,"value":3.4320486}
    [51]: {"key":"cPwWP","version":2,"value":6.494006}
    [52]: {"key":"2yuLX","version":0,"value":6.9355845}
    [53]: {"key":"NQnym","version":2,"value":14.323732}
    [54]: {"key":"gI88M","version":1,"value":3.9567542}
    [55]: {"key":"7IvkZ","version":1,"value":15.557145}
    [56]: {"key":"OteGA","version":0,"value":12.539325}
    [57]: {"key":"NUF70","version":1,"value":14.661232}
    [58]: {"key":"cKuJY","version":2,"value":14.724619}
    [59]: {"key":"4LHXG","version":2,"value":0.8637333}
    [60]: {"key":"6to7s","TOTAL":0.0}

> Generated Packets
    [0]: {"key":"uie4t","version":2,"value":15.789733}
    [1]: {"key":"acDkM","version":2,"value":14.042713}
    [2]: {"key":"FNf2C","version":0,"value":0.29938817}
    [3]: {"key":"y63uU","version":2,"value":13.303667}
    [4]: {"key":"cph8Q","version":0,"value":13.209821}
    [5]: {"key":"u3wrW","version":1,"value":2.5105548}
    [6]: {"key":"UUa1M","version":1,"value":1.357274}
    [7]: {"key":"apuS2","version":0,"value":9.875877}
    [8]: {"key":"uie4t","TOTAL":0.0}
    [9]: {"key":"kEJ6h","version":2,"value":4.3893995}
    [10]: {"key":"FNf2C","version":1,"value":2.0961976}
    [11]: {"key":"Ww0nP","version":2,"value":8.687475}
    [12]: {"key":"hT02f","version":1,"value":10.791775}
    [13]: {"key":"kEJ6h","TOTAL":94.16515}
    [14]: {"key":"FNf2C","version":0,"value":5.634675}
    [15]: {"key":"YETJq","version":0,"value":0.52245617}
    [16]: {"key":"QL9n6","version":0,"value":19.77084}
    [17]: {"key":"5FcQX","version":1,"value":6.4725723}
    [18]: {"key":"iXdJ1","version":0,"value":17.040037}
    [19]: {"key":"EgCLI","version":2,"value":9.452478}
    [20]: {"key":"BZEBl","version":0,"value":10.073584}
    [21]: {"key":"acDkM","version":1,"value":10.835018}
    [22]: {"key":"uMX9E","version":1,"value":16.941292}
    [23]: {"key":"1kM2u","version":2,"value":3.2719123}
    [24]: {"key":"FuJfT","version":0,"value":12.95619}
    [25]: {"key":"AQ4ia","version":0,"value":13.20886}
    [26]: {"key":"oNZAT","version":2,"value":3.140154}
    [27]: {"key":"yPGWG","version":0,"value":18.984827}
    [28]: {"key":"ImBtQ","version":1,"value":2.9717827}
    [29]: {"key":"mkLV4","version":1,"value":16.475662}
    [30]: {"key":"I10L0","version":1,"value":15.480695}
    [31]: {"key":"uMX9E","TOTAL":25.518953}
    [32]: {"key":"u3wrW","version":2,"value":3.628106}
    [33]: {"key":"QL9n6","TOTAL":0.0}
    [34]: {"key":"YETJq","TOTAL":0.0}
    [35]: {"key":"dTsyl","version":2,"value":2.1084666}
    [36]: {"key":"1kM2u","version":1,"value":7.03882}
    [37]: {"key":"mjITQ","version":1,"value":16.724257}
    [38]: {"key":"FNf2C","version":0,"value":5.5134068}
    [39]: {"key":"6to7s","version":1,"value":14.98947}
    [40]: {"key":"bOgoA","version":1,"value":2.9825413}
    [41]: {"key":"PIkkQ","version":0,"value":13.794432}
    [42]: {"key":"qrhNN","version":2,"value":1.8103886}
    [43]: {"key":"u3wrW","TOTAL":87.48312}
    [44]: {"key":"7g6JS","version":0,"value":3.5482562}
    [45]: {"key":"Zp2Uq","version":0,"value":3.648653}
    [46]: {"key":"oNZAT","version":2,"value":9.861459}
    [47]: {"key":"tRA8H","version":0,"value":17.380655}
    [48]: {"key":"pedJd","version":1,"value":19.270458}
    [49]: {"key":"7g6JS","TOTAL":58.958332}
    [50]: {"key":"1kM2u","version":2,"value":3.4320486}
    [51]: {"key":"cPwWP","version":2,"value":6.494006}
    [52]: {"key":"2yuLX","version":0,"value":6.9355845}
    [53]: {"key":"NQnym","version":2,"value":14.323732}
    [54]: {"key":"gI88M","version":1,"value":3.9567542}
    [55]: {"key":"7IvkZ","version":1,"value":15.557145}
    [56]: {"key":"OteGA","version":0,"value":12.539325}
    [57]: {"key":"NUF70","version":1,"value":14.661232}
    [58]: {"key":"cKuJY","version":2,"value":14.724619}
    [59]: {"key":"4LHXG","version":2,"value":0.8637333}
    [60]: {"key":"6to7s","TOTAL":0.0}
