=== TRANSFORM TEST DATA ===

> Generation Data
    numPackets: 30
    Total Messages Written: 27
    Total Messages Processed: 30
    Total Redis Updates: 29
    Total Value Written: 563.6841
    Total Added: 273.0

> Redis cache data:
    Redis Size: 22
    Redis Delta: 7

> Message data
    Tombstone Value Written: 32.176662
    Normal Count: 27
    Tombstone Count: 3
    Tombstone Indices: [29, 17, 19]
    Unwritten Count: 3
    Unwritten Indices: []
    Unstored Count: 1
    Unstored Indices: [28]
    Removed Count: 2
    Removed Message Indices: [13, 1]

Differing Data: (Called Run, Manual Run, Generated Data)
    !DIFFERENT Total Value Written: 563.6841, 563.6841, 563.6841
    !DIFFERENT Total Added: 273.0, 273.0, 273.0
--------------------------------
    !DIFFERENT messagesSize/totalMessagesWritten (Called Run): 30, 27
    !DIFFERENT messagesSize/totalMessagesWritten (Manual Run): 30, 27
--------------------------------

=== CALLED RUN DATA ===
Request: {"readQueue":"TransformTestRead-39804-ZcD2m","writeQueue":"TransformTestWrite-27687-8SHM2","messageCount":30}

> Stats
    Total Messages Written: 27
    Total Messages Processed: 30
    Total Redis Updates: 29
    Total Value Written: 563.6841
    Total Added: 273.0

> Written Messages:30
    [0]: {"key":"JU7Nj","version":1,"value":12.209901}
    [1]: {"key":"RLMjO","version":0,"value":26.066505}
    [2]: {"key":"WRKlj","version":2,"value":18.272861}
    [3]: {"key":"iaZrv","version":0,"value":13.167684}
    [4]: {"key":"FwsMG","version":1,"value":23.502956}
    [5]: {"key":"0k1Bv","version":2,"value":14.947876}
    [6]: {"key":"xjfL7","version":2,"value":11.035498}
    [7]: {"key":"F38lZ","version":1,"value":24.932503}
    [8]: {"key":"H4ijg","version":1,"value":19.713089}
    [9]: {"key":"QqSwk","version":2,"value":21.756338}
    [10]: {"key":"YFsEE","version":0,"value":25.660688}
    [11]: {"key":"w22FB","version":2,"value":29.2799}
    [12]: {"key":"HUR9e","version":1,"value":19.500969}
    [13]: {"key":"X2u4g","version":0,"value":12.692717}
    [14]: {"key":"pJFAG","version":1,"value":29.748966}
    [15]: {"key":"de2hO","version":0,"value":20.199661}
    [16]: {"key":"smCa2","version":2,"value":22.96695}
    [17]: {"totalMessagesWritten":17,"totalMessagesProcessed":18,"totalRedisUpdates":18,"totalValueWritten":345.65506,"totalAdded":178.5}
    [18]: {"key":"bHb3U","version":0,"value":21.48595}
    [19]: {"totalMessagesWritten":18,"totalMessagesProcessed":20,"totalRedisUpdates":20,"totalValueWritten":399.3177,"totalAdded":189.0}
    [20]: {"key":"P2Zj6","version":0,"value":14.220046}
    [21]: {"key":"5U67u","version":1,"value":17.63955}
    [22]: {"key":"W43eJ","version":0,"value":18.074144}
    [23]: {"key":"1S3ff","version":0,"value":26.36571}
    [24]: {"key":"5Nidd","version":1,"value":27.442703}
    [25]: {"key":"uBpmt","version":1,"value":24.911562}
    [26]: {"key":"YFsEE","version":2,"value":17.052156}
    [27]: {"key":"O1lw2","version":0,"value":14.263403}
    [28]: {"key":"uBpmt","version":0,"value":4.3970356}
    [29]: {"totalMessagesWritten":27,"totalMessagesProcessed":30,"totalRedisUpdates":29,"totalValueWritten":563.6841,"totalAdded":273.0}

> Cache Entries:22
    [0]: {"key":"JU7Nj","version":1,"value":1.7099011}
    [1]: {"key":"WRKlj","version":2,"value":7.7728605}
    [2]: {"key":"iaZrv","version":0,"value":2.6676834}
    [3]: {"key":"FwsMG","version":1,"value":13.002957}
    [4]: {"key":"0k1Bv","version":2,"value":4.447876}
    [5]: {"key":"xjfL7","version":2,"value":0.53549767}
    [6]: {"key":"F38lZ","version":1,"value":14.432502}
    [7]: {"key":"H4ijg","version":1,"value":9.213089}
    [8]: {"key":"QqSwk","version":2,"value":11.256338}
    [9]: {"key":"YFsEE","version":2,"value":6.5521564}
    [10]: {"key":"w22FB","version":2,"value":18.7799}
    [11]: {"key":"HUR9e","version":1,"value":9.00097}
    [12]: {"key":"de2hO","version":0,"value":9.69966}
    [13]: {"key":"smCa2","version":2,"value":12.46695}
    [14]: {"key":"bHb3U","version":0,"value":10.985951}
    [15]: {"key":"P2Zj6","version":0,"value":3.7200463}
    [16]: {"key":"5U67u","version":1,"value":7.1395483}
    [17]: {"key":"W43eJ","version":0,"value":7.5741444}
    [18]: {"key":"1S3ff","version":0,"value":15.865709}
    [19]: {"key":"5Nidd","version":1,"value":16.942703}
    [20]: {"key":"uBpmt","version":1,"value":14.411562}
    [21]: {"key":"O1lw2","version":0,"value":3.7634027}

=== MANUAL RUN DATA ===
Request: {"readQueue":"TransformTestRead-84677-sTsDf","writeQueue":"TransformTestWrite-56163-YQta7","messageCount":30}

> Stats
    Total Messages Written: 27
    Total Messages Processed: 30
    Total Redis Updates: 29
    Total Value Written: 563.6841
    !DIFFERENT Total Value Written: 563.6841, 563.6841
    Total Added: 273.0
    !DIFFERENT Total Added: 273.0, 273.0

> Written Messages:30
    [0]: {"key":"JU7Nj","version":1,"value":12.209901}
    [1]: {"key":"RLMjO","version":0,"value":26.066505}
    [2]: {"key":"WRKlj","version":2,"value":18.272861}
    [3]: {"key":"iaZrv","version":0,"value":13.167684}
    [4]: {"key":"FwsMG","version":1,"value":23.502956}
    [5]: {"key":"0k1Bv","version":2,"value":14.947876}
    [6]: {"key":"xjfL7","version":2,"value":11.035498}
    [7]: {"key":"F38lZ","version":1,"value":24.932503}
    [8]: {"key":"H4ijg","version":1,"value":19.713089}
    [9]: {"key":"QqSwk","version":2,"value":21.756338}
    [10]: {"key":"YFsEE","version":0,"value":25.660688}
    [11]: {"key":"w22FB","version":2,"value":29.2799}
    [12]: {"key":"HUR9e","version":1,"value":19.500969}
    [13]: {"key":"X2u4g","version":0,"value":12.692717}
    [14]: {"key":"pJFAG","version":1,"value":29.748966}
    [15]: {"key":"de2hO","version":0,"value":20.199661}
    [16]: {"key":"smCa2","version":2,"value":22.96695}
    [17]: {"totalMessagesWritten":17,"totalMessagesProcessed":18,"totalRedisUpdates":18,"totalValueWritten":345.65506,"totalAdded":178.5}
    [18]: {"key":"bHb3U","version":0,"value":21.48595}
    [19]: {"totalMessagesWritten":18,"totalMessagesProcessed":20,"totalRedisUpdates":20,"totalValueWritten":399.3177,"totalAdded":189.0}
    [20]: {"key":"P2Zj6","version":0,"value":14.220046}
    [21]: {"key":"5U67u","version":1,"value":17.63955}
    [22]: {"key":"W43eJ","version":0,"value":18.074144}
    [23]: {"key":"1S3ff","version":0,"value":26.36571}
    [24]: {"key":"5Nidd","version":1,"value":27.442703}
    [25]: {"key":"uBpmt","version":1,"value":24.911562}
    [26]: {"key":"YFsEE","version":2,"value":17.052156}
    [27]: {"key":"O1lw2","version":0,"value":14.263403}
    [28]: {"key":"uBpmt","version":0,"value":4.3970356}
    [29]: {"totalMessagesWritten":27,"totalMessagesProcessed":30,"totalRedisUpdates":29,"totalValueWritten":563.6841,"totalAdded":273.0}

> Cache Entries:22
    [0]: {"key":"JU7Nj","version":1,"value":1.7099011}
    [1]: {"key":"WRKlj","version":2,"value":7.7728605}
    [2]: {"key":"iaZrv","version":0,"value":2.6676834}
    [3]: {"key":"FwsMG","version":1,"value":13.002957}
    [4]: {"key":"0k1Bv","version":2,"value":4.447876}
    [5]: {"key":"xjfL7","version":2,"value":0.53549767}
    [6]: {"key":"F38lZ","version":1,"value":14.432502}
    [7]: {"key":"H4ijg","version":1,"value":9.213089}
    [8]: {"key":"QqSwk","version":2,"value":11.256338}
    [9]: {"key":"YFsEE","version":2,"value":6.5521564}
    [10]: {"key":"w22FB","version":2,"value":18.7799}
    [11]: {"key":"HUR9e","version":1,"value":9.00097}
    [12]: {"key":"de2hO","version":0,"value":9.69966}
    [13]: {"key":"smCa2","version":2,"value":12.46695}
    [14]: {"key":"bHb3U","version":0,"value":10.985951}
    [15]: {"key":"P2Zj6","version":0,"value":3.7200463}
    [16]: {"key":"5U67u","version":1,"value":7.1395483}
    [17]: {"key":"W43eJ","version":0,"value":7.5741444}
    [18]: {"key":"1S3ff","version":0,"value":15.865709}
    [19]: {"key":"5Nidd","version":1,"value":16.942703}
    [20]: {"key":"uBpmt","version":1,"value":14.411562}
    [21]: {"key":"O1lw2","version":0,"value":3.7634027}

> Read Messages (with updated values):30
    [0]: {"key":"JU7Nj","version":1,"value":12.209901}
    [1]: {"key":"RLMjO","version":0,"value":26.066505}
    [2]: {"key":"WRKlj","version":2,"value":18.272861}
    [3]: {"key":"iaZrv","version":0,"value":13.167684}
    [4]: {"key":"FwsMG","version":1,"value":23.502956}
    [5]: {"key":"0k1Bv","version":2,"value":14.947876}
    [6]: {"key":"xjfL7","version":2,"value":11.035498}
    [7]: {"key":"F38lZ","version":1,"value":24.932503}
    [8]: {"key":"H4ijg","version":1,"value":19.713089}
    [9]: {"key":"QqSwk","version":2,"value":21.756338}
    [10]: {"key":"YFsEE","version":0,"value":25.660688}
    [11]: {"key":"w22FB","version":2,"value":29.2799}
    [12]: {"key":"HUR9e","version":1,"value":19.500969}
    [13]: {"key":"X2u4g","version":0,"value":12.692717}
    [14]: {"key":"pJFAG","version":1,"value":29.748966}
    [15]: {"key":"de2hO","version":0,"value":20.199661}
    [16]: {"key":"smCa2","version":2,"value":22.96695}
    [17]: {"key":"X2u4g","TOTAL":0.0}
    [18]: {"key":"bHb3U","version":0,"value":21.48595}
    [19]: {"key":"RLMjO","TOTAL":32.176662}
    [20]: {"key":"P2Zj6","version":0,"value":14.220046}
    [21]: {"key":"5U67u","version":1,"value":17.63955}
    [22]: {"key":"W43eJ","version":0,"value":18.074144}
    [23]: {"key":"1S3ff","version":0,"value":26.36571}
    [24]: {"key":"5Nidd","version":1,"value":27.442703}
    [25]: {"key":"uBpmt","version":1,"value":24.911562}
    [26]: {"key":"YFsEE","version":2,"value":17.052156}
    [27]: {"key":"O1lw2","version":0,"value":14.263403}
    [28]: {"key":"uBpmt","version":0,"value":4.3970356}
    [29]: {"key":"pJFAG","TOTAL":0.0}

=== GENERATED DATA ===

> Stats
    Total Messages Written: 27
    Total Messages Processed: 30
    Total Redis Updates: 29
    Total Value Written: 563.6841
    Total Added: 273.0

> Generation Data:
    Tombstone Value Written: 32.176662
    Tombstone Count: 3
    Normal Count: 27
    Unstored Count: 1
    Removed Count: 2
    Removed Message Indices: [13, 1]

> Removed Messages:2
    [13]: {"key":"X2u4g","version":0,"value":2.1927166}
    [1]: {"key":"RLMjO","version":0,"value":15.566506}

> Unstored Messages:1
    [28]: {"key":"uBpmt","version":0,"value":4.3970356}

> Generated Messages
    [0]: {"key":"JU7Nj","version":1,"value":1.7099011}
    [1]: {"key":"RLMjO","version":0,"value":15.566506}
    [2]: {"key":"WRKlj","version":2,"value":7.7728605}
    [3]: {"key":"iaZrv","version":0,"value":2.6676834}
    [4]: {"key":"FwsMG","version":1,"value":13.002957}
    [5]: {"key":"0k1Bv","version":2,"value":4.447876}
    [6]: {"key":"xjfL7","version":2,"value":0.53549767}
    [7]: {"key":"F38lZ","version":1,"value":14.432502}
    [8]: {"key":"H4ijg","version":1,"value":9.213089}
    [9]: {"key":"QqSwk","version":2,"value":11.256338}
    [10]: {"key":"YFsEE","version":0,"value":15.160688}
    [11]: {"key":"w22FB","version":2,"value":18.7799}
    [12]: {"key":"HUR9e","version":1,"value":9.00097}
    [13]: {"key":"X2u4g","version":0,"value":2.1927166}
    [14]: {"key":"pJFAG","version":1,"value":19.248966}
    [15]: {"key":"de2hO","version":0,"value":9.69966}
    [16]: {"key":"smCa2","version":2,"value":12.46695}
    [17]: {"key":"X2u4g","TOTAL":0.0}
    [18]: {"key":"bHb3U","version":0,"value":10.985951}
    [19]: {"key":"RLMjO","TOTAL":32.176662}
    [20]: {"key":"P2Zj6","version":0,"value":3.7200463}
    [21]: {"key":"5U67u","version":1,"value":7.1395483}
    [22]: {"key":"W43eJ","version":0,"value":7.5741444}
    [23]: {"key":"1S3ff","version":0,"value":15.865709}
    [24]: {"key":"5Nidd","version":1,"value":16.942703}
    [25]: {"key":"uBpmt","version":1,"value":14.411562}
    [26]: {"key":"YFsEE","version":2,"value":6.5521564}
    [27]: {"key":"O1lw2","version":0,"value":3.7634027}
    [28]: {"key":"uBpmt","version":0,"value":4.3970356}
    [29]: {"key":"pJFAG","TOTAL":0.0}

> Generated Packets
    [0]: {"key":"JU7Nj","version":1,"value":1.7099011}
    [1]: {"key":"RLMjO","version":0,"value":15.566506}
    [2]: {"key":"WRKlj","version":2,"value":7.7728605}
    [3]: {"key":"iaZrv","version":0,"value":2.6676834}
    [4]: {"key":"FwsMG","version":1,"value":13.002957}
    [5]: {"key":"0k1Bv","version":2,"value":4.447876}
    [6]: {"key":"xjfL7","version":2,"value":0.53549767}
    [7]: {"key":"F38lZ","version":1,"value":14.432502}
    [8]: {"key":"H4ijg","version":1,"value":9.213089}
    [9]: {"key":"QqSwk","version":2,"value":11.256338}
    [10]: {"key":"YFsEE","version":0,"value":15.160688}
    [11]: {"key":"w22FB","version":2,"value":18.7799}
    [12]: {"key":"HUR9e","version":1,"value":9.00097}
    [13]: {"key":"X2u4g","version":0,"value":2.1927166}
    [14]: {"key":"pJFAG","version":1,"value":19.248966}
    [15]: {"key":"de2hO","version":0,"value":9.69966}
    [16]: {"key":"smCa2","version":2,"value":12.46695}
    [17]: {"key":"X2u4g","TOTAL":0.0}
    [18]: {"key":"bHb3U","version":0,"value":10.985951}
    [19]: {"key":"RLMjO","TOTAL":32.176662}
    [20]: {"key":"P2Zj6","version":0,"value":3.7200463}
    [21]: {"key":"5U67u","version":1,"value":7.1395483}
    [22]: {"key":"W43eJ","version":0,"value":7.5741444}
    [23]: {"key":"1S3ff","version":0,"value":15.865709}
    [24]: {"key":"5Nidd","version":1,"value":16.942703}
    [25]: {"key":"uBpmt","version":1,"value":14.411562}
    [26]: {"key":"YFsEE","version":2,"value":6.5521564}
    [27]: {"key":"O1lw2","version":0,"value":3.7634027}
    [28]: {"key":"uBpmt","version":0,"value":4.3970356}
    [29]: {"key":"pJFAG","TOTAL":0.0}
