=== TRANSFORM TEST DATA ===

> Generation Data
    numPackets: 30
    Total Messages Written: 27
    Total Messages Processed: 30
    Total Redis Updates: 27
    Total Value Written: 549.24976
    Total Added: 252.0

> Redis cache data:
    Redis Size: 21
    Redis Delta: 6

> Message data
    Tombstone Value Written: 0.0
    Normal Count: 27
    Tombstone Count: 3
    Tombstone Indices: [29, 12, 22]
    Unwritten Count: 3
    Unwritten Indices: []
    Unstored Count: 3
    Unstored Indices: [21, 24, 25]
    Removed Count: 1
    Removed Message Indices: [2]

Differing Data: (Called Run, Manual Run, Generated Data)
    !DIFFERENT Total Value Written: 549.24976, 549.24976, 549.24976
    !DIFFERENT Total Added: 252.0, 252.0, 252.0
--------------------------------
    !DIFFERENT messagesSize/totalMessagesWritten (Called Run): 30, 27
    !DIFFERENT messagesSize/totalMessagesWritten (Manual Run): 30, 27
--------------------------------

=== CALLED RUN DATA ===
Request: {"readQueue":"TransformTestRead-94731-FKeaI","writeQueue":"TransformTestWrite-57090-zKrxI","messageCount":30}

> Stats
    Total Messages Written: 27
    Total Messages Processed: 30
    Total Redis Updates: 27
    Total Value Written: 549.24976
    Total Added: 252.0

> Written Messages:30
    [0]: {"key":"6ST6E","version":1,"value":13.304103}
    [1]: {"key":"sPUyS","version":2,"value":26.843643}
    [2]: {"key":"flX3J","version":1,"value":22.707447}
    [3]: {"key":"wBHHV","version":0,"value":19.563162}
    [4]: {"key":"buN27","version":1,"value":17.856812}
    [5]: {"key":"k8jdT","version":1,"value":18.786194}
    [6]: {"key":"sWlsn","version":1,"value":20.681984}
    [7]: {"key":"lR6s5","version":0,"value":22.264395}
    [8]: {"key":"DT6Gp","version":2,"value":26.547384}
    [9]: {"key":"0t8Hv","version":0,"value":29.396}
    [10]: {"key":"42vcV","version":2,"value":24.013603}
    [11]: {"key":"8dHC6","version":2,"value":24.70476}
    [12]: {"totalMessagesWritten":12,"totalMessagesProcessed":13,"totalRedisUpdates":13,"totalValueWritten":266.6695,"totalAdded":126.0}
    [13]: {"key":"e4DVQ","version":2,"value":27.71367}
    [14]: {"key":"DRK4k","version":0,"value":21.95806}
    [15]: {"key":"b1pTY","version":0,"value":29.104935}
    [16]: {"key":"Zk6oT","version":0,"value":13.026649}
    [17]: {"key":"8bK5V","version":2,"value":11.03031}
    [18]: {"key":"vsk3n","version":0,"value":14.165636}
    [19]: {"key":"6EXvZ","version":0,"value":28.119522}
    [20]: {"key":"jlY2Q","version":0,"value":18.663532}
    [21]: {"key":"buN27","version":1,"value":1.6526079}
    [22]: {"totalMessagesWritten":21,"totalMessagesProcessed":23,"totalRedisUpdates":22,"totalValueWritten":432.10443,"totalAdded":210.0}
    [23]: {"key":"CRsk4","version":0,"value":29.407883}
    [24]: {"key":"DT6Gp","version":1,"value":19.15316}
    [25]: {"key":"CRsk4","version":0,"value":5.6504545}
    [26]: {"key":"kTO0S","version":1,"value":14.45083}
    [27]: {"key":"ej7R4","version":2,"value":27.703142}
    [28]: {"key":"PiLOZ","version":2,"value":20.779842}
    [29]: {"totalMessagesWritten":27,"totalMessagesProcessed":30,"totalRedisUpdates":27,"totalValueWritten":549.24976,"totalAdded":252.0}

> Cache Entries:21
    [0]: {"key":"6ST6E","version":1,"value":2.804103}
    [1]: {"key":"sPUyS","version":2,"value":16.343643}
    [2]: {"key":"wBHHV","version":0,"value":9.063162}
    [3]: {"key":"buN27","version":1,"value":7.3568106}
    [4]: {"key":"k8jdT","version":1,"value":8.286195}
    [5]: {"key":"sWlsn","version":1,"value":10.181984}
    [6]: {"key":"lR6s5","version":0,"value":11.764395}
    [7]: {"key":"DT6Gp","version":2,"value":16.047384}
    [8]: {"key":"0t8Hv","version":0,"value":18.896}
    [9]: {"key":"42vcV","version":2,"value":13.513602}
    [10]: {"key":"8dHC6","version":2,"value":14.20476}
    [11]: {"key":"e4DVQ","version":2,"value":17.21367}
    [12]: {"key":"b1pTY","version":0,"value":18.604935}
    [13]: {"key":"8bK5V","version":2,"value":0.5303097}
    [14]: {"key":"vsk3n","version":0,"value":3.6656356}
    [15]: {"key":"6EXvZ","version":0,"value":17.619522}
    [16]: {"key":"jlY2Q","version":0,"value":8.163533}
    [17]: {"key":"CRsk4","version":0,"value":18.907883}
    [18]: {"key":"kTO0S","version":1,"value":3.9508307}
    [19]: {"key":"ej7R4","version":2,"value":17.203142}
    [20]: {"key":"PiLOZ","version":2,"value":10.279841}

=== MANUAL RUN DATA ===
Request: {"readQueue":"TransformTestRead-93547-wszOO","writeQueue":"TransformTestWrite-24938-HMSoR","messageCount":30}

> Stats
    Total Messages Written: 27
    Total Messages Processed: 30
    Total Redis Updates: 27
    Total Value Written: 549.24976
    !DIFFERENT Total Value Written: 549.24976, 549.24976
    Total Added: 252.0
    !DIFFERENT Total Added: 252.0, 252.0

> Written Messages:30
    [0]: {"key":"6ST6E","version":1,"value":13.304103}
    [1]: {"key":"sPUyS","version":2,"value":26.843643}
    [2]: {"key":"flX3J","version":1,"value":22.707447}
    [3]: {"key":"wBHHV","version":0,"value":19.563162}
    [4]: {"key":"buN27","version":1,"value":17.856812}
    [5]: {"key":"k8jdT","version":1,"value":18.786194}
    [6]: {"key":"sWlsn","version":1,"value":20.681984}
    [7]: {"key":"lR6s5","version":0,"value":22.264395}
    [8]: {"key":"DT6Gp","version":2,"value":26.547384}
    [9]: {"key":"0t8Hv","version":0,"value":29.396}
    [10]: {"key":"42vcV","version":2,"value":24.013603}
    [11]: {"key":"8dHC6","version":2,"value":24.70476}
    [12]: {"totalMessagesWritten":12,"totalMessagesProcessed":13,"totalRedisUpdates":13,"totalValueWritten":266.6695,"totalAdded":126.0}
    [13]: {"key":"e4DVQ","version":2,"value":27.71367}
    [14]: {"key":"DRK4k","version":0,"value":21.95806}
    [15]: {"key":"b1pTY","version":0,"value":29.104935}
    [16]: {"key":"Zk6oT","version":0,"value":13.026649}
    [17]: {"key":"8bK5V","version":2,"value":11.03031}
    [18]: {"key":"vsk3n","version":0,"value":14.165636}
    [19]: {"key":"6EXvZ","version":0,"value":28.119522}
    [20]: {"key":"jlY2Q","version":0,"value":18.663532}
    [21]: {"key":"buN27","version":1,"value":1.6526079}
    [22]: {"totalMessagesWritten":21,"totalMessagesProcessed":23,"totalRedisUpdates":22,"totalValueWritten":432.10443,"totalAdded":210.0}
    [23]: {"key":"CRsk4","version":0,"value":29.407883}
    [24]: {"key":"DT6Gp","version":1,"value":19.15316}
    [25]: {"key":"CRsk4","version":0,"value":5.6504545}
    [26]: {"key":"kTO0S","version":1,"value":14.45083}
    [27]: {"key":"ej7R4","version":2,"value":27.703142}
    [28]: {"key":"PiLOZ","version":2,"value":20.779842}
    [29]: {"totalMessagesWritten":27,"totalMessagesProcessed":30,"totalRedisUpdates":27,"totalValueWritten":549.24976,"totalAdded":252.0}

> Cache Entries:21
    [0]: {"key":"6ST6E","version":1,"value":2.804103}
    [1]: {"key":"sPUyS","version":2,"value":16.343643}
    [2]: {"key":"wBHHV","version":0,"value":9.063162}
    [3]: {"key":"buN27","version":1,"value":7.3568106}
    [4]: {"key":"k8jdT","version":1,"value":8.286195}
    [5]: {"key":"sWlsn","version":1,"value":10.181984}
    [6]: {"key":"lR6s5","version":0,"value":11.764395}
    [7]: {"key":"DT6Gp","version":2,"value":16.047384}
    [8]: {"key":"0t8Hv","version":0,"value":18.896}
    [9]: {"key":"42vcV","version":2,"value":13.513602}
    [10]: {"key":"8dHC6","version":2,"value":14.20476}
    [11]: {"key":"e4DVQ","version":2,"value":17.21367}
    [12]: {"key":"b1pTY","version":0,"value":18.604935}
    [13]: {"key":"8bK5V","version":2,"value":0.5303097}
    [14]: {"key":"vsk3n","version":0,"value":3.6656356}
    [15]: {"key":"6EXvZ","version":0,"value":17.619522}
    [16]: {"key":"jlY2Q","version":0,"value":8.163533}
    [17]: {"key":"CRsk4","version":0,"value":18.907883}
    [18]: {"key":"kTO0S","version":1,"value":3.9508307}
    [19]: {"key":"ej7R4","version":2,"value":17.203142}
    [20]: {"key":"PiLOZ","version":2,"value":10.279841}

> Read Messages (with updated values):30
    [0]: {"key":"6ST6E","version":1,"value":13.304103}
    [1]: {"key":"sPUyS","version":2,"value":26.843643}
    [2]: {"key":"flX3J","version":1,"value":22.707447}
    [3]: {"key":"wBHHV","version":0,"value":19.563162}
    [4]: {"key":"buN27","version":1,"value":17.856812}
    [5]: {"key":"k8jdT","version":1,"value":18.786194}
    [6]: {"key":"sWlsn","version":1,"value":20.681984}
    [7]: {"key":"lR6s5","version":0,"value":22.264395}
    [8]: {"key":"DT6Gp","version":2,"value":26.547384}
    [9]: {"key":"0t8Hv","version":0,"value":29.396}
    [10]: {"key":"42vcV","version":2,"value":24.013603}
    [11]: {"key":"8dHC6","version":2,"value":24.70476}
    [12]: {"key":"flX3J","TOTAL":0.0}
    [13]: {"key":"e4DVQ","version":2,"value":27.71367}
    [14]: {"key":"DRK4k","version":0,"value":21.95806}
    [15]: {"key":"b1pTY","version":0,"value":29.104935}
    [16]: {"key":"Zk6oT","version":0,"value":13.026649}
    [17]: {"key":"8bK5V","version":2,"value":11.03031}
    [18]: {"key":"vsk3n","version":0,"value":14.165636}
    [19]: {"key":"6EXvZ","version":0,"value":28.119522}
    [20]: {"key":"jlY2Q","version":0,"value":18.663532}
    [21]: {"key":"buN27","version":1,"value":1.6526079}
    [22]: {"key":"DRK4k","TOTAL":0.0}
    [23]: {"key":"CRsk4","version":0,"value":29.407883}
    [24]: {"key":"DT6Gp","version":1,"value":19.15316}
    [25]: {"key":"CRsk4","version":0,"value":5.6504545}
    [26]: {"key":"kTO0S","version":1,"value":14.45083}
    [27]: {"key":"ej7R4","version":2,"value":27.703142}
    [28]: {"key":"PiLOZ","version":2,"value":20.779842}
    [29]: {"key":"Zk6oT","TOTAL":0.0}

=== GENERATED DATA ===

> Stats
    Total Messages Written: 27
    Total Messages Processed: 30
    Total Redis Updates: 27
    Total Value Written: 549.24976
    Total Added: 252.0

> Generation Data:
    Tombstone Value Written: 0.0
    Tombstone Count: 3
    Normal Count: 27
    Unstored Count: 3
    Removed Count: 1
    Removed Message Indices: [2]

> Removed Messages:1
    [2]: {"key":"flX3J","version":1,"value":12.207447}

> Unstored Messages:3
    [21]: {"key":"buN27","version":1,"value":1.6526079}
    [24]: {"key":"DT6Gp","version":1,"value":19.15316}
    [25]: {"key":"CRsk4","version":0,"value":5.6504545}

> Generated Messages
    [0]: {"key":"6ST6E","version":1,"value":2.804103}
    [1]: {"key":"sPUyS","version":2,"value":16.343643}
    [2]: {"key":"flX3J","version":1,"value":12.207447}
    [3]: {"key":"wBHHV","version":0,"value":9.063162}
    [4]: {"key":"buN27","version":1,"value":7.3568106}
    [5]: {"key":"k8jdT","version":1,"value":8.286195}
    [6]: {"key":"sWlsn","version":1,"value":10.181984}
    [7]: {"key":"lR6s5","version":0,"value":11.764395}
    [8]: {"key":"DT6Gp","version":2,"value":16.047384}
    [9]: {"key":"0t8Hv","version":0,"value":18.896}
    [10]: {"key":"42vcV","version":2,"value":13.513602}
    [11]: {"key":"8dHC6","version":2,"value":14.20476}
    [12]: {"key":"flX3J","TOTAL":0.0}
    [13]: {"key":"e4DVQ","version":2,"value":17.21367}
    [14]: {"key":"DRK4k","version":0,"value":11.458059}
    [15]: {"key":"b1pTY","version":0,"value":18.604935}
    [16]: {"key":"Zk6oT","version":0,"value":2.5266492}
    [17]: {"key":"8bK5V","version":2,"value":0.5303097}
    [18]: {"key":"vsk3n","version":0,"value":3.6656356}
    [19]: {"key":"6EXvZ","version":0,"value":17.619522}
    [20]: {"key":"jlY2Q","version":0,"value":8.163533}
    [21]: {"key":"buN27","version":1,"value":1.6526079}
    [22]: {"key":"DRK4k","TOTAL":0.0}
    [23]: {"key":"CRsk4","version":0,"value":18.907883}
    [24]: {"key":"DT6Gp","version":1,"value":19.15316}
    [25]: {"key":"CRsk4","version":0,"value":5.6504545}
    [26]: {"key":"kTO0S","version":1,"value":3.9508307}
    [27]: {"key":"ej7R4","version":2,"value":17.203142}
    [28]: {"key":"PiLOZ","version":2,"value":10.279841}
    [29]: {"key":"Zk6oT","TOTAL":0.0}

> Generated Packets
    [0]: {"key":"6ST6E","version":1,"value":2.804103}
    [1]: {"key":"sPUyS","version":2,"value":16.343643}
    [2]: {"key":"flX3J","version":1,"value":12.207447}
    [3]: {"key":"wBHHV","version":0,"value":9.063162}
    [4]: {"key":"buN27","version":1,"value":7.3568106}
    [5]: {"key":"k8jdT","version":1,"value":8.286195}
    [6]: {"key":"sWlsn","version":1,"value":10.181984}
    [7]: {"key":"lR6s5","version":0,"value":11.764395}
    [8]: {"key":"DT6Gp","version":2,"value":16.047384}
    [9]: {"key":"0t8Hv","version":0,"value":18.896}
    [10]: {"key":"42vcV","version":2,"value":13.513602}
    [11]: {"key":"8dHC6","version":2,"value":14.20476}
    [12]: {"key":"flX3J","TOTAL":0.0}
    [13]: {"key":"e4DVQ","version":2,"value":17.21367}
    [14]: {"key":"DRK4k","version":0,"value":11.458059}
    [15]: {"key":"b1pTY","version":0,"value":18.604935}
    [16]: {"key":"Zk6oT","version":0,"value":2.5266492}
    [17]: {"key":"8bK5V","version":2,"value":0.5303097}
    [18]: {"key":"vsk3n","version":0,"value":3.6656356}
    [19]: {"key":"6EXvZ","version":0,"value":17.619522}
    [20]: {"key":"jlY2Q","version":0,"value":8.163533}
    [21]: {"key":"buN27","version":1,"value":1.6526079}
    [22]: {"key":"DRK4k","TOTAL":0.0}
    [23]: {"key":"CRsk4","version":0,"value":18.907883}
    [24]: {"key":"DT6Gp","version":1,"value":19.15316}
    [25]: {"key":"CRsk4","version":0,"value":5.6504545}
    [26]: {"key":"kTO0S","version":1,"value":3.9508307}
    [27]: {"key":"ej7R4","version":2,"value":17.203142}
    [28]: {"key":"PiLOZ","version":2,"value":10.279841}
    [29]: {"key":"Zk6oT","TOTAL":0.0}
