=== TRANSFORM TEST DATA ===

> Generation Data
    numPackets: 30
    Total Messages Written: 28
    Total Messages Processed: 30
    Total Redis Updates: 28
    Total Value Written: 542.9675
    Total Added: 273.0

> Redis cache data:
    Redis Size: 23
    Redis Delta: 5

> Message data
    Tombstone Value Written: 0.0
    Normal Count: 28
    Tombstone Count: 2
    Tombstone Indices: [29, 24]
    Unwritten Count: 2
    Unwritten Indices: [0]
    Unstored Count: 2
    Unstored Indices: [13, 26]
    Removed Count: 0
    Removed Message Indices: []

Differing Data: (Called Run, Manual Run, Generated Data)
    !DIFFERENT Total Value Written: 542.9675, 542.9675, 542.9675
    !DIFFERENT Total Added: 273.0, 273.0, 273.0
--------------------------------
    !DIFFERENT messagesSize/totalMessagesWritten (Called Run): 30, 28
    !DIFFERENT messagesSize/totalMessagesWritten (Manual Run): 30, 28
--------------------------------

=== CALLED RUN DATA ===
Request: {"readQueue":"TransformTestRead-68689-wsuyw","writeQueue":"TransformTestWrite-51831-uyrow","messageCount":30}

> Stats
    Total Messages Written: 28
    Total Messages Processed: 30
    Total Redis Updates: 28
    Total Value Written: 542.9675
    Total Added: 273.0

> Written Messages:30
    [0]: {"key":"xHLWF","version":1,"value":13.260004}
    [1]: {"key":"mjDsd","version":1,"value":13.36933}
    [2]: {"key":"0OkRt","version":0,"value":20.377207}
    [3]: {"key":"Mao1y","version":0,"value":21.540375}
    [4]: {"key":"NjGqn","version":1,"value":28.400452}
    [5]: {"key":"yvKXW","version":2,"value":25.662945}
    [6]: {"key":"0OkRt","version":1,"value":22.723469}
    [7]: {"key":"oN4cX","version":0,"value":25.678207}
    [8]: {"key":"mLNCL","version":1,"value":27.255428}
    [9]: {"key":"cY15D","version":2,"value":15.877955}
    [10]: {"key":"fb5ic","version":1,"value":21.361103}
    [11]: {"key":"8MDcO","version":2,"value":21.398867}
    [12]: {"key":"ADb3Y","version":0,"value":22.59427}
    [13]: {"key":"0OkRt","version":0,"value":7.291565}
    [14]: {"key":"yfxAq","version":2,"value":10.865968}
    [15]: {"key":"krQfv","version":2,"value":15.825651}
    [16]: {"key":"t0e5d","version":2,"value":18.977875}
    [17]: {"key":"bVq6h","version":2,"value":28.372097}
    [18]: {"key":"imfIC","version":0,"value":15.4981365}
    [19]: {"key":"Na0nN","version":0,"value":18.067741}
    [20]: {"key":"bOGjI","version":0,"value":10.637856}
    [21]: {"key":"yqQ4x","version":0,"value":20.718193}
    [22]: {"key":"4tuwt","version":2,"value":26.17278}
    [23]: {"key":"xlYyg","version":2,"value":22.955368}
    [24]: {"totalMessagesWritten":24,"totalMessagesProcessed":25,"totalRedisUpdates":24,"totalValueWritten":474.88287,"totalAdded":241.5}
    [25]: {"key":"3O6ZL","version":2,"value":16.768486}
    [26]: {"key":"bVq6h","version":1,"value":2.0364308}
    [27]: {"key":"nsfeZ","version":0,"value":24.846165}
    [28]: {"key":"fKu5l","version":0,"value":24.433554}
    [29]: {"totalMessagesWritten":28,"totalMessagesProcessed":30,"totalRedisUpdates":28,"totalValueWritten":542.9675,"totalAdded":273.0}

> Cache Entries:23
    [0]: {"key":"xHLWF","version":1,"value":2.7600038}
    [1]: {"key":"mjDsd","version":1,"value":2.8693306}
    [2]: {"key":"0OkRt","version":1,"value":12.223469}
    [3]: {"key":"Mao1y","version":0,"value":11.040374}
    [4]: {"key":"NjGqn","version":1,"value":17.900452}
    [5]: {"key":"yvKXW","version":2,"value":15.162945}
    [6]: {"key":"mLNCL","version":1,"value":16.755428}
    [7]: {"key":"cY15D","version":2,"value":5.3779554}
    [8]: {"key":"fb5ic","version":1,"value":10.861102}
    [9]: {"key":"8MDcO","version":2,"value":10.898867}
    [10]: {"key":"ADb3Y","version":0,"value":12.094271}
    [11]: {"key":"yfxAq","version":2,"value":0.36596775}
    [12]: {"key":"krQfv","version":2,"value":5.325651}
    [13]: {"key":"t0e5d","version":2,"value":8.477875}
    [14]: {"key":"bVq6h","version":2,"value":17.872097}
    [15]: {"key":"Na0nN","version":0,"value":7.567742}
    [16]: {"key":"bOGjI","version":0,"value":0.137856}
    [17]: {"key":"yqQ4x","version":0,"value":10.218193}
    [18]: {"key":"4tuwt","version":2,"value":15.672778}
    [19]: {"key":"xlYyg","version":2,"value":12.455368}
    [20]: {"key":"3O6ZL","version":2,"value":6.268487}
    [21]: {"key":"nsfeZ","version":0,"value":14.346166}
    [22]: {"key":"fKu5l","version":0,"value":13.933554}

=== MANUAL RUN DATA ===
Request: {"readQueue":"TransformTestRead-69108-NaFEd","writeQueue":"TransformTestWrite-20633-cMwVf","messageCount":30}

> Stats
    Total Messages Written: 28
    Total Messages Processed: 30
    Total Redis Updates: 28
    Total Value Written: 542.9675
    !DIFFERENT Total Value Written: 542.9675, 542.9675
    Total Added: 273.0
    !DIFFERENT Total Added: 273.0, 273.0

> Written Messages:30
    [0]: {"key":"xHLWF","version":1,"value":13.260004}
    [1]: {"key":"mjDsd","version":1,"value":13.36933}
    [2]: {"key":"0OkRt","version":0,"value":20.377207}
    [3]: {"key":"Mao1y","version":0,"value":21.540375}
    [4]: {"key":"NjGqn","version":1,"value":28.400452}
    [5]: {"key":"yvKXW","version":2,"value":25.662945}
    [6]: {"key":"0OkRt","version":1,"value":22.723469}
    [7]: {"key":"oN4cX","version":0,"value":25.678207}
    [8]: {"key":"mLNCL","version":1,"value":27.255428}
    [9]: {"key":"cY15D","version":2,"value":15.877955}
    [10]: {"key":"fb5ic","version":1,"value":21.361103}
    [11]: {"key":"8MDcO","version":2,"value":21.398867}
    [12]: {"key":"ADb3Y","version":0,"value":22.59427}
    [13]: {"key":"0OkRt","version":0,"value":7.291565}
    [14]: {"key":"yfxAq","version":2,"value":10.865968}
    [15]: {"key":"krQfv","version":2,"value":15.825651}
    [16]: {"key":"t0e5d","version":2,"value":18.977875}
    [17]: {"key":"bVq6h","version":2,"value":28.372097}
    [18]: {"key":"imfIC","version":0,"value":15.4981365}
    [19]: {"key":"Na0nN","version":0,"value":18.067741}
    [20]: {"key":"bOGjI","version":0,"value":10.637856}
    [21]: {"key":"yqQ4x","version":0,"value":20.718193}
    [22]: {"key":"4tuwt","version":2,"value":26.17278}
    [23]: {"key":"xlYyg","version":2,"value":22.955368}
    [24]: {"totalMessagesWritten":24,"totalMessagesProcessed":25,"totalRedisUpdates":24,"totalValueWritten":474.88287,"totalAdded":241.5}
    [25]: {"key":"3O6ZL","version":2,"value":16.768486}
    [26]: {"key":"bVq6h","version":1,"value":2.0364308}
    [27]: {"key":"nsfeZ","version":0,"value":24.846165}
    [28]: {"key":"fKu5l","version":0,"value":24.433554}
    [29]: {"totalMessagesWritten":28,"totalMessagesProcessed":30,"totalRedisUpdates":28,"totalValueWritten":542.9675,"totalAdded":273.0}

> Cache Entries:23
    [0]: {"key":"xHLWF","version":1,"value":2.7600038}
    [1]: {"key":"mjDsd","version":1,"value":2.8693306}
    [2]: {"key":"0OkRt","version":1,"value":12.223469}
    [3]: {"key":"Mao1y","version":0,"value":11.040374}
    [4]: {"key":"NjGqn","version":1,"value":17.900452}
    [5]: {"key":"yvKXW","version":2,"value":15.162945}
    [6]: {"key":"mLNCL","version":1,"value":16.755428}
    [7]: {"key":"cY15D","version":2,"value":5.3779554}
    [8]: {"key":"fb5ic","version":1,"value":10.861102}
    [9]: {"key":"8MDcO","version":2,"value":10.898867}
    [10]: {"key":"ADb3Y","version":0,"value":12.094271}
    [11]: {"key":"yfxAq","version":2,"value":0.36596775}
    [12]: {"key":"krQfv","version":2,"value":5.325651}
    [13]: {"key":"t0e5d","version":2,"value":8.477875}
    [14]: {"key":"bVq6h","version":2,"value":17.872097}
    [15]: {"key":"Na0nN","version":0,"value":7.567742}
    [16]: {"key":"bOGjI","version":0,"value":0.137856}
    [17]: {"key":"yqQ4x","version":0,"value":10.218193}
    [18]: {"key":"4tuwt","version":2,"value":15.672778}
    [19]: {"key":"xlYyg","version":2,"value":12.455368}
    [20]: {"key":"3O6ZL","version":2,"value":6.268487}
    [21]: {"key":"nsfeZ","version":0,"value":14.346166}
    [22]: {"key":"fKu5l","version":0,"value":13.933554}

> Read Messages (with updated values):30
    [0]: {"key":"xHLWF","version":1,"value":13.260004}
    [1]: {"key":"mjDsd","version":1,"value":13.36933}
    [2]: {"key":"0OkRt","version":0,"value":20.377207}
    [3]: {"key":"Mao1y","version":0,"value":21.540375}
    [4]: {"key":"NjGqn","version":1,"value":28.400452}
    [5]: {"key":"yvKXW","version":2,"value":25.662945}
    [6]: {"key":"0OkRt","version":1,"value":22.723469}
    [7]: {"key":"oN4cX","version":0,"value":25.678207}
    [8]: {"key":"mLNCL","version":1,"value":27.255428}
    [9]: {"key":"cY15D","version":2,"value":15.877955}
    [10]: {"key":"fb5ic","version":1,"value":21.361103}
    [11]: {"key":"8MDcO","version":2,"value":21.398867}
    [12]: {"key":"ADb3Y","version":0,"value":22.59427}
    [13]: {"key":"0OkRt","version":0,"value":7.291565}
    [14]: {"key":"yfxAq","version":2,"value":10.865968}
    [15]: {"key":"krQfv","version":2,"value":15.825651}
    [16]: {"key":"t0e5d","version":2,"value":18.977875}
    [17]: {"key":"bVq6h","version":2,"value":28.372097}
    [18]: {"key":"imfIC","version":0,"value":15.4981365}
    [19]: {"key":"Na0nN","version":0,"value":18.067741}
    [20]: {"key":"bOGjI","version":0,"value":10.637856}
    [21]: {"key":"yqQ4x","version":0,"value":20.718193}
    [22]: {"key":"4tuwt","version":2,"value":26.17278}
    [23]: {"key":"xlYyg","version":2,"value":22.955368}
    [24]: {"key":"imfIC","TOTAL":0.0}
    [25]: {"key":"3O6ZL","version":2,"value":16.768486}
    [26]: {"key":"bVq6h","version":1,"value":2.0364308}
    [27]: {"key":"nsfeZ","version":0,"value":24.846165}
    [28]: {"key":"fKu5l","version":0,"value":24.433554}
    [29]: {"key":"oN4cX","TOTAL":0.0}

=== GENERATED DATA ===

> Stats
    Total Messages Written: 28
    Total Messages Processed: 30
    Total Redis Updates: 28
    Total Value Written: 542.9675
    Total Added: 273.0

> Generation Data:
    Tombstone Value Written: 0.0
    Tombstone Count: 2
    Normal Count: 28
    Unstored Count: 2
    Removed Count: 0
    Removed Message Indices: []

> Removed Messages:0

> Unstored Messages:2
    [13]: {"key":"0OkRt","version":0,"value":7.291565}
    [26]: {"key":"bVq6h","version":1,"value":2.0364308}

> Generated Messages
    [0]: {"key":"xHLWF","version":1,"value":2.7600038}
    [1]: {"key":"mjDsd","version":1,"value":2.8693306}
    [2]: {"key":"0OkRt","version":0,"value":9.877207}
    [3]: {"key":"Mao1y","version":0,"value":11.040374}
    [4]: {"key":"NjGqn","version":1,"value":17.900452}
    [5]: {"key":"yvKXW","version":2,"value":15.162945}
    [6]: {"key":"0OkRt","version":1,"value":12.223469}
    [7]: {"key":"oN4cX","version":0,"value":15.178207}
    [8]: {"key":"mLNCL","version":1,"value":16.755428}
    [9]: {"key":"cY15D","version":2,"value":5.3779554}
    [10]: {"key":"fb5ic","version":1,"value":10.861102}
    [11]: {"key":"8MDcO","version":2,"value":10.898867}
    [12]: {"key":"ADb3Y","version":0,"value":12.094271}
    [13]: {"key":"0OkRt","version":0,"value":7.291565}
    [14]: {"key":"yfxAq","version":2,"value":0.36596775}
    [15]: {"key":"krQfv","version":2,"value":5.325651}
    [16]: {"key":"t0e5d","version":2,"value":8.477875}
    [17]: {"key":"bVq6h","version":2,"value":17.872097}
    [18]: {"key":"imfIC","version":0,"value":4.9981365}
    [19]: {"key":"Na0nN","version":0,"value":7.567742}
    [20]: {"key":"bOGjI","version":0,"value":0.137856}
    [21]: {"key":"yqQ4x","version":0,"value":10.218193}
    [22]: {"key":"4tuwt","version":2,"value":15.672778}
    [23]: {"key":"xlYyg","version":2,"value":12.455368}
    [24]: {"key":"imfIC","TOTAL":0.0}
    [25]: {"key":"3O6ZL","version":2,"value":6.268487}
    [26]: {"key":"bVq6h","version":1,"value":2.0364308}
    [27]: {"key":"nsfeZ","version":0,"value":14.346166}
    [28]: {"key":"fKu5l","version":0,"value":13.933554}
    [29]: {"key":"oN4cX","TOTAL":0.0}

> Generated Packets
    [0]: {"key":"xHLWF","version":1,"value":2.7600038}
    [1]: {"key":"mjDsd","version":1,"value":2.8693306}
    [2]: {"key":"0OkRt","version":0,"value":9.877207}
    [3]: {"key":"Mao1y","version":0,"value":11.040374}
    [4]: {"key":"NjGqn","version":1,"value":17.900452}
    [5]: {"key":"yvKXW","version":2,"value":15.162945}
    [6]: {"key":"0OkRt","version":1,"value":12.223469}
    [7]: {"key":"oN4cX","version":0,"value":15.178207}
    [8]: {"key":"mLNCL","version":1,"value":16.755428}
    [9]: {"key":"cY15D","version":2,"value":5.3779554}
    [10]: {"key":"fb5ic","version":1,"value":10.861102}
    [11]: {"key":"8MDcO","version":2,"value":10.898867}
    [12]: {"key":"ADb3Y","version":0,"value":12.094271}
    [13]: {"key":"0OkRt","version":0,"value":7.291565}
    [14]: {"key":"yfxAq","version":2,"value":0.36596775}
    [15]: {"key":"krQfv","version":2,"value":5.325651}
    [16]: {"key":"t0e5d","version":2,"value":8.477875}
    [17]: {"key":"bVq6h","version":2,"value":17.872097}
    [18]: {"key":"imfIC","version":0,"value":4.9981365}
    [19]: {"key":"Na0nN","version":0,"value":7.567742}
    [20]: {"key":"bOGjI","version":0,"value":0.137856}
    [21]: {"key":"yqQ4x","version":0,"value":10.218193}
    [22]: {"key":"4tuwt","version":2,"value":15.672778}
    [23]: {"key":"xlYyg","version":2,"value":12.455368}
    [24]: {"key":"imfIC","TOTAL":0.0}
    [25]: {"key":"3O6ZL","version":2,"value":6.268487}
    [26]: {"key":"bVq6h","version":1,"value":2.0364308}
    [27]: {"key":"nsfeZ","version":0,"value":14.346166}
    [28]: {"key":"fKu5l","version":0,"value":13.933554}
    [29]: {"key":"oN4cX","TOTAL":0.0}
