=== TRANSFORM TEST DATA ===

> Generation Data
    numPackets: 30
    Total Messages Written: 26
    Total Messages Processed: 30
    Total Redis Updates: 29
    Total Value Written: 592.3385
    Total Added: 262.5

> Redis cache data:
    Redis Size: 19
    !DIFFERENT REDIS DELTA: 29, 28
    Redis Delta: 10

> Message data
    Tombstone Value Written: 69.73575
    Normal Count: 26
    Tombstone Count: 4
    Tombstone Indices: [29, 28, 3, 10]
    Unwritten Count: 4
    Unwritten Indices: []
    Unstored Count: 1
    Unstored Indices: [17]
    Removed Count: 1
    Removed Message Indices: [0]

Differing Data: (Called Run, Manual Run, Generated Data)
    !DIFFERENT Total Value Written: 581.8385, 581.8385, 592.3385
    !DIFFERENT Total Added: 252.0, 252.0, 262.5
--------------------------------
    !DIFFERENT messagesSize/totalMessagesWritten (Called Run): 30, 26
    !DIFFERENT messagesSize/totalMessagesWritten (Manual Run): 30, 26
--------------------------------

=== CALLED RUN DATA ===
Request: {"readQueue":"TransformTestRead-23900-q0fCZ","writeQueue":"TransformTestWrite-32393-HlukS","messageCount":30}

> Stats
    Total Messages Written: 26
    Total Messages Processed: 30
    Total Redis Updates: 28
    Total Value Written: 581.8385
    Total Added: 252.0

> Written Messages:30
    [0]: {"key":"Qg4qC","version":2,"value":16.52414}
    [1]: {"key":"ALuXC","version":0,"value":11.316786}
    [2]: {"key":"mRhKT","version":0,"value":26.084726}
    [3]: {"totalMessagesWritten":3,"totalMessagesProcessed":4,"totalRedisUpdates":4,"totalValueWritten":123.6614,"totalAdded":31.5}
    [4]: {"key":"FkRlQ","version":2,"value":21.595459}
    [5]: {"key":"cH2lJ","version":2,"value":22.118008}
    [6]: {"key":"9CsQp","version":0,"value":24.49227}
    [7]: {"key":"5SQFA","version":1,"value":18.83148}
    [8]: {"key":"q47ub","version":1,"value":12.938823}
    [9]: {"key":"8owWn","version":2,"value":16.096647}
    [10]: {"totalMessagesWritten":9,"totalMessagesProcessed":11,"totalRedisUpdates":11,"totalValueWritten":239.7341,"totalAdded":94.5}
    [11]: {"key":"pfFc0","version":2,"value":16.825077}
    [12]: {"key":"9CsQp","version":2,"value":27.18694}
    [13]: {"key":"mkPB9","version":0,"value":29.221155}
    [14]: {"key":"2Ysch","version":0,"value":24.007114}
    [15]: {"key":"GWJdJ","version":0,"value":21.114305}
    [16]: {"key":"tyTeC","version":0,"value":15.595587}
    [17]: {"key":"9CsQp","version":0,"value":8.382602}
    [18]: {"key":"XksRF","version":0,"value":20.822397}
    [19]: {"key":"LYcsL","version":1,"value":16.731533}
    [20]: {"key":"0nVbR","version":1,"value":25.903627}
    [21]: {"key":"hQqbA","version":1,"value":13.162451}
    [22]: {"key":"9CsQp","version":2,"value":4.859321}
    [23]: {"key":"gZ3MR","version":1,"value":15.906098}
    [24]: {"key":"BXSrn","version":2,"value":26.75179}
    [25]: {"key":"5fxRT","version":2,"value":29.61187}
    [26]: {"key":"0YMen","version":1,"value":16.226208}
    [27]: {"key":"VgS5b","version":1,"value":29.796307}
    [28]: {"totalMessagesWritten":26,"totalMessagesProcessed":29,"totalRedisUpdates":27,"totalValueWritten":581.8385,"totalAdded":252.0}
    [29]: {"totalMessagesWritten":26,"totalMessagesProcessed":30,"totalRedisUpdates":28,"totalValueWritten":581.8385,"totalAdded":252.0}

> Cache Entries:19
    [0]: {"key":"ALuXC","version":0,"value":0.8167863}
    [1]: {"key":"mRhKT","version":0,"value":15.584726}
    [2]: {"key":"FkRlQ","version":2,"value":11.095458}
    [3]: {"key":"9CsQp","version":2,"value":16.68694}
    [4]: {"key":"5SQFA","version":1,"value":8.33148}
    [5]: {"key":"q47ub","version":1,"value":2.438823}
    [6]: {"key":"8owWn","version":2,"value":5.5966473}
    [7]: {"key":"pfFc0","version":2,"value":6.325078}
    [8]: {"key":"mkPB9","version":0,"value":18.721155}
    [9]: {"key":"2Ysch","version":0,"value":13.507114}
    [10]: {"key":"GWJdJ","version":0,"value":10.6143055}
    [11]: {"key":"XksRF","version":0,"value":10.322397}
    [12]: {"key":"LYcsL","version":1,"value":6.231533}
    [13]: {"key":"0nVbR","version":1,"value":15.403627}
    [14]: {"key":"gZ3MR","version":1,"value":5.4060984}
    [15]: {"key":"BXSrn","version":2,"value":16.25179}
    [16]: {"key":"5fxRT","version":2,"value":19.11187}
    [17]: {"key":"0YMen","version":1,"value":5.7262077}
    [18]: {"key":"VgS5b","version":1,"value":19.296307}

=== MANUAL RUN DATA ===
Request: {"readQueue":"TransformTestRead-61897-tagaU","writeQueue":"TransformTestWrite-77940-3sGsA","messageCount":30}

> Stats
    Total Messages Written: 26
    Total Messages Processed: 30
    Total Redis Updates: 28
    Total Value Written: 581.8385
    !DIFFERENT Total Value Written: 581.8385, 581.8385
    Total Added: 252.0
    !DIFFERENT Total Added: 252.0, 252.0

> Written Messages:30
    [0]: {"key":"Qg4qC","version":2,"value":16.52414}
    [1]: {"key":"ALuXC","version":0,"value":11.316786}
    [2]: {"key":"mRhKT","version":0,"value":26.084726}
    [3]: {"totalMessagesWritten":3,"totalMessagesProcessed":4,"totalRedisUpdates":4,"totalValueWritten":123.6614,"totalAdded":31.5}
    [4]: {"key":"FkRlQ","version":2,"value":21.595459}
    [5]: {"key":"cH2lJ","version":2,"value":22.118008}
    [6]: {"key":"9CsQp","version":0,"value":24.49227}
    [7]: {"key":"5SQFA","version":1,"value":18.83148}
    [8]: {"key":"q47ub","version":1,"value":12.938823}
    [9]: {"key":"8owWn","version":2,"value":16.096647}
    [10]: {"totalMessagesWritten":9,"totalMessagesProcessed":11,"totalRedisUpdates":11,"totalValueWritten":239.7341,"totalAdded":94.5}
    [11]: {"key":"pfFc0","version":2,"value":16.825077}
    [12]: {"key":"9CsQp","version":2,"value":27.18694}
    [13]: {"key":"mkPB9","version":0,"value":29.221155}
    [14]: {"key":"2Ysch","version":0,"value":24.007114}
    [15]: {"key":"GWJdJ","version":0,"value":21.114305}
    [16]: {"key":"tyTeC","version":0,"value":15.595587}
    [17]: {"key":"9CsQp","version":0,"value":8.382602}
    [18]: {"key":"XksRF","version":0,"value":20.822397}
    [19]: {"key":"LYcsL","version":1,"value":16.731533}
    [20]: {"key":"0nVbR","version":1,"value":25.903627}
    [21]: {"key":"hQqbA","version":1,"value":13.162451}
    [22]: {"key":"9CsQp","version":2,"value":4.859321}
    [23]: {"key":"gZ3MR","version":1,"value":15.906098}
    [24]: {"key":"BXSrn","version":2,"value":26.75179}
    [25]: {"key":"5fxRT","version":2,"value":29.61187}
    [26]: {"key":"0YMen","version":1,"value":16.226208}
    [27]: {"key":"VgS5b","version":1,"value":29.796307}
    [28]: {"totalMessagesWritten":26,"totalMessagesProcessed":29,"totalRedisUpdates":27,"totalValueWritten":581.8385,"totalAdded":252.0}
    [29]: {"totalMessagesWritten":26,"totalMessagesProcessed":30,"totalRedisUpdates":28,"totalValueWritten":581.8385,"totalAdded":252.0}

> Cache Entries:19
    [0]: {"key":"ALuXC","version":0,"value":0.8167863}
    [1]: {"key":"mRhKT","version":0,"value":15.584726}
    [2]: {"key":"FkRlQ","version":2,"value":11.095458}
    [3]: {"key":"9CsQp","version":2,"value":16.68694}
    [4]: {"key":"5SQFA","version":1,"value":8.33148}
    [5]: {"key":"q47ub","version":1,"value":2.438823}
    [6]: {"key":"8owWn","version":2,"value":5.5966473}
    [7]: {"key":"pfFc0","version":2,"value":6.325078}
    [8]: {"key":"mkPB9","version":0,"value":18.721155}
    [9]: {"key":"2Ysch","version":0,"value":13.507114}
    [10]: {"key":"GWJdJ","version":0,"value":10.6143055}
    [11]: {"key":"XksRF","version":0,"value":10.322397}
    [12]: {"key":"LYcsL","version":1,"value":6.231533}
    [13]: {"key":"0nVbR","version":1,"value":15.403627}
    [14]: {"key":"gZ3MR","version":1,"value":5.4060984}
    [15]: {"key":"BXSrn","version":2,"value":16.25179}
    [16]: {"key":"5fxRT","version":2,"value":19.11187}
    [17]: {"key":"0YMen","version":1,"value":5.7262077}
    [18]: {"key":"VgS5b","version":1,"value":19.296307}

> Read Messages (with updated values):30
    [0]: {"key":"Qg4qC","version":2,"value":16.52414}
    [1]: {"key":"ALuXC","version":0,"value":11.316786}
    [2]: {"key":"mRhKT","version":0,"value":26.084726}
    [3]: {"key":"Qg4qC","TOTAL":69.73575}
    [4]: {"key":"FkRlQ","version":2,"value":21.595459}
    [5]: {"key":"cH2lJ","version":2,"value":22.118008}
    [6]: {"key":"9CsQp","version":0,"value":24.49227}
    [7]: {"key":"5SQFA","version":1,"value":18.83148}
    [8]: {"key":"q47ub","version":1,"value":12.938823}
    [9]: {"key":"8owWn","version":2,"value":16.096647}
    [10]: {"key":"cH2lJ","TOTAL":0.0}
    [11]: {"key":"pfFc0","version":2,"value":16.825077}
    [12]: {"key":"9CsQp","version":2,"value":27.18694}
    [13]: {"key":"mkPB9","version":0,"value":29.221155}
    [14]: {"key":"2Ysch","version":0,"value":24.007114}
    [15]: {"key":"GWJdJ","version":0,"value":21.114305}
    [16]: {"key":"tyTeC","version":0,"value":15.595587}
    [17]: {"key":"9CsQp","version":0,"value":8.382602}
    [18]: {"key":"XksRF","version":0,"value":20.822397}
    [19]: {"key":"LYcsL","version":1,"value":16.731533}
    [20]: {"key":"0nVbR","version":1,"value":25.903627}
    [21]: {"key":"hQqbA","version":1,"value":13.162451}
    [22]: {"key":"9CsQp","version":2,"value":4.859321}
    [23]: {"key":"gZ3MR","version":1,"value":15.906098}
    [24]: {"key":"BXSrn","version":2,"value":26.75179}
    [25]: {"key":"5fxRT","version":2,"value":29.61187}
    [26]: {"key":"0YMen","version":1,"value":16.226208}
    [27]: {"key":"VgS5b","version":1,"value":29.796307}
    [28]: {"key":"hQqbA","TOTAL":0.0}
    [29]: {"key":"tyTeC","TOTAL":0.0}

=== GENERATED DATA ===

> Stats
    Total Messages Written: 26
    Total Messages Processed: 30
    Total Redis Updates: 29
    Total Value Written: 592.3385
    Total Added: 262.5

> Generation Data:
    Tombstone Value Written: 69.73575
    Tombstone Count: 4
    Normal Count: 26
    Unstored Count: 1
    Removed Count: 1
    Removed Message Indices: [0]

> Removed Messages:1
    [0]: {"key":"Qg4qC","version":2,"value":6.024139}

> Unstored Messages:1
    [17]: {"key":"9CsQp","version":0,"value":8.382602}

> Generated Messages
    [0]: {"key":"Qg4qC","version":2,"value":6.024139}
    [1]: {"key":"ALuXC","version":0,"value":0.8167863}
    [2]: {"key":"mRhKT","version":0,"value":15.584726}
    [3]: {"key":"Qg4qC","TOTAL":69.73575}
    [4]: {"key":"FkRlQ","version":2,"value":11.095458}
    [5]: {"key":"cH2lJ","version":2,"value":11.618009}
    [6]: {"key":"9CsQp","version":0,"value":13.9922695}
    [7]: {"key":"5SQFA","version":1,"value":8.33148}
    [8]: {"key":"q47ub","version":1,"value":2.438823}
    [9]: {"key":"8owWn","version":2,"value":5.5966473}
    [10]: {"key":"cH2lJ","TOTAL":0.0}
    [11]: {"key":"pfFc0","version":2,"value":6.325078}
    [12]: {"key":"9CsQp","version":2,"value":16.68694}
    [13]: {"key":"mkPB9","version":0,"value":18.721155}
    [14]: {"key":"2Ysch","version":0,"value":13.507114}
    [15]: {"key":"GWJdJ","version":0,"value":10.6143055}
    [16]: {"key":"tyTeC","version":0,"value":5.095587}
    [17]: {"key":"9CsQp","version":0,"value":8.382602}
    [18]: {"key":"XksRF","version":0,"value":10.322397}
    [19]: {"key":"LYcsL","version":1,"value":6.231533}
    [20]: {"key":"0nVbR","version":1,"value":15.403627}
    [21]: {"key":"hQqbA","version":1,"value":2.6624513}
    [22]: {"key":"9CsQp","version":2,"value":4.859321}
    [23]: {"key":"gZ3MR","version":1,"value":5.4060984}
    [24]: {"key":"BXSrn","version":2,"value":16.25179}
    [25]: {"key":"5fxRT","version":2,"value":19.11187}
    [26]: {"key":"0YMen","version":1,"value":5.7262077}
    [27]: {"key":"VgS5b","version":1,"value":19.296307}
    [28]: {"key":"hQqbA","TOTAL":0.0}
    [29]: {"key":"tyTeC","TOTAL":0.0}

> Generated Packets
    [0]: {"key":"Qg4qC","version":2,"value":6.024139}
    [1]: {"key":"ALuXC","version":0,"value":0.8167863}
    [2]: {"key":"mRhKT","version":0,"value":15.584726}
    [3]: {"key":"Qg4qC","TOTAL":69.73575}
    [4]: {"key":"FkRlQ","version":2,"value":11.095458}
    [5]: {"key":"cH2lJ","version":2,"value":11.618009}
    [6]: {"key":"9CsQp","version":0,"value":13.9922695}
    [7]: {"key":"5SQFA","version":1,"value":8.33148}
    [8]: {"key":"q47ub","version":1,"value":2.438823}
    [9]: {"key":"8owWn","version":2,"value":5.5966473}
    [10]: {"key":"cH2lJ","TOTAL":0.0}
    [11]: {"key":"pfFc0","version":2,"value":6.325078}
    [12]: {"key":"9CsQp","version":2,"value":16.68694}
    [13]: {"key":"mkPB9","version":0,"value":18.721155}
    [14]: {"key":"2Ysch","version":0,"value":13.507114}
    [15]: {"key":"GWJdJ","version":0,"value":10.6143055}
    [16]: {"key":"tyTeC","version":0,"value":5.095587}
    [17]: {"key":"9CsQp","version":0,"value":8.382602}
    [18]: {"key":"XksRF","version":0,"value":10.322397}
    [19]: {"key":"LYcsL","version":1,"value":6.231533}
    [20]: {"key":"0nVbR","version":1,"value":15.403627}
    [21]: {"key":"hQqbA","version":1,"value":2.6624513}
    [22]: {"key":"9CsQp","version":2,"value":4.859321}
    [23]: {"key":"gZ3MR","version":1,"value":5.4060984}
    [24]: {"key":"BXSrn","version":2,"value":16.25179}
    [25]: {"key":"5fxRT","version":2,"value":19.11187}
    [26]: {"key":"0YMen","version":1,"value":5.7262077}
    [27]: {"key":"VgS5b","version":1,"value":19.296307}
    [28]: {"key":"hQqbA","TOTAL":0.0}
    [29]: {"key":"tyTeC","TOTAL":0.0}
