=== TRANSFORM TEST DATA ===

> Generation Data
    numPackets: 30
    Total Messages Written: 28
    Total Messages Processed: 30
    Total Redis Updates: 27
    Total Value Written: 581.85364
    Total Added: 262.5

> Redis cache data:
    Redis Size: 23
    Redis Delta: 4

> Message data
    Tombstone Value Written: 0.0
    Normal Count: 28
    Tombstone Count: 2
    Tombstone Indices: [29, 6]
    Unwritten Count: 2
    Unwritten Indices: []
    Unstored Count: 3
    Unstored Indices: [9, 10, 23]
    Removed Count: 2
    Removed Message Indices: [1, 0]

Differing Data: (Called Run, Manual Run, Generated Data)
    !DIFFERENT Total Value Written: 581.85364, 581.85364, 581.85364
    !DIFFERENT Total Added: 262.5, 262.5, 262.5
--------------------------------
    !DIFFERENT messagesSize/totalMessagesWritten (Called Run): 30, 28
    !DIFFERENT messagesSize/totalMessagesWritten (Manual Run): 30, 28
--------------------------------

=== CALLED RUN DATA ===
Request: {"readQueue":"TransformTestRead-30213-H4K2o","writeQueue":"TransformTestWrite-51159-zVi3y","messageCount":30}

> Stats
    Total Messages Written: 28
    Total Messages Processed: 30
    Total Redis Updates: 27
    Total Value Written: 581.85364
    Total Added: 262.5

> Written Messages:30
    [0]: {"key":"yAKeM","version":0,"value":24.13036}
    [1]: {"key":"UsJQZ","version":0,"value":26.745499}
    [2]: {"key":"fkg1Q","version":1,"value":28.888319}
    [3]: {"key":"7SZoC","version":0,"value":21.499159}
    [4]: {"key":"bjv0p","version":1,"value":20.714186}
    [5]: {"key":"JL4rx","version":0,"value":22.969881}
    [6]: {"totalMessagesWritten":6,"totalMessagesProcessed":7,"totalRedisUpdates":7,"totalValueWritten":144.9474,"totalAdded":63.0}
    [7]: {"key":"S29QS","version":1,"value":16.734352}
    [8]: {"key":"Quk5v","version":0,"value":27.936043}
    [9]: {"key":"yAKeM","version":0,"value":3.2894742}
    [10]: {"key":"fkg1Q","version":0,"value":3.789823}
    [11]: {"key":"j2NTO","version":2,"value":22.699116}
    [12]: {"key":"H0KAr","version":0,"value":24.13981}
    [13]: {"key":"LNK1g","version":0,"value":13.085876}
    [14]: {"key":"6VEn0","version":1,"value":11.314177}
    [15]: {"key":"13BYi","version":1,"value":29.138947}
    [16]: {"key":"sREkq","version":0,"value":23.306358}
    [17]: {"key":"Bj4B6","version":2,"value":24.400465}
    [18]: {"key":"Q2UgI","version":1,"value":17.69614}
    [19]: {"key":"fm2BO","version":1,"value":28.121592}
    [20]: {"key":"7F5vE","version":1,"value":15.422296}
    [21]: {"key":"lsjIo","version":0,"value":25.102922}
    [22]: {"key":"aQlNE","version":1,"value":20.591322}
    [23]: {"key":"yAKeM","version":0,"value":17.856485}
    [24]: {"key":"VqJOX","version":0,"value":28.818428}
    [25]: {"key":"NiQa3","version":0,"value":19.767803}
    [26]: {"key":"BW3GA","version":2,"value":24.032406}
    [27]: {"key":"NVf0R","version":0,"value":27.777954}
    [28]: {"key":"rxcX6","version":0,"value":11.884457}
    [29]: {"totalMessagesWritten":28,"totalMessagesProcessed":30,"totalRedisUpdates":27,"totalValueWritten":581.85364,"totalAdded":262.5}

> Cache Entries:23
    [0]: {"key":"fkg1Q","version":1,"value":18.388319}
    [1]: {"key":"7SZoC","version":0,"value":10.999159}
    [2]: {"key":"bjv0p","version":1,"value":10.214186}
    [3]: {"key":"JL4rx","version":0,"value":12.469881}
    [4]: {"key":"S29QS","version":1,"value":6.2343526}
    [5]: {"key":"Quk5v","version":0,"value":17.436043}
    [6]: {"key":"j2NTO","version":2,"value":12.199115}
    [7]: {"key":"H0KAr","version":0,"value":13.639811}
    [8]: {"key":"LNK1g","version":0,"value":2.585876}
    [9]: {"key":"6VEn0","version":1,"value":0.8141768}
    [10]: {"key":"13BYi","version":1,"value":18.638947}
    [11]: {"key":"sREkq","version":0,"value":12.806357}
    [12]: {"key":"Bj4B6","version":2,"value":13.900465}
    [13]: {"key":"Q2UgI","version":1,"value":7.1961412}
    [14]: {"key":"fm2BO","version":1,"value":17.621592}
    [15]: {"key":"7F5vE","version":1,"value":4.9222956}
    [16]: {"key":"lsjIo","version":0,"value":14.602922}
    [17]: {"key":"aQlNE","version":1,"value":10.091322}
    [18]: {"key":"VqJOX","version":0,"value":18.318428}
    [19]: {"key":"NiQa3","version":0,"value":9.267802}
    [20]: {"key":"BW3GA","version":2,"value":13.532406}
    [21]: {"key":"NVf0R","version":0,"value":17.277954}
    [22]: {"key":"rxcX6","version":0,"value":1.3844562}

=== MANUAL RUN DATA ===
Request: {"readQueue":"TransformTestRead-22068-RiKB7","writeQueue":"TransformTestWrite-83171-1ODjb","messageCount":30}

> Stats
    Total Messages Written: 28
    Total Messages Processed: 30
    Total Redis Updates: 27
    Total Value Written: 581.85364
    !DIFFERENT Total Value Written: 581.85364, 581.85364
    Total Added: 262.5
    !DIFFERENT Total Added: 262.5, 262.5

> Written Messages:30
    [0]: {"key":"yAKeM","version":0,"value":24.13036}
    [1]: {"key":"UsJQZ","version":0,"value":26.745499}
    [2]: {"key":"fkg1Q","version":1,"value":28.888319}
    [3]: {"key":"7SZoC","version":0,"value":21.499159}
    [4]: {"key":"bjv0p","version":1,"value":20.714186}
    [5]: {"key":"JL4rx","version":0,"value":22.969881}
    [6]: {"totalMessagesWritten":6,"totalMessagesProcessed":7,"totalRedisUpdates":7,"totalValueWritten":144.9474,"totalAdded":63.0}
    [7]: {"key":"S29QS","version":1,"value":16.734352}
    [8]: {"key":"Quk5v","version":0,"value":27.936043}
    [9]: {"key":"yAKeM","version":0,"value":3.2894742}
    [10]: {"key":"fkg1Q","version":0,"value":3.789823}
    [11]: {"key":"j2NTO","version":2,"value":22.699116}
    [12]: {"key":"H0KAr","version":0,"value":24.13981}
    [13]: {"key":"LNK1g","version":0,"value":13.085876}
    [14]: {"key":"6VEn0","version":1,"value":11.314177}
    [15]: {"key":"13BYi","version":1,"value":29.138947}
    [16]: {"key":"sREkq","version":0,"value":23.306358}
    [17]: {"key":"Bj4B6","version":2,"value":24.400465}
    [18]: {"key":"Q2UgI","version":1,"value":17.69614}
    [19]: {"key":"fm2BO","version":1,"value":28.121592}
    [20]: {"key":"7F5vE","version":1,"value":15.422296}
    [21]: {"key":"lsjIo","version":0,"value":25.102922}
    [22]: {"key":"aQlNE","version":1,"value":20.591322}
    [23]: {"key":"yAKeM","version":0,"value":17.856485}
    [24]: {"key":"VqJOX","version":0,"value":28.818428}
    [25]: {"key":"NiQa3","version":0,"value":19.767803}
    [26]: {"key":"BW3GA","version":2,"value":24.032406}
    [27]: {"key":"NVf0R","version":0,"value":27.777954}
    [28]: {"key":"rxcX6","version":0,"value":11.884457}
    [29]: {"totalMessagesWritten":28,"totalMessagesProcessed":30,"totalRedisUpdates":27,"totalValueWritten":581.85364,"totalAdded":262.5}

> Cache Entries:23
    [0]: {"key":"fkg1Q","version":1,"value":18.388319}
    [1]: {"key":"7SZoC","version":0,"value":10.999159}
    [2]: {"key":"bjv0p","version":1,"value":10.214186}
    [3]: {"key":"JL4rx","version":0,"value":12.469881}
    [4]: {"key":"S29QS","version":1,"value":6.2343526}
    [5]: {"key":"Quk5v","version":0,"value":17.436043}
    [6]: {"key":"j2NTO","version":2,"value":12.199115}
    [7]: {"key":"H0KAr","version":0,"value":13.639811}
    [8]: {"key":"LNK1g","version":0,"value":2.585876}
    [9]: {"key":"6VEn0","version":1,"value":0.8141768}
    [10]: {"key":"13BYi","version":1,"value":18.638947}
    [11]: {"key":"sREkq","version":0,"value":12.806357}
    [12]: {"key":"Bj4B6","version":2,"value":13.900465}
    [13]: {"key":"Q2UgI","version":1,"value":7.1961412}
    [14]: {"key":"fm2BO","version":1,"value":17.621592}
    [15]: {"key":"7F5vE","version":1,"value":4.9222956}
    [16]: {"key":"lsjIo","version":0,"value":14.602922}
    [17]: {"key":"aQlNE","version":1,"value":10.091322}
    [18]: {"key":"VqJOX","version":0,"value":18.318428}
    [19]: {"key":"NiQa3","version":0,"value":9.267802}
    [20]: {"key":"BW3GA","version":2,"value":13.532406}
    [21]: {"key":"NVf0R","version":0,"value":17.277954}
    [22]: {"key":"rxcX6","version":0,"value":1.3844562}

> Read Messages (with updated values):30
    [0]: {"key":"yAKeM","version":0,"value":24.13036}
    [1]: {"key":"UsJQZ","version":0,"value":26.745499}
    [2]: {"key":"fkg1Q","version":1,"value":28.888319}
    [3]: {"key":"7SZoC","version":0,"value":21.499159}
    [4]: {"key":"bjv0p","version":1,"value":20.714186}
    [5]: {"key":"JL4rx","version":0,"value":22.969881}
    [6]: {"key":"UsJQZ","TOTAL":0.0}
    [7]: {"key":"S29QS","version":1,"value":16.734352}
    [8]: {"key":"Quk5v","version":0,"value":27.936043}
    [9]: {"key":"yAKeM","version":0,"value":3.2894742}
    [10]: {"key":"fkg1Q","version":0,"value":3.789823}
    [11]: {"key":"j2NTO","version":2,"value":22.699116}
    [12]: {"key":"H0KAr","version":0,"value":24.13981}
    [13]: {"key":"LNK1g","version":0,"value":13.085876}
    [14]: {"key":"6VEn0","version":1,"value":11.314177}
    [15]: {"key":"13BYi","version":1,"value":29.138947}
    [16]: {"key":"sREkq","version":0,"value":23.306358}
    [17]: {"key":"Bj4B6","version":2,"value":24.400465}
    [18]: {"key":"Q2UgI","version":1,"value":17.69614}
    [19]: {"key":"fm2BO","version":1,"value":28.121592}
    [20]: {"key":"7F5vE","version":1,"value":15.422296}
    [21]: {"key":"lsjIo","version":0,"value":25.102922}
    [22]: {"key":"aQlNE","version":1,"value":20.591322}
    [23]: {"key":"yAKeM","version":0,"value":17.856485}
    [24]: {"key":"VqJOX","version":0,"value":28.818428}
    [25]: {"key":"NiQa3","version":0,"value":19.767803}
    [26]: {"key":"BW3GA","version":2,"value":24.032406}
    [27]: {"key":"NVf0R","version":0,"value":27.777954}
    [28]: {"key":"rxcX6","version":0,"value":11.884457}
    [29]: {"key":"yAKeM","TOTAL":0.0}

=== GENERATED DATA ===

> Stats
    Total Messages Written: 28
    Total Messages Processed: 30
    Total Redis Updates: 27
    Total Value Written: 581.85364
    Total Added: 262.5

> Generation Data:
    Tombstone Value Written: 0.0
    Tombstone Count: 2
    Normal Count: 28
    Unstored Count: 3
    Removed Count: 2
    Removed Message Indices: [1, 0]

> Removed Messages:2
    [1]: {"key":"UsJQZ","version":0,"value":16.245499}
    [0]: {"key":"yAKeM","version":0,"value":13.630361}

> Unstored Messages:3
    [9]: {"key":"yAKeM","version":0,"value":3.2894742}
    [10]: {"key":"fkg1Q","version":0,"value":3.789823}
    [23]: {"key":"yAKeM","version":0,"value":17.856485}

> Generated Messages
    [0]: {"key":"yAKeM","version":0,"value":13.630361}
    [1]: {"key":"UsJQZ","version":0,"value":16.245499}
    [2]: {"key":"fkg1Q","version":1,"value":18.388319}
    [3]: {"key":"7SZoC","version":0,"value":10.999159}
    [4]: {"key":"bjv0p","version":1,"value":10.214186}
    [5]: {"key":"JL4rx","version":0,"value":12.469881}
    [6]: {"key":"UsJQZ","TOTAL":0.0}
    [7]: {"key":"S29QS","version":1,"value":6.2343526}
    [8]: {"key":"Quk5v","version":0,"value":17.436043}
    [9]: {"key":"yAKeM","version":0,"value":3.2894742}
    [10]: {"key":"fkg1Q","version":0,"value":3.789823}
    [11]: {"key":"j2NTO","version":2,"value":12.199115}
    [12]: {"key":"H0KAr","version":0,"value":13.639811}
    [13]: {"key":"LNK1g","version":0,"value":2.585876}
    [14]: {"key":"6VEn0","version":1,"value":0.8141768}
    [15]: {"key":"13BYi","version":1,"value":18.638947}
    [16]: {"key":"sREkq","version":0,"value":12.806357}
    [17]: {"key":"Bj4B6","version":2,"value":13.900465}
    [18]: {"key":"Q2UgI","version":1,"value":7.1961412}
    [19]: {"key":"fm2BO","version":1,"value":17.621592}
    [20]: {"key":"7F5vE","version":1,"value":4.9222956}
    [21]: {"key":"lsjIo","version":0,"value":14.602922}
    [22]: {"key":"aQlNE","version":1,"value":10.091322}
    [23]: {"key":"yAKeM","version":0,"value":17.856485}
    [24]: {"key":"VqJOX","version":0,"value":18.318428}
    [25]: {"key":"NiQa3","version":0,"value":9.267802}
    [26]: {"key":"BW3GA","version":2,"value":13.532406}
    [27]: {"key":"NVf0R","version":0,"value":17.277954}
    [28]: {"key":"rxcX6","version":0,"value":1.3844562}
    [29]: {"key":"yAKeM","TOTAL":0.0}

> Generated Packets
    [0]: {"key":"yAKeM","version":0,"value":13.630361}
    [1]: {"key":"UsJQZ","version":0,"value":16.245499}
    [2]: {"key":"fkg1Q","version":1,"value":18.388319}
    [3]: {"key":"7SZoC","version":0,"value":10.999159}
    [4]: {"key":"bjv0p","version":1,"value":10.214186}
    [5]: {"key":"JL4rx","version":0,"value":12.469881}
    [6]: {"key":"UsJQZ","TOTAL":0.0}
    [7]: {"key":"S29QS","version":1,"value":6.2343526}
    [8]: {"key":"Quk5v","version":0,"value":17.436043}
    [9]: {"key":"yAKeM","version":0,"value":3.2894742}
    [10]: {"key":"fkg1Q","version":0,"value":3.789823}
    [11]: {"key":"j2NTO","version":2,"value":12.199115}
    [12]: {"key":"H0KAr","version":0,"value":13.639811}
    [13]: {"key":"LNK1g","version":0,"value":2.585876}
    [14]: {"key":"6VEn0","version":1,"value":0.8141768}
    [15]: {"key":"13BYi","version":1,"value":18.638947}
    [16]: {"key":"sREkq","version":0,"value":12.806357}
    [17]: {"key":"Bj4B6","version":2,"value":13.900465}
    [18]: {"key":"Q2UgI","version":1,"value":7.1961412}
    [19]: {"key":"fm2BO","version":1,"value":17.621592}
    [20]: {"key":"7F5vE","version":1,"value":4.9222956}
    [21]: {"key":"lsjIo","version":0,"value":14.602922}
    [22]: {"key":"aQlNE","version":1,"value":10.091322}
    [23]: {"key":"yAKeM","version":0,"value":17.856485}
    [24]: {"key":"VqJOX","version":0,"value":18.318428}
    [25]: {"key":"NiQa3","version":0,"value":9.267802}
    [26]: {"key":"BW3GA","version":2,"value":13.532406}
    [27]: {"key":"NVf0R","version":0,"value":17.277954}
    [28]: {"key":"rxcX6","version":0,"value":1.3844562}
    [29]: {"key":"yAKeM","TOTAL":0.0}
