=== TRANSFORM TEST DATA ===

> Generation Data
    numPackets: 30
    Total Messages Written: 29
    Total Messages Processed: 30
    Total Redis Updates: 26
    Total Value Written: 523.5212
    Total Added: 262.5

> Redis cache data:
    Redis Size: 21
    Redis Delta: 5

> Message data
    Tombstone Value Written: 0.0
    Normal Count: 29
    Tombstone Count: 1
    Tombstone Indices: [29]
    Unwritten Count: 1
    Unwritten Indices: []
    Unstored Count: 4
    Unstored Indices: [7, 14, 26, 27]
    Removed Count: 1
    Removed Message Indices: [5]

Differing Data: (Called Run, Manual Run, Generated Data)
    !DIFFERENT Total Value Written: 523.5211, 523.5211, 523.5212
    !DIFFERENT Total Added: 262.5, 262.5, 262.5
--------------------------------
    !DIFFERENT messagesSize/totalMessagesWritten (Called Run): 30, 29
    !DIFFERENT messagesSize/totalMessagesWritten (Manual Run): 30, 29
--------------------------------

=== CALLED RUN DATA ===
Request: {"readQueue":"TransformTestRead-22347-W3AuQ","writeQueue":"TransformTestWrite-79909-gH1sr","messageCount":30}

> Stats
    Total Messages Written: 29
    Total Messages Processed: 30
    Total Redis Updates: 26
    Total Value Written: 523.5211
    Total Added: 262.5

> Written Messages:30
    [0]: {"key":"rey5u","version":1,"value":11.449347}
    [1]: {"key":"RxTmp","version":1,"value":13.591335}
    [2]: {"key":"kQSbN","version":2,"value":29.688896}
    [3]: {"key":"0JgWX","version":2,"value":27.418928}
    [4]: {"key":"2t8e7","version":0,"value":21.126524}
    [5]: {"key":"oDkVS","version":2,"value":20.604261}
    [6]: {"key":"TkYl7","version":0,"value":15.713549}
    [7]: {"key":"oDkVS","version":2,"value":14.986314}
    [8]: {"key":"MuuOT","version":0,"value":30.366207}
    [9]: {"key":"2t8e7","version":2,"value":21.109446}
    [10]: {"key":"IH2kE","version":1,"value":11.197021}
    [11]: {"key":"ylvv9","version":2,"value":16.988182}
    [12]: {"key":"MeRdN","version":1,"value":22.824816}
    [13]: {"key":"MuuOT","version":1,"value":21.99435}
    [14]: {"key":"IH2kE","version":1,"value":2.7592993}
    [15]: {"key":"7qkAl","version":2,"value":16.9047}
    [16]: {"key":"mikXx","version":0,"value":13.428514}
    [17]: {"key":"4f009","version":0,"value":12.221615}
    [18]: {"key":"n6gPV","version":2,"value":26.931631}
    [19]: {"key":"TE8iJ","version":2,"value":27.716572}
    [20]: {"key":"mikXx","version":1,"value":12.412096}
    [21]: {"key":"8sHsb","version":2,"value":25.881538}
    [22]: {"key":"3jWAt","version":1,"value":12.268534}
    [23]: {"key":"WkRqk","version":0,"value":13.333452}
    [24]: {"key":"NeKWA","version":1,"value":17.795147}
    [25]: {"key":"m6db7","version":2,"value":15.960173}
    [26]: {"key":"MuuOT","version":0,"value":13.050523}
    [27]: {"key":"rey5u","version":1,"value":15.637264}
    [28]: {"key":"d4Ev7","version":1,"value":18.160828}
    [29]: {"totalMessagesWritten":29,"totalMessagesProcessed":30,"totalRedisUpdates":26,"totalValueWritten":523.5211,"totalAdded":262.5}

> Cache Entries:21
    [0]: {"key":"rey5u","version":1,"value":0.949347}
    [1]: {"key":"RxTmp","version":1,"value":3.0913353}
    [2]: {"key":"kQSbN","version":2,"value":19.188896}
    [3]: {"key":"0JgWX","version":2,"value":16.918928}
    [4]: {"key":"2t8e7","version":2,"value":10.609446}
    [5]: {"key":"TkYl7","version":0,"value":5.213549}
    [6]: {"key":"MuuOT","version":1,"value":11.4943495}
    [7]: {"key":"IH2kE","version":1,"value":0.6970203}
    [8]: {"key":"ylvv9","version":2,"value":6.488181}
    [9]: {"key":"MeRdN","version":1,"value":12.324816}
    [10]: {"key":"7qkAl","version":2,"value":6.4046993}
    [11]: {"key":"mikXx","version":1,"value":1.9120955}
    [12]: {"key":"4f009","version":0,"value":1.7216146}
    [13]: {"key":"n6gPV","version":2,"value":16.431631}
    [14]: {"key":"TE8iJ","version":2,"value":17.216572}
    [15]: {"key":"8sHsb","version":2,"value":15.381537}
    [16]: {"key":"3jWAt","version":1,"value":1.7685342}
    [17]: {"key":"WkRqk","version":0,"value":2.8334522}
    [18]: {"key":"NeKWA","version":1,"value":7.295146}
    [19]: {"key":"m6db7","version":2,"value":5.4601727}
    [20]: {"key":"d4Ev7","version":1,"value":7.6608276}

=== MANUAL RUN DATA ===
Request: {"readQueue":"TransformTestRead-67267-g0siw","writeQueue":"TransformTestWrite-15792-dLiiX","messageCount":30}

> Stats
    Total Messages Written: 29
    Total Messages Processed: 30
    Total Redis Updates: 26
    Total Value Written: 523.5211
    !DIFFERENT Total Value Written: 523.5211, 523.5211
    Total Added: 262.5
    !DIFFERENT Total Added: 262.5, 262.5

> Written Messages:30
    [0]: {"key":"rey5u","version":1,"value":11.449347}
    [1]: {"key":"RxTmp","version":1,"value":13.591335}
    [2]: {"key":"kQSbN","version":2,"value":29.688896}
    [3]: {"key":"0JgWX","version":2,"value":27.418928}
    [4]: {"key":"2t8e7","version":0,"value":21.126524}
    [5]: {"key":"oDkVS","version":2,"value":20.604261}
    [6]: {"key":"TkYl7","version":0,"value":15.713549}
    [7]: {"key":"oDkVS","version":2,"value":14.986314}
    [8]: {"key":"MuuOT","version":0,"value":30.366207}
    [9]: {"key":"2t8e7","version":2,"value":21.109446}
    [10]: {"key":"IH2kE","version":1,"value":11.197021}
    [11]: {"key":"ylvv9","version":2,"value":16.988182}
    [12]: {"key":"MeRdN","version":1,"value":22.824816}
    [13]: {"key":"MuuOT","version":1,"value":21.99435}
    [14]: {"key":"IH2kE","version":1,"value":2.7592993}
    [15]: {"key":"7qkAl","version":2,"value":16.9047}
    [16]: {"key":"mikXx","version":0,"value":13.428514}
    [17]: {"key":"4f009","version":0,"value":12.221615}
    [18]: {"key":"n6gPV","version":2,"value":26.931631}
    [19]: {"key":"TE8iJ","version":2,"value":27.716572}
    [20]: {"key":"mikXx","version":1,"value":12.412096}
    [21]: {"key":"8sHsb","version":2,"value":25.881538}
    [22]: {"key":"3jWAt","version":1,"value":12.268534}
    [23]: {"key":"WkRqk","version":0,"value":13.333452}
    [24]: {"key":"NeKWA","version":1,"value":17.795147}
    [25]: {"key":"m6db7","version":2,"value":15.960173}
    [26]: {"key":"MuuOT","version":0,"value":13.050523}
    [27]: {"key":"rey5u","version":1,"value":15.637264}
    [28]: {"key":"d4Ev7","version":1,"value":18.160828}
    [29]: {"totalMessagesWritten":29,"totalMessagesProcessed":30,"totalRedisUpdates":26,"totalValueWritten":523.5211,"totalAdded":262.5}

> Cache Entries:21
    [0]: {"key":"rey5u","version":1,"value":0.949347}
    [1]: {"key":"RxTmp","version":1,"value":3.0913353}
    [2]: {"key":"kQSbN","version":2,"value":19.188896}
    [3]: {"key":"0JgWX","version":2,"value":16.918928}
    [4]: {"key":"2t8e7","version":2,"value":10.609446}
    [5]: {"key":"TkYl7","version":0,"value":5.213549}
    [6]: {"key":"MuuOT","version":1,"value":11.4943495}
    [7]: {"key":"IH2kE","version":1,"value":0.6970203}
    [8]: {"key":"ylvv9","version":2,"value":6.488181}
    [9]: {"key":"MeRdN","version":1,"value":12.324816}
    [10]: {"key":"7qkAl","version":2,"value":6.4046993}
    [11]: {"key":"mikXx","version":1,"value":1.9120955}
    [12]: {"key":"4f009","version":0,"value":1.7216146}
    [13]: {"key":"n6gPV","version":2,"value":16.431631}
    [14]: {"key":"TE8iJ","version":2,"value":17.216572}
    [15]: {"key":"8sHsb","version":2,"value":15.381537}
    [16]: {"key":"3jWAt","version":1,"value":1.7685342}
    [17]: {"key":"WkRqk","version":0,"value":2.8334522}
    [18]: {"key":"NeKWA","version":1,"value":7.295146}
    [19]: {"key":"m6db7","version":2,"value":5.4601727}
    [20]: {"key":"d4Ev7","version":1,"value":7.6608276}

> Read Messages (with updated values):30
    [0]: {"key":"rey5u","version":1,"value":11.449347}
    [1]: {"key":"RxTmp","version":1,"value":13.591335}
    [2]: {"key":"kQSbN","version":2,"value":29.688896}
    [3]: {"key":"0JgWX","version":2,"value":27.418928}
    [4]: {"key":"2t8e7","version":0,"value":21.126524}
    [5]: {"key":"oDkVS","version":2,"value":20.604261}
    [6]: {"key":"TkYl7","version":0,"value":15.713549}
    [7]: {"key":"oDkVS","version":2,"value":14.986314}
    [8]: {"key":"MuuOT","version":0,"value":30.366207}
    [9]: {"key":"2t8e7","version":2,"value":21.109446}
    [10]: {"key":"IH2kE","version":1,"value":11.197021}
    [11]: {"key":"ylvv9","version":2,"value":16.988182}
    [12]: {"key":"MeRdN","version":1,"value":22.824816}
    [13]: {"key":"MuuOT","version":1,"value":21.99435}
    [14]: {"key":"IH2kE","version":1,"value":2.7592993}
    [15]: {"key":"7qkAl","version":2,"value":16.9047}
    [16]: {"key":"mikXx","version":0,"value":13.428514}
    [17]: {"key":"4f009","version":0,"value":12.221615}
    [18]: {"key":"n6gPV","version":2,"value":26.931631}
    [19]: {"key":"TE8iJ","version":2,"value":27.716572}
    [20]: {"key":"mikXx","version":1,"value":12.412096}
    [21]: {"key":"8sHsb","version":2,"value":25.881538}
    [22]: {"key":"3jWAt","version":1,"value":12.268534}
    [23]: {"key":"WkRqk","version":0,"value":13.333452}
    [24]: {"key":"NeKWA","version":1,"value":17.795147}
    [25]: {"key":"m6db7","version":2,"value":15.960173}
    [26]: {"key":"MuuOT","version":0,"value":13.050523}
    [27]: {"key":"rey5u","version":1,"value":15.637264}
    [28]: {"key":"d4Ev7","version":1,"value":18.160828}
    [29]: {"key":"oDkVS","TOTAL":0.0}

=== GENERATED DATA ===

> Stats
    Total Messages Written: 29
    Total Messages Processed: 30
    Total Redis Updates: 26
    Total Value Written: 523.5212
    Total Added: 262.5

> Generation Data:
    Tombstone Value Written: 0.0
    Tombstone Count: 1
    Normal Count: 29
    Unstored Count: 4
    Removed Count: 1
    Removed Message Indices: [5]

> Removed Messages:1
    [5]: {"key":"oDkVS","version":2,"value":10.104261}

> Unstored Messages:4
    [7]: {"key":"oDkVS","version":2,"value":14.986314}
    [14]: {"key":"IH2kE","version":1,"value":2.7592993}
    [26]: {"key":"MuuOT","version":0,"value":13.050523}
    [27]: {"key":"rey5u","version":1,"value":15.637264}

> Generated Messages
    [0]: {"key":"rey5u","version":1,"value":0.949347}
    [1]: {"key":"RxTmp","version":1,"value":3.0913353}
    [2]: {"key":"kQSbN","version":2,"value":19.188896}
    [3]: {"key":"0JgWX","version":2,"value":16.918928}
    [4]: {"key":"2t8e7","version":0,"value":10.626524}
    [5]: {"key":"oDkVS","version":2,"value":10.104261}
    [6]: {"key":"TkYl7","version":0,"value":5.213549}
    [7]: {"key":"oDkVS","version":2,"value":14.986314}
    [8]: {"key":"MuuOT","version":0,"value":19.866207}
    [9]: {"key":"2t8e7","version":2,"value":10.609446}
    [10]: {"key":"IH2kE","version":1,"value":0.6970203}
    [11]: {"key":"ylvv9","version":2,"value":6.488181}
    [12]: {"key":"MeRdN","version":1,"value":12.324816}
    [13]: {"key":"MuuOT","version":1,"value":11.4943495}
    [14]: {"key":"IH2kE","version":1,"value":2.7592993}
    [15]: {"key":"7qkAl","version":2,"value":6.4046993}
    [16]: {"key":"mikXx","version":0,"value":2.9285133}
    [17]: {"key":"4f009","version":0,"value":1.7216146}
    [18]: {"key":"n6gPV","version":2,"value":16.431631}
    [19]: {"key":"TE8iJ","version":2,"value":17.216572}
    [20]: {"key":"mikXx","version":1,"value":1.9120955}
    [21]: {"key":"8sHsb","version":2,"value":15.381537}
    [22]: {"key":"3jWAt","version":1,"value":1.7685342}
    [23]: {"key":"WkRqk","version":0,"value":2.8334522}
    [24]: {"key":"NeKWA","version":1,"value":7.295146}
    [25]: {"key":"m6db7","version":2,"value":5.4601727}
    [26]: {"key":"MuuOT","version":0,"value":13.050523}
    [27]: {"key":"rey5u","version":1,"value":15.637264}
    [28]: {"key":"d4Ev7","version":1,"value":7.6608276}
    [29]: {"key":"oDkVS","TOTAL":0.0}

> Generated Packets
    [0]: {"key":"rey5u","version":1,"value":0.949347}
    [1]: {"key":"RxTmp","version":1,"value":3.0913353}
    [2]: {"key":"kQSbN","version":2,"value":19.188896}
    [3]: {"key":"0JgWX","version":2,"value":16.918928}
    [4]: {"key":"2t8e7","version":0,"value":10.626524}
    [5]: {"key":"oDkVS","version":2,"value":10.104261}
    [6]: {"key":"TkYl7","version":0,"value":5.213549}
    [7]: {"key":"oDkVS","version":2,"value":14.986314}
    [8]: {"key":"MuuOT","version":0,"value":19.866207}
    [9]: {"key":"2t8e7","version":2,"value":10.609446}
    [10]: {"key":"IH2kE","version":1,"value":0.6970203}
    [11]: {"key":"ylvv9","version":2,"value":6.488181}
    [12]: {"key":"MeRdN","version":1,"value":12.324816}
    [13]: {"key":"MuuOT","version":1,"value":11.4943495}
    [14]: {"key":"IH2kE","version":1,"value":2.7592993}
    [15]: {"key":"7qkAl","version":2,"value":6.4046993}
    [16]: {"key":"mikXx","version":0,"value":2.9285133}
    [17]: {"key":"4f009","version":0,"value":1.7216146}
    [18]: {"key":"n6gPV","version":2,"value":16.431631}
    [19]: {"key":"TE8iJ","version":2,"value":17.216572}
    [20]: {"key":"mikXx","version":1,"value":1.9120955}
    [21]: {"key":"8sHsb","version":2,"value":15.381537}
    [22]: {"key":"3jWAt","version":1,"value":1.7685342}
    [23]: {"key":"WkRqk","version":0,"value":2.8334522}
    [24]: {"key":"NeKWA","version":1,"value":7.295146}
    [25]: {"key":"m6db7","version":2,"value":5.4601727}
    [26]: {"key":"MuuOT","version":0,"value":13.050523}
    [27]: {"key":"rey5u","version":1,"value":15.637264}
    [28]: {"key":"d4Ev7","version":1,"value":7.6608276}
    [29]: {"key":"oDkVS","TOTAL":0.0}
