=== TRANSFORM TEST DATA ===

> Generation Data
    numPackets: 40
    Total Messages Written: 33
    Total Messages Processed: 40
    Total Redis Updates: 36
    Total Value Written: 710.24133
    Total Added: 315.0

> Redis cache data:
    Redis Size: 23
    Redis Delta: 13

> Message data
    Tombstone Value Written: 20.114708
    Normal Count: 32
    Tombstone Count: 8
    Tombstone Indices: [39, 6, 13, 36, 2, 26, 14, 26]
    Unwritten Count: 7
    Unwritten Indices: [0]
    Unstored Count: 3
    Unstored Indices: [10, 18, 33]
    Removed Count: 0
    Removed Message Indices: []

Differing Data: (Called Run, Manual Run, Generated Data)
    !DIFFERENT Total Value Written: 710.24133, 710.24133, 710.24133
    !DIFFERENT Total Added: 315.0, 315.0, 315.0
--------------------------------
    !DIFFERENT messagesSize/totalMessagesWritten (Called Run): 40, 33
    !DIFFERENT messagesSize/totalMessagesWritten (Manual Run): 40, 33
--------------------------------

=== CALLED RUN DATA ===
Request: {"readQueue":"TransformTestRead-20939-K4sgR","writeQueue":"TransformTestWrite-73980-j5OZq","messageCount":40}

> Stats
    Total Messages Written: 33
    Total Messages Processed: 40
    Total Redis Updates: 36
    Total Value Written: 710.24133
    Total Added: 315.0

> Written Messages:40
    [0]: {"key":"FWok2","version":2,"value":27.487364}
    [1]: {"key":"j9RSx","version":0,"value":17.240421}
    [2]: {"totalMessagesWritten":2,"totalMessagesProcessed":3,"totalRedisUpdates":2,"totalValueWritten":64.84249,"totalAdded":21.0}
    [3]: {"key":"NrqDl","version":1,"value":27.179276}
    [4]: {"key":"JHuXg","version":2,"value":17.95201}
    [5]: {"key":"sMUdQ","version":2,"value":27.58617}
    [6]: {"totalMessagesWritten":5,"totalMessagesProcessed":7,"totalRedisUpdates":6,"totalValueWritten":137.55995,"totalAdded":52.5}
    [7]: {"key":"TcjQm","version":2,"value":27.19953}
    [8]: {"key":"di10e","version":2,"value":10.563224}
    [9]: {"key":"327W5","version":0,"value":16.618454}
    [10]: {"key":"sMUdQ","version":1,"value":7.0555344}
    [11]: {"key":"GQNEp","version":1,"value":23.758385}
    [12]: {"key":"ISvW5","version":0,"value":29.262375}
    [13]: {"totalMessagesWritten":11,"totalMessagesProcessed":14,"totalRedisUpdates":12,"totalValueWritten":252.01744,"totalAdded":105.0}
    [14]: {"totalMessagesWritten":11,"totalMessagesProcessed":15,"totalRedisUpdates":13,"totalValueWritten":252.01744,"totalAdded":105.0}
    [15]: {"key":"NrqDl","version":2,"value":19.83703}
    [16]: {"key":"PIJst","version":0,"value":27.246424}
    [17]: {"key":"WW3LP","version":2,"value":24.198467}
    [18]: {"key":"di10e","version":0,"value":16.316408}
    [19]: {"key":"FUR7A","version":0,"value":24.37048}
    [20]: {"key":"TqrBm","version":2,"value":28.39904}
    [21]: {"key":"cqh35","version":2,"value":26.220596}
    [22]: {"key":"5ZZyL","version":0,"value":28.577696}
    [23]: {"key":"i5TT9","version":2,"value":23.075218}
    [24]: {"key":"o4ryc","version":2,"value":11.021427}
    [25]: {"key":"NND3V","version":0,"value":25.53449}
    [26]: {"totalMessagesWritten":22,"totalMessagesProcessed":27,"totalRedisUpdates":24,"totalValueWritten":506.81473,"totalAdded":210.0}
    [27]: {"key":"dWsLb","version":2,"value":21.779251}
    [28]: {"key":"mwIp2","version":1,"value":16.86079}
    [29]: {"key":"VMu3L","version":2,"value":13.365507}
    [30]: {"key":"ojrhf","version":2,"value":24.296413}
    [31]: {"key":"hUFGv","version":0,"value":11.964691}
    [32]: {"key":"9Omqw","version":0,"value":23.053495}
    [33]: {"key":"mwIp2","version":0,"value":17.174437}
    [34]: {"key":"CGk9v","version":2,"value":15.112742}
    [35]: {"key":"1x7Ke","version":0,"value":19.338837}
    [36]: {"totalMessagesWritten":31,"totalMessagesProcessed":37,"totalRedisUpdates":33,"totalValueWritten":669.76074,"totalAdded":294.0}
    [37]: {"key":"OwdPK","version":1,"value":16.050514}
    [38]: {"key":"iSc3t","version":1,"value":24.430035}
    [39]: {"totalMessagesWritten":33,"totalMessagesProcessed":40,"totalRedisUpdates":36,"totalValueWritten":710.24133,"totalAdded":315.0}

> Cache Entries:23
    [0]: {"key":"FWok2","version":2,"value":16.987364}
    [1]: {"key":"NrqDl","version":2,"value":9.33703}
    [2]: {"key":"sMUdQ","version":2,"value":17.08617}
    [3]: {"key":"di10e","version":2,"value":0.06322384}
    [4]: {"key":"327W5","version":0,"value":6.118455}
    [5]: {"key":"ISvW5","version":0,"value":18.762375}
    [6]: {"key":"PIJst","version":0,"value":16.746424}
    [7]: {"key":"WW3LP","version":2,"value":13.698467}
    [8]: {"key":"FUR7A","version":0,"value":13.870479}
    [9]: {"key":"TqrBm","version":2,"value":17.89904}
    [10]: {"key":"cqh35","version":2,"value":15.720597}
    [11]: {"key":"5ZZyL","version":0,"value":18.077696}
    [12]: {"key":"i5TT9","version":2,"value":12.575218}
    [13]: {"key":"o4ryc","version":2,"value":0.5214274}
    [14]: {"key":"NND3V","version":0,"value":15.034491}
    [15]: {"key":"dWsLb","version":2,"value":11.27925}
    [16]: {"key":"mwIp2","version":1,"value":6.3607893}
    [17]: {"key":"ojrhf","version":2,"value":13.796413}
    [18]: {"key":"9Omqw","version":0,"value":12.553495}
    [19]: {"key":"CGk9v","version":2,"value":4.6127424}
    [20]: {"key":"1x7Ke","version":0,"value":8.838836}
    [21]: {"key":"OwdPK","version":1,"value":5.550514}
    [22]: {"key":"iSc3t","version":1,"value":13.930034}

=== MANUAL RUN DATA ===
Request: {"readQueue":"TransformTestRead-20556-tIA8Z","writeQueue":"TransformTestWrite-39889-mRWof","messageCount":40}

> Stats
    Total Messages Written: 33
    Total Messages Processed: 40
    Total Redis Updates: 36
    Total Value Written: 710.24133
    !DIFFERENT Total Value Written: 710.24133, 710.24133
    Total Added: 315.0
    !DIFFERENT Total Added: 315.0, 315.0

> Written Messages:40
    [0]: {"key":"FWok2","version":2,"value":27.487364}
    [1]: {"key":"j9RSx","version":0,"value":17.240421}
    [2]: {"totalMessagesWritten":2,"totalMessagesProcessed":3,"totalRedisUpdates":2,"totalValueWritten":64.84249,"totalAdded":21.0}
    [3]: {"key":"NrqDl","version":1,"value":27.179276}
    [4]: {"key":"JHuXg","version":2,"value":17.95201}
    [5]: {"key":"sMUdQ","version":2,"value":27.58617}
    [6]: {"totalMessagesWritten":5,"totalMessagesProcessed":7,"totalRedisUpdates":6,"totalValueWritten":137.55995,"totalAdded":52.5}
    [7]: {"key":"TcjQm","version":2,"value":27.19953}
    [8]: {"key":"di10e","version":2,"value":10.563224}
    [9]: {"key":"327W5","version":0,"value":16.618454}
    [10]: {"key":"sMUdQ","version":1,"value":7.0555344}
    [11]: {"key":"GQNEp","version":1,"value":23.758385}
    [12]: {"key":"ISvW5","version":0,"value":29.262375}
    [13]: {"totalMessagesWritten":11,"totalMessagesProcessed":14,"totalRedisUpdates":12,"totalValueWritten":252.01744,"totalAdded":105.0}
    [14]: {"totalMessagesWritten":11,"totalMessagesProcessed":15,"totalRedisUpdates":13,"totalValueWritten":252.01744,"totalAdded":105.0}
    [15]: {"key":"NrqDl","version":2,"value":19.83703}
    [16]: {"key":"PIJst","version":0,"value":27.246424}
    [17]: {"key":"WW3LP","version":2,"value":24.198467}
    [18]: {"key":"di10e","version":0,"value":16.316408}
    [19]: {"key":"FUR7A","version":0,"value":24.37048}
    [20]: {"key":"TqrBm","version":2,"value":28.39904}
    [21]: {"key":"cqh35","version":2,"value":26.220596}
    [22]: {"key":"5ZZyL","version":0,"value":28.577696}
    [23]: {"key":"i5TT9","version":2,"value":23.075218}
    [24]: {"key":"o4ryc","version":2,"value":11.021427}
    [25]: {"key":"NND3V","version":0,"value":25.53449}
    [26]: {"totalMessagesWritten":22,"totalMessagesProcessed":27,"totalRedisUpdates":24,"totalValueWritten":506.81473,"totalAdded":210.0}
    [27]: {"key":"dWsLb","version":2,"value":21.779251}
    [28]: {"key":"mwIp2","version":1,"value":16.86079}
    [29]: {"key":"VMu3L","version":2,"value":13.365507}
    [30]: {"key":"ojrhf","version":2,"value":24.296413}
    [31]: {"key":"hUFGv","version":0,"value":11.964691}
    [32]: {"key":"9Omqw","version":0,"value":23.053495}
    [33]: {"key":"mwIp2","version":0,"value":17.174437}
    [34]: {"key":"CGk9v","version":2,"value":15.112742}
    [35]: {"key":"1x7Ke","version":0,"value":19.338837}
    [36]: {"totalMessagesWritten":31,"totalMessagesProcessed":37,"totalRedisUpdates":33,"totalValueWritten":669.76074,"totalAdded":294.0}
    [37]: {"key":"OwdPK","version":1,"value":16.050514}
    [38]: {"key":"iSc3t","version":1,"value":24.430035}
    [39]: {"totalMessagesWritten":33,"totalMessagesProcessed":40,"totalRedisUpdates":36,"totalValueWritten":710.24133,"totalAdded":315.0}

> Cache Entries:23
    [0]: {"key":"FWok2","version":2,"value":16.987364}
    [1]: {"key":"NrqDl","version":2,"value":9.33703}
    [2]: {"key":"sMUdQ","version":2,"value":17.08617}
    [3]: {"key":"di10e","version":2,"value":0.06322384}
    [4]: {"key":"327W5","version":0,"value":6.118455}
    [5]: {"key":"ISvW5","version":0,"value":18.762375}
    [6]: {"key":"PIJst","version":0,"value":16.746424}
    [7]: {"key":"WW3LP","version":2,"value":13.698467}
    [8]: {"key":"FUR7A","version":0,"value":13.870479}
    [9]: {"key":"TqrBm","version":2,"value":17.89904}
    [10]: {"key":"cqh35","version":2,"value":15.720597}
    [11]: {"key":"5ZZyL","version":0,"value":18.077696}
    [12]: {"key":"i5TT9","version":2,"value":12.575218}
    [13]: {"key":"o4ryc","version":2,"value":0.5214274}
    [14]: {"key":"NND3V","version":0,"value":15.034491}
    [15]: {"key":"dWsLb","version":2,"value":11.27925}
    [16]: {"key":"mwIp2","version":1,"value":6.3607893}
    [17]: {"key":"ojrhf","version":2,"value":13.796413}
    [18]: {"key":"9Omqw","version":0,"value":12.553495}
    [19]: {"key":"CGk9v","version":2,"value":4.6127424}
    [20]: {"key":"1x7Ke","version":0,"value":8.838836}
    [21]: {"key":"OwdPK","version":1,"value":5.550514}
    [22]: {"key":"iSc3t","version":1,"value":13.930034}

> Read Messages (with updated values):40
    [0]: {"key":"FWok2","version":2,"value":27.487364}
    [1]: {"key":"j9RSx","version":0,"value":17.240421}
    [2]: {"key":"noKey","TOTAL":20.114708}
    [3]: {"key":"NrqDl","version":1,"value":27.179276}
    [4]: {"key":"JHuXg","version":2,"value":17.95201}
    [5]: {"key":"sMUdQ","version":2,"value":27.58617}
    [6]: {"key":"j9RSx","TOTAL":0.0}
    [7]: {"key":"TcjQm","version":2,"value":27.19953}
    [8]: {"key":"di10e","version":2,"value":10.563224}
    [9]: {"key":"327W5","version":0,"value":16.618454}
    [10]: {"key":"sMUdQ","version":1,"value":7.0555344}
    [11]: {"key":"GQNEp","version":1,"value":23.758385}
    [12]: {"key":"ISvW5","version":0,"value":29.262375}
    [13]: {"key":"TcjQm","TOTAL":0.0}
    [14]: {"key":"JHuXg","TOTAL":0.0}
    [15]: {"key":"NrqDl","version":2,"value":19.83703}
    [16]: {"key":"PIJst","version":0,"value":27.246424}
    [17]: {"key":"WW3LP","version":2,"value":24.198467}
    [18]: {"key":"di10e","version":0,"value":16.316408}
    [19]: {"key":"FUR7A","version":0,"value":24.37048}
    [20]: {"key":"TqrBm","version":2,"value":28.39904}
    [21]: {"key":"cqh35","version":2,"value":26.220596}
    [22]: {"key":"5ZZyL","version":0,"value":28.577696}
    [23]: {"key":"i5TT9","version":2,"value":23.075218}
    [24]: {"key":"o4ryc","version":2,"value":11.021427}
    [25]: {"key":"NND3V","version":0,"value":25.53449}
    [26]: {"key":"GQNEp","TOTAL":0.0}
    [27]: {"key":"dWsLb","version":2,"value":21.779251}
    [28]: {"key":"mwIp2","version":1,"value":16.86079}
    [29]: {"key":"VMu3L","version":2,"value":13.365507}
    [30]: {"key":"ojrhf","version":2,"value":24.296413}
    [31]: {"key":"hUFGv","version":0,"value":11.964691}
    [32]: {"key":"9Omqw","version":0,"value":23.053495}
    [33]: {"key":"mwIp2","version":0,"value":17.174437}
    [34]: {"key":"CGk9v","version":2,"value":15.112742}
    [35]: {"key":"1x7Ke","version":0,"value":19.338837}
    [36]: {"key":"VMu3L","TOTAL":0.0}
    [37]: {"key":"OwdPK","version":1,"value":16.050514}
    [38]: {"key":"iSc3t","version":1,"value":24.430035}
    [39]: {"key":"hUFGv","TOTAL":0.0}

=== GENERATED DATA ===

> Stats
    Total Messages Written: 33
    Total Messages Processed: 40
    Total Redis Updates: 36
    Total Value Written: 710.24133
    Total Added: 315.0

> Generation Data:
    Tombstone Value Written: 20.114708
    Tombstone Count: 8
    Normal Count: 32
    Unstored Count: 3
    Removed Count: 0
    Removed Message Indices: []

> Removed Messages:0

> Unstored Messages:3
    [10]: {"key":"sMUdQ","version":1,"value":7.0555344}
    [18]: {"key":"di10e","version":0,"value":16.316408}
    [33]: {"key":"mwIp2","version":0,"value":17.174437}

> Generated Messages
    [0]: {"key":"FWok2","version":2,"value":16.987364}
    [1]: {"key":"j9RSx","version":0,"value":6.7404213}
    [2]: {"key":"noKey","TOTAL":20.114708}
    [3]: {"key":"NrqDl","version":1,"value":16.679276}
    [4]: {"key":"JHuXg","version":2,"value":7.4520087}
    [5]: {"key":"sMUdQ","version":2,"value":17.08617}
    [6]: {"key":"j9RSx","TOTAL":0.0}
    [7]: {"key":"TcjQm","version":2,"value":16.69953}
    [8]: {"key":"di10e","version":2,"value":0.06322384}
    [9]: {"key":"327W5","version":0,"value":6.118455}
    [10]: {"key":"sMUdQ","version":1,"value":7.0555344}
    [11]: {"key":"GQNEp","version":1,"value":13.258386}
    [12]: {"key":"ISvW5","version":0,"value":18.762375}
    [13]: {"key":"TcjQm","TOTAL":0.0}
    [14]: {"key":"JHuXg","TOTAL":0.0}
    [15]: {"key":"NrqDl","version":2,"value":9.33703}
    [16]: {"key":"PIJst","version":0,"value":16.746424}
    [17]: {"key":"WW3LP","version":2,"value":13.698467}
    [18]: {"key":"di10e","version":0,"value":16.316408}
    [19]: {"key":"FUR7A","version":0,"value":13.870479}
    [20]: {"key":"TqrBm","version":2,"value":17.89904}
    [21]: {"key":"cqh35","version":2,"value":15.720597}
    [22]: {"key":"5ZZyL","version":0,"value":18.077696}
    [23]: {"key":"i5TT9","version":2,"value":12.575218}
    [24]: {"key":"o4ryc","version":2,"value":0.5214274}
    [25]: {"key":"NND3V","version":0,"value":15.034491}
    [26]: {"key":"GQNEp","TOTAL":0.0}
    [27]: {"key":"dWsLb","version":2,"value":11.27925}
    [28]: {"key":"mwIp2","version":1,"value":6.3607893}
    [29]: {"key":"VMu3L","version":2,"value":2.8655076}
    [30]: {"key":"ojrhf","version":2,"value":13.796413}
    [31]: {"key":"hUFGv","version":0,"value":1.4646912}
    [32]: {"key":"9Omqw","version":0,"value":12.553495}
    [33]: {"key":"mwIp2","version":0,"value":17.174437}
    [34]: {"key":"CGk9v","version":2,"value":4.6127424}
    [35]: {"key":"1x7Ke","version":0,"value":8.838836}
    [36]: {"key":"VMu3L","TOTAL":0.0}
    [37]: {"key":"OwdPK","version":1,"value":5.550514}
    [38]: {"key":"iSc3t","version":1,"value":13.930034}
    [39]: {"key":"hUFGv","TOTAL":0.0}

> Generated Packets
    [0]: {"key":"FWok2","version":2,"value":16.987364}
    [1]: {"key":"j9RSx","version":0,"value":6.7404213}
    [2]: {"key":"noKey","TOTAL":20.114708}
    [3]: {"key":"NrqDl","version":1,"value":16.679276}
    [4]: {"key":"JHuXg","version":2,"value":7.4520087}
    [5]: {"key":"sMUdQ","version":2,"value":17.08617}
    [6]: {"key":"j9RSx","TOTAL":0.0}
    [7]: {"key":"TcjQm","version":2,"value":16.69953}
    [8]: {"key":"di10e","version":2,"value":0.06322384}
    [9]: {"key":"327W5","version":0,"value":6.118455}
    [10]: {"key":"sMUdQ","version":1,"value":7.0555344}
    [11]: {"key":"GQNEp","version":1,"value":13.258386}
    [12]: {"key":"ISvW5","version":0,"value":18.762375}
    [13]: {"key":"TcjQm","TOTAL":0.0}
    [14]: {"key":"JHuXg","TOTAL":0.0}
    [15]: {"key":"NrqDl","version":2,"value":9.33703}
    [16]: {"key":"PIJst","version":0,"value":16.746424}
    [17]: {"key":"WW3LP","version":2,"value":13.698467}
    [18]: {"key":"di10e","version":0,"value":16.316408}
    [19]: {"key":"FUR7A","version":0,"value":13.870479}
    [20]: {"key":"TqrBm","version":2,"value":17.89904}
    [21]: {"key":"cqh35","version":2,"value":15.720597}
    [22]: {"key":"5ZZyL","version":0,"value":18.077696}
    [23]: {"key":"i5TT9","version":2,"value":12.575218}
    [24]: {"key":"o4ryc","version":2,"value":0.5214274}
    [25]: {"key":"NND3V","version":0,"value":15.034491}
    [26]: {"key":"GQNEp","TOTAL":0.0}
    [27]: {"key":"dWsLb","version":2,"value":11.27925}
    [28]: {"key":"mwIp2","version":1,"value":6.3607893}
    [29]: {"key":"VMu3L","version":2,"value":2.8655076}
    [30]: {"key":"ojrhf","version":2,"value":13.796413}
    [31]: {"key":"hUFGv","version":0,"value":1.4646912}
    [32]: {"key":"9Omqw","version":0,"value":12.553495}
    [33]: {"key":"mwIp2","version":0,"value":17.174437}
    [34]: {"key":"CGk9v","version":2,"value":4.6127424}
    [35]: {"key":"1x7Ke","version":0,"value":8.838836}
    [36]: {"key":"VMu3L","TOTAL":0.0}
    [37]: {"key":"OwdPK","version":1,"value":5.550514}
    [38]: {"key":"iSc3t","version":1,"value":13.930034}
    [39]: {"key":"hUFGv","TOTAL":0.0}
